<?xml version="1.0" encoding="utf-8"?>
<TestRun id="ab9e8f8c-51c6-451b-9429-3c49120b1a73" name="CHS300372@PPITM80-M0317 2025-09-07 07:41:16" runUser="TCHA-NTNET\CHS300372" xmlns="http://microsoft.com/schemas/VisualStudio/TeamTest/2010">
  <Times creation="2025-09-07T07:41:16.1985812-05:00" queuing="2025-09-07T07:41:16.1985816-05:00" start="2025-09-07T07:41:14.3195846-05:00" finish="2025-09-07T07:41:22.5933276-05:00" />
  <TestSettings name="default" id="671bfd99-bcbb-4bd3-a5db-8ac98fbc4127">
    <Deployment runDeploymentRoot="CHS300372_PPITM80-M0317_2025-09-07_07_41_16" />
  </TestSettings>
  <Results>
    <UnitTestResult executionId="9e90ac21-e8d3-40eb-bd79-93ecb85c8e9d" testId="e3253137-4084-c2cf-1249-549ade2ad9ab" testName="ExecuteAsync_Should_Use_Summary_Mode_MaxResults" computerName="PPITM80-M0317" duration="00:00:00.0030440" startTime="2025-09-07T07:41:22.4956556-05:00" endTime="2025-09-07T07:41:22.4986989-05:00" testType="13cdc9d9-ddb5-4fa4-a97d-d965ccfc6d4b" outcome="Passed" testListId="8c84fa94-04c1-424b-9868-57a2d4851a1d" relativeResultsDirectory="9e90ac21-e8d3-40eb-bd79-93ecb85c8e9d" />
    <UnitTestResult executionId="976df3ca-032b-4a96-a901-27fc5fe8d1bb" testId="189c1d6c-4269-4e9b-b46e-e156ef5f2dc2" testName="CalculateConfidence_WithUnrelatedFileName_ShouldNotHaveBonus" computerName="PPITM80-M0317" duration="00:00:00.0066850" startTime="2025-09-07T07:41:21.2077734-05:00" endTime="2025-09-07T07:41:21.2144579-05:00" testType="13cdc9d9-ddb5-4fa4-a97d-d965ccfc6d4b" outcome="Passed" testListId="8c84fa94-04c1-424b-9868-57a2d4851a1d" relativeResultsDirectory="976df3ca-032b-4a96-a901-27fc5fe8d1bb" />
    <UnitTestResult executionId="6f1e7ddd-d60a-453a-8ce1-527ca8c9555b" testId="3ed00cc3-78ca-6608-eef7-d88390abe48c" testName="ExecuteAsync_ResponseModes_AffectOutput" computerName="PPITM80-M0317" duration="00:00:00.0102680" startTime="2025-09-07T07:41:22.3884117-05:00" endTime="2025-09-07T07:41:22.3986790-05:00" testType="13cdc9d9-ddb5-4fa4-a97d-d965ccfc6d4b" outcome="Passed" testListId="8c84fa94-04c1-424b-9868-57a2d4851a1d" relativeResultsDirectory="6f1e7ddd-d60a-453a-8ce1-527ca8c9555b" />
    <UnitTestResult executionId="f79616e1-84d6-469f-8c6b-2a26cb55c995" testId="0398d120-5e42-4038-b5d7-aa1eb92be718" testName="ExecuteAsync_Should_Cache_Successful_Results" computerName="PPITM80-M0317" duration="00:00:00.0195320" startTime="2025-09-07T07:41:22.0339393-05:00" endTime="2025-09-07T07:41:22.0534690-05:00" testType="13cdc9d9-ddb5-4fa4-a97d-d965ccfc6d4b" outcome="Passed" testListId="8c84fa94-04c1-424b-9868-57a2d4851a1d" relativeResultsDirectory="f79616e1-84d6-469f-8c6b-2a26cb55c995" />
    <UnitTestResult executionId="73530523-7fdc-4874-86c6-1c849931a1fa" testId="0e38c7ca-f665-38ef-667e-c0bba7830d0a" testName="ExecuteAsync_NullContent_ReturnsError" computerName="PPITM80-M0317" duration="00:00:00.0037940" startTime="2025-09-07T07:41:22.1694100-05:00" endTime="2025-09-07T07:41:22.1732034-05:00" testType="13cdc9d9-ddb5-4fa4-a97d-d965ccfc6d4b" outcome="Passed" testListId="8c84fa94-04c1-424b-9868-57a2d4851a1d" relativeResultsDirectory="73530523-7fdc-4874-86c6-1c849931a1fa" />
    <UnitTestResult executionId="e77d1d62-a112-44d6-918a-fe3b5548a290" testId="a9c8ab5f-5efc-e65e-5983-6be186726c95" testName="ExecuteAsync_Should_Validate_Required_Parameters" computerName="PPITM80-M0317" duration="00:00:00.0026530" startTime="2025-09-07T07:41:21.7623150-05:00" endTime="2025-09-07T07:41:21.7649679-05:00" testType="13cdc9d9-ddb5-4fa4-a97d-d965ccfc6d4b" outcome="Passed" testListId="8c84fa94-04c1-424b-9868-57a2d4851a1d" relativeResultsDirectory="e77d1d62-a112-44d6-918a-fe3b5548a290" />
    <UnitTestResult executionId="344a7e28-3746-40f4-a747-808ba25d1b44" testId="3cf5453c-cef2-2c2f-414d-9506eb8df816" testName="ExecuteAsync_NonExistentFile_ReturnsError" computerName="PPITM80-M0317" duration="00:00:00.0084499" startTime="2025-09-07T07:41:21.9852099-05:00" endTime="2025-09-07T07:41:21.9936565-05:00" testType="13cdc9d9-ddb5-4fa4-a97d-d965ccfc6d4b" outcome="Failed" testListId="8c84fa94-04c1-424b-9868-57a2d4851a1d" relativeResultsDirectory="344a7e28-3746-40f4-a747-808ba25d1b44">
      <Output>
        <ErrorInfo>
          <Message>  Assert.That(caughtException, expression)&#xD;
  Expected: &lt;System.IO.FileNotFoundException&gt;&#xD;
  But was:  null&#xD;
</Message>
          <StackTrace>   at COA.CodeSearch.McpServer.Tests.Tools.InsertAtLineToolTests.ExecuteAsync_NonExistentFile_ReturnsError() in C:\source\COA CodeSearch MCP\COA.CodeSearch.McpServer.Tests\Tools\InsertAtLineToolTests.cs:line 300&#xD;
   at NUnit.Framework.Internal.TaskAwaitAdapter.GenericAdapter`1.GetResult()&#xD;
   at NUnit.Framework.Internal.AsyncToSyncAdapter.Await[TResult](TestExecutionContext context, Func`1 invoke)&#xD;
   at NUnit.Framework.Internal.AsyncToSyncAdapter.Await(TestExecutionContext context, Func`1 invoke)&#xD;
   at NUnit.Framework.Internal.Commands.TestMethodCommand.RunTestMethod(TestExecutionContext context)&#xD;
   at NUnit.Framework.Internal.Commands.TestMethodCommand.Execute(TestExecutionContext context)&#xD;
   at NUnit.Framework.Internal.Commands.BeforeAndAfterTestCommand.&lt;&gt;c__DisplayClass1_0.&lt;Execute&gt;b__0()&#xD;
   at NUnit.Framework.Internal.Commands.DelegatingTestCommand.RunTestMethodInThreadAbortSafeZone(TestExecutionContext context, Action action)&#xD;

1)    at COA.CodeSearch.McpServer.Tests.Tools.InsertAtLineToolTests.ExecuteAsync_NonExistentFile_ReturnsError() in C:\source\COA CodeSearch MCP\COA.CodeSearch.McpServer.Tests\Tools\InsertAtLineToolTests.cs:line 300&#xD;
   at System.Runtime.CompilerServices.AsyncMethodBuilderCore.Start[TStateMachine](TStateMachine&amp; stateMachine)&#xD;
   at COA.CodeSearch.McpServer.Tests.Tools.InsertAtLineToolTests.ExecuteAsync_NonExistentFile_ReturnsError()&#xD;

</StackTrace>
        </ErrorInfo>
      </Output>
    </UnitTestResult>
    <UnitTestResult executionId="87c2ca61-250c-46be-9fdc-56466af46618" testId="824e5e41-c053-1da1-4b96-4d4f01dca91e" testName="ExecuteAsync_SymbolNotFound_ReturnsNoResults" computerName="PPITM80-M0317" duration="00:00:00.0033760" startTime="2025-09-07T07:41:21.8621769-05:00" endTime="2025-09-07T07:41:21.8655517-05:00" testType="13cdc9d9-ddb5-4fa4-a97d-d965ccfc6d4b" outcome="Passed" testListId="8c84fa94-04c1-424b-9868-57a2d4851a1d" relativeResultsDirectory="87c2ca61-250c-46be-9fdc-56466af46618" />
    <UnitTestResult executionId="fd0a5c32-4c77-4e85-a5e1-939156628a7d" testId="5d84348a-4728-f743-fb4d-aa4f4b1cd017" testName="AsyncPatterns_ProperUsage_NoWarnings" computerName="PPITM80-M0317" duration="00:00:00.0102760" startTime="2025-09-07T07:41:21.4528703-05:00" endTime="2025-09-07T07:41:21.4631449-05:00" testType="13cdc9d9-ddb5-4fa4-a97d-d965ccfc6d4b" outcome="Passed" testListId="8c84fa94-04c1-424b-9868-57a2d4851a1d" relativeResultsDirectory="fd0a5c32-4c77-4e85-a5e1-939156628a7d" />
    <UnitTestResult executionId="e7aab23d-0d67-4591-a033-daeeebcc41e4" testId="68516648-4a86-408d-b0bf-e8823cf08007" testName="BuildValidation_TestProject_CompilesCleanly" computerName="PPITM80-M0317" duration="00:00:01.5634490" startTime="2025-09-07T07:41:17.6509096-05:00" endTime="2025-09-07T07:41:19.2143313-05:00" testType="13cdc9d9-ddb5-4fa4-a97d-d965ccfc6d4b" outcome="Passed" testListId="8c84fa94-04c1-424b-9868-57a2d4851a1d" relativeResultsDirectory="e7aab23d-0d67-4591-a033-daeeebcc41e4">
      <Output>
        <StdOut>Test project builds cleanly without warnings.</StdOut>
      </Output>
    </UnitTestResult>
    <UnitTestResult executionId="fa640411-4932-48d5-ba6a-b9b36b175fe0" testId="c40a1f24-94d7-62f6-d1b5-dcc1e2a509df" testName="Name_ReturnsCorrectToolName" computerName="PPITM80-M0317" duration="00:00:00.0012240" startTime="2025-09-07T07:41:22.4094945-05:00" endTime="2025-09-07T07:41:22.4107187-05:00" testType="13cdc9d9-ddb5-4fa4-a97d-d965ccfc6d4b" outcome="Passed" testListId="8c84fa94-04c1-424b-9868-57a2d4851a1d" relativeResultsDirectory="fa640411-4932-48d5-ba6a-b9b36b175fe0" />
    <UnitTestResult executionId="efa3e78f-4f1e-4dba-a414-d30b35d14d26" testId="94fe149f-c924-a2f8-62a2-d566a776459a" testName="ExecuteAsync_ValidSymbolName_ReturnsReferences" computerName="PPITM80-M0317" duration="00:00:00.0078180" startTime="2025-09-07T07:41:21.8330217-05:00" endTime="2025-09-07T07:41:21.8408391-05:00" testType="13cdc9d9-ddb5-4fa4-a97d-d965ccfc6d4b" outcome="Passed" testListId="8c84fa94-04c1-424b-9868-57a2d4851a1d" relativeResultsDirectory="efa3e78f-4f1e-4dba-a414-d30b35d14d26" />
    <UnitTestResult executionId="c64e9bb5-ae29-4078-ae7b-4bc41448d2dd" testId="1bf85714-7b66-ea07-32c9-473124bc5727" testName="CalculateConfidence_ShouldAlwaysReturnValueBetweenZeroAndOne" computerName="PPITM80-M0317" duration="00:00:00.0442960" startTime="2025-09-07T07:41:20.7343973-05:00" endTime="2025-09-07T07:41:20.7786913-05:00" testType="13cdc9d9-ddb5-4fa4-a97d-d965ccfc6d4b" outcome="Passed" testListId="8c84fa94-04c1-424b-9868-57a2d4851a1d" relativeResultsDirectory="c64e9bb5-ae29-4078-ae7b-4bc41448d2dd" />
    <UnitTestResult executionId="40e1a530-9a33-46d5-9ab2-ba4505b41776" testId="f08f1d24-ac21-aabb-874f-af933b9dc232" testName="ExecuteAsync_Should_Parse_TimeFrame_Correctly(&quot;1w&quot;,7)" computerName="PPITM80-M0317" duration="00:00:00.0022460" startTime="2025-09-07T07:41:22.0673260-05:00" endTime="2025-09-07T07:41:22.0695714-05:00" testType="13cdc9d9-ddb5-4fa4-a97d-d965ccfc6d4b" outcome="Passed" testListId="8c84fa94-04c1-424b-9868-57a2d4851a1d" relativeResultsDirectory="40e1a530-9a33-46d5-9ab2-ba4505b41776" />
    <UnitTestResult executionId="ffefe2aa-4d0b-4ce5-b52f-0ff821d7855c" testId="1b3e9202-1469-5cbe-6f19-15b3f0a96209" testName="Name_ReturnsCorrectValue" computerName="PPITM80-M0317" duration="00:00:00.0024090" startTime="2025-09-07T07:41:21.5971901-05:00" endTime="2025-09-07T07:41:21.5995993-05:00" testType="13cdc9d9-ddb5-4fa4-a97d-d965ccfc6d4b" outcome="Passed" testListId="8c84fa94-04c1-424b-9868-57a2d4851a1d" relativeResultsDirectory="ffefe2aa-4d0b-4ce5-b52f-0ff821d7855c" />
    <UnitTestResult executionId="71ab6f81-a48a-481e-9fe9-2031f152b8ba" testId="07078b4b-51c8-42f8-1af8-af9098a00313" testName="GetIndexPath_Should_Return_Hashed_Directory_Name" computerName="PPITM80-M0317" duration="00:00:00.0008190" startTime="2025-09-07T07:41:21.4299678-05:00" endTime="2025-09-07T07:41:21.4307864-05:00" testType="13cdc9d9-ddb5-4fa4-a97d-d965ccfc6d4b" outcome="Passed" testListId="8c84fa94-04c1-424b-9868-57a2d4851a1d" relativeResultsDirectory="71ab6f81-a48a-481e-9fe9-2031f152b8ba" />
    <UnitTestResult executionId="7a43ecfd-0444-437e-b401-19916bd49df4" testId="25211c2a-1548-93dd-2ce0-1c8ef9938476" testName="ExecuteAsync_Should_Perform_Search_And_Return_Results" computerName="PPITM80-M0317" duration="00:00:00.0035110" startTime="2025-09-07T07:41:22.4744253-05:00" endTime="2025-09-07T07:41:22.4779360-05:00" testType="13cdc9d9-ddb5-4fa4-a97d-d965ccfc6d4b" outcome="Passed" testListId="8c84fa94-04c1-424b-9868-57a2d4851a1d" relativeResultsDirectory="7a43ecfd-0444-437e-b401-19916bd49df4" />
    <UnitTestResult executionId="163d320b-ec8a-487a-9e10-73094ca4d22d" testId="3584615f-3ae7-d54d-b4c2-849830fc0196" testName="GetIndexRootPath_Should_Return_Root_Index_Directory" computerName="PPITM80-M0317" duration="00:00:00.0011430" startTime="2025-09-07T07:41:21.4308016-05:00" endTime="2025-09-07T07:41:21.4319444-05:00" testType="13cdc9d9-ddb5-4fa4-a97d-d965ccfc6d4b" outcome="Passed" testListId="8c84fa94-04c1-424b-9868-57a2d4851a1d" relativeResultsDirectory="163d320b-ec8a-487a-9e10-73094ca4d22d" />
    <UnitTestResult executionId="364153eb-5474-4528-b63c-1ce859d85842" testId="6993e581-86eb-182c-de5d-ea5f0a5def23" testName="ExecuteAsync_Should_Respect_MaxResults_Limit" computerName="PPITM80-M0317" duration="00:00:00.0039330" startTime="2025-09-07T07:41:21.7556134-05:00" endTime="2025-09-07T07:41:21.7595465-05:00" testType="13cdc9d9-ddb5-4fa4-a97d-d965ccfc6d4b" outcome="Passed" testListId="8c84fa94-04c1-424b-9868-57a2d4851a1d" relativeResultsDirectory="364153eb-5474-4528-b63c-1ce859d85842" />
    <UnitTestResult executionId="3395bf1c-32e6-48d6-ae4b-5ef3061b4f5e" testId="b64cf354-e98d-fe23-aa89-f2a43d219dd8" testName="ExecuteAsync_Should_Store_Full_Results_When_Truncated" computerName="PPITM80-M0317" duration="00:00:00.0045710" startTime="2025-09-07T07:41:22.4835579-05:00" endTime="2025-09-07T07:41:22.4881281-05:00" testType="13cdc9d9-ddb5-4fa4-a97d-d965ccfc6d4b" outcome="Passed" testListId="8c84fa94-04c1-424b-9868-57a2d4851a1d" relativeResultsDirectory="3395bf1c-32e6-48d6-ae4b-5ef3061b4f5e" />
    <UnitTestResult executionId="5b3ff735-f707-44c1-9ce6-108326fd7203" testId="61e4a80c-0dab-fe3f-1d1f-21e3d7caa899" testName="ExecuteAsync_Should_Return_Error_When_Workspace_Not_Indexed" computerName="PPITM80-M0317" duration="00:00:00.0026260" startTime="2025-09-07T07:41:22.4809175-05:00" endTime="2025-09-07T07:41:22.4835432-05:00" testType="13cdc9d9-ddb5-4fa4-a97d-d965ccfc6d4b" outcome="Passed" testListId="8c84fa94-04c1-424b-9868-57a2d4851a1d" relativeResultsDirectory="5b3ff735-f707-44c1-9ce6-108326fd7203" />
    <UnitTestResult executionId="d0e6a003-450d-471b-97c0-179b522ab834" testId="e9dc951d-22d1-e2e6-2375-68c40bf14368" testName="CalculateConfidence_WithContainsMatch_ShouldReturnMediumConfidence" computerName="PPITM80-M0317" duration="00:00:00.0352270" startTime="2025-09-07T07:41:20.8264163-05:00" endTime="2025-09-07T07:41:20.8616418-05:00" testType="13cdc9d9-ddb5-4fa4-a97d-d965ccfc6d4b" outcome="Passed" testListId="8c84fa94-04c1-424b-9868-57a2d4851a1d" relativeResultsDirectory="d0e6a003-450d-471b-97c0-179b522ab834" />
    <UnitTestResult executionId="930144f1-976e-4d86-b4c2-0dd97c863692" testId="06b7d2a6-b8e2-4436-fb5b-bac2ab8a5cf0" testName="ExecuteAsync_CaseSensitiveSearch_RespectsCase" computerName="PPITM80-M0317" duration="00:00:00.0167540" startTime="2025-09-07T07:41:22.2213323-05:00" endTime="2025-09-07T07:41:22.2380850-05:00" testType="13cdc9d9-ddb5-4fa4-a97d-d965ccfc6d4b" outcome="Passed" testListId="8c84fa94-04c1-424b-9868-57a2d4851a1d" relativeResultsDirectory="930144f1-976e-4d86-b4c2-0dd97c863692" />
    <UnitTestResult executionId="0d0da65c-0d3a-4f3a-ab88-fde023c6b4bb" testId="4febb879-85fd-0a7d-8fb1-ed3b0f8987fb" testName="ExecuteAsync_FileNotInWorkspace_ReturnsError" computerName="PPITM80-M0317" duration="00:00:00.0043890" startTime="2025-09-07T07:41:22.2890773-05:00" endTime="2025-09-07T07:41:22.2934659-05:00" testType="13cdc9d9-ddb5-4fa4-a97d-d965ccfc6d4b" outcome="Passed" testListId="8c84fa94-04c1-424b-9868-57a2d4851a1d" relativeResultsDirectory="0d0da65c-0d3a-4f3a-ab88-fde023c6b4bb" />
    <UnitTestResult executionId="0eba85f1-9d21-4dd5-b050-4ae97598cf2f" testId="2c558657-5185-db7a-ef86-89fb7d7353ae" testName="CalculateConfidence_WithNullSymbolType_ShouldStillWork" computerName="PPITM80-M0317" duration="00:00:00.0074010" startTime="2025-09-07T07:41:20.9986677-05:00" endTime="2025-09-07T07:41:21.0060676-05:00" testType="13cdc9d9-ddb5-4fa4-a97d-d965ccfc6d4b" outcome="Passed" testListId="8c84fa94-04c1-424b-9868-57a2d4851a1d" relativeResultsDirectory="0eba85f1-9d21-4dd5-b050-4ae97598cf2f" />
    <UnitTestResult executionId="3f38c526-e9fb-4819-bcbe-2d2fcd5e943f" testId="58ecfbb6-3219-1740-780d-2b68b5e2ecf5" testName="Should_Extract_Correct_Return_Types_For_Various_Method_Signatures" computerName="PPITM80-M0317" duration="00:00:00.0018550" startTime="2025-09-07T07:41:21.4481742-05:00" endTime="2025-09-07T07:41:21.4500288-05:00" testType="13cdc9d9-ddb5-4fa4-a97d-d965ccfc6d4b" outcome="Passed" testListId="8c84fa94-04c1-424b-9868-57a2d4851a1d" relativeResultsDirectory="3f38c526-e9fb-4819-bcbe-2d2fcd5e943f" />
    <UnitTestResult executionId="814ab1fb-ade1-400c-b9f4-2f7fcea6e87e" testId="2266f8d1-c07a-4157-2a09-e13f5a3ebdf9" testName="ExecuteAsync_IndexNotFound_ReturnsError" computerName="PPITM80-M0317" duration="00:00:00.0031180" startTime="2025-09-07T07:41:22.0258539-05:00" endTime="2025-09-07T07:41:22.0289722-05:00" testType="13cdc9d9-ddb5-4fa4-a97d-d965ccfc6d4b" outcome="Passed" testListId="8c84fa94-04c1-424b-9868-57a2d4851a1d" relativeResultsDirectory="814ab1fb-ade1-400c-b9f4-2f7fcea6e87e" />
    <UnitTestResult executionId="41098a06-ea57-4c85-aa97-5d77556b697a" testId="5fbe1123-9625-80a1-71e2-6e9b8d578175" testName="CalculateConfidence_WithStringLiteral_ShouldHaveLowerConfidence" computerName="PPITM80-M0317" duration="00:00:00.0370730" startTime="2025-09-07T07:41:21.1697984-05:00" endTime="2025-09-07T07:41:21.2068699-05:00" testType="13cdc9d9-ddb5-4fa4-a97d-d965ccfc6d4b" outcome="Passed" testListId="8c84fa94-04c1-424b-9868-57a2d4851a1d" relativeResultsDirectory="41098a06-ea57-4c85-aa97-5d77556b697a" />
    <UnitTestResult executionId="13ffbab8-d688-4f36-870b-9595c222c610" testId="14486798-a952-d07f-4588-3340efe4b5a4" testName="NonNullableField_ResponseModels_ProperlyInitialized" computerName="PPITM80-M0317" duration="00:00:00.0005080" startTime="2025-09-07T07:41:20.6071547-05:00" endTime="2025-09-07T07:41:20.6076627-05:00" testType="13cdc9d9-ddb5-4fa4-a97d-d965ccfc6d4b" outcome="Passed" testListId="8c84fa94-04c1-424b-9868-57a2d4851a1d" relativeResultsDirectory="13ffbab8-d688-4f36-870b-9595c222c610" />
    <UnitTestResult executionId="d88aab44-742f-45f9-a232-060287b0a2d2" testId="ff27a340-2752-6234-dd37-911015eaa47b" testName="ExecuteAsync_Should_Find_Files_Matching_Regex_Pattern" computerName="PPITM80-M0317" duration="00:00:00.0071530" startTime="2025-09-07T07:41:21.7399115-05:00" endTime="2025-09-07T07:41:21.7470636-05:00" testType="13cdc9d9-ddb5-4fa4-a97d-d965ccfc6d4b" outcome="Passed" testListId="8c84fa94-04c1-424b-9868-57a2d4851a1d" relativeResultsDirectory="d88aab44-742f-45f9-a232-060287b0a2d2" />
    <UnitTestResult executionId="89593081-5d19-479c-8500-29b3aadc60f5" testId="31769117-32da-d390-1e8a-ff55d181993d" testName="ExecuteAsync_NoSimilarFilesFound_ReturnsEmptyResult" computerName="PPITM80-M0317" duration="00:00:00.0917620" startTime="2025-09-07T07:41:22.2966210-05:00" endTime="2025-09-07T07:41:22.3883811-05:00" testType="13cdc9d9-ddb5-4fa4-a97d-d965ccfc6d4b" outcome="Passed" testListId="8c84fa94-04c1-424b-9868-57a2d4851a1d" relativeResultsDirectory="89593081-5d19-479c-8500-29b3aadc60f5" />
    <UnitTestResult executionId="e3ab6852-d3cc-4478-939a-701f9b9fb2dd" testId="885f05b1-664d-79bd-cdac-3eb7ec14111e" testName="CalculateConfidence_WithWrongSymbolType_ShouldStillGiveReasonableScore" computerName="PPITM80-M0317" duration="00:00:00.0072340" startTime="2025-09-07T07:41:21.2506230-05:00" endTime="2025-09-07T07:41:21.2578560-05:00" testType="13cdc9d9-ddb5-4fa4-a97d-d965ccfc6d4b" outcome="Passed" testListId="8c84fa94-04c1-424b-9868-57a2d4851a1d" relativeResultsDirectory="e3ab6852-d3cc-4478-939a-701f9b9fb2dd" />
    <UnitTestResult executionId="802f4d17-ef21-41db-8a72-47ee4db70ae4" testId="484b8c1d-4df6-b62b-b60c-57a9dfa12014" testName="ExecuteAsync_ReplaceWithMinimalContent_ReplacesCorrectly" computerName="PPITM80-M0317" duration="00:00:00.0044070" startTime="2025-09-07T07:41:22.1993923-05:00" endTime="2025-09-07T07:41:22.2037992-05:00" testType="13cdc9d9-ddb5-4fa4-a97d-d965ccfc6d4b" outcome="Passed" testListId="8c84fa94-04c1-424b-9868-57a2d4851a1d" relativeResultsDirectory="802f4d17-ef21-41db-8a72-47ee4db70ae4" />
    <UnitTestResult executionId="70f232de-bdfa-4cb6-8610-869e76cdb3f3" testId="b206608e-3d29-9a6f-bc01-53c268ea4241" testName="ExecuteAsync_Should_Rebuild_Index_When_Force_Rebuild_Is_True" computerName="PPITM80-M0317" duration="00:00:00.0038510" startTime="2025-09-07T07:41:21.9136914-05:00" endTime="2025-09-07T07:41:21.9175425-05:00" testType="13cdc9d9-ddb5-4fa4-a97d-d965ccfc6d4b" outcome="Passed" testListId="8c84fa94-04c1-424b-9868-57a2d4851a1d" relativeResultsDirectory="70f232de-bdfa-4cb6-8610-869e76cdb3f3" />
    <UnitTestResult executionId="266a9abc-a4cd-43b0-b289-6e86ae9f744d" testId="dc053fd2-ff23-067f-a296-e7998a2cbbbf" testName="ApplyIndentation_ConsistentBehavior_PreservesLogic" computerName="PPITM80-M0317" duration="00:00:00.0030840" startTime="2025-09-07T07:41:21.3146148-05:00" endTime="2025-09-07T07:41:21.3176987-05:00" testType="13cdc9d9-ddb5-4fa4-a97d-d965ccfc6d4b" outcome="Passed" testListId="8c84fa94-04c1-424b-9868-57a2d4851a1d" relativeResultsDirectory="266a9abc-a4cd-43b0-b289-6e86ae9f744d" />
    <UnitTestResult executionId="ac9ed094-02b3-4344-bebd-c6c855ba0e8a" testId="0d896243-c614-5ded-5873-5abd0a986977" testName="ExecuteAsync_EmptySymbolName_ReturnsError" computerName="PPITM80-M0317" duration="00:00:00.0039010" startTime="2025-09-07T07:41:22.4108399-05:00" endTime="2025-09-07T07:41:22.4147404-05:00" testType="13cdc9d9-ddb5-4fa4-a97d-d965ccfc6d4b" outcome="Passed" testListId="8c84fa94-04c1-424b-9868-57a2d4851a1d" relativeResultsDirectory="ac9ed094-02b3-4344-bebd-c6c855ba0e8a" />
    <UnitTestResult executionId="da0d5560-d44c-42f6-9bca-9f928cf72dcb" testId="01d9c56c-18d7-fdfe-f45f-91d5cc27387b" testName="Debug_Simple_String_Return_Method" computerName="PPITM80-M0317" duration="00:00:00.0120460" startTime="2025-09-07T07:41:21.4344389-05:00" endTime="2025-09-07T07:41:21.4464830-05:00" testType="13cdc9d9-ddb5-4fa4-a97d-d965ccfc6d4b" outcome="Passed" testListId="8c84fa94-04c1-424b-9868-57a2d4851a1d" relativeResultsDirectory="da0d5560-d44c-42f6-9bca-9f928cf72dcb">
      <Output>
        <StdOut>Method Name: GetName&#xD;
Return Type: 'string'&#xD;
Signature: public string GetName() { return "test"; }&#xD;
Modifiers: public</StdOut>
      </Output>
    </UnitTestResult>
    <UnitTestResult executionId="a521d001-5e3e-4472-b9ef-e9c559e350c9" testId="c6bc7d85-8cf8-1fb5-051c-aa2eedea7cd6" testName="TypeContext_ShouldAlwaysBePopulated_ForTypeQueries" computerName="PPITM80-M0317" duration="00:00:00.0043510" startTime="2025-09-07T07:41:22.5335500-05:00" endTime="2025-09-07T07:41:22.5379005-05:00" testType="13cdc9d9-ddb5-4fa4-a97d-d965ccfc6d4b" outcome="Passed" testListId="8c84fa94-04c1-424b-9868-57a2d4851a1d" relativeResultsDirectory="a521d001-5e3e-4472-b9ef-e9c559e350c9" />
    <UnitTestResult executionId="4cf30b4b-758b-428c-9026-2f0e4f0eb7bf" testId="02b3d77d-9453-7d32-929c-884e115651dd" testName="RegressionTest_PreventLineHandlingInconsistency" computerName="PPITM80-M0317" duration="00:00:00.0015640" startTime="2025-09-07T07:41:21.3434032-05:00" endTime="2025-09-07T07:41:21.3449674-05:00" testType="13cdc9d9-ddb5-4fa4-a97d-d965ccfc6d4b" outcome="Passed" testListId="8c84fa94-04c1-424b-9868-57a2d4851a1d" relativeResultsDirectory="4cf30b4b-758b-428c-9026-2f0e4f0eb7bf" />
    <UnitTestResult executionId="2a1f40d4-c7c4-461d-a1b6-a9f88bee5aab" testId="04010612-46ee-f759-cdaf-6223770a153c" testName="ExecuteAsync_WithIndentationPreservation_PreservesIndentation" computerName="PPITM80-M0317" duration="00:00:00.0040240" startTime="2025-09-07T07:41:22.2070964-05:00" endTime="2025-09-07T07:41:22.2111196-05:00" testType="13cdc9d9-ddb5-4fa4-a97d-d965ccfc6d4b" outcome="Passed" testListId="8c84fa94-04c1-424b-9868-57a2d4851a1d" relativeResultsDirectory="2a1f40d4-c7c4-461d-a1b6-a9f88bee5aab" />
    <UnitTestResult executionId="157affe6-80b1-4c0d-9dc0-8554ace32b20" testId="b6a2ae4a-18ec-d713-ebb7-3990ce6b8ee1" testName="ExecuteAsync_WithCacheEnabled_ShouldUseCachedResults" computerName="PPITM80-M0317" duration="00:00:00.0044320" startTime="2025-09-07T07:41:21.6624978-05:00" endTime="2025-09-07T07:41:21.6669290-05:00" testType="13cdc9d9-ddb5-4fa4-a97d-d965ccfc6d4b" outcome="Passed" testListId="8c84fa94-04c1-424b-9868-57a2d4851a1d" relativeResultsDirectory="157affe6-80b1-4c0d-9dc0-8554ace32b20" />
    <UnitTestResult executionId="d83bafe0-e5dd-43a8-931a-77ba299d153b" testId="700958b8-cf2b-f6fa-44ad-db1d832d032c" testName="ExecuteAsync_EmptyContent_ReturnsError" computerName="PPITM80-M0317" duration="00:00:00.0044660" startTime="2025-09-07T07:41:21.9522950-05:00" endTime="2025-09-07T07:41:21.9567605-05:00" testType="13cdc9d9-ddb5-4fa4-a97d-d965ccfc6d4b" outcome="Passed" testListId="8c84fa94-04c1-424b-9868-57a2d4851a1d" relativeResultsDirectory="d83bafe0-e5dd-43a8-931a-77ba299d153b" />
    <UnitTestResult executionId="540582d5-c42d-40a0-988e-08491c6027e0" testId="b16c89a1-6a98-f79b-2a7e-f5eca5df70a8" testName="Tool_Should_Have_Correct_Metadata" computerName="PPITM80-M0317" duration="00:00:00.0015720" startTime="2025-09-07T07:41:21.7649822-05:00" endTime="2025-09-07T07:41:21.7665543-05:00" testType="13cdc9d9-ddb5-4fa4-a97d-d965ccfc6d4b" outcome="Passed" testListId="8c84fa94-04c1-424b-9868-57a2d4851a1d" relativeResultsDirectory="540582d5-c42d-40a0-988e-08491c6027e0" />
    <UnitTestResult executionId="e4fb5e92-4876-4c91-bf18-fb99cbe1d84b" testId="ea2ecd82-8e48-b7ef-0d3e-d585ac8573df" testName="Description_ContainsKeyPhrases" computerName="PPITM80-M0317" duration="00:00:00.0031400" startTime="2025-09-07T07:41:21.5385429-05:00" endTime="2025-09-07T07:41:21.5416822-05:00" testType="13cdc9d9-ddb5-4fa4-a97d-d965ccfc6d4b" outcome="Passed" testListId="8c84fa94-04c1-424b-9868-57a2d4851a1d" relativeResultsDirectory="e4fb5e92-4876-4c91-bf18-fb99cbe1d84b" />
    <UnitTestResult executionId="adb34cab-ccda-483c-943b-5f855e7ca586" testId="19387473-8f06-9e3f-eab9-436277ecd4fd" testName="NullableDereference_SearchHitContextLines_SafeAccess" computerName="PPITM80-M0317" duration="00:00:00.0003240" startTime="2025-09-07T07:41:20.6099685-05:00" endTime="2025-09-07T07:41:20.6102920-05:00" testType="13cdc9d9-ddb5-4fa4-a97d-d965ccfc6d4b" outcome="Passed" testListId="8c84fa94-04c1-424b-9868-57a2d4851a1d" relativeResultsDirectory="adb34cab-ccda-483c-943b-5f855e7ca586" />
    <UnitTestResult executionId="88160fc3-c70b-4001-b3b1-325de7f1e2af" testId="1aa7279c-8a67-9c39-8baf-9ea59ed49bd7" testName="CalculateConfidence_WithNoMatch_ShouldReturnMinimalConfidence" computerName="PPITM80-M0317" duration="00:00:00.0346980" startTime="2025-09-07T07:41:20.9618432-05:00" endTime="2025-09-07T07:41:20.9965399-05:00" testType="13cdc9d9-ddb5-4fa4-a97d-d965ccfc6d4b" outcome="Passed" testListId="8c84fa94-04c1-424b-9868-57a2d4851a1d" relativeResultsDirectory="88160fc3-c70b-4001-b3b1-325de7f1e2af" />
    <UnitTestResult executionId="039354f7-da61-45b8-8dc8-2ce5de12e7e2" testId="f77e4a02-22e6-d2a2-29f9-d970ab8ee90f" testName="ExecuteAsync_InsertMultipleLines_InsertsCorrectly" computerName="PPITM80-M0317" duration="00:00:00.0047230" startTime="2025-09-07T07:41:21.9728998-05:00" endTime="2025-09-07T07:41:21.9776218-05:00" testType="13cdc9d9-ddb5-4fa4-a97d-d965ccfc6d4b" outcome="Passed" testListId="8c84fa94-04c1-424b-9868-57a2d4851a1d" relativeResultsDirectory="039354f7-da61-45b8-8dc8-2ce5de12e7e2" />
    <UnitTestResult executionId="b910ed24-04f9-4d0a-a046-663023a41382" testId="951faa32-bfb9-0f48-7dcf-8c4b81b70939" testName="ExecuteAsync_PreviewMode_NoFilesModified" computerName="PPITM80-M0317" duration="00:00:00.0031910" startTime="2025-09-07T07:41:22.2637649-05:00" endTime="2025-09-07T07:41:22.2669560-05:00" testType="13cdc9d9-ddb5-4fa4-a97d-d965ccfc6d4b" outcome="Passed" testListId="8c84fa94-04c1-424b-9868-57a2d4851a1d" relativeResultsDirectory="b910ed24-04f9-4d0a-a046-663023a41382" />
    <UnitTestResult executionId="7db06bae-5cd7-4fdb-8218-db6d61f697fa" testId="88145d39-7c2b-475a-e6fd-804e9d2c5414" testName="ExecuteAsync_Should_Use_ResponseMode_Based_MaxResults" computerName="PPITM80-M0317" duration="00:00:00.0036670" startTime="2025-09-07T07:41:22.4919729-05:00" endTime="2025-09-07T07:41:22.4956398-05:00" testType="13cdc9d9-ddb5-4fa4-a97d-d965ccfc6d4b" outcome="Passed" testListId="8c84fa94-04c1-424b-9868-57a2d4851a1d" relativeResultsDirectory="7db06bae-5cd7-4fdb-8218-db6d61f697fa" />
    <UnitTestResult executionId="652f5a54-15ab-466c-a755-acc3dc48ade8" testId="e80aa2f2-25f1-6aee-f6a5-d9e6140d1aa0" testName="BuildValidation_CriticalFiles_ExistAndAccessible" computerName="PPITM80-M0317" duration="00:00:00.0144370" startTime="2025-09-07T07:41:14.7862788-05:00" endTime="2025-09-07T07:41:14.8006865-05:00" testType="13cdc9d9-ddb5-4fa4-a97d-d965ccfc6d4b" outcome="Passed" testListId="8c84fa94-04c1-424b-9868-57a2d4851a1d" relativeResultsDirectory="652f5a54-15ab-466c-a755-acc3dc48ade8">
      <Output>
        <StdOut>All 2 critical files are present and accessible.</StdOut>
      </Output>
    </UnitTestResult>
    <UnitTestResult executionId="0f6034f4-c080-4f09-b7dd-4cb671e42269" testId="37406336-def6-fc7c-189e-c2030604658e" testName="ExecuteAsync_Should_Handle_Invalid_TimeFrame_Format" computerName="PPITM80-M0317" duration="00:00:00.0019160" startTime="2025-09-07T07:41:22.0600440-05:00" endTime="2025-09-07T07:41:22.0619594-05:00" testType="13cdc9d9-ddb5-4fa4-a97d-d965ccfc6d4b" outcome="Passed" testListId="8c84fa94-04c1-424b-9868-57a2d4851a1d" relativeResultsDirectory="0f6034f4-c080-4f09-b7dd-4cb671e42269" />
    <UnitTestResult executionId="7c9ee53a-5b2e-4d05-9f90-149d59110f08" testId="44613f3c-91e8-83f2-ac36-f838ffe8d4ce" testName="TypeExtractionService_Should_Handle_Unknown_Extension" computerName="PPITM80-M0317" duration="00:00:00.0001640" startTime="2025-09-07T07:41:21.4525549-05:00" endTime="2025-09-07T07:41:21.4527190-05:00" testType="13cdc9d9-ddb5-4fa4-a97d-d965ccfc6d4b" outcome="Passed" testListId="8c84fa94-04c1-424b-9868-57a2d4851a1d" relativeResultsDirectory="7c9ee53a-5b2e-4d05-9f90-149d59110f08" />
    <UnitTestResult executionId="c536072e-cb7f-4632-b41a-b8857223ab28" testId="24c63ba4-752f-fc12-fcd8-0ffd81cc4305" testName="ValidateAndResolvePath_NonExistentFile_ThrowsFileNotFoundException" computerName="PPITM80-M0317" duration="00:00:00.0043440" startTime="2025-09-07T07:41:21.3472940-05:00" endTime="2025-09-07T07:41:21.3516373-05:00" testType="13cdc9d9-ddb5-4fa4-a97d-d965ccfc6d4b" outcome="Passed" testListId="8c84fa94-04c1-424b-9868-57a2d4851a1d" relativeResultsDirectory="c536072e-cb7f-4632-b41a-b8857223ab28" />
    <UnitTestResult executionId="33013a31-9bec-43f2-bc66-c52c1aa8f66a" testId="3b4bfb98-16ac-c2c8-b470-037ed1897690" testName="ExecuteAsync_WithMinScore_FiltersResults" computerName="PPITM80-M0317" duration="00:00:00.0038140" startTime="2025-09-07T07:41:22.4056551-05:00" endTime="2025-09-07T07:41:22.4094686-05:00" testType="13cdc9d9-ddb5-4fa4-a97d-d965ccfc6d4b" outcome="Passed" testListId="8c84fa94-04c1-424b-9868-57a2d4851a1d" relativeResultsDirectory="33013a31-9bec-43f2-bc66-c52c1aa8f66a" />
    <UnitTestResult executionId="60f7da11-4912-45a2-a8f2-33c4508c211f" testId="dfd3a63c-e227-5332-c621-a8751babd1a4" testName="FileExists_Should_Return_False_For_NonExistent_File" computerName="PPITM80-M0317" duration="00:00:00.0005920" startTime="2025-09-07T07:41:21.4209859-05:00" endTime="2025-09-07T07:41:21.4215778-05:00" testType="13cdc9d9-ddb5-4fa4-a97d-d965ccfc6d4b" outcome="Passed" testListId="8c84fa94-04c1-424b-9868-57a2d4851a1d" relativeResultsDirectory="60f7da11-4912-45a2-a8f2-33c4508c211f" />
    <UnitTestResult executionId="1e0c1db9-fe06-4230-9b9e-4eebb2f0e021" testId="a36b2370-23ba-a55f-5486-a5e007b89c3d" testName="GetExtension_Should_Handle_File_Without_Extension" computerName="PPITM80-M0317" duration="00:00:00.0004190" startTime="2025-09-07T07:41:21.4259040-05:00" endTime="2025-09-07T07:41:21.4263233-05:00" testType="13cdc9d9-ddb5-4fa4-a97d-d965ccfc6d4b" outcome="Passed" testListId="8c84fa94-04c1-424b-9868-57a2d4851a1d" relativeResultsDirectory="1e0c1db9-fe06-4230-9b9e-4eebb2f0e021" />
    <UnitTestResult executionId="abeea2a7-5509-425e-9b1f-0cc219645b0d" testId="10d7d1b8-13ac-aa5a-1db4-6d96d37d054c" testName="BatchOperationsResult_DefaultValues_AreCorrect" computerName="PPITM80-M0317" duration="00:00:00.0042000" startTime="2025-09-07T07:41:21.5200663-05:00" endTime="2025-09-07T07:41:21.5242655-05:00" testType="13cdc9d9-ddb5-4fa4-a97d-d965ccfc6d4b" outcome="Failed" testListId="8c84fa94-04c1-424b-9868-57a2d4851a1d" relativeResultsDirectory="abeea2a7-5509-425e-9b1f-0cc219645b0d">
      <Output>
        <ErrorInfo>
          <Message>System.ArgumentException : Can not instantiate proxy of class: COA.CodeSearch.McpServer.Tools.TextSearchTool.&#xD;
Could not find a constructor that would match given arguments:&#xD;
Microsoft.Extensions.DependencyInjection.ServiceProvider&#xD;
Castle.Proxies.ILuceneIndexServiceProxy&#xD;
Castle.Proxies.IResponseCacheServiceProxy&#xD;
Castle.Proxies.IResourceStorageServiceProxy&#xD;
Castle.Proxies.ICacheKeyGeneratorProxy&#xD;
COA.CodeSearch.McpServer.Services.QueryPreprocessor&#xD;
&lt;null&gt;&#xD;
Castle.Proxies.IProjectKnowledgeServiceProxy&#xD;
COA.CodeSearch.McpServer.Services.SmartDocumentationService&#xD;
Castle.Proxies.IVSCodeBridgeProxy&#xD;
COA.CodeSearch.McpServer.Services.SmartQueryPreprocessor&#xD;
Castle.Proxies.ILogger`1Proxy_1&#xD;
 (Parameter 'constructorArguments')&#xD;
  ----&gt; System.MissingMethodException : Constructor on type 'Castle.Proxies.TextSearchToolProxy' not found.</Message>
          <StackTrace>   at Castle.DynamicProxy.ProxyGenerator.CreateClassProxyInstance(Type proxyType, List`1 proxyArguments, Type classToProxy, Object[] constructorArguments)&#xD;
   at Castle.DynamicProxy.ProxyGenerator.CreateClassProxy(Type classToProxy, Type[] additionalInterfacesToProxy, ProxyGenerationOptions options, Object[] constructorArguments, IInterceptor[] interceptors)&#xD;
   at Moq.CastleProxyFactory.CreateProxy(Type mockType, IInterceptor interceptor, Type[] interfaces, Object[] arguments) in /_/src/Moq/Interception/CastleProxyFactory.cs:line 62&#xD;
   at Moq.Mock`1.InitializeInstance() in /_/src/Moq/Mock`1.cs:line 309&#xD;
   at Moq.Mock`1.OnGetObject() in /_/src/Moq/Mock`1.cs:line 323&#xD;
   at Moq.Mock.get_Object() in /_/src/Moq/Mock.cs:line 181&#xD;
   at Moq.Mock`1.get_Object() in /_/src/Moq/Mock`1.cs:line 281&#xD;
   at COA.CodeSearch.McpServer.Tests.Tools.BatchOperationsToolTests.CreateTool() in C:\source\COA CodeSearch MCP\COA.CodeSearch.McpServer.Tests\Tools\BatchOperationsToolTests.cs:line 61&#xD;
   at COA.Mcp.Framework.Testing.Base.ToolTestBase`1.SetUp()&#xD;
   at InvokeStub_ToolTestBase`1.SetUp(Object, Object, IntPtr*)&#xD;
   at System.Reflection.MethodBaseInvoker.InvokeWithNoArgs(Object obj, BindingFlags invokeAttr)&#xD;
--MissingMethodException&#xD;
   at System.RuntimeType.CreateInstanceImpl(BindingFlags bindingAttr, Binder binder, Object[] args, CultureInfo culture)&#xD;
   at Castle.DynamicProxy.ProxyGenerator.CreateClassProxyInstance(Type proxyType, List`1 proxyArguments, Type classToProxy, Object[] constructorArguments)
</StackTrace>
        </ErrorInfo>
      </Output>
    </UnitTestResult>
    <UnitTestResult executionId="3c2be5f7-abc4-4185-9f87-2e081b6f97fb" testId="76cd34e0-20c2-7029-f983-14de2f2c6109" testName="ExecuteAsync_EmptySymbolName_ReturnsError" computerName="PPITM80-M0317" duration="00:00:00.0055180" startTime="2025-09-07T07:41:21.7666975-05:00" endTime="2025-09-07T07:41:21.7722148-05:00" testType="13cdc9d9-ddb5-4fa4-a97d-d965ccfc6d4b" outcome="Passed" testListId="8c84fa94-04c1-424b-9868-57a2d4851a1d" relativeResultsDirectory="3c2be5f7-abc4-4185-9f87-2e081b6f97fb" />
    <UnitTestResult executionId="bfca23f6-f579-4422-9ca9-4410a0a49dd4" testId="44cffc5d-7a1b-a768-fd8e-e08e0f0d296a" testName="ExecuteAsync_WithUTF8BOM_PreservesEncoding" computerName="PPITM80-M0317" duration="00:00:00.0060760" startTime="2025-09-07T07:41:21.5911006-05:00" endTime="2025-09-07T07:41:21.5971764-05:00" testType="13cdc9d9-ddb5-4fa4-a97d-d965ccfc6d4b" outcome="Passed" testListId="8c84fa94-04c1-424b-9868-57a2d4851a1d" relativeResultsDirectory="bfca23f6-f579-4422-9ca9-4410a0a49dd4" />
    <UnitTestResult executionId="2dd93060-f46c-4f6a-849d-806fa935e58c" testId="854a2a43-867f-e330-2e14-18f5294bbf84" testName="ExecuteAsync_EmptySearchResults_ReturnsEmptyResult" computerName="PPITM80-M0317" duration="00:00:00.0130910" startTime="2025-09-07T07:41:22.0127320-05:00" endTime="2025-09-07T07:41:22.0258228-05:00" testType="13cdc9d9-ddb5-4fa4-a97d-d965ccfc6d4b" outcome="Passed" testListId="8c84fa94-04c1-424b-9868-57a2d4851a1d" relativeResultsDirectory="2dd93060-f46c-4f6a-849d-806fa935e58c" />
    <UnitTestResult executionId="9104e179-a124-4c5d-b5c5-34bbc9f41f91" testId="4c58b71a-ac72-d6c1-76f3-f24cbe6f496a" testName="GetRelativePath_Should_Calculate_Relative_Path" computerName="PPITM80-M0317" duration="00:00:00.0012820" startTime="2025-09-07T07:41:21.4330166-05:00" endTime="2025-09-07T07:41:21.4342984-05:00" testType="13cdc9d9-ddb5-4fa4-a97d-d965ccfc6d4b" outcome="Passed" testListId="8c84fa94-04c1-424b-9868-57a2d4851a1d" relativeResultsDirectory="9104e179-a124-4c5d-b5c5-34bbc9f41f91" />
    <UnitTestResult executionId="d2c19b85-57c0-43f6-adb6-b4022d4059c2" testId="366b5e3b-b844-6c31-0173-287d410b7439" testName="ExecuteAsync_Should_Validate_Required_Parameters" computerName="PPITM80-M0317" duration="00:00:00.0018590" startTime="2025-09-07T07:41:22.0958098-05:00" endTime="2025-09-07T07:41:22.0976684-05:00" testType="13cdc9d9-ddb5-4fa4-a97d-d965ccfc6d4b" outcome="Passed" testListId="8c84fa94-04c1-424b-9868-57a2d4851a1d" relativeResultsDirectory="d2c19b85-57c0-43f6-adb6-b4022d4059c2" />
    <UnitTestResult executionId="2120e0da-22fd-43a3-80de-72f5337a29cb" testId="1333c975-a0fd-d2a9-0e05-f08c9a3733cb" testName="ExecuteAsync_ShouldExcludeBuildDirectories" computerName="PPITM80-M0317" duration="00:00:00.0039300" startTime="2025-09-07T07:41:21.6585499-05:00" endTime="2025-09-07T07:41:21.6624800-05:00" testType="13cdc9d9-ddb5-4fa4-a97d-d965ccfc6d4b" outcome="Passed" testListId="8c84fa94-04c1-424b-9868-57a2d4851a1d" relativeResultsDirectory="2120e0da-22fd-43a3-80de-72f5337a29cb" />
    <UnitTestResult executionId="0964c357-f6bb-4128-ae1c-37a0938b8e84" testId="e4191209-378a-997a-f02e-aea14b87f30b" testName="ExecuteAsync_NonExistentFile_ReturnsError" computerName="PPITM80-M0317" duration="00:00:00.0037040" startTime="2025-09-07T07:41:22.1656723-05:00" endTime="2025-09-07T07:41:22.1693758-05:00" testType="13cdc9d9-ddb5-4fa4-a97d-d965ccfc6d4b" outcome="Passed" testListId="8c84fa94-04c1-424b-9868-57a2d4851a1d" relativeResultsDirectory="0964c357-f6bb-4128-ae1c-37a0938b8e84" />
    <UnitTestResult executionId="703380e2-0187-418c-88ff-0b029403a871" testId="49fa3b89-5d71-5009-3052-3331121d19d5" testName="ExecuteAsync_NoIndexExists_ReturnsError" computerName="PPITM80-M0317" duration="00:00:00.0175110" startTime="2025-09-07T07:41:22.4147626-05:00" endTime="2025-09-07T07:41:22.4322730-05:00" testType="13cdc9d9-ddb5-4fa4-a97d-d965ccfc6d4b" outcome="Passed" testListId="8c84fa94-04c1-424b-9868-57a2d4851a1d" relativeResultsDirectory="703380e2-0187-418c-88ff-0b029403a871" />
    <UnitTestResult executionId="ff782f0c-16a5-466e-b477-505cec70ff91" testId="374660f0-1cc7-f8b1-68ab-dc07bae98193" testName="ExecuteAsync_Should_Apply_Extension_Filter" computerName="PPITM80-M0317" duration="00:00:00.0316839" startTime="2025-09-07T07:41:21.6841357-05:00" endTime="2025-09-07T07:41:21.7158188-05:00" testType="13cdc9d9-ddb5-4fa4-a97d-d965ccfc6d4b" outcome="Passed" testListId="8c84fa94-04c1-424b-9868-57a2d4851a1d" relativeResultsDirectory="ff782f0c-16a5-466e-b477-505cec70ff91" />
    <UnitTestResult executionId="0caa3a79-da21-4e02-8f90-dd95fd70e03b" testId="bfa6ab72-fad6-99b9-6055-3a00e10d1609" testName="ExecuteAsync_Should_Not_Store_Metadata_When_Indexing_Fails" computerName="PPITM80-M0317" duration="00:00:00.0023170" startTime="2025-09-07T07:41:21.9113596-05:00" endTime="2025-09-07T07:41:21.9136762-05:00" testType="13cdc9d9-ddb5-4fa4-a97d-d965ccfc6d4b" outcome="Passed" testListId="8c84fa94-04c1-424b-9868-57a2d4851a1d" relativeResultsDirectory="0caa3a79-da21-4e02-8f90-dd95fd70e03b" />
    <UnitTestResult executionId="a630d1d3-5f1d-409f-960c-6e4993ae8675" testId="75df59d1-a393-9e0d-ba4a-bb2ffc775a87" testName="ExecuteAsync_Should_Validate_Required_Parameters" computerName="PPITM80-M0317" duration="00:00:00.0022300" startTime="2025-09-07T07:41:22.4987160-05:00" endTime="2025-09-07T07:41:22.5009455-05:00" testType="13cdc9d9-ddb5-4fa4-a97d-d965ccfc6d4b" outcome="Passed" testListId="8c84fa94-04c1-424b-9868-57a2d4851a1d" relativeResultsDirectory="a630d1d3-5f1d-409f-960c-6e4993ae8675" />
    <UnitTestResult executionId="57ad50dd-e735-412a-999f-1732c7fe70ed" testId="d1bc1e95-83d0-d8b9-cbfd-56bf29d413cb" testName="ExecuteAsync_Should_Handle_Search_Errors_Gracefully" computerName="PPITM80-M0317" duration="00:00:00.0031590" startTime="2025-09-07T07:41:22.4712448-05:00" endTime="2025-09-07T07:41:22.4744035-05:00" testType="13cdc9d9-ddb5-4fa4-a97d-d965ccfc6d4b" outcome="Passed" testListId="8c84fa94-04c1-424b-9868-57a2d4851a1d" relativeResultsDirectory="57ad50dd-e735-412a-999f-1732c7fe70ed" />
    <UnitTestResult executionId="3452a753-a2fe-4634-83b6-8b0e62959e7a" testId="2fafc078-2867-30f8-00bf-d16df72c938d" testName="ObjectInitialization_ProperNonNullableFields_NoWarnings" computerName="PPITM80-M0317" duration="00:00:00.0006720" startTime="2025-09-07T07:41:21.4690235-05:00" endTime="2025-09-07T07:41:21.4696950-05:00" testType="13cdc9d9-ddb5-4fa4-a97d-d965ccfc6d4b" outcome="Passed" testListId="8c84fa94-04c1-424b-9868-57a2d4851a1d" relativeResultsDirectory="3452a753-a2fe-4634-83b6-8b0e62959e7a" />
    <UnitTestResult executionId="7a888f70-85f3-43d1-8ffb-aca412e76a6d" testId="8abee6a6-94c6-2eab-4f04-f3aa86f43b78" testName="ExecuteAsync_ValidSymbolName_ReturnsDefinition" computerName="PPITM80-M0317" duration="00:00:00.0049600" startTime="2025-09-07T07:41:21.8656257-05:00" endTime="2025-09-07T07:41:21.8705858-05:00" testType="13cdc9d9-ddb5-4fa4-a97d-d965ccfc6d4b" outcome="Passed" testListId="8c84fa94-04c1-424b-9868-57a2d4851a1d" relativeResultsDirectory="7a888f70-85f3-43d1-8ffb-aca412e76a6d" />
    <UnitTestResult executionId="b589c9f2-a15e-4414-8a09-2075d3795eb5" testId="cb77d9ca-7498-f7ac-1878-23baa5d37d3c" testName="CalculateConfidence_WithFieldDefinition_ShouldReturnHighConfidence" computerName="PPITM80-M0317" duration="00:00:00.0069370" startTime="2025-09-07T07:41:20.9087899-05:00" endTime="2025-09-07T07:41:20.9157275-05:00" testType="13cdc9d9-ddb5-4fa4-a97d-d965ccfc6d4b" outcome="Passed" testListId="8c84fa94-04c1-424b-9868-57a2d4851a1d" relativeResultsDirectory="b589c9f2-a15e-4414-8a09-2075d3795eb5" />
    <UnitTestResult executionId="622f6420-e3b6-442c-81a9-e7d4d9085b1b" testId="9b546aeb-4f70-6fbd-f238-892a7751c263" testName="ExecuteAsync_ReplaceSingleLine_ReplacesCorrectly" computerName="PPITM80-M0317" duration="00:00:00.0048260" startTime="2025-09-07T07:41:22.1945459-05:00" endTime="2025-09-07T07:41:22.1993716-05:00" testType="13cdc9d9-ddb5-4fa4-a97d-d965ccfc6d4b" outcome="Passed" testListId="8c84fa94-04c1-424b-9868-57a2d4851a1d" relativeResultsDirectory="622f6420-e3b6-442c-81a9-e7d4d9085b1b" />
    <UnitTestResult executionId="2da6652d-231d-4513-b74e-705409df5b92" testId="0ee4eb4b-6b53-160e-fd6e-13587febf415" testName="ExecuteAsync_Should_Return_Error_When_Workspace_Not_Indexed" computerName="PPITM80-M0317" duration="00:00:00.0023770" startTime="2025-09-07T07:41:22.0754110-05:00" endTime="2025-09-07T07:41:22.0777879-05:00" testType="13cdc9d9-ddb5-4fa4-a97d-d965ccfc6d4b" outcome="Passed" testListId="8c84fa94-04c1-424b-9868-57a2d4851a1d" relativeResultsDirectory="2da6652d-231d-4513-b74e-705409df5b92" />
    <UnitTestResult executionId="624a37f9-4ff4-406a-8bfe-320926200f48" testId="4dfda5f5-3fea-e107-6811-cad8623ee176" testName="EnsureDirectoryExists_Should_Create_Directory_If_Not_Exists" computerName="PPITM80-M0317" duration="00:00:00.0015839" startTime="2025-09-07T07:41:21.4033907-05:00" endTime="2025-09-07T07:41:21.4049741-05:00" testType="13cdc9d9-ddb5-4fa4-a97d-d965ccfc6d4b" outcome="Passed" testListId="8c84fa94-04c1-424b-9868-57a2d4851a1d" relativeResultsDirectory="624a37f9-4ff4-406a-8bfe-320926200f48" />
    <UnitTestResult executionId="a2112583-af7d-4586-b6c2-93a003004ccb" testId="30a031d6-13bf-4af7-5783-84702af45522" testName="ReadFileWithEncodingAsync_ConsistentLineCounts_MatchesSplitLines" computerName="PPITM80-M0317" duration="00:00:00.0229680" startTime="2025-09-07T07:41:21.3203967-05:00" endTime="2025-09-07T07:41:21.3433634-05:00" testType="13cdc9d9-ddb5-4fa4-a97d-d965ccfc6d4b" outcome="Passed" testListId="8c84fa94-04c1-424b-9868-57a2d4851a1d" relativeResultsDirectory="a2112583-af7d-4586-b6c2-93a003004ccb" />
    <UnitTestResult executionId="ef2759a6-c207-4517-9765-a8c383c97e24" testId="34072cc7-629b-2658-b50c-132bbec0e5ed" testName="CalculateConfidence_RealWorldScenario_CommentVsCode" computerName="PPITM80-M0317" duration="00:00:00.0361430" startTime="2025-09-07T07:41:20.6263967-05:00" endTime="2025-09-07T07:41:20.6625385-05:00" testType="13cdc9d9-ddb5-4fa4-a97d-d965ccfc6d4b" outcome="Passed" testListId="8c84fa94-04c1-424b-9868-57a2d4851a1d" relativeResultsDirectory="ef2759a6-c207-4517-9765-a8c383c97e24" />
    <UnitTestResult executionId="519c6638-c2a6-46d5-8117-577f82ba5eb1" testId="d11800b1-7076-5599-655a-9c8af7056c0d" testName="ExecuteAsync_Should_Start_File_Watcher_When_Available" computerName="PPITM80-M0317" duration="00:00:00.0029730" startTime="2025-09-07T07:41:21.9197706-05:00" endTime="2025-09-07T07:41:21.9227434-05:00" testType="13cdc9d9-ddb5-4fa4-a97d-d965ccfc6d4b" outcome="Passed" testListId="8c84fa94-04c1-424b-9868-57a2d4851a1d" relativeResultsDirectory="519c6638-c2a6-46d5-8117-577f82ba5eb1" />
    <UnitTestResult executionId="c1445e2b-0682-4c23-888e-716ced007b3c" testId="ca885716-fd01-6799-df3f-dfe8148df324" testName="IntegrationTest_FileOperations_SafeNullHandling" computerName="PPITM80-M0317" duration="00:00:00.0050020" startTime="2025-09-07T07:41:20.6005765-05:00" endTime="2025-09-07T07:41:20.6055787-05:00" testType="13cdc9d9-ddb5-4fa4-a97d-d965ccfc6d4b" outcome="Passed" testListId="8c84fa94-04c1-424b-9868-57a2d4851a1d" relativeResultsDirectory="c1445e2b-0682-4c23-888e-716ced007b3c" />
    <UnitTestResult executionId="734fdaee-d3b6-4c53-880c-8ec82ddac80b" testId="8a165e3a-2840-cef6-75a4-28aa88375f44" testName="ExecuteAsync_Should_Handle_Initialization_Failure" computerName="PPITM80-M0317" duration="00:00:00.0026480" startTime="2025-09-07T07:41:21.9026095-05:00" endTime="2025-09-07T07:41:21.9052575-05:00" testType="13cdc9d9-ddb5-4fa4-a97d-d965ccfc6d4b" outcome="Passed" testListId="8c84fa94-04c1-424b-9868-57a2d4851a1d" relativeResultsDirectory="734fdaee-d3b6-4c53-880c-8ec82ddac80b" />
    <UnitTestResult executionId="2ad12b07-a574-43f2-b808-cc2d2e2dd502" testId="feb1363a-0943-d89e-e5f1-d7d186e0e225" testName="ExecuteAsync_InsertAtEnd_InsertsCorrectly" computerName="PPITM80-M0317" duration="00:00:00.0051450" startTime="2025-09-07T07:41:21.9677266-05:00" endTime="2025-09-07T07:41:21.9728706-05:00" testType="13cdc9d9-ddb5-4fa4-a97d-d965ccfc6d4b" outcome="Passed" testListId="8c84fa94-04c1-424b-9868-57a2d4851a1d" relativeResultsDirectory="2ad12b07-a574-43f2-b808-cc2d2e2dd502" />
    <UnitTestResult executionId="ca375b1f-742d-4b2a-b9de-dccbf38dda84" testId="15c48608-d196-d3c3-c14a-1ee4ed65a96b" testName="EnumerateDirectories_Should_Return_Subdirectories" computerName="PPITM80-M0317" duration="00:00:00.0026480" startTime="2025-09-07T07:41:21.4103337-05:00" endTime="2025-09-07T07:41:21.4129819-05:00" testType="13cdc9d9-ddb5-4fa4-a97d-d965ccfc6d4b" outcome="Passed" testListId="8c84fa94-04c1-424b-9868-57a2d4851a1d" relativeResultsDirectory="ca375b1f-742d-4b2a-b9de-dccbf38dda84" />
    <UnitTestResult executionId="1843cfca-4142-498f-8141-6bcaddf406c3" testId="22ae8358-e7fc-5ba2-5f0f-7069a8a56572" testName="NullableArguments_SafeMethodCalls_NoWarnings" computerName="PPITM80-M0317" duration="00:00:00.0002560" startTime="2025-09-07T07:41:21.4668483-05:00" endTime="2025-09-07T07:41:21.4671038-05:00" testType="13cdc9d9-ddb5-4fa4-a97d-d965ccfc6d4b" outcome="Passed" testListId="8c84fa94-04c1-424b-9868-57a2d4851a1d" relativeResultsDirectory="1843cfca-4142-498f-8141-6bcaddf406c3" />
    <UnitTestResult executionId="7c39140d-b5b2-4c39-accd-f7c015ba0258" testId="2cb5cff5-ecda-91bd-22a2-50646abf0bf1" testName="EnumerateFiles_Should_Return_Files_In_Directory" computerName="PPITM80-M0317" duration="00:00:00.0034820" startTime="2025-09-07T07:41:21.4174900-05:00" endTime="2025-09-07T07:41:21.4209714-05:00" testType="13cdc9d9-ddb5-4fa4-a97d-d965ccfc6d4b" outcome="Passed" testListId="8c84fa94-04c1-424b-9868-57a2d4851a1d" relativeResultsDirectory="7c39140d-b5b2-4c39-accd-f7c015ba0258" />
    <UnitTestResult executionId="06797950-64d6-44d6-9aff-45124c1acd43" testId="3eedc53e-4c04-cdaa-3c90-7824bfce322c" testName="TypeExtractionService_Should_Initialize" computerName="PPITM80-M0317" duration="00:00:00.0000540" startTime="2025-09-07T07:41:21.4527322-05:00" endTime="2025-09-07T07:41:21.4527866-05:00" testType="13cdc9d9-ddb5-4fa4-a97d-d965ccfc6d4b" outcome="Passed" testListId="8c84fa94-04c1-424b-9868-57a2d4851a1d" relativeResultsDirectory="06797950-64d6-44d6-9aff-45124c1acd43" />
    <UnitTestResult executionId="2365b00e-8ee7-4119-b8dd-f2dbcb991de3" testId="b8851efb-c901-3988-35d6-2f8cc864d993" testName="ExecuteAsync_ReplaceEntireFile_WorksCorrectly" computerName="PPITM80-M0317" duration="00:00:00.0059410" startTime="2025-09-07T07:41:22.1791858-05:00" endTime="2025-09-07T07:41:22.1851269-05:00" testType="13cdc9d9-ddb5-4fa4-a97d-d965ccfc6d4b" outcome="Passed" testListId="8c84fa94-04c1-424b-9868-57a2d4851a1d" relativeResultsDirectory="2365b00e-8ee7-4119-b8dd-f2dbcb991de3" />
    <UnitTestResult executionId="160b1df9-1b5a-4c26-be22-ba55e66633ac" testId="2526fdb1-d921-770e-521f-d9dd9ebeef1a" testName="ExecuteAsync_DeleteAllLines_WorksCorrectly" computerName="PPITM80-M0317" duration="00:00:00.0124110" startTime="2025-09-07T07:41:21.5416971-05:00" endTime="2025-09-07T07:41:21.5541074-05:00" testType="13cdc9d9-ddb5-4fa4-a97d-d965ccfc6d4b" outcome="Passed" testListId="8c84fa94-04c1-424b-9868-57a2d4851a1d" relativeResultsDirectory="160b1df9-1b5a-4c26-be22-ba55e66633ac" />
    <UnitTestResult executionId="3a4a86f1-e86d-4264-9d2f-74e310833d4b" testId="fc640a26-8f16-183f-4e88-2199c00abff9" testName="ExecuteAsync_EmptyOperations_ReturnsError" computerName="PPITM80-M0317" duration="00:00:00.0016940" startTime="2025-09-07T07:41:21.5242983-05:00" endTime="2025-09-07T07:41:21.5259925-05:00" testType="13cdc9d9-ddb5-4fa4-a97d-d965ccfc6d4b" outcome="Failed" testListId="8c84fa94-04c1-424b-9868-57a2d4851a1d" relativeResultsDirectory="3a4a86f1-e86d-4264-9d2f-74e310833d4b">
      <Output>
        <ErrorInfo>
          <Message>System.ArgumentException : Can not instantiate proxy of class: COA.CodeSearch.McpServer.Tools.TextSearchTool.&#xD;
Could not find a constructor that would match given arguments:&#xD;
Microsoft.Extensions.DependencyInjection.ServiceProvider&#xD;
Castle.Proxies.ILuceneIndexServiceProxy&#xD;
Castle.Proxies.IResponseCacheServiceProxy&#xD;
Castle.Proxies.IResourceStorageServiceProxy&#xD;
Castle.Proxies.ICacheKeyGeneratorProxy&#xD;
COA.CodeSearch.McpServer.Services.QueryPreprocessor&#xD;
&lt;null&gt;&#xD;
Castle.Proxies.IProjectKnowledgeServiceProxy&#xD;
COA.CodeSearch.McpServer.Services.SmartDocumentationService&#xD;
Castle.Proxies.IVSCodeBridgeProxy&#xD;
COA.CodeSearch.McpServer.Services.SmartQueryPreprocessor&#xD;
Castle.Proxies.ILogger`1Proxy_1&#xD;
 (Parameter 'constructorArguments')&#xD;
  ----&gt; System.MissingMethodException : Constructor on type 'Castle.Proxies.TextSearchToolProxy' not found.</Message>
          <StackTrace>   at Castle.DynamicProxy.ProxyGenerator.CreateClassProxyInstance(Type proxyType, List`1 proxyArguments, Type classToProxy, Object[] constructorArguments)&#xD;
   at Castle.DynamicProxy.ProxyGenerator.CreateClassProxy(Type classToProxy, Type[] additionalInterfacesToProxy, ProxyGenerationOptions options, Object[] constructorArguments, IInterceptor[] interceptors)&#xD;
   at Moq.CastleProxyFactory.CreateProxy(Type mockType, IInterceptor interceptor, Type[] interfaces, Object[] arguments) in /_/src/Moq/Interception/CastleProxyFactory.cs:line 62&#xD;
   at Moq.Mock`1.InitializeInstance() in /_/src/Moq/Mock`1.cs:line 309&#xD;
   at Moq.Mock`1.OnGetObject() in /_/src/Moq/Mock`1.cs:line 323&#xD;
   at Moq.Mock.get_Object() in /_/src/Moq/Mock.cs:line 181&#xD;
   at Moq.Mock`1.get_Object() in /_/src/Moq/Mock`1.cs:line 281&#xD;
   at COA.CodeSearch.McpServer.Tests.Tools.BatchOperationsToolTests.CreateTool() in C:\source\COA CodeSearch MCP\COA.CodeSearch.McpServer.Tests\Tools\BatchOperationsToolTests.cs:line 61&#xD;
   at COA.Mcp.Framework.Testing.Base.ToolTestBase`1.SetUp()&#xD;
   at InvokeStub_ToolTestBase`1.SetUp(Object, Object, IntPtr*)&#xD;
   at System.Reflection.MethodBaseInvoker.InvokeWithNoArgs(Object obj, BindingFlags invokeAttr)&#xD;
--MissingMethodException&#xD;
   at System.RuntimeType.CreateInstanceImpl(BindingFlags bindingAttr, Binder binder, Object[] args, CultureInfo culture)&#xD;
   at Castle.DynamicProxy.ProxyGenerator.CreateClassProxyInstance(Type proxyType, List`1 proxyArguments, Type classToProxy, Object[] constructorArguments)
</StackTrace>
        </ErrorInfo>
      </Output>
    </UnitTestResult>
    <UnitTestResult executionId="6ae791e4-0a1e-483c-85af-0e58cc860dc7" testId="2c6048a3-0e46-c805-9760-cb341a85318a" testName="TestPathProcessing" computerName="PPITM80-M0317" duration="00:00:00.0024890" startTime="2025-09-07T07:41:21.6800251-05:00" endTime="2025-09-07T07:41:21.6825140-05:00" testType="13cdc9d9-ddb5-4fa4-a97d-d965ccfc6d4b" outcome="Passed" testListId="8c84fa94-04c1-424b-9868-57a2d4851a1d" relativeResultsDirectory="6ae791e4-0a1e-483c-85af-0e58cc860dc7">
      <Output>
        <StdOut>Original: /workspace/src/components/App.tsx&#xD;
Normalized: workspace/src/components/App.tsx&#xD;
Segments: workspace, src, components, App.tsx&#xD;
Segment count: 4&#xD;
  i=0: segment=workspace, currentPath=workspace, fullPath=/workspace&#xD;
  i=1: segment=src, currentPath=workspace/src, fullPath=/workspace/src&#xD;
  i=2: segment=components, currentPath=workspace/src/components, fullPath=/workspace/src/components&#xD;
Directories found: workspace@/workspace, src@/workspace/src, components@/workspace/src/components</StdOut>
      </Output>
    </UnitTestResult>
    <UnitTestResult executionId="49c95779-5392-4f2e-bafd-6c72403c1e00" testId="0e44b9f9-b451-2c31-955c-2ed8c3e63498" testName="ExecuteAsync_Should_Handle_Search_Errors_Gracefully" computerName="PPITM80-M0317" duration="00:00:00.0033010" startTime="2025-09-07T07:41:21.7470805-05:00" endTime="2025-09-07T07:41:21.7503812-05:00" testType="13cdc9d9-ddb5-4fa4-a97d-d965ccfc6d4b" outcome="Passed" testListId="8c84fa94-04c1-424b-9868-57a2d4851a1d" relativeResultsDirectory="49c95779-5392-4f2e-bafd-6c72403c1e00" />
    <UnitTestResult executionId="49cc656b-dba2-49e3-9d23-2e30d44f3b4a" testId="30f15154-697f-538f-2c16-1d6308409c87" testName="Description_ShouldContainGrepReferenceAndFeatures" computerName="PPITM80-M0317" duration="00:00:00.0021520" startTime="2025-09-07T07:41:22.0105646-05:00" endTime="2025-09-07T07:41:22.0127168-05:00" testType="13cdc9d9-ddb5-4fa4-a97d-d965ccfc6d4b" outcome="Passed" testListId="8c84fa94-04c1-424b-9868-57a2d4851a1d" relativeResultsDirectory="49cc656b-dba2-49e3-9d23-2e30d44f3b4a" />
    <UnitTestResult executionId="74756d0f-3e82-4bc3-98d0-bac1c6ad9854" testId="7281b73a-557a-a394-84fe-16d1ffda6257" testName="ExecuteAsync_WithNoIndex_ShouldReturnIndexNotFoundError" computerName="PPITM80-M0317" duration="00:00:00.0022529" startTime="2025-09-07T07:41:21.6699027-05:00" endTime="2025-09-07T07:41:21.6721555-05:00" testType="13cdc9d9-ddb5-4fa4-a97d-d965ccfc6d4b" outcome="Passed" testListId="8c84fa94-04c1-424b-9868-57a2d4851a1d" relativeResultsDirectory="74756d0f-3e82-4bc3-98d0-bac1c6ad9854" />
    <UnitTestResult executionId="e7e00297-a7ae-468f-8cc8-2ac1ddc73888" testId="64192cf5-0f47-c89f-33f9-510f4a3eb54e" testName="NullableDereference_LineDataOperations_SafeAccess" computerName="PPITM80-M0317" duration="00:00:00.0002540" startTime="2025-09-07T07:41:20.6097002-05:00" endTime="2025-09-07T07:41:20.6099544-05:00" testType="13cdc9d9-ddb5-4fa4-a97d-d965ccfc6d4b" outcome="Passed" testListId="8c84fa94-04c1-424b-9868-57a2d4851a1d" relativeResultsDirectory="e7e00297-a7ae-468f-8cc8-2ac1ddc73888" />
    <UnitTestResult executionId="987189c5-f399-418c-9f49-c6315313b7c6" testId="e7e96ba6-37ce-6c9e-8536-2567f17f6580" testName="FileExists_Should_Return_True_For_Existing_File" computerName="PPITM80-M0317" duration="00:00:00.0018220" startTime="2025-09-07T07:41:21.4215937-05:00" endTime="2025-09-07T07:41:21.4234157-05:00" testType="13cdc9d9-ddb5-4fa4-a97d-d965ccfc6d4b" outcome="Passed" testListId="8c84fa94-04c1-424b-9868-57a2d4851a1d" relativeResultsDirectory="987189c5-f399-418c-9f49-c6315313b7c6" />
    <UnitTestResult executionId="d7008bdd-d8ac-449c-8cf4-7b382c5fc6cf" testId="4558bb5d-5889-8718-6567-8aa2e363bd16" testName="ExecuteAsync_OriginalContentCapture_StoresCorrectContent" computerName="PPITM80-M0317" duration="00:00:00.0058680" startTime="2025-09-07T07:41:22.1732316-05:00" endTime="2025-09-07T07:41:22.1790946-05:00" testType="13cdc9d9-ddb5-4fa4-a97d-d965ccfc6d4b" outcome="Passed" testListId="8c84fa94-04c1-424b-9868-57a2d4851a1d" relativeResultsDirectory="d7008bdd-d8ac-449c-8cf4-7b382c5fc6cf" />
    <UnitTestResult executionId="fb3ed47f-d0c3-454f-8aca-5f1f3d0e39f3" testId="e3f3d1a3-00e0-986a-903b-e4b218f256b9" testName="ExecuteAsync_InsertAtBeginning_InsertsCorrectly" computerName="PPITM80-M0317" duration="00:00:00.0046810" startTime="2025-09-07T07:41:21.9630233-05:00" endTime="2025-09-07T07:41:21.9677033-05:00" testType="13cdc9d9-ddb5-4fa4-a97d-d965ccfc6d4b" outcome="Passed" testListId="8c84fa94-04c1-424b-9868-57a2d4851a1d" relativeResultsDirectory="fb3ed47f-d0c3-454f-8aca-5f1f3d0e39f3" />
    <UnitTestResult executionId="ea76ce5b-2024-4bed-8ed7-e5ff7bb707f0" testId="6fbc4280-c107-0f5f-1e78-82fa85ec326d" testName="ExecuteAsync_WithFullContext_IncludesSnippet" computerName="PPITM80-M0317" duration="00:00:00.0030490" startTime="2025-09-07T07:41:21.8706262-05:00" endTime="2025-09-07T07:41:21.8736750-05:00" testType="13cdc9d9-ddb5-4fa4-a97d-d965ccfc6d4b" outcome="Passed" testListId="8c84fa94-04c1-424b-9868-57a2d4851a1d" relativeResultsDirectory="ea76ce5b-2024-4bed-8ed7-e5ff7bb707f0" />
    <UnitTestResult executionId="4c759b23-81f4-4d8c-92a3-76e11ffbe5b0" testId="0289a2e7-b4eb-8ae7-0d13-e964073eba07" testName="ExecuteAsync_WithCaching_ReturnsCachedResult" computerName="PPITM80-M0317" duration="00:00:00.0031920" startTime="2025-09-07T07:41:22.4024366-05:00" endTime="2025-09-07T07:41:22.4056287-05:00" testType="13cdc9d9-ddb5-4fa4-a97d-d965ccfc6d4b" outcome="Passed" testListId="8c84fa94-04c1-424b-9868-57a2d4851a1d" relativeResultsDirectory="4c759b23-81f4-4d8c-92a3-76e11ffbe5b0" />
    <UnitTestResult executionId="6965ccaa-99db-4868-9055-407daa175d88" testId="73651905-b1d3-1bb3-c32a-23411992705b" testName="ExecuteAsync_WithContextLines_GeneratesCorrectContext" computerName="PPITM80-M0317" duration="00:00:00.0038100" startTime="2025-09-07T07:41:21.5872772-05:00" endTime="2025-09-07T07:41:21.5910871-05:00" testType="13cdc9d9-ddb5-4fa4-a97d-d965ccfc6d4b" outcome="Passed" testListId="8c84fa94-04c1-424b-9868-57a2d4851a1d" relativeResultsDirectory="6965ccaa-99db-4868-9055-407daa175d88" />
    <UnitTestResult executionId="ce226a6b-2117-4bb6-b89e-5b14e3bd161c" testId="9913925c-6c4b-8343-5be6-f836a949a47a" testName="ExecuteAsync_Should_Return_Error_When_Directory_Not_Found" computerName="PPITM80-M0317" duration="00:00:00.0021960" startTime="2025-09-07T07:41:21.9175582-05:00" endTime="2025-09-07T07:41:21.9197542-05:00" testType="13cdc9d9-ddb5-4fa4-a97d-d965ccfc6d4b" outcome="Passed" testListId="8c84fa94-04c1-424b-9868-57a2d4851a1d" relativeResultsDirectory="ce226a6b-2117-4bb6-b89e-5b14e3bd161c" />
    <UnitTestResult executionId="eeda855b-a97f-493e-92c5-bfa8ea4bfa27" testId="2bd0d672-c2c5-aca9-dbd3-9ce7376f1b88" testName="ExecuteAsync_Should_Create_New_Index_When_None_Exists" computerName="PPITM80-M0317" duration="00:00:00.0244630" startTime="2025-09-07T07:41:21.8738379-05:00" endTime="2025-09-07T07:41:21.8982986-05:00" testType="13cdc9d9-ddb5-4fa4-a97d-d965ccfc6d4b" outcome="Passed" testListId="8c84fa94-04c1-424b-9868-57a2d4851a1d" relativeResultsDirectory="eeda855b-a97f-493e-92c5-bfa8ea4bfa27" />
    <UnitTestResult executionId="744d871c-7406-4482-a923-98f2235012d0" testId="00326768-0d79-bb1c-d72a-a3b937cd3e7c" testName="ComputeWorkspaceHash_Should_Be_Deterministic" computerName="PPITM80-M0317" duration="00:00:00.0430340" startTime="2025-09-07T07:41:21.3556491-05:00" endTime="2025-09-07T07:41:21.3986812-05:00" testType="13cdc9d9-ddb5-4fa4-a97d-d965ccfc6d4b" outcome="Passed" testListId="8c84fa94-04c1-424b-9868-57a2d4851a1d" relativeResultsDirectory="744d871c-7406-4482-a923-98f2235012d0" />
    <UnitTestResult executionId="ed90156c-0b63-4159-9f47-26f71d5c73d8" testId="6231a3f1-7b08-83ec-5532-335dc2b26f1d" testName="ExecuteAsync_GroupByFileEnabled_GroupsResultsByFile" computerName="PPITM80-M0317" duration="00:00:00.0562950" startTime="2025-09-07T07:41:21.7722298-05:00" endTime="2025-09-07T07:41:21.8285229-05:00" testType="13cdc9d9-ddb5-4fa4-a97d-d965ccfc6d4b" outcome="Passed" testListId="8c84fa94-04c1-424b-9868-57a2d4851a1d" relativeResultsDirectory="ed90156c-0b63-4159-9f47-26f71d5c73d8" />
    <UnitTestResult executionId="76b08d9f-35c3-4449-b63f-0cbcb92f3709" testId="cee38744-169c-f64b-0ed0-b2f6db3a9da1" testName="CalculateConfidence_WithEmptyQuery_ShouldReturnZero" computerName="PPITM80-M0317" duration="00:00:00.0007829" startTime="2025-09-07T07:41:20.8625204-05:00" endTime="2025-09-07T07:41:20.8633030-05:00" testType="13cdc9d9-ddb5-4fa4-a97d-d965ccfc6d4b" outcome="Passed" testListId="8c84fa94-04c1-424b-9868-57a2d4851a1d" relativeResultsDirectory="76b08d9f-35c3-4449-b63f-0cbcb92f3709" />
    <UnitTestResult executionId="67febe3e-43be-43fa-b779-f7cd518e0e06" testId="1b48cf27-1a1e-eda4-ff5f-7d22fcff0181" testName="ExecuteAsync_IndexNotFound_ReturnsError" computerName="PPITM80-M0317" duration="00:00:00.0029359" startTime="2025-09-07T07:41:22.2449512-05:00" endTime="2025-09-07T07:41:22.2478873-05:00" testType="13cdc9d9-ddb5-4fa4-a97d-d965ccfc6d4b" outcome="Passed" testListId="8c84fa94-04c1-424b-9868-57a2d4851a1d" relativeResultsDirectory="67febe3e-43be-43fa-b779-f7cd518e0e06" />
    <UnitTestResult executionId="aff507c7-75e8-488d-aa0e-9bc81db98c7d" testId="b6645825-0e2d-b86c-d3eb-82a8c700376e" testName="ExecuteAsync_ContextLines_GeneratesCorrectContext" computerName="PPITM80-M0317" duration="00:00:00.0076150" startTime="2025-09-07T07:41:21.9394076-05:00" endTime="2025-09-07T07:41:21.9470220-05:00" testType="13cdc9d9-ddb5-4fa4-a97d-d965ccfc6d4b" outcome="Passed" testListId="8c84fa94-04c1-424b-9868-57a2d4851a1d" relativeResultsDirectory="aff507c7-75e8-488d-aa0e-9bc81db98c7d" />
    <UnitTestResult executionId="8f3082af-968f-48a3-a287-26dba8f4fc69" testId="c41b1d63-dd1b-5812-a822-5d35a364f148" testName="ExecuteAsync_ShouldCalculateDepthCorrectly" computerName="PPITM80-M0317" duration="00:00:00.0515479" startTime="2025-09-07T07:41:21.6030954-05:00" endTime="2025-09-07T07:41:21.6546420-05:00" testType="13cdc9d9-ddb5-4fa4-a97d-d965ccfc6d4b" outcome="Passed" testListId="8c84fa94-04c1-424b-9868-57a2d4851a1d" relativeResultsDirectory="8f3082af-968f-48a3-a287-26dba8f4fc69" />
    <UnitTestResult executionId="89244e62-d4e4-4fe8-bae6-fc73b3c574f6" testId="0ab2e78f-df9e-ee65-c2fa-b6228220d9cd" testName="ExecuteAsync_Should_Cache_Results_By_Default" computerName="PPITM80-M0317" duration="00:00:00.0040720" startTime="2025-09-07T07:41:21.7322215-05:00" endTime="2025-09-07T07:41:21.7362935-05:00" testType="13cdc9d9-ddb5-4fa4-a97d-d965ccfc6d4b" outcome="Passed" testListId="8c84fa94-04c1-424b-9868-57a2d4851a1d" relativeResultsDirectory="89244e62-d4e4-4fe8-bae6-fc73b3c574f6" />
    <UnitTestResult executionId="5a6928c8-2b17-4798-ac64-08611fbd9aa5" testId="11edbe62-8f83-8c3f-4458-b3f3e6ff0e75" testName="CalculateConfidence_WithRegexSpecialCharacters_ShouldEscapeProperly" computerName="PPITM80-M0317" duration="00:00:00.0372240" startTime="2025-09-07T07:41:21.0955169-05:00" endTime="2025-09-07T07:41:21.1327401-05:00" testType="13cdc9d9-ddb5-4fa4-a97d-d965ccfc6d4b" outcome="Passed" testListId="8c84fa94-04c1-424b-9868-57a2d4851a1d" relativeResultsDirectory="5a6928c8-2b17-4798-ac64-08611fbd9aa5" />
    <UnitTestResult executionId="2573530b-1f57-4eba-9bd7-84a282fd0041" testId="21cde39f-b612-6ef0-0d36-40c508419484" testName="IntegrationTest_SearchHitProcessing_FullPipeline" computerName="PPITM80-M0317" duration="00:00:00.0009430" startTime="2025-09-07T07:41:20.6055952-05:00" endTime="2025-09-07T07:41:20.6065375-05:00" testType="13cdc9d9-ddb5-4fa4-a97d-d965ccfc6d4b" outcome="Passed" testListId="8c84fa94-04c1-424b-9868-57a2d4851a1d" relativeResultsDirectory="2573530b-1f57-4eba-9bd7-84a282fd0041" />
    <UnitTestResult executionId="be0ff949-06cc-4359-a153-dd17f70ee869" testId="80df271d-77a9-1b07-13b6-2ab9973e92a6" testName="ValidateRequired_NullWorkspacePath_ThrowsArgumentNullException" computerName="PPITM80-M0317" duration="00:00:00.0014460" startTime="2025-09-07T07:41:21.5290290-05:00" endTime="2025-09-07T07:41:21.5304752-05:00" testType="13cdc9d9-ddb5-4fa4-a97d-d965ccfc6d4b" outcome="Failed" testListId="8c84fa94-04c1-424b-9868-57a2d4851a1d" relativeResultsDirectory="be0ff949-06cc-4359-a153-dd17f70ee869">
      <Output>
        <ErrorInfo>
          <Message>System.ArgumentException : Can not instantiate proxy of class: COA.CodeSearch.McpServer.Tools.TextSearchTool.&#xD;
Could not find a constructor that would match given arguments:&#xD;
Microsoft.Extensions.DependencyInjection.ServiceProvider&#xD;
Castle.Proxies.ILuceneIndexServiceProxy&#xD;
Castle.Proxies.IResponseCacheServiceProxy&#xD;
Castle.Proxies.IResourceStorageServiceProxy&#xD;
Castle.Proxies.ICacheKeyGeneratorProxy&#xD;
COA.CodeSearch.McpServer.Services.QueryPreprocessor&#xD;
&lt;null&gt;&#xD;
Castle.Proxies.IProjectKnowledgeServiceProxy&#xD;
COA.CodeSearch.McpServer.Services.SmartDocumentationService&#xD;
Castle.Proxies.IVSCodeBridgeProxy&#xD;
COA.CodeSearch.McpServer.Services.SmartQueryPreprocessor&#xD;
Castle.Proxies.ILogger`1Proxy_1&#xD;
 (Parameter 'constructorArguments')&#xD;
  ----&gt; System.MissingMethodException : Constructor on type 'Castle.Proxies.TextSearchToolProxy' not found.</Message>
          <StackTrace>   at Castle.DynamicProxy.ProxyGenerator.CreateClassProxyInstance(Type proxyType, List`1 proxyArguments, Type classToProxy, Object[] constructorArguments)&#xD;
   at Castle.DynamicProxy.ProxyGenerator.CreateClassProxy(Type classToProxy, Type[] additionalInterfacesToProxy, ProxyGenerationOptions options, Object[] constructorArguments, IInterceptor[] interceptors)&#xD;
   at Moq.CastleProxyFactory.CreateProxy(Type mockType, IInterceptor interceptor, Type[] interfaces, Object[] arguments) in /_/src/Moq/Interception/CastleProxyFactory.cs:line 62&#xD;
   at Moq.Mock`1.InitializeInstance() in /_/src/Moq/Mock`1.cs:line 309&#xD;
   at Moq.Mock`1.OnGetObject() in /_/src/Moq/Mock`1.cs:line 323&#xD;
   at Moq.Mock.get_Object() in /_/src/Moq/Mock.cs:line 181&#xD;
   at Moq.Mock`1.get_Object() in /_/src/Moq/Mock`1.cs:line 281&#xD;
   at COA.CodeSearch.McpServer.Tests.Tools.BatchOperationsToolTests.CreateTool() in C:\source\COA CodeSearch MCP\COA.CodeSearch.McpServer.Tests\Tools\BatchOperationsToolTests.cs:line 61&#xD;
   at COA.Mcp.Framework.Testing.Base.ToolTestBase`1.SetUp()&#xD;
   at InvokeStub_ToolTestBase`1.SetUp(Object, Object, IntPtr*)&#xD;
   at System.Reflection.MethodBaseInvoker.InvokeWithNoArgs(Object obj, BindingFlags invokeAttr)&#xD;
--MissingMethodException&#xD;
   at System.RuntimeType.CreateInstanceImpl(BindingFlags bindingAttr, Binder binder, Object[] args, CultureInfo culture)&#xD;
   at Castle.DynamicProxy.ProxyGenerator.CreateClassProxyInstance(Type proxyType, List`1 proxyArguments, Type classToProxy, Object[] constructorArguments)
</StackTrace>
        </ErrorInfo>
      </Output>
    </UnitTestResult>
    <UnitTestResult executionId="713bcb57-e44f-47ae-b8e6-896a9b9aad9c" testId="12902737-c6bb-b696-0484-0e60b86be4a0" testName="ExecuteAsync_Should_Store_Metadata_Multiple_Times_During_Workflow" computerName="PPITM80-M0317" duration="00:00:00.0033840" startTime="2025-09-07T07:41:21.9258653-05:00" endTime="2025-09-07T07:41:21.9292493-05:00" testType="13cdc9d9-ddb5-4fa4-a97d-d965ccfc6d4b" outcome="Passed" testListId="8c84fa94-04c1-424b-9868-57a2d4851a1d" relativeResultsDirectory="713bcb57-e44f-47ae-b8e6-896a9b9aad9c" />
    <UnitTestResult executionId="a4e4dc9f-2594-4877-9781-6599620508d9" testId="3c754275-dd5c-c5a1-00ea-c44d22195e34" testName="ExecuteAsync_Should_Return_Error_When_Workspace_Not_Indexed" computerName="PPITM80-M0317" duration="00:00:00.0027169" startTime="2025-09-07T07:41:21.7595841-05:00" endTime="2025-09-07T07:41:21.7623004-05:00" testType="13cdc9d9-ddb5-4fa4-a97d-d965ccfc6d4b" outcome="Passed" testListId="8c84fa94-04c1-424b-9868-57a2d4851a1d" relativeResultsDirectory="a4e4dc9f-2594-4877-9781-6599620508d9" />
    <UnitTestResult executionId="be934421-dbc6-4372-b431-b8929310ccb8" testId="cfa9bb7c-3da8-7ed4-7083-9603c6f639fd" testName="CalculateConfidence_WithCommentLine_ShouldHavePenalty" computerName="PPITM80-M0317" duration="00:00:00.0339100" startTime="2025-09-07T07:41:20.7924577-05:00" endTime="2025-09-07T07:41:20.8263662-05:00" testType="13cdc9d9-ddb5-4fa4-a97d-d965ccfc6d4b" outcome="Passed" testListId="8c84fa94-04c1-424b-9868-57a2d4851a1d" relativeResultsDirectory="be934421-dbc6-4372-b431-b8929310ccb8" />
    <UnitTestResult executionId="ed4c8396-59e5-442b-9763-736443820638" testId="37e8be23-ac0e-3b93-d012-15085cad5135" testName="CalculateConfidence_WithPartialWordMatch_ShouldNotGetExactBonus" computerName="PPITM80-M0317" duration="00:00:00.0383870" startTime="2025-09-07T07:41:21.0477691-05:00" endTime="2025-09-07T07:41:21.0861528-05:00" testType="13cdc9d9-ddb5-4fa4-a97d-d965ccfc6d4b" outcome="Passed" testListId="8c84fa94-04c1-424b-9868-57a2d4851a1d" relativeResultsDirectory="ed4c8396-59e5-442b-9763-736443820638" />
    <UnitTestResult executionId="d7a15537-777d-41c9-acd9-d376aaef3e14" testId="de474172-f53b-37d4-a0d9-58e31ba08c58" testName="Tool_Should_Have_Correct_Metadata" computerName="PPITM80-M0317" duration="00:00:00.0014730" startTime="2025-09-07T07:41:21.6825294-05:00" endTime="2025-09-07T07:41:21.6840018-05:00" testType="13cdc9d9-ddb5-4fa4-a97d-d965ccfc6d4b" outcome="Passed" testListId="8c84fa94-04c1-424b-9868-57a2d4851a1d" relativeResultsDirectory="d7a15537-777d-41c9-acd9-d376aaef3e14" />
    <UnitTestResult executionId="252b980c-a60a-4c86-8b87-7148387d07a0" testId="b2f947a9-5ebd-89e8-5f9c-55078a1bde5c" testName="ExecuteAsync_NoDuplicateLines_FixesCarriageReturnBug" computerName="PPITM80-M0317" duration="00:00:00.0158370" startTime="2025-09-07T07:41:22.2479058-05:00" endTime="2025-09-07T07:41:22.2637421-05:00" testType="13cdc9d9-ddb5-4fa4-a97d-d965ccfc6d4b" outcome="Failed" testListId="8c84fa94-04c1-424b-9868-57a2d4851a1d" relativeResultsDirectory="252b980c-a60a-4c86-8b87-7148387d07a0">
      <Output>
        <ErrorInfo>
          <Message>Expected lines.Length to be 3 because should not create duplicate/empty lines due to carriage returns, but found 4.</Message>
          <StackTrace>   at FluentAssertions.Execution.LateBoundTestFramework.Throw(String message)&#xD;
   at FluentAssertions.Execution.TestFrameworkProvider.Throw(String message)&#xD;
   at FluentAssertions.Execution.DefaultAssertionStrategy.HandleFailure(String message)&#xD;
   at FluentAssertions.Execution.AssertionScope.FailWith(Func`1 failReasonFunc)&#xD;
   at FluentAssertions.Execution.AssertionScope.FailWith(Func`1 failReasonFunc)&#xD;
   at FluentAssertions.Execution.AssertionScope.FailWith(String message, Object[] args)&#xD;
   at FluentAssertions.Numeric.NumericAssertions`2.Be(T expected, String because, Object[] becauseArgs)&#xD;
   at COA.CodeSearch.McpServer.Tests.Tools.SearchAndReplaceToolTests.ExecuteAsync_NoDuplicateLines_FixesCarriageReturnBug() in C:\source\COA CodeSearch MCP\COA.CodeSearch.McpServer.Tests\Tools\SearchAndReplaceToolTests.cs:line 427&#xD;
   at NUnit.Framework.Internal.TaskAwaitAdapter.GenericAdapter`1.BlockUntilCompleted()&#xD;
   at NUnit.Framework.Internal.MessagePumpStrategy.NoMessagePumpStrategy.WaitForCompletion(AwaitAdapter awaiter)&#xD;
   at NUnit.Framework.Internal.AsyncToSyncAdapter.Await[TResult](TestExecutionContext context, Func`1 invoke)&#xD;
   at NUnit.Framework.Internal.AsyncToSyncAdapter.Await(TestExecutionContext context, Func`1 invoke)&#xD;
   at NUnit.Framework.Internal.Commands.TestMethodCommand.RunTestMethod(TestExecutionContext context)&#xD;
   at NUnit.Framework.Internal.Commands.TestMethodCommand.Execute(TestExecutionContext context)&#xD;
   at NUnit.Framework.Internal.Commands.BeforeAndAfterTestCommand.&lt;&gt;c__DisplayClass1_0.&lt;Execute&gt;b__0()&#xD;
   at NUnit.Framework.Internal.Commands.DelegatingTestCommand.RunTestMethodInThreadAbortSafeZone(TestExecutionContext context, Action action)&#xD;

</StackTrace>
        </ErrorInfo>
      </Output>
    </UnitTestResult>
    <UnitTestResult executionId="d3bf4ee5-68f6-4cf8-a67c-5963649508e5" testId="3dba743f-1dfa-642a-f863-d8cd5566b6a0" testName="ExecuteAsync_InvalidEndLine_ReturnsError" computerName="PPITM80-M0317" duration="00:00:00.0035590" startTime="2025-09-07T07:41:21.5672468-05:00" endTime="2025-09-07T07:41:21.5708055-05:00" testType="13cdc9d9-ddb5-4fa4-a97d-d965ccfc6d4b" outcome="Passed" testListId="8c84fa94-04c1-424b-9868-57a2d4851a1d" relativeResultsDirectory="d3bf4ee5-68f6-4cf8-a67c-5963649508e5" />
    <UnitTestResult executionId="6ef7e883-58e3-4bc5-aa33-1368324de051" testId="33f0c61d-3d45-8a2b-4853-f23039402d4e" testName="GetFullPath_Should_Return_Absolute_Path" computerName="PPITM80-M0317" duration="00:00:00.0004770" startTime="2025-09-07T07:41:21.4277686-05:00" endTime="2025-09-07T07:41:21.4282456-05:00" testType="13cdc9d9-ddb5-4fa4-a97d-d965ccfc6d4b" outcome="Passed" testListId="8c84fa94-04c1-424b-9868-57a2d4851a1d" relativeResultsDirectory="6ef7e883-58e3-4bc5-aa33-1368324de051" />
    <UnitTestResult executionId="047ba1e4-749b-4f9d-acad-63c3c4ac29ee" testId="50c1f765-c727-a1c9-6180-f72f0f5c651d" testName="BatchOperation_DefaultValues_AreCorrect" computerName="PPITM80-M0317" duration="00:00:00.0493590" startTime="2025-09-07T07:41:21.4706276-05:00" endTime="2025-09-07T07:41:21.5199852-05:00" testType="13cdc9d9-ddb5-4fa4-a97d-d965ccfc6d4b" outcome="Failed" testListId="8c84fa94-04c1-424b-9868-57a2d4851a1d" relativeResultsDirectory="047ba1e4-749b-4f9d-acad-63c3c4ac29ee">
      <Output>
        <ErrorInfo>
          <Message>System.ArgumentException : Can not instantiate proxy of class: COA.CodeSearch.McpServer.Tools.TextSearchTool.&#xD;
Could not find a constructor that would match given arguments:&#xD;
Microsoft.Extensions.DependencyInjection.ServiceProvider&#xD;
Castle.Proxies.ILuceneIndexServiceProxy&#xD;
Castle.Proxies.IResponseCacheServiceProxy&#xD;
Castle.Proxies.IResourceStorageServiceProxy&#xD;
Castle.Proxies.ICacheKeyGeneratorProxy&#xD;
COA.CodeSearch.McpServer.Services.QueryPreprocessor&#xD;
&lt;null&gt;&#xD;
Castle.Proxies.IProjectKnowledgeServiceProxy&#xD;
COA.CodeSearch.McpServer.Services.SmartDocumentationService&#xD;
Castle.Proxies.IVSCodeBridgeProxy&#xD;
COA.CodeSearch.McpServer.Services.SmartQueryPreprocessor&#xD;
Castle.Proxies.ILogger`1Proxy_1&#xD;
 (Parameter 'constructorArguments')&#xD;
  ----&gt; System.MissingMethodException : Constructor on type 'Castle.Proxies.TextSearchToolProxy' not found.</Message>
          <StackTrace>   at Castle.DynamicProxy.ProxyGenerator.CreateClassProxyInstance(Type proxyType, List`1 proxyArguments, Type classToProxy, Object[] constructorArguments)&#xD;
   at Castle.DynamicProxy.ProxyGenerator.CreateClassProxy(Type classToProxy, Type[] additionalInterfacesToProxy, ProxyGenerationOptions options, Object[] constructorArguments, IInterceptor[] interceptors)&#xD;
   at Moq.CastleProxyFactory.CreateProxy(Type mockType, IInterceptor interceptor, Type[] interfaces, Object[] arguments) in /_/src/Moq/Interception/CastleProxyFactory.cs:line 62&#xD;
   at Moq.Mock`1.InitializeInstance() in /_/src/Moq/Mock`1.cs:line 309&#xD;
   at Moq.Mock`1.OnGetObject() in /_/src/Moq/Mock`1.cs:line 323&#xD;
   at Moq.Mock.get_Object() in /_/src/Moq/Mock.cs:line 181&#xD;
   at Moq.Mock`1.get_Object() in /_/src/Moq/Mock`1.cs:line 281&#xD;
   at COA.CodeSearch.McpServer.Tests.Tools.BatchOperationsToolTests.CreateTool() in C:\source\COA CodeSearch MCP\COA.CodeSearch.McpServer.Tests\Tools\BatchOperationsToolTests.cs:line 61&#xD;
   at COA.Mcp.Framework.Testing.Base.ToolTestBase`1.SetUp()&#xD;
   at System.RuntimeMethodHandle.InvokeMethod(Object target, Void** arguments, Signature sig, Boolean isConstructor)&#xD;
   at System.Reflection.MethodBaseInvoker.InvokeWithNoArgs(Object obj, BindingFlags invokeAttr)&#xD;
--MissingMethodException&#xD;
   at System.RuntimeType.CreateInstanceImpl(BindingFlags bindingAttr, Binder binder, Object[] args, CultureInfo culture)&#xD;
   at Castle.DynamicProxy.ProxyGenerator.CreateClassProxyInstance(Type proxyType, List`1 proxyArguments, Type classToProxy, Object[] constructorArguments)
</StackTrace>
        </ErrorInfo>
      </Output>
    </UnitTestResult>
    <UnitTestResult executionId="781d1ed1-d042-43d8-aaa0-f1a8f0ffeef7" testId="8a1a5481-1047-5d08-155b-1c1e6d4f09bd" testName="CalculateConfidence_WithNullMatchedLine_ShouldReturnZero" computerName="PPITM80-M0317" duration="00:00:00.0009570" startTime="2025-09-07T07:41:20.9965825-05:00" endTime="2025-09-07T07:41:20.9975396-05:00" testType="13cdc9d9-ddb5-4fa4-a97d-d965ccfc6d4b" outcome="Passed" testListId="8c84fa94-04c1-424b-9868-57a2d4851a1d" relativeResultsDirectory="781d1ed1-d042-43d8-aaa0-f1a8f0ffeef7" />
    <UnitTestResult executionId="873db587-aed2-4209-bf64-a9c36aa03598" testId="67928f42-e0e7-792e-610f-c8c54ef6ea08" testName="Should_Extract_Class_And_Method_From_CSharp_Code" computerName="PPITM80-M0317" duration="00:00:00.0005840" startTime="2025-09-07T07:41:21.4475789-05:00" endTime="2025-09-07T07:41:21.4481625-05:00" testType="13cdc9d9-ddb5-4fa4-a97d-d965ccfc6d4b" outcome="Passed" testListId="8c84fa94-04c1-424b-9868-57a2d4851a1d" relativeResultsDirectory="873db587-aed2-4209-bf64-a9c36aa03598" />
    <UnitTestResult executionId="c1e439fe-a738-4dbe-a862-a02d9a909ea3" testId="2646abdc-bf49-4e89-6a96-0bea5964eaad" testName="ExecuteAsync_EncodingPreservation_MaintainsOriginalEncoding" computerName="PPITM80-M0317" duration="00:00:00.0052769" startTime="2025-09-07T07:41:22.1532936-05:00" endTime="2025-09-07T07:41:22.1585699-05:00" testType="13cdc9d9-ddb5-4fa4-a97d-d965ccfc6d4b" outcome="Passed" testListId="8c84fa94-04c1-424b-9868-57a2d4851a1d" relativeResultsDirectory="c1e439fe-a738-4dbe-a862-a02d9a909ea3" />
    <UnitTestResult executionId="e5dbb64d-9e00-4b0b-ac22-6dc9467892c8" testId="6a0457b2-a3b5-f21c-34c9-5bd6c9262a88" testName="ExecuteAsync_Should_Validate_Required_Parameters" computerName="PPITM80-M0317" duration="00:00:00.0020460" startTime="2025-09-07T07:41:21.9357122-05:00" endTime="2025-09-07T07:41:21.9377578-05:00" testType="13cdc9d9-ddb5-4fa4-a97d-d965ccfc6d4b" outcome="Passed" testListId="8c84fa94-04c1-424b-9868-57a2d4851a1d" relativeResultsDirectory="e5dbb64d-9e00-4b0b-ac22-6dc9467892c8" />
    <UnitTestResult executionId="9ad1134c-882b-4405-bd36-67c959b7dd9c" testId="1db6a257-3d49-dc8a-db0e-7d6b298bc39e" testName="TestGlobPatternMatching" computerName="PPITM80-M0317" duration="00:00:00.0019650" startTime="2025-09-07T07:41:21.6780418-05:00" endTime="2025-09-07T07:41:21.6800068-05:00" testType="13cdc9d9-ddb5-4fa4-a97d-d965ccfc6d4b" outcome="Passed" testListId="8c84fa94-04c1-424b-9868-57a2d4851a1d" relativeResultsDirectory="9ad1134c-882b-4405-bd36-67c959b7dd9c">
      <Output>
        <StdOut>Pattern: *&#xD;
Regex: ^.*$&#xD;
  src: True&#xD;
  components: True&#xD;
  tests: True&#xD;
  unit: True</StdOut>
      </Output>
    </UnitTestResult>
    <UnitTestResult executionId="523ef4e0-1c2d-42ea-830e-245772c423c2" testId="cb96603a-b6c5-2087-2ba7-4ed2f241e41d" testName="ExecuteAsync_EmptySearchResults_ReturnsNoMatches" computerName="PPITM80-M0317" duration="00:00:00.0033990" startTime="2025-09-07T07:41:22.2381193-05:00" endTime="2025-09-07T07:41:22.2415184-05:00" testType="13cdc9d9-ddb5-4fa4-a97d-d965ccfc6d4b" outcome="Passed" testListId="8c84fa94-04c1-424b-9868-57a2d4851a1d" relativeResultsDirectory="523ef4e0-1c2d-42ea-830e-245772c423c2" />
    <UnitTestResult executionId="253042e9-c280-49a8-b206-fcf35a74b0fa" testId="3fc4b763-9eae-1855-70e7-3bae1764f8be" testName="ExecuteAsync_ContextLines_GeneratesCorrectContext" computerName="PPITM80-M0317" duration="00:00:00.0092530" startTime="2025-09-07T07:41:22.1049247-05:00" endTime="2025-09-07T07:41:22.1141768-05:00" testType="13cdc9d9-ddb5-4fa4-a97d-d965ccfc6d4b" outcome="Passed" testListId="8c84fa94-04c1-424b-9868-57a2d4851a1d" relativeResultsDirectory="253042e9-c280-49a8-b206-fcf35a74b0fa" />
    <UnitTestResult executionId="9f8c8771-1b7e-4483-b8e6-c98ea82bd7db" testId="03d55e09-c812-968a-3bad-cc1204204990" testName="CalculateConfidence_WithSpecialCharacters_ShouldHandleGracefully" computerName="PPITM80-M0317" duration="00:00:00.0369880" startTime="2025-09-07T07:41:21.1327753-05:00" endTime="2025-09-07T07:41:21.1697614-05:00" testType="13cdc9d9-ddb5-4fa4-a97d-d965ccfc6d4b" outcome="Passed" testListId="8c84fa94-04c1-424b-9868-57a2d4851a1d" relativeResultsDirectory="9f8c8771-1b7e-4483-b8e6-c98ea82bd7db" />
    <UnitTestResult executionId="1861701e-9851-4eb9-986e-5a49ec9645c9" testId="8f660288-0753-7e10-75a7-dc3552b13a03" testName="ExecuteAsync_Should_Validate_MaxResults_Range" computerName="PPITM80-M0317" duration="00:00:00.0019870" startTime="2025-09-07T07:41:22.0938048-05:00" endTime="2025-09-07T07:41:22.0957913-05:00" testType="13cdc9d9-ddb5-4fa4-a97d-d965ccfc6d4b" outcome="Passed" testListId="8c84fa94-04c1-424b-9868-57a2d4851a1d" relativeResultsDirectory="1861701e-9851-4eb9-986e-5a49ec9645c9" />
    <UnitTestResult executionId="0bcb1303-40eb-4521-b8e7-88cad2e00ea6" testId="8725f3d7-c329-cfac-aa7c-a6e1820e7979" testName="Debug_Task_Return_Method" computerName="PPITM80-M0317" duration="00:00:00.0010390" startTime="2025-09-07T07:41:21.4465204-05:00" endTime="2025-09-07T07:41:21.4475588-05:00" testType="13cdc9d9-ddb5-4fa4-a97d-d965ccfc6d4b" outcome="Passed" testListId="8c84fa94-04c1-424b-9868-57a2d4851a1d" relativeResultsDirectory="0bcb1303-40eb-4521-b8e7-88cad2e00ea6">
      <Output>
        <StdOut>Method Name: AsyncVoidMethod&#xD;
Return Type: 'Task'&#xD;
Signature: public Task AsyncVoidMethod() { return Task.CompletedTask; }&#xD;
Modifiers: public</StdOut>
      </Output>
    </UnitTestResult>
    <UnitTestResult executionId="3928b01a-6f8d-42fd-ba08-8a7ed2bb53bd" testId="4cef428c-d6ca-2c9f-778f-20b38d83cc86" testName="ExecuteAsync_Should_Find_Files_Matching_Glob_Pattern" computerName="PPITM80-M0317" duration="00:00:00.0035850" startTime="2025-09-07T07:41:21.7363115-05:00" endTime="2025-09-07T07:41:21.7398958-05:00" testType="13cdc9d9-ddb5-4fa4-a97d-d965ccfc6d4b" outcome="Passed" testListId="8c84fa94-04c1-424b-9868-57a2d4851a1d" relativeResultsDirectory="3928b01a-6f8d-42fd-ba08-8a7ed2bb53bd">
      <Output>
        <StdOut>Results type: COA.CodeSearch.McpServer.Tools.FileSearchResult, Count in Results: -1, Data.Count: 2</StdOut>
      </Output>
    </UnitTestResult>
    <UnitTestResult executionId="849aba53-c347-47a0-a896-dd211a2e2089" testId="ebb47fc2-9cd0-b7d6-bdae-68701fcea13f" testName="CalculateConfidence_WithPropertyDefinition_ShouldReturnHighConfidence" computerName="PPITM80-M0317" duration="00:00:00.0092130" startTime="2025-09-07T07:41:21.0862656-05:00" endTime="2025-09-07T07:41:21.0954783-05:00" testType="13cdc9d9-ddb5-4fa4-a97d-d965ccfc6d4b" outcome="Passed" testListId="8c84fa94-04c1-424b-9868-57a2d4851a1d" relativeResultsDirectory="849aba53-c347-47a0-a896-dd211a2e2089" />
    <UnitTestResult executionId="e80ed7dc-9aec-4ad4-b16d-a7633ccc3952" testId="29bd3670-5518-af4d-a10d-c558d9a8adba" testName="Name_ShouldReturnCorrectToolName" computerName="PPITM80-M0317" duration="00:00:00.0017890" startTime="2025-09-07T07:41:22.0320096-05:00" endTime="2025-09-07T07:41:22.0337985-05:00" testType="13cdc9d9-ddb5-4fa4-a97d-d965ccfc6d4b" outcome="Passed" testListId="8c84fa94-04c1-424b-9868-57a2d4851a1d" relativeResultsDirectory="e80ed7dc-9aec-4ad4-b16d-a7633ccc3952" />
    <UnitTestResult executionId="efd438fd-6f5b-4d5d-ad2c-975736ab4196" testId="33547af0-d15f-7425-cd54-54e1bcc21ab6" testName="DirectoryExists_Should_Handle_Null_Path" computerName="PPITM80-M0317" duration="00:00:00.0007090" startTime="2025-09-07T07:41:21.4008827-05:00" endTime="2025-09-07T07:41:21.4015917-05:00" testType="13cdc9d9-ddb5-4fa4-a97d-d965ccfc6d4b" outcome="Passed" testListId="8c84fa94-04c1-424b-9868-57a2d4851a1d" relativeResultsDirectory="efd438fd-6f5b-4d5d-ad2c-975736ab4196" />
    <UnitTestResult executionId="5fa4e4c3-ea59-4536-a336-d331e19a69ed" testId="4f113a90-76f3-7fec-f48b-f6094d069ee1" testName="Name_ShouldReturnCorrectToolName" computerName="PPITM80-M0317" duration="00:00:00.0017840" startTime="2025-09-07T07:41:22.2794362-05:00" endTime="2025-09-07T07:41:22.2812195-05:00" testType="13cdc9d9-ddb5-4fa4-a97d-d965ccfc6d4b" outcome="Passed" testListId="8c84fa94-04c1-424b-9868-57a2d4851a1d" relativeResultsDirectory="5fa4e4c3-ea59-4536-a336-d331e19a69ed" />
    <UnitTestResult executionId="383ec5ea-3fd4-4d15-8244-d71fbf0c2a9d" testId="05d60b91-1e62-a9d6-329a-049913345597" testName="GetIndexPath_Should_Handle_Different_Cases_As_Same_Workspace" computerName="PPITM80-M0317" duration="00:00:00.0008850" startTime="2025-09-07T07:41:21.4290676-05:00" endTime="2025-09-07T07:41:21.4299525-05:00" testType="13cdc9d9-ddb5-4fa4-a97d-d965ccfc6d4b" outcome="Passed" testListId="8c84fa94-04c1-424b-9868-57a2d4851a1d" relativeResultsDirectory="383ec5ea-3fd4-4d15-8244-d71fbf0c2a9d" />
    <UnitTestResult executionId="88a67baf-af2f-4ce1-8553-368e2d84b985" testId="be4b1344-9069-5b47-a319-2e4cc8a32ac3" testName="ExecuteAsync_InvalidStartLine_ReturnsError" computerName="PPITM80-M0317" duration="00:00:00.0034540" startTime="2025-09-07T07:41:22.1621986-05:00" endTime="2025-09-07T07:41:22.1656524-05:00" testType="13cdc9d9-ddb5-4fa4-a97d-d965ccfc6d4b" outcome="Passed" testListId="8c84fa94-04c1-424b-9868-57a2d4851a1d" relativeResultsDirectory="88a67baf-af2f-4ce1-8553-368e2d84b985" />
    <UnitTestResult executionId="75d209c2-b876-4ec1-b3c5-92895419c808" testId="d78b518d-d2f6-8423-c397-e55b87f3ea1e" testName="Should_Extract_Method_Modifiers" computerName="PPITM80-M0317" duration="00:00:00.0011230" startTime="2025-09-07T07:41:21.4500451-05:00" endTime="2025-09-07T07:41:21.4511682-05:00" testType="13cdc9d9-ddb5-4fa4-a97d-d965ccfc6d4b" outcome="Passed" testListId="8c84fa94-04c1-424b-9868-57a2d4851a1d" relativeResultsDirectory="75d209c2-b876-4ec1-b3c5-92895419c808" />
    <UnitTestResult executionId="d8b8d54d-23e9-4df4-8342-aaed93e18d99" testId="2b9abf8c-8593-6b56-f35d-aaff69acde28" testName="CalculateConfidence_WithNullQuery_ShouldReturnZero" computerName="PPITM80-M0317" duration="00:00:00.0010889" startTime="2025-09-07T07:41:20.9975593-05:00" endTime="2025-09-07T07:41:20.9986484-05:00" testType="13cdc9d9-ddb5-4fa4-a97d-d965ccfc6d4b" outcome="Passed" testListId="8c84fa94-04c1-424b-9868-57a2d4851a1d" relativeResultsDirectory="d8b8d54d-23e9-4df4-8342-aaed93e18d99" />
    <UnitTestResult executionId="6a90cd12-b22f-44e6-899c-ae3075a008db" testId="9aca1734-6ac3-5996-24dc-7a80ebd8184f" testName="EnumerateFiles_Should_Handle_Invalid_Directory" computerName="PPITM80-M0317" duration="00:00:00.0005450" startTime="2025-09-07T07:41:21.4169297-05:00" endTime="2025-09-07T07:41:21.4174748-05:00" testType="13cdc9d9-ddb5-4fa4-a97d-d965ccfc6d4b" outcome="Passed" testListId="8c84fa94-04c1-424b-9868-57a2d4851a1d" relativeResultsDirectory="6a90cd12-b22f-44e6-899c-ae3075a008db" />
    <UnitTestResult executionId="5d58e8b3-7461-4f0d-872d-29f7282eb4a5" testId="03e8a148-5228-142b-a5ab-9830c360b760" testName="EnsureDirectoryExists_Should_Handle_Existing_Directory" computerName="PPITM80-M0317" duration="00:00:00.0016760" startTime="2025-09-07T07:41:21.4071463-05:00" endTime="2025-09-07T07:41:21.4088224-05:00" testType="13cdc9d9-ddb5-4fa4-a97d-d965ccfc6d4b" outcome="Passed" testListId="8c84fa94-04c1-424b-9868-57a2d4851a1d" relativeResultsDirectory="5d58e8b3-7461-4f0d-872d-29f7282eb4a5" />
    <UnitTestResult executionId="abf6a5e6-9b63-46af-9398-8b08b07cc343" testId="c3a7d5fa-2563-6d97-7b66-aea528fd14da" testName="CalculateConfidence_WithEmptyMatchedLine_ShouldReturnZero" computerName="PPITM80-M0317" duration="00:00:00.0008120" startTime="2025-09-07T07:41:20.8616926-05:00" endTime="2025-09-07T07:41:20.8625042-05:00" testType="13cdc9d9-ddb5-4fa4-a97d-d965ccfc6d4b" outcome="Passed" testListId="8c84fa94-04c1-424b-9868-57a2d4851a1d" relativeResultsDirectory="abf6a5e6-9b63-46af-9398-8b08b07cc343" />
    <UnitTestResult executionId="85578c2e-657b-4712-8bb8-c9b97277bc0c" testId="029ccf19-f030-341f-6553-1dc734c38a1d" testName="Category_ReturnsCorrectValue" computerName="PPITM80-M0317" duration="00:00:00.0079050" startTime="2025-09-07T07:41:21.5306202-05:00" endTime="2025-09-07T07:41:21.5385244-05:00" testType="13cdc9d9-ddb5-4fa4-a97d-d965ccfc6d4b" outcome="Passed" testListId="8c84fa94-04c1-424b-9868-57a2d4851a1d" relativeResultsDirectory="85578c2e-657b-4712-8bb8-c9b97277bc0c" />
    <UnitTestResult executionId="5b326535-711d-4606-b0ec-f544546fcfd1" testId="b7c32585-29ed-8590-7dd4-52055f81162f" testName="ExecuteAsync_WithIndexedFiles_ShouldExtractDirectories" computerName="PPITM80-M0317" duration="00:00:00.0029430" startTime="2025-09-07T07:41:21.6669455-05:00" endTime="2025-09-07T07:41:21.6698882-05:00" testType="13cdc9d9-ddb5-4fa4-a97d-d965ccfc6d4b" outcome="Passed" testListId="8c84fa94-04c1-424b-9868-57a2d4851a1d" relativeResultsDirectory="5b326535-711d-4606-b0ec-f544546fcfd1" />
    <UnitTestResult executionId="c1c9a4a6-9504-4c6b-805f-7cf65758257b" testId="c936982d-018f-b326-642f-539f6e345e91" testName="GetFileName_Should_Handle_Invalid_Path" computerName="PPITM80-M0317" duration="00:00:00.0004060" startTime="2025-09-07T07:41:21.4268856-05:00" endTime="2025-09-07T07:41:21.4272910-05:00" testType="13cdc9d9-ddb5-4fa4-a97d-d965ccfc6d4b" outcome="Passed" testListId="8c84fa94-04c1-424b-9868-57a2d4851a1d" relativeResultsDirectory="c1c9a4a6-9504-4c6b-805f-7cf65758257b" />
    <UnitTestResult executionId="4f23992e-090b-4f78-a3a8-4ec91bfc116b" testId="0885c1dc-f384-fc32-a7bb-77246dd68117" testName="ExecuteAsync_WorkspaceNotFound_ReturnsError" computerName="PPITM80-M0317" duration="00:00:00.0029940" startTime="2025-09-07T07:41:22.0289925-05:00" endTime="2025-09-07T07:41:22.0319856-05:00" testType="13cdc9d9-ddb5-4fa4-a97d-d965ccfc6d4b" outcome="Passed" testListId="8c84fa94-04c1-424b-9868-57a2d4851a1d" relativeResultsDirectory="4f23992e-090b-4f78-a3a8-4ec91bfc116b" />
    <UnitTestResult executionId="49bc0108-ae60-46c3-b3ad-87c2846a5822" testId="e9863060-8236-3957-3f02-267d82bbb4bb" testName="ExecuteAsync_Should_Use_Adaptive_Response_Mode_By_Default" computerName="PPITM80-M0317" duration="00:00:00.0038030" startTime="2025-09-07T07:41:22.4881436-05:00" endTime="2025-09-07T07:41:22.4919459-05:00" testType="13cdc9d9-ddb5-4fa4-a97d-d965ccfc6d4b" outcome="Passed" testListId="8c84fa94-04c1-424b-9868-57a2d4851a1d" relativeResultsDirectory="49bc0108-ae60-46c3-b3ad-87c2846a5822" />
    <UnitTestResult executionId="1e33787d-a4fa-4e65-9fa8-e5212516cd72" testId="8c8ea10f-836e-2969-cff2-cf17dcfad09d" testName="ExecuteAsync_ValidSymbolName_ReturnsSymbolResults" computerName="PPITM80-M0317" duration="00:00:00.0050460" startTime="2025-09-07T07:41:22.4420106-05:00" endTime="2025-09-07T07:41:22.4470564-05:00" testType="13cdc9d9-ddb5-4fa4-a97d-d965ccfc6d4b" outcome="Passed" testListId="8c84fa94-04c1-424b-9868-57a2d4851a1d" relativeResultsDirectory="1e33787d-a4fa-4e65-9fa8-e5212516cd72" />
    <UnitTestResult executionId="86a5d80c-79ce-4abc-9202-faf296f01c25" testId="a12f6951-769b-7989-1daa-0c854ad89e29" testName="NullableArgument_CollectionOperations_SafeParameterPassing" computerName="PPITM80-M0317" duration="00:00:00.0004020" startTime="2025-09-07T07:41:20.6076779-05:00" endTime="2025-09-07T07:41:20.6080792-05:00" testType="13cdc9d9-ddb5-4fa4-a97d-d965ccfc6d4b" outcome="Passed" testListId="8c84fa94-04c1-424b-9868-57a2d4851a1d" relativeResultsDirectory="86a5d80c-79ce-4abc-9202-faf296f01c25" />
    <UnitTestResult executionId="0cc1fc1e-2211-4784-92e8-d8758924b8fe" testId="332249a2-2736-2c50-b836-0d2a658a6444" testName="BuildValidation_SpecificWarningTypes_NotPresent" computerName="PPITM80-M0317" duration="00:00:01.3922630" startTime="2025-09-07T07:41:16.2586232-05:00" endTime="2025-09-07T07:41:17.6508621-05:00" testType="13cdc9d9-ddb5-4fa4-a97d-d965ccfc6d4b" outcome="Passed" testListId="8c84fa94-04c1-424b-9868-57a2d4851a1d" relativeResultsDirectory="0cc1fc1e-2211-4784-92e8-d8758924b8fe">
      <Output>
        <StdOut>No problematic warning types detected in build output.</StdOut>
      </Output>
    </UnitTestResult>
    <UnitTestResult executionId="c28ab6fa-e247-47d7-ac23-98c0458ad749" testId="c6546776-bd84-4ce0-098d-51bfe2316ad8" testName="CalculateConfidence_WithExactWordMatchCaseInsensitive_ShouldReturnHighConfidence" computerName="PPITM80-M0317" duration="00:00:00.0171879" startTime="2025-09-07T07:41:20.8915560-05:00" endTime="2025-09-07T07:41:20.9087422-05:00" testType="13cdc9d9-ddb5-4fa4-a97d-d965ccfc6d4b" outcome="Passed" testListId="8c84fa94-04c1-424b-9868-57a2d4851a1d" relativeResultsDirectory="c28ab6fa-e247-47d7-ac23-98c0458ad749" />
    <UnitTestResult executionId="49d186b9-31d3-4257-9f35-0364ae9c43d5" testId="30d51d7b-593c-8954-727d-42d42ac93e2d" testName="EnumerateFiles_Should_Filter_By_Pattern" computerName="PPITM80-M0317" duration="00:00:00.0039190" startTime="2025-09-07T07:41:21.4129964-05:00" endTime="2025-09-07T07:41:21.4169147-05:00" testType="13cdc9d9-ddb5-4fa4-a97d-d965ccfc6d4b" outcome="Passed" testListId="8c84fa94-04c1-424b-9868-57a2d4851a1d" relativeResultsDirectory="49d186b9-31d3-4257-9f35-0364ae9c43d5" />
    <UnitTestResult executionId="6d06f40a-9e09-43d3-a9cd-77ff8da2a4df" testId="fea87784-1f99-5827-a113-124955d284fa" testName="ExecuteAsync_NonExistentFile_ReturnsError" computerName="PPITM80-M0317" duration="00:00:00.0028660" startTime="2025-09-07T07:41:21.5776815-05:00" endTime="2025-09-07T07:41:21.5805470-05:00" testType="13cdc9d9-ddb5-4fa4-a97d-d965ccfc6d4b" outcome="Passed" testListId="8c84fa94-04c1-424b-9868-57a2d4851a1d" relativeResultsDirectory="6d06f40a-9e09-43d3-a9cd-77ff8da2a4df" />
    <UnitTestResult executionId="91adcd0e-8e0a-4408-851a-107ff7566217" testId="7e268be7-07e0-df66-4f5a-188c961085a4" testName="ExecuteAsync_InvalidStartLine_ReturnsError" computerName="PPITM80-M0317" duration="00:00:00.0030380" startTime="2025-09-07T07:41:21.5708193-05:00" endTime="2025-09-07T07:41:21.5738571-05:00" testType="13cdc9d9-ddb5-4fa4-a97d-d965ccfc6d4b" outcome="Passed" testListId="8c84fa94-04c1-424b-9868-57a2d4851a1d" relativeResultsDirectory="91adcd0e-8e0a-4408-851a-107ff7566217" />
    <UnitTestResult executionId="298db441-edef-4603-ad01-74d209ec244a" testId="24f2e201-f85f-9eb7-f5d2-36095b3f4e2f" testName="ExecuteAsync_SingleLine_DeletesCorrectLine" computerName="PPITM80-M0317" duration="00:00:00.0037850" startTime="2025-09-07T07:41:21.5805606-05:00" endTime="2025-09-07T07:41:21.5843455-05:00" testType="13cdc9d9-ddb5-4fa4-a97d-d965ccfc6d4b" outcome="Passed" testListId="8c84fa94-04c1-424b-9868-57a2d4851a1d" relativeResultsDirectory="298db441-edef-4603-ad01-74d209ec244a" />
    <UnitTestResult executionId="1781b011-ea35-4f14-8168-7731702e7a22" testId="c491b78e-5e66-36f0-be47-7ad42f7f11f7" testName="Tool_Should_Have_Correct_Metadata" computerName="PPITM80-M0317" duration="00:00:00.0014660" startTime="2025-09-07T07:41:21.9377724-05:00" endTime="2025-09-07T07:41:21.9392378-05:00" testType="13cdc9d9-ddb5-4fa4-a97d-d965ccfc6d4b" outcome="Passed" testListId="8c84fa94-04c1-424b-9868-57a2d4851a1d" relativeResultsDirectory="1781b011-ea35-4f14-8168-7731702e7a22" />
    <UnitTestResult executionId="479416d6-c951-4b04-9db2-6f8ad7c0e11b" testId="0ac8f794-11d5-db31-dc90-4316cb0722db" testName="ExecuteAsync_EmptySymbolName_ReturnsError" computerName="PPITM80-M0317" duration="00:00:00.0040879" startTime="2025-09-07T07:41:21.8409998-05:00" endTime="2025-09-07T07:41:21.8450869-05:00" testType="13cdc9d9-ddb5-4fa4-a97d-d965ccfc6d4b" outcome="Passed" testListId="8c84fa94-04c1-424b-9868-57a2d4851a1d" relativeResultsDirectory="479416d6-c951-4b04-9db2-6f8ad7c0e11b" />
    <UnitTestResult executionId="6f0a30e3-e634-412d-af76-d6c7778f2749" testId="8b155b4d-a580-439b-a45e-2bdf45aad182" testName="CalculateConfidence_RealWorldScenario_MultipleQueries" computerName="PPITM80-M0317" duration="00:00:00.0373670" startTime="2025-09-07T07:41:20.6969943-05:00" endTime="2025-09-07T07:41:20.7343596-05:00" testType="13cdc9d9-ddb5-4fa4-a97d-d965ccfc6d4b" outcome="Passed" testListId="8c84fa94-04c1-424b-9868-57a2d4851a1d" relativeResultsDirectory="6f0a30e3-e634-412d-af76-d6c7778f2749" />
    <UnitTestResult executionId="1b371fce-57f5-42f4-ad67-a2e22d7fa4c0" testId="de647e1e-4bc0-49d6-887d-65ed4daad473" testName="SplitLines_ConsistentEmptyLineHandling_ReturnsConsistentResults" computerName="PPITM80-M0317" duration="00:00:00.0022920" startTime="2025-09-07T07:41:21.3449863-05:00" endTime="2025-09-07T07:41:21.3472780-05:00" testType="13cdc9d9-ddb5-4fa4-a97d-d965ccfc6d4b" outcome="Passed" testListId="8c84fa94-04c1-424b-9868-57a2d4851a1d" relativeResultsDirectory="1b371fce-57f5-42f4-ad67-a2e22d7fa4c0" />
    <UnitTestResult executionId="e95b5bbc-b58d-45ce-94fd-15272693d1bb" testId="54d8571e-6a01-ce32-d565-e72d698f01a3" testName="ExecuteAsync_EncodingPreservation_MaintainsOriginalEncoding" computerName="PPITM80-M0317" duration="00:00:00.0062080" startTime="2025-09-07T07:41:21.9567752-05:00" endTime="2025-09-07T07:41:21.9629830-05:00" testType="13cdc9d9-ddb5-4fa4-a97d-d965ccfc6d4b" outcome="Passed" testListId="8c84fa94-04c1-424b-9868-57a2d4851a1d" relativeResultsDirectory="e95b5bbc-b58d-45ce-94fd-15272693d1bb" />
    <UnitTestResult executionId="b0ac9c43-8d75-4d9e-aa3b-a95e67df2835" testId="21b53016-2dd4-875f-1a22-977b3ac956fe" testName="CalculateConfidence_WithWhitespaceQuery_ShouldReturnZero" computerName="PPITM80-M0317" duration="00:00:00.0006990" startTime="2025-09-07T07:41:21.2499087-05:00" endTime="2025-09-07T07:41:21.2506071-05:00" testType="13cdc9d9-ddb5-4fa4-a97d-d965ccfc6d4b" outcome="Passed" testListId="8c84fa94-04c1-424b-9868-57a2d4851a1d" relativeResultsDirectory="b0ac9c43-8d75-4d9e-aa3b-a95e67df2835" />
    <UnitTestResult executionId="af6fa9cb-084d-4c4c-9c19-a9a7ccc32364" testId="101fcbac-e23e-6f19-a8b9-dced6321cc05" testName="ExecuteAsync_WithoutIndentationPreservation_NoIndentation" computerName="PPITM80-M0317" duration="00:00:00.0038160" startTime="2025-09-07T07:41:22.2111355-05:00" endTime="2025-09-07T07:41:22.2149512-05:00" testType="13cdc9d9-ddb5-4fa4-a97d-d965ccfc6d4b" outcome="Passed" testListId="8c84fa94-04c1-424b-9868-57a2d4851a1d" relativeResultsDirectory="af6fa9cb-084d-4c4c-9c19-a9a7ccc32364" />
    <UnitTestResult executionId="5198e119-4c05-4885-a24d-1c7e2bda81e7" testId="a1ff12d7-a827-39d6-04e6-2bfdba90bc71" testName="ExecuteAsync_LineRange_DeletesCorrectRange" computerName="PPITM80-M0317" duration="00:00:00.0037980" startTime="2025-09-07T07:41:21.5738701-05:00" endTime="2025-09-07T07:41:21.5776677-05:00" testType="13cdc9d9-ddb5-4fa4-a97d-d965ccfc6d4b" outcome="Passed" testListId="8c84fa94-04c1-424b-9868-57a2d4851a1d" relativeResultsDirectory="5198e119-4c05-4885-a24d-1c7e2bda81e7" />
    <UnitTestResult executionId="addebf73-7852-4a5d-8291-7dd3854e0484" testId="b77d6b3b-d007-061b-469a-caff9e8bb15d" testName="EnumerateDirectories_Should_Handle_Invalid_Directory" computerName="PPITM80-M0317" duration="00:00:00.0014450" startTime="2025-09-07T07:41:21.4088485-05:00" endTime="2025-09-07T07:41:21.4102934-05:00" testType="13cdc9d9-ddb5-4fa4-a97d-d965ccfc6d4b" outcome="Passed" testListId="8c84fa94-04c1-424b-9868-57a2d4851a1d" relativeResultsDirectory="addebf73-7852-4a5d-8291-7dd3854e0484" />
    <UnitTestResult executionId="b7f533a4-b71f-46a4-ae04-aa533e682565" testId="824d46d8-3bb8-ccc9-bd77-9559d8eb8b6f" testName="CalculateConfidence_WithPartialMatch_ShouldReturnLowConfidence" computerName="PPITM80-M0317" duration="00:00:00.0343660" startTime="2025-09-07T07:41:21.0133647-05:00" endTime="2025-09-07T07:41:21.0477298-05:00" testType="13cdc9d9-ddb5-4fa4-a97d-d965ccfc6d4b" outcome="Passed" testListId="8c84fa94-04c1-424b-9868-57a2d4851a1d" relativeResultsDirectory="b7f533a4-b71f-46a4-ae04-aa533e682565" />
    <UnitTestResult executionId="fab01a03-9df0-4264-bcc8-5c00b04bf0a0" testId="22a3245c-8cb4-74c9-db31-ee1f39e8557d" testName="ExecuteAsync_ReplaceLineRange_ReplacesCorrectRange" computerName="PPITM80-M0317" duration="00:00:00.0045100" startTime="2025-09-07T07:41:22.1851478-05:00" endTime="2025-09-07T07:41:22.1896571-05:00" testType="13cdc9d9-ddb5-4fa4-a97d-d965ccfc6d4b" outcome="Passed" testListId="8c84fa94-04c1-424b-9868-57a2d4851a1d" relativeResultsDirectory="fab01a03-9df0-4264-bcc8-5c00b04bf0a0" />
    <UnitTestResult executionId="725acd56-1a53-4f6b-8d57-82202d706ec6" testId="e5ec02cd-e55d-3c73-d8b6-50965793b334" testName="ToolProperties_HaveCorrectValues" computerName="PPITM80-M0317" duration="00:00:00.0014470" startTime="2025-09-07T07:41:21.5275680-05:00" endTime="2025-09-07T07:41:21.5290142-05:00" testType="13cdc9d9-ddb5-4fa4-a97d-d965ccfc6d4b" outcome="Failed" testListId="8c84fa94-04c1-424b-9868-57a2d4851a1d" relativeResultsDirectory="725acd56-1a53-4f6b-8d57-82202d706ec6">
      <Output>
        <ErrorInfo>
          <Message>System.ArgumentException : Can not instantiate proxy of class: COA.CodeSearch.McpServer.Tools.TextSearchTool.&#xD;
Could not find a constructor that would match given arguments:&#xD;
Microsoft.Extensions.DependencyInjection.ServiceProvider&#xD;
Castle.Proxies.ILuceneIndexServiceProxy&#xD;
Castle.Proxies.IResponseCacheServiceProxy&#xD;
Castle.Proxies.IResourceStorageServiceProxy&#xD;
Castle.Proxies.ICacheKeyGeneratorProxy&#xD;
COA.CodeSearch.McpServer.Services.QueryPreprocessor&#xD;
&lt;null&gt;&#xD;
Castle.Proxies.IProjectKnowledgeServiceProxy&#xD;
COA.CodeSearch.McpServer.Services.SmartDocumentationService&#xD;
Castle.Proxies.IVSCodeBridgeProxy&#xD;
COA.CodeSearch.McpServer.Services.SmartQueryPreprocessor&#xD;
Castle.Proxies.ILogger`1Proxy_1&#xD;
 (Parameter 'constructorArguments')&#xD;
  ----&gt; System.MissingMethodException : Constructor on type 'Castle.Proxies.TextSearchToolProxy' not found.</Message>
          <StackTrace>   at Castle.DynamicProxy.ProxyGenerator.CreateClassProxyInstance(Type proxyType, List`1 proxyArguments, Type classToProxy, Object[] constructorArguments)&#xD;
   at Castle.DynamicProxy.ProxyGenerator.CreateClassProxy(Type classToProxy, Type[] additionalInterfacesToProxy, ProxyGenerationOptions options, Object[] constructorArguments, IInterceptor[] interceptors)&#xD;
   at Moq.CastleProxyFactory.CreateProxy(Type mockType, IInterceptor interceptor, Type[] interfaces, Object[] arguments) in /_/src/Moq/Interception/CastleProxyFactory.cs:line 62&#xD;
   at Moq.Mock`1.InitializeInstance() in /_/src/Moq/Mock`1.cs:line 309&#xD;
   at Moq.Mock`1.OnGetObject() in /_/src/Moq/Mock`1.cs:line 323&#xD;
   at Moq.Mock.get_Object() in /_/src/Moq/Mock.cs:line 181&#xD;
   at Moq.Mock`1.get_Object() in /_/src/Moq/Mock`1.cs:line 281&#xD;
   at COA.CodeSearch.McpServer.Tests.Tools.BatchOperationsToolTests.CreateTool() in C:\source\COA CodeSearch MCP\COA.CodeSearch.McpServer.Tests\Tools\BatchOperationsToolTests.cs:line 61&#xD;
   at COA.Mcp.Framework.Testing.Base.ToolTestBase`1.SetUp()&#xD;
   at InvokeStub_ToolTestBase`1.SetUp(Object, Object, IntPtr*)&#xD;
   at System.Reflection.MethodBaseInvoker.InvokeWithNoArgs(Object obj, BindingFlags invokeAttr)&#xD;
--MissingMethodException&#xD;
   at System.RuntimeType.CreateInstanceImpl(BindingFlags bindingAttr, Binder binder, Object[] args, CultureInfo culture)&#xD;
   at Castle.DynamicProxy.ProxyGenerator.CreateClassProxyInstance(Type proxyType, List`1 proxyArguments, Type classToProxy, Object[] constructorArguments)
</StackTrace>
        </ErrorInfo>
      </Output>
    </UnitTestResult>
    <UnitTestResult executionId="e5137aa4-47ba-4832-9d14-b0a7d5aa1f0c" testId="5a7358ad-0de1-e151-10c6-8a60449e3631" testName="ExecuteAsync_Should_Include_Directories_When_Requested" computerName="PPITM80-M0317" duration="00:00:00.0052020" startTime="2025-09-07T07:41:21.7503961-05:00" endTime="2025-09-07T07:41:21.7555978-05:00" testType="13cdc9d9-ddb5-4fa4-a97d-d965ccfc6d4b" outcome="Passed" testListId="8c84fa94-04c1-424b-9868-57a2d4851a1d" relativeResultsDirectory="e5137aa4-47ba-4832-9d14-b0a7d5aa1f0c" />
    <UnitTestResult executionId="36a4f693-3c21-49c6-93b7-f4e323e664a0" testId="eed83322-98cb-a81b-359f-d05a5291974b" testName="GetFileName_Should_Extract_File_Name" computerName="PPITM80-M0317" duration="00:00:00.0005310" startTime="2025-09-07T07:41:21.4263386-05:00" endTime="2025-09-07T07:41:21.4268698-05:00" testType="13cdc9d9-ddb5-4fa4-a97d-d965ccfc6d4b" outcome="Passed" testListId="8c84fa94-04c1-424b-9868-57a2d4851a1d" relativeResultsDirectory="36a4f693-3c21-49c6-93b7-f4e323e664a0" />
    <UnitTestResult executionId="6038e0cd-a70c-4576-aeef-8034a4fb5f97" testId="ce06ba38-12e2-bfe6-fb43-78086f861f86" testName="ExecuteAsync_DeleteLastLine_WorksCorrectly" computerName="PPITM80-M0317" duration="00:00:00.0041930" startTime="2025-09-07T07:41:21.5630394-05:00" endTime="2025-09-07T07:41:21.5672323-05:00" testType="13cdc9d9-ddb5-4fa4-a97d-d965ccfc6d4b" outcome="Passed" testListId="8c84fa94-04c1-424b-9868-57a2d4851a1d" relativeResultsDirectory="6038e0cd-a70c-4576-aeef-8034a4fb5f97" />
    <UnitTestResult executionId="0d2077ab-a895-482c-abd9-006d576690b2" testId="49321e41-8407-7aa4-45b1-515098c73901" testName="DirectoryExists_Should_Return_False_For_NonExistent_Directory" computerName="PPITM80-M0317" duration="00:00:00.0004929" startTime="2025-09-07T07:41:21.4016089-05:00" endTime="2025-09-07T07:41:21.4021019-05:00" testType="13cdc9d9-ddb5-4fa4-a97d-d965ccfc6d4b" outcome="Passed" testListId="8c84fa94-04c1-424b-9868-57a2d4851a1d" relativeResultsDirectory="0d2077ab-a895-482c-abd9-006d576690b2" />
    <UnitTestResult executionId="3ec7c383-adec-4774-bd0d-66a7e3be1ad2" testId="654ff909-4e27-8a9e-bc29-4be280a61f94" testName="WhenSearchingForClassName_TypeDefinitionShouldBeFirst" computerName="PPITM80-M0317" duration="00:00:00.0042440" startTime="2025-09-07T07:41:22.5379468-05:00" endTime="2025-09-07T07:41:22.5421904-05:00" testType="13cdc9d9-ddb5-4fa4-a97d-d965ccfc6d4b" outcome="Passed" testListId="8c84fa94-04c1-424b-9868-57a2d4851a1d" relativeResultsDirectory="3ec7c383-adec-4774-bd0d-66a7e3be1ad2" />
    <UnitTestResult executionId="4edccc47-2eaf-4e8b-9cd6-591ccad929a7" testId="bb3e078b-d385-fc3c-7d6f-238b06f1ba0d" testName="NullableCollections_SafeEnumeration_NoWarnings" computerName="PPITM80-M0317" duration="00:00:00.0003630" startTime="2025-09-07T07:41:21.4671125-05:00" endTime="2025-09-07T07:41:21.4674755-05:00" testType="13cdc9d9-ddb5-4fa4-a97d-d965ccfc6d4b" outcome="Passed" testListId="8c84fa94-04c1-424b-9868-57a2d4851a1d" relativeResultsDirectory="4edccc47-2eaf-4e8b-9cd6-591ccad929a7" />
    <UnitTestResult executionId="991e7a8e-64c5-4f73-84d6-ef117d6a6dbe" testId="a48bd2c4-ea8f-7724-f717-7c2e5483260c" testName="CalculateConfidence_WithExactFileNameMatch_ShouldHaveBonus" computerName="PPITM80-M0317" duration="00:00:00.0068760" startTime="2025-09-07T07:41:20.8679928-05:00" endTime="2025-09-07T07:41:20.8748681-05:00" testType="13cdc9d9-ddb5-4fa4-a97d-d965ccfc6d4b" outcome="Passed" testListId="8c84fa94-04c1-424b-9868-57a2d4851a1d" relativeResultsDirectory="991e7a8e-64c5-4f73-84d6-ef117d6a6dbe" />
    <UnitTestResult executionId="356b1239-6211-46fa-883b-ced15d81eb4a" testId="ffe22006-d59e-d5b9-594d-2f2c99f21f4e" testName="CalculateConfidence_WithEnumDefinition_ShouldReturnHighConfidence" computerName="PPITM80-M0317" duration="00:00:00.0046480" startTime="2025-09-07T07:41:20.8633207-05:00" endTime="2025-09-07T07:41:20.8679683-05:00" testType="13cdc9d9-ddb5-4fa4-a97d-d965ccfc6d4b" outcome="Passed" testListId="8c84fa94-04c1-424b-9868-57a2d4851a1d" relativeResultsDirectory="356b1239-6211-46fa-883b-ced15d81eb4a" />
    <UnitTestResult executionId="0cf8c080-d050-4ab7-bbba-c46969703ceb" testId="ac5955ae-3076-629b-8575-02aacdfe5d01" testName="Category_ShouldBeQuery" computerName="PPITM80-M0317" duration="00:00:00.0072030" startTime="2025-09-07T07:41:22.0033437-05:00" endTime="2025-09-07T07:41:22.0105468-05:00" testType="13cdc9d9-ddb5-4fa4-a97d-d965ccfc6d4b" outcome="Passed" testListId="8c84fa94-04c1-424b-9868-57a2d4851a1d" relativeResultsDirectory="0cf8c080-d050-4ab7-bbba-c46969703ceb" />
    <UnitTestResult executionId="c9015c46-d66c-4073-8187-73a3608cfcba" testId="c92a5998-3d01-3c96-05bc-87d2f0b7510a" testName="CalculateConfidence_RealWorldScenario_ClassDefinitionInCorrectFile" computerName="PPITM80-M0317" duration="00:00:00.0159200" startTime="2025-09-07T07:41:20.6104388-05:00" endTime="2025-09-07T07:41:20.6263581-05:00" testType="13cdc9d9-ddb5-4fa4-a97d-d965ccfc6d4b" outcome="Passed" testListId="8c84fa94-04c1-424b-9868-57a2d4851a1d" relativeResultsDirectory="c9015c46-d66c-4073-8187-73a3608cfcba" />
    <UnitTestResult executionId="9db163b3-a8ef-4989-9374-ec25eed5d420" testId="a7717790-3d51-7752-0b58-bdf55d681a24" testName="CalculateConfidence_WithXmlDocComment_ShouldHavePenalty" computerName="PPITM80-M0317" duration="00:00:00.0341790" startTime="2025-09-07T07:41:21.2578819-05:00" endTime="2025-09-07T07:41:21.2920590-05:00" testType="13cdc9d9-ddb5-4fa4-a97d-d965ccfc6d4b" outcome="Passed" testListId="8c84fa94-04c1-424b-9868-57a2d4851a1d" relativeResultsDirectory="9db163b3-a8ef-4989-9374-ec25eed5d420" />
    <UnitTestResult executionId="9e6397a5-b991-4521-ace6-da85a417b535" testId="9796d5e0-1095-4ab6-88f8-3d8e2a604d5b" testName="NullableDereference_DictionaryValues_SafeAccess" computerName="PPITM80-M0317" duration="00:00:00.0008260" startTime="2025-09-07T07:41:20.6088596-05:00" endTime="2025-09-07T07:41:20.6096856-05:00" testType="13cdc9d9-ddb5-4fa4-a97d-d965ccfc6d4b" outcome="Passed" testListId="8c84fa94-04c1-424b-9868-57a2d4851a1d" relativeResultsDirectory="9e6397a5-b991-4521-ace6-da85a417b535" />
    <UnitTestResult executionId="7ba00769-cec5-4c3f-b4a9-9c6e5da3701f" testId="4cfc9d4d-2caa-d5be-2f93-cbcca2518011" testName="ExecuteAsync_NoIndexExists_ReturnsError" computerName="PPITM80-M0317" duration="00:00:00.0030959" startTime="2025-09-07T07:41:22.2934976-05:00" endTime="2025-09-07T07:41:22.2965937-05:00" testType="13cdc9d9-ddb5-4fa4-a97d-d965ccfc6d4b" outcome="Passed" testListId="8c84fa94-04c1-424b-9868-57a2d4851a1d" relativeResultsDirectory="7ba00769-cec5-4c3f-b4a9-9c6e5da3701f" />
    <UnitTestResult executionId="898e8a8c-f3db-4dfc-922c-317c7962c846" testId="9b0c71cb-b156-596b-3243-55ebe09ed2b6" testName="ExecuteAsync_InvalidJson_ReturnsError" computerName="PPITM80-M0317" duration="00:00:00.0015450" startTime="2025-09-07T07:41:21.5260085-05:00" endTime="2025-09-07T07:41:21.5275530-05:00" testType="13cdc9d9-ddb5-4fa4-a97d-d965ccfc6d4b" outcome="Failed" testListId="8c84fa94-04c1-424b-9868-57a2d4851a1d" relativeResultsDirectory="898e8a8c-f3db-4dfc-922c-317c7962c846">
      <Output>
        <ErrorInfo>
          <Message>System.ArgumentException : Can not instantiate proxy of class: COA.CodeSearch.McpServer.Tools.TextSearchTool.&#xD;
Could not find a constructor that would match given arguments:&#xD;
Microsoft.Extensions.DependencyInjection.ServiceProvider&#xD;
Castle.Proxies.ILuceneIndexServiceProxy&#xD;
Castle.Proxies.IResponseCacheServiceProxy&#xD;
Castle.Proxies.IResourceStorageServiceProxy&#xD;
Castle.Proxies.ICacheKeyGeneratorProxy&#xD;
COA.CodeSearch.McpServer.Services.QueryPreprocessor&#xD;
&lt;null&gt;&#xD;
Castle.Proxies.IProjectKnowledgeServiceProxy&#xD;
COA.CodeSearch.McpServer.Services.SmartDocumentationService&#xD;
Castle.Proxies.IVSCodeBridgeProxy&#xD;
COA.CodeSearch.McpServer.Services.SmartQueryPreprocessor&#xD;
Castle.Proxies.ILogger`1Proxy_1&#xD;
 (Parameter 'constructorArguments')&#xD;
  ----&gt; System.MissingMethodException : Constructor on type 'Castle.Proxies.TextSearchToolProxy' not found.</Message>
          <StackTrace>   at Castle.DynamicProxy.ProxyGenerator.CreateClassProxyInstance(Type proxyType, List`1 proxyArguments, Type classToProxy, Object[] constructorArguments)&#xD;
   at Castle.DynamicProxy.ProxyGenerator.CreateClassProxy(Type classToProxy, Type[] additionalInterfacesToProxy, ProxyGenerationOptions options, Object[] constructorArguments, IInterceptor[] interceptors)&#xD;
   at Moq.CastleProxyFactory.CreateProxy(Type mockType, IInterceptor interceptor, Type[] interfaces, Object[] arguments) in /_/src/Moq/Interception/CastleProxyFactory.cs:line 62&#xD;
   at Moq.Mock`1.InitializeInstance() in /_/src/Moq/Mock`1.cs:line 309&#xD;
   at Moq.Mock`1.OnGetObject() in /_/src/Moq/Mock`1.cs:line 323&#xD;
   at Moq.Mock.get_Object() in /_/src/Moq/Mock.cs:line 181&#xD;
   at Moq.Mock`1.get_Object() in /_/src/Moq/Mock`1.cs:line 281&#xD;
   at COA.CodeSearch.McpServer.Tests.Tools.BatchOperationsToolTests.CreateTool() in C:\source\COA CodeSearch MCP\COA.CodeSearch.McpServer.Tests\Tools\BatchOperationsToolTests.cs:line 61&#xD;
   at COA.Mcp.Framework.Testing.Base.ToolTestBase`1.SetUp()&#xD;
   at InvokeStub_ToolTestBase`1.SetUp(Object, Object, IntPtr*)&#xD;
   at System.Reflection.MethodBaseInvoker.InvokeWithNoArgs(Object obj, BindingFlags invokeAttr)&#xD;
--MissingMethodException&#xD;
   at System.RuntimeType.CreateInstanceImpl(BindingFlags bindingAttr, Binder binder, Object[] args, CultureInfo culture)&#xD;
   at Castle.DynamicProxy.ProxyGenerator.CreateClassProxyInstance(Type proxyType, List`1 proxyArguments, Type classToProxy, Object[] constructorArguments)
</StackTrace>
        </ErrorInfo>
      </Output>
    </UnitTestResult>
    <UnitTestResult executionId="8e5a2513-98ea-4d72-b400-1539bba37b0f" testId="018ebbcd-6355-0126-db30-75204f88f30c" testName="ExtractIndentation_VariousWhitespace_ExtractsCorrectly" computerName="PPITM80-M0317" duration="00:00:00.0026580" startTime="2025-09-07T07:41:21.3177208-05:00" endTime="2025-09-07T07:41:21.3203788-05:00" testType="13cdc9d9-ddb5-4fa4-a97d-d965ccfc6d4b" outcome="Passed" testListId="8c84fa94-04c1-424b-9868-57a2d4851a1d" relativeResultsDirectory="8e5a2513-98ea-4d72-b400-1539bba37b0f" />
    <UnitTestResult executionId="48ef5aa8-401e-40b5-b6e1-8ee5155659dc" testId="bf98c7cb-9b7f-3ebb-41db-4438a45e9b06" testName="CalculateConfidence_WithMethodDefinition_ShouldReturnHighConfidence" computerName="PPITM80-M0317" duration="00:00:00.0074910" startTime="2025-09-07T07:41:20.9206359-05:00" endTime="2025-09-07T07:41:20.9281262-05:00" testType="13cdc9d9-ddb5-4fa4-a97d-d965ccfc6d4b" outcome="Passed" testListId="8c84fa94-04c1-424b-9868-57a2d4851a1d" relativeResultsDirectory="48ef5aa8-401e-40b5-b6e1-8ee5155659dc" />
    <UnitTestResult executionId="a3e4cf88-56f7-4155-82ef-25028105f0a7" testId="a67e9eb8-8d1f-a396-1bbd-d09fa3036a2b" testName="NullableArgument_MethodCalls_SafeParameterPassing" computerName="PPITM80-M0317" duration="00:00:00.0007420" startTime="2025-09-07T07:41:20.6080947-05:00" endTime="2025-09-07T07:41:20.6088363-05:00" testType="13cdc9d9-ddb5-4fa4-a97d-d965ccfc6d4b" outcome="Passed" testListId="8c84fa94-04c1-424b-9868-57a2d4851a1d" relativeResultsDirectory="a3e4cf88-56f7-4155-82ef-25028105f0a7" />
    <UnitTestResult executionId="4e00b377-cd93-49c1-bd66-ceb4f86472c7" testId="3d3e396c-0afe-9f78-4e51-2d818dd14e00" testName="ExecuteAsync_StartLineBeyondFile_ReturnsError" computerName="PPITM80-M0317" duration="00:00:00.0032630" startTime="2025-09-07T07:41:22.2038176-05:00" endTime="2025-09-07T07:41:22.2070800-05:00" testType="13cdc9d9-ddb5-4fa4-a97d-d965ccfc6d4b" outcome="Passed" testListId="8c84fa94-04c1-424b-9868-57a2d4851a1d" relativeResultsDirectory="4e00b377-cd93-49c1-bd66-ceb4f86472c7" />
    <UnitTestResult executionId="00d9c62e-fa02-4b7f-be35-a6a84d4b6a30" testId="0f757c72-1179-de8d-a9b4-a8095c376440" testName="ExecuteAsync_Should_Handle_Unexpected_Exceptions" computerName="PPITM80-M0317" duration="00:00:00.0024630" startTime="2025-09-07T07:41:21.9052743-05:00" endTime="2025-09-07T07:41:21.9077376-05:00" testType="13cdc9d9-ddb5-4fa4-a97d-d965ccfc6d4b" outcome="Passed" testListId="8c84fa94-04c1-424b-9868-57a2d4851a1d" relativeResultsDirectory="00d9c62e-fa02-4b7f-be35-a6a84d4b6a30" />
    <UnitTestResult executionId="4addf9e5-c31b-4574-a130-8dec352296df" testId="fa93fffd-8efb-880f-fee3-4653ea6df719" testName="CalculateConfidence_ShouldRoundToTwoDecimalPlaces" computerName="PPITM80-M0317" duration="00:00:00.0068010" startTime="2025-09-07T07:41:20.7787414-05:00" endTime="2025-09-07T07:41:20.7855411-05:00" testType="13cdc9d9-ddb5-4fa4-a97d-d965ccfc6d4b" outcome="Passed" testListId="8c84fa94-04c1-424b-9868-57a2d4851a1d" relativeResultsDirectory="4addf9e5-c31b-4574-a130-8dec352296df" />
    <UnitTestResult executionId="7d2b5147-aaf9-4042-9b9b-769cf236ee20" testId="82ad39dc-0184-3b21-9add-a730ae927107" testName="ExecuteAsync_Should_Store_Metadata_Even_When_Reindexing" computerName="PPITM80-M0317" duration="00:00:00.0030750" startTime="2025-09-07T07:41:21.9227690-05:00" endTime="2025-09-07T07:41:21.9258434-05:00" testType="13cdc9d9-ddb5-4fa4-a97d-d965ccfc6d4b" outcome="Passed" testListId="8c84fa94-04c1-424b-9868-57a2d4851a1d" relativeResultsDirectory="7d2b5147-aaf9-4042-9b9b-769cf236ee20" />
    <UnitTestResult executionId="c95c6350-a48e-4354-b478-8c716a7dcf95" testId="326eb41d-b5f5-53f1-0d6f-0f5d466bccc1" testName="Constructor_ShouldInitializeRegexPatternsCorrectly" computerName="PPITM80-M0317" duration="00:00:00.0223240" startTime="2025-09-07T07:41:21.2920986-05:00" endTime="2025-09-07T07:41:21.3144219-05:00" testType="13cdc9d9-ddb5-4fa4-a97d-d965ccfc6d4b" outcome="Passed" testListId="8c84fa94-04c1-424b-9868-57a2d4851a1d" relativeResultsDirectory="c95c6350-a48e-4354-b478-8c716a7dcf95" />
    <UnitTestResult executionId="e73acf57-7cc8-49a1-b01a-af8203f5459d" testId="53c196cc-1dd5-931b-3fad-178da16e285a" testName="NullableString_SafeOperations_NoWarnings" computerName="PPITM80-M0317" duration="00:00:00.0005999" startTime="2025-09-07T07:41:21.4684072-05:00" endTime="2025-09-07T07:41:21.4690070-05:00" testType="13cdc9d9-ddb5-4fa4-a97d-d965ccfc6d4b" outcome="Passed" testListId="8c84fa94-04c1-424b-9868-57a2d4851a1d" relativeResultsDirectory="e73acf57-7cc8-49a1-b01a-af8203f5459d" />
    <UnitTestResult executionId="8d2f13da-14f3-41b4-8bd4-23ab548d7328" testId="affcaea5-fc17-1749-de40-678d162823fe" testName="Tool_Should_Have_Correct_Metadata" computerName="PPITM80-M0317" duration="00:00:00.0018680" startTime="2025-09-07T07:41:22.5316628-05:00" endTime="2025-09-07T07:41:22.5335311-05:00" testType="13cdc9d9-ddb5-4fa4-a97d-d965ccfc6d4b" outcome="Passed" testListId="8c84fa94-04c1-424b-9868-57a2d4851a1d" relativeResultsDirectory="8d2f13da-14f3-41b4-8bd4-23ab548d7328" />
    <UnitTestResult executionId="3962f3c9-b0f7-410b-bbfc-c7e77aa04a58" testId="aac13105-6bba-4068-36af-e95ad7b826ba" testName="CalculateConfidence_WithInterfaceDefinition_ShouldReturnHighConfidence" computerName="PPITM80-M0317" duration="00:00:00.0048710" startTime="2025-09-07T07:41:20.9157469-05:00" endTime="2025-09-07T07:41:20.9206173-05:00" testType="13cdc9d9-ddb5-4fa4-a97d-d965ccfc6d4b" outcome="Passed" testListId="8c84fa94-04c1-424b-9868-57a2d4851a1d" relativeResultsDirectory="3962f3c9-b0f7-410b-bbfc-c7e77aa04a58" />
    <UnitTestResult executionId="e8466164-8571-4e15-8fb6-29b0ada26728" testId="e1dc1fb8-c131-bfac-35bb-827b770d4634" testName="ExecuteAsync_Should_Skip_Cache_When_NoCache_Is_True" computerName="PPITM80-M0317" duration="00:00:00.0050080" startTime="2025-09-07T07:41:22.0818138-05:00" endTime="2025-09-07T07:41:22.0868201-05:00" testType="13cdc9d9-ddb5-4fa4-a97d-d965ccfc6d4b" outcome="Passed" testListId="8c84fa94-04c1-424b-9868-57a2d4851a1d" relativeResultsDirectory="e8466164-8571-4e15-8fb6-29b0ada26728" />
    <UnitTestResult executionId="b032dff6-2aea-4e55-bb3c-64764483c490" testId="e830c9a2-0b7d-76d9-0434-a7ec37a581fc" testName="Tool_Should_Have_Correct_Metadata" computerName="PPITM80-M0317" duration="00:00:00.0070490" startTime="2025-09-07T07:41:22.0976865-05:00" endTime="2025-09-07T07:41:22.1047351-05:00" testType="13cdc9d9-ddb5-4fa4-a97d-d965ccfc6d4b" outcome="Passed" testListId="8c84fa94-04c1-424b-9868-57a2d4851a1d" relativeResultsDirectory="b032dff6-2aea-4e55-bb3c-64764483c490" />
    <UnitTestResult executionId="02c191a8-f661-40a4-bc08-89de45353c70" testId="1977d3aa-09f7-de3d-61bc-5bfde8841759" testName="ExecuteAsync_NoReferencesFound_ReturnsEmptyResults" computerName="PPITM80-M0317" duration="00:00:00.0043720" startTime="2025-09-07T07:41:21.8285792-05:00" endTime="2025-09-07T07:41:21.8329512-05:00" testType="13cdc9d9-ddb5-4fa4-a97d-d965ccfc6d4b" outcome="Passed" testListId="8c84fa94-04c1-424b-9868-57a2d4851a1d" relativeResultsDirectory="02c191a8-f661-40a4-bc08-89de45353c70" />
    <UnitTestResult executionId="5807c446-985f-4d9c-b23a-06bb4e22db1c" testId="114fc7b6-e37e-0cd8-a271-1b0f6918971f" testName="Description_ShouldContainKeyFeatures" computerName="PPITM80-M0317" duration="00:00:00.0019210" startTime="2025-09-07T07:41:22.2193965-05:00" endTime="2025-09-07T07:41:22.2213178-05:00" testType="13cdc9d9-ddb5-4fa4-a97d-d965ccfc6d4b" outcome="Passed" testListId="8c84fa94-04c1-424b-9868-57a2d4851a1d" relativeResultsDirectory="5807c446-985f-4d9c-b23a-06bb4e22db1c" />
    <UnitTestResult executionId="39819fd6-38ac-40b0-8a04-234da2e8a9a6" testId="630e9802-3830-6ab7-b2a2-da3bc6b08053" testName="Should_Handle_Interface_Methods" computerName="PPITM80-M0317" duration="00:00:00.0006240" startTime="2025-09-07T07:41:21.4511845-05:00" endTime="2025-09-07T07:41:21.4518087-05:00" testType="13cdc9d9-ddb5-4fa4-a97d-d965ccfc6d4b" outcome="Passed" testListId="8c84fa94-04c1-424b-9868-57a2d4851a1d" relativeResultsDirectory="39819fd6-38ac-40b0-8a04-234da2e8a9a6" />
    <UnitTestResult executionId="2b3541da-72e5-45f7-8a1e-a7c249ad74d0" testId="5b966598-59eb-430e-ea26-6cec0c85e92f" testName="ExecuteAsync_Should_Sort_Files_By_Most_Recent_First" computerName="PPITM80-M0317" duration="00:00:00.0040100" startTime="2025-09-07T07:41:22.0868755-05:00" endTime="2025-09-07T07:41:22.0908851-05:00" testType="13cdc9d9-ddb5-4fa4-a97d-d965ccfc6d4b" outcome="Passed" testListId="8c84fa94-04c1-424b-9868-57a2d4851a1d" relativeResultsDirectory="2b3541da-72e5-45f7-8a1e-a7c249ad74d0" />
    <UnitTestResult executionId="d7f44e3c-26bf-4975-87e8-289fb54919ec" testId="09cea5f4-f732-1d4e-9bb2-954f155f4594" testName="ExecuteAsync_RegexPattern_HandlesRegex" computerName="PPITM80-M0317" duration="00:00:00.0092770" startTime="2025-09-07T07:41:22.2669720-05:00" endTime="2025-09-07T07:41:22.2762482-05:00" testType="13cdc9d9-ddb5-4fa4-a97d-d965ccfc6d4b" outcome="Passed" testListId="8c84fa94-04c1-424b-9868-57a2d4851a1d" relativeResultsDirectory="d7f44e3c-26bf-4975-87e8-289fb54919ec" />
    <UnitTestResult executionId="13d06000-2bfd-41d1-bc3b-4ceae8a68b4e" testId="d975f63f-5e92-66d2-a4f7-4775138e65da" testName="ExecuteAsync_Should_Return_Recent_Files_When_Found" computerName="PPITM80-M0317" duration="00:00:00.0039930" startTime="2025-09-07T07:41:22.0778038-05:00" endTime="2025-09-07T07:41:22.0817966-05:00" testType="13cdc9d9-ddb5-4fa4-a97d-d965ccfc6d4b" outcome="Passed" testListId="8c84fa94-04c1-424b-9868-57a2d4851a1d" relativeResultsDirectory="13d06000-2bfd-41d1-bc3b-4ceae8a68b4e" />
    <UnitTestResult executionId="274c1169-d109-420a-995d-6fe35fb1d09d" testId="72170669-1a4b-b64d-93c5-3d45ab3b701a" testName="NullableList_SafeOperations_NoWarnings" computerName="PPITM80-M0317" duration="00:00:00.0004190" startTime="2025-09-07T07:41:21.4679780-05:00" endTime="2025-09-07T07:41:21.4683974-05:00" testType="13cdc9d9-ddb5-4fa4-a97d-d965ccfc6d4b" outcome="Passed" testListId="8c84fa94-04c1-424b-9868-57a2d4851a1d" relativeResultsDirectory="274c1169-d109-420a-995d-6fe35fb1d09d" />
    <UnitTestResult executionId="4b9a934c-9fad-4810-840c-1eebd962ee27" testId="3ae00c58-bce0-aae6-6277-df331731bcb4" testName="ExecuteAsync_FilePatternFilter_RespectsFilter" computerName="PPITM80-M0317" duration="00:00:00.0033900" startTime="2025-09-07T07:41:22.2415401-05:00" endTime="2025-09-07T07:41:22.2449303-05:00" testType="13cdc9d9-ddb5-4fa4-a97d-d965ccfc6d4b" outcome="Passed" testListId="8c84fa94-04c1-424b-9868-57a2d4851a1d" relativeResultsDirectory="4b9a934c-9fad-4810-840c-1eebd962ee27" />
    <UnitTestResult executionId="5b2d83d5-68b9-49a4-a956-29b409b41051" testId="87f395f8-a8ed-890d-e556-dfd2cec00790" testName="GetExtension_Should_Extract_File_Extension" computerName="PPITM80-M0317" duration="00:00:00.0005360" startTime="2025-09-07T07:41:21.4253519-05:00" endTime="2025-09-07T07:41:21.4258875-05:00" testType="13cdc9d9-ddb5-4fa4-a97d-d965ccfc6d4b" outcome="Passed" testListId="8c84fa94-04c1-424b-9868-57a2d4851a1d" relativeResultsDirectory="5b2d83d5-68b9-49a4-a956-29b409b41051" />
    <UnitTestResult executionId="12a40b6e-d252-4e0a-b00b-dae21665ad56" testId="e6a08d27-4df8-86a9-296f-623999e304b6" testName="CalculateConfidence_WithClassDefinition_ShouldReturnHighConfidence" computerName="PPITM80-M0317" duration="00:00:00.0068460" startTime="2025-09-07T07:41:20.7855803-05:00" endTime="2025-09-07T07:41:20.7924255-05:00" testType="13cdc9d9-ddb5-4fa4-a97d-d965ccfc6d4b" outcome="Passed" testListId="8c84fa94-04c1-424b-9868-57a2d4851a1d" relativeResultsDirectory="12a40b6e-d252-4e0a-b00b-dae21665ad56" />
    <UnitTestResult executionId="60c21aca-08f2-4a52-aa6d-6da8e54bf8e5" testId="0d29fa0b-c2e9-f69d-31c9-d9b22d38e871" testName="GetBasePath_Should_Return_Consistent_Path" computerName="PPITM80-M0317" duration="00:00:00.0012979" startTime="2025-09-07T07:41:21.4234305-05:00" endTime="2025-09-07T07:41:21.4247287-05:00" testType="13cdc9d9-ddb5-4fa4-a97d-d965ccfc6d4b" outcome="Passed" testListId="8c84fa94-04c1-424b-9868-57a2d4851a1d" relativeResultsDirectory="60c21aca-08f2-4a52-aa6d-6da8e54bf8e5" />
    <UnitTestResult executionId="616f580d-8bb2-47a8-94e0-903c9cd0f9a5" testId="a90f6a83-4ab2-5198-0e57-89e320db99a6" testName="ComputeWorkspaceHash_Should_Generate_8_Character_Hash" computerName="PPITM80-M0317" duration="00:00:00.0020960" startTime="2025-09-07T07:41:21.3987677-05:00" endTime="2025-09-07T07:41:21.4008639-05:00" testType="13cdc9d9-ddb5-4fa4-a97d-d965ccfc6d4b" outcome="Passed" testListId="8c84fa94-04c1-424b-9868-57a2d4851a1d" relativeResultsDirectory="616f580d-8bb2-47a8-94e0-903c9cd0f9a5" />
    <UnitTestResult executionId="d45f240c-7dd2-437a-80e7-60f9a5eb097f" testId="4a87e8ad-04fb-a693-b697-a98f46f8aea8" testName="CalculateConfidence_WithExactWordMatch_ShouldReturnHighConfidence" computerName="PPITM80-M0317" duration="00:00:00.0166280" startTime="2025-09-07T07:41:20.8749101-05:00" endTime="2025-09-07T07:41:20.8915376-05:00" testType="13cdc9d9-ddb5-4fa4-a97d-d965ccfc6d4b" outcome="Passed" testListId="8c84fa94-04c1-424b-9868-57a2d4851a1d" relativeResultsDirectory="d45f240c-7dd2-437a-80e7-60f9a5eb097f" />
    <UnitTestResult executionId="8f471546-a3ee-48e3-81f0-011cc38ca305" testId="b9239865-81ea-25a3-e27a-8564f519f23d" testName="ExecuteAsync_Should_Return_Cached_Results_When_Available" computerName="PPITM80-M0317" duration="00:00:00.0029500" startTime="2025-09-07T07:41:22.4779526-05:00" endTime="2025-09-07T07:41:22.4809019-05:00" testType="13cdc9d9-ddb5-4fa4-a97d-d965ccfc6d4b" outcome="Passed" testListId="8c84fa94-04c1-424b-9868-57a2d4851a1d" relativeResultsDirectory="8f471546-a3ee-48e3-81f0-011cc38ca305" />
    <UnitTestResult executionId="0181ebac-6704-4e00-89da-85d544473656" testId="55b7a186-6ad6-9eb4-c4dc-5206eb7b0fe3" testName="TypeExtractionService_Should_Handle_Empty_Content" computerName="PPITM80-M0317" duration="00:00:00.0006280" startTime="2025-09-07T07:41:21.4519114-05:00" endTime="2025-09-07T07:41:21.4525388-05:00" testType="13cdc9d9-ddb5-4fa4-a97d-d965ccfc6d4b" outcome="Passed" testListId="8c84fa94-04c1-424b-9868-57a2d4851a1d" relativeResultsDirectory="0181ebac-6704-4e00-89da-85d544473656" />
    <UnitTestResult executionId="643c886d-1a9d-429d-987a-e424cfd7a5a8" testId="7a4bcd52-be30-bb94-f492-e2a0890765ce" testName="ExecuteAsync_ReplaceMultipleWithMultiple_ReplacesCorrectly" computerName="PPITM80-M0317" duration="00:00:00.0048430" startTime="2025-09-07T07:41:22.1896813-05:00" endTime="2025-09-07T07:41:22.1945235-05:00" testType="13cdc9d9-ddb5-4fa4-a97d-d965ccfc6d4b" outcome="Passed" testListId="8c84fa94-04c1-424b-9868-57a2d4851a1d" relativeResultsDirectory="643c886d-1a9d-429d-987a-e424cfd7a5a8" />
    <UnitTestResult executionId="6accf250-936e-41cc-88f5-9bdd71903a14" testId="a870daab-bd6c-368a-ec73-9dcd3316463b" testName="ExecuteAsync_Should_Include_Statistics_In_Response" computerName="PPITM80-M0317" duration="00:00:00.0035890" startTime="2025-09-07T07:41:21.9077557-05:00" endTime="2025-09-07T07:41:21.9113444-05:00" testType="13cdc9d9-ddb5-4fa4-a97d-d965ccfc6d4b" outcome="Passed" testListId="8c84fa94-04c1-424b-9868-57a2d4851a1d" relativeResultsDirectory="6accf250-936e-41cc-88f5-9bdd71903a14" />
    <UnitTestResult executionId="6c089993-e3e9-4977-9bc7-5304e31abca1" testId="8dfad606-9d2a-4a27-fd8d-4d2ee6f173aa" testName="Category_ShouldBeQuery" computerName="PPITM80-M0317" duration="00:00:00.0043010" startTime="2025-09-07T07:41:22.2150815-05:00" endTime="2025-09-07T07:41:22.2193822-05:00" testType="13cdc9d9-ddb5-4fa4-a97d-d965ccfc6d4b" outcome="Passed" testListId="8c84fa94-04c1-424b-9868-57a2d4851a1d" relativeResultsDirectory="6c089993-e3e9-4977-9bc7-5304e31abca1" />
    <UnitTestResult executionId="7461cd5c-0f2d-46b8-be92-16cea607799b" testId="14ab1410-34c7-ceec-2e9f-26dfa0408cb6" testName="ExecuteAsync_Should_Use_Existing_Index_When_Not_Force_Rebuild" computerName="PPITM80-M0317" duration="00:00:00.0033760" startTime="2025-09-07T07:41:21.9323199-05:00" endTime="2025-09-07T07:41:21.9356953-05:00" testType="13cdc9d9-ddb5-4fa4-a97d-d965ccfc6d4b" outcome="Passed" testListId="8c84fa94-04c1-424b-9868-57a2d4851a1d" relativeResultsDirectory="7461cd5c-0f2d-46b8-be92-16cea607799b" />
    <UnitTestResult executionId="fd15f769-9be6-4b48-976c-72eab3844750" testId="d9639a47-b934-e44a-f236-d0ccde0de455" testName="NonNullableField_ObjectInitialization_ProperInitialization" computerName="PPITM80-M0317" duration="00:00:00.0005860" startTime="2025-09-07T07:41:20.6065537-05:00" endTime="2025-09-07T07:41:20.6071398-05:00" testType="13cdc9d9-ddb5-4fa4-a97d-d965ccfc6d4b" outcome="Passed" testListId="8c84fa94-04c1-424b-9868-57a2d4851a1d" relativeResultsDirectory="fd15f769-9be6-4b48-976c-72eab3844750" />
    <UnitTestResult executionId="735a8084-ca64-44e6-9ba0-7f23fe2c16ed" testId="6d350cc0-3b63-9f42-1109-cf1df9afcb45" testName="Category_ReturnsQueryCategory" computerName="PPITM80-M0317" duration="00:00:00.0058210" startTime="2025-09-07T07:41:22.2814362-05:00" endTime="2025-09-07T07:41:22.2872563-05:00" testType="13cdc9d9-ddb5-4fa4-a97d-d965ccfc6d4b" outcome="Passed" testListId="8c84fa94-04c1-424b-9868-57a2d4851a1d" relativeResultsDirectory="735a8084-ca64-44e6-9ba0-7f23fe2c16ed" />
    <UnitTestResult executionId="1b201b94-9c66-4897-996b-639616338c7b" testId="6e0417db-69d3-bf89-9fbc-8140fb464450" testName="CalculateConfidence_WithWhitespaceMatchedLine_ShouldReturnZero" computerName="PPITM80-M0317" duration="00:00:00.0007950" startTime="2025-09-07T07:41:21.2490963-05:00" endTime="2025-09-07T07:41:21.2498910-05:00" testType="13cdc9d9-ddb5-4fa4-a97d-d965ccfc6d4b" outcome="Passed" testListId="8c84fa94-04c1-424b-9868-57a2d4851a1d" relativeResultsDirectory="1b201b94-9c66-4897-996b-639616338c7b" />
    <UnitTestResult executionId="a87803f3-a566-48d5-a523-5f58dbda52f2" testId="e3ace1cf-4bae-65a1-fc8d-b0e1853d6737" testName="ExecuteAsync_Should_Bypass_Cache_When_NoCache_Is_True" computerName="PPITM80-M0317" duration="00:00:00.0163360" startTime="2025-09-07T07:41:21.7158537-05:00" endTime="2025-09-07T07:41:21.7321892-05:00" testType="13cdc9d9-ddb5-4fa4-a97d-d965ccfc6d4b" outcome="Passed" testListId="8c84fa94-04c1-424b-9868-57a2d4851a1d" relativeResultsDirectory="a87803f3-a566-48d5-a523-5f58dbda52f2" />
    <UnitTestResult executionId="90253763-d2cb-433a-b187-4df6e803a304" testId="045daf24-03ff-197b-1cef-a9193cb7610e" testName="ExecuteAsync_LineNumberBeyondFile_ReturnsError" computerName="PPITM80-M0317" duration="00:00:00.0037690" startTime="2025-09-07T07:41:21.9814189-05:00" endTime="2025-09-07T07:41:21.9851879-05:00" testType="13cdc9d9-ddb5-4fa4-a97d-d965ccfc6d4b" outcome="Passed" testListId="8c84fa94-04c1-424b-9868-57a2d4851a1d" relativeResultsDirectory="90253763-d2cb-433a-b187-4df6e803a304" />
    <UnitTestResult executionId="20d0a741-dd02-4bb7-bd5b-42f7f634e91d" testId="ec485ea5-9daa-a0d9-a9c8-f4b69700c81c" testName="Description_ReturnsCorrectDescription" computerName="PPITM80-M0317" duration="00:00:00.0017670" startTime="2025-09-07T07:41:22.2872889-05:00" endTime="2025-09-07T07:41:22.2890556-05:00" testType="13cdc9d9-ddb5-4fa4-a97d-d965ccfc6d4b" outcome="Passed" testListId="8c84fa94-04c1-424b-9868-57a2d4851a1d" relativeResultsDirectory="20d0a741-dd02-4bb7-bd5b-42f7f634e91d" />
    <UnitTestResult executionId="0631d3e7-5e76-4393-b323-9c514624926f" testId="d3e136b8-5a0a-a773-d9e9-8101eb1d6114" testName="ExecuteAsync_Should_Cache_Successful_Results" computerName="PPITM80-M0317" duration="00:00:00.0056800" startTime="2025-09-07T07:41:22.4655374-05:00" endTime="2025-09-07T07:41:22.4712170-05:00" testType="13cdc9d9-ddb5-4fa4-a97d-d965ccfc6d4b" outcome="Passed" testListId="8c84fa94-04c1-424b-9868-57a2d4851a1d" relativeResultsDirectory="0631d3e7-5e76-4393-b323-9c514624926f" />
    <UnitTestResult executionId="9d5ca14e-a01a-4c6c-8f15-d04ccc9276b0" testId="9c0b05bf-f5e7-7c8d-2fb8-c8f6375a2eb1" testName="ExecuteAsync_StartLineGreaterThanEndLine_ReturnsError" computerName="PPITM80-M0317" duration="00:00:00.0029030" startTime="2025-09-07T07:41:21.5843598-05:00" endTime="2025-09-07T07:41:21.5872626-05:00" testType="13cdc9d9-ddb5-4fa4-a97d-d965ccfc6d4b" outcome="Passed" testListId="8c84fa94-04c1-424b-9868-57a2d4851a1d" relativeResultsDirectory="9d5ca14e-a01a-4c6c-8f15-d04ccc9276b0" />
    <UnitTestResult executionId="628c8cd5-cdc4-43d7-98fb-2206a390d96d" testId="0602473d-5866-8e4d-4f94-570f7e7c2237" testName="QueryTypeDetector_ShouldCatchClaudePatterns" computerName="PPITM80-M0317" duration="00:00:00.0306380" startTime="2025-09-07T07:41:22.5009634-05:00" endTime="2025-09-07T07:41:22.5316000-05:00" testType="13cdc9d9-ddb5-4fa4-a97d-d965ccfc6d4b" outcome="Passed" testListId="8c84fa94-04c1-424b-9868-57a2d4851a1d" relativeResultsDirectory="628c8cd5-cdc4-43d7-98fb-2206a390d96d" />
    <UnitTestResult executionId="f0a4c3e5-3229-440f-989f-5089ffeaa807" testId="785814fe-dcbc-30c4-7d8c-7ed2f30ead9b" testName="ExecuteAsync_EdgeCaseIndentation_HandlesTabsAndSpaces" computerName="PPITM80-M0317" duration="00:00:00.0052390" startTime="2025-09-07T07:41:21.9470400-05:00" endTime="2025-09-07T07:41:21.9522791-05:00" testType="13cdc9d9-ddb5-4fa4-a97d-d965ccfc6d4b" outcome="Passed" testListId="8c84fa94-04c1-424b-9868-57a2d4851a1d" relativeResultsDirectory="f0a4c3e5-3229-440f-989f-5089ffeaa807" />
    <UnitTestResult executionId="44e69ca3-eb08-42dd-a9ea-f26e54f4e60b" testId="6c81ab54-0bec-8762-90d9-f28435852df7" testName="EnsureDirectoryExists_Should_Create_Nested_Directories" computerName="PPITM80-M0317" duration="00:00:00.0021360" startTime="2025-09-07T07:41:21.4049891-05:00" endTime="2025-09-07T07:41:21.4071244-05:00" testType="13cdc9d9-ddb5-4fa4-a97d-d965ccfc6d4b" outcome="Passed" testListId="8c84fa94-04c1-424b-9868-57a2d4851a1d" relativeResultsDirectory="44e69ca3-eb08-42dd-a9ea-f26e54f4e60b" />
    <UnitTestResult executionId="df27c1b9-a656-4d51-991c-b656b96138c5" testId="da66ce0c-ee92-38d1-3250-0e465c55c251" testName="CalculateConfidence_WithUnknownSymbolType_ShouldStillWork" computerName="PPITM80-M0317" duration="00:00:00.0008500" startTime="2025-09-07T07:41:21.2069052-05:00" endTime="2025-09-07T07:41:21.2077550-05:00" testType="13cdc9d9-ddb5-4fa4-a97d-d965ccfc6d4b" outcome="Passed" testListId="8c84fa94-04c1-424b-9868-57a2d4851a1d" relativeResultsDirectory="df27c1b9-a656-4d51-991c-b656b96138c5" />
    <UnitTestResult executionId="b99d1bef-bc90-4246-abf6-5f914d3ab969" testId="96ed2a8c-630c-0612-03fb-0814a1a0e6e9" testName="ExecuteAsync_DeleteFirstLine_WorksCorrectly" computerName="PPITM80-M0317" duration="00:00:00.0089000" startTime="2025-09-07T07:41:21.5541228-05:00" endTime="2025-09-07T07:41:21.5630223-05:00" testType="13cdc9d9-ddb5-4fa4-a97d-d965ccfc6d4b" outcome="Passed" testListId="8c84fa94-04c1-424b-9868-57a2d4851a1d" relativeResultsDirectory="b99d1bef-bc90-4246-abf6-5f914d3ab969" />
    <UnitTestResult executionId="3a1490ad-408d-4258-a3f4-0dbafbc2d49f" testId="8f14774a-cd75-6f8c-84d0-7bdcc9968328" testName="ExecuteAsync_Should_Store_Workspace_Metadata_After_Successful_Indexing" computerName="PPITM80-M0317" duration="00:00:00.0030209" startTime="2025-09-07T07:41:21.9292716-05:00" endTime="2025-09-07T07:41:21.9322927-05:00" testType="13cdc9d9-ddb5-4fa4-a97d-d965ccfc6d4b" outcome="Passed" testListId="8c84fa94-04c1-424b-9868-57a2d4851a1d" relativeResultsDirectory="3a1490ad-408d-4258-a3f4-0dbafbc2d49f" />
    <UnitTestResult executionId="539fd365-bc75-4b42-95f3-89c0b35e9969" testId="5d5fb8b4-c2e5-6615-593f-fb4afc53ab6d" testName="RegressionTest_WarningFixesIntact_NoRegressionDetected" computerName="PPITM80-M0317" duration="00:00:01.3849090" startTime="2025-09-07T07:41:19.2143678-05:00" endTime="2025-09-07T07:41:20.5992530-05:00" testType="13cdc9d9-ddb5-4fa4-a97d-d965ccfc6d4b" outcome="Passed" testListId="8c84fa94-04c1-424b-9868-57a2d4851a1d" relativeResultsDirectory="539fd365-bc75-4b42-95f3-89c0b35e9969">
      <Output>
        <StdOut>No regression detected - warning fixes are intact.</StdOut>
      </Output>
    </UnitTestResult>
    <UnitTestResult executionId="d9f82d5d-e1b4-46dc-9258-847ad3fe3462" testId="9db8600d-9030-4fcc-0b7c-2880aaf6b24a" testName="GetFullPath_Should_Handle_Relative_Path" computerName="PPITM80-M0317" duration="00:00:00.0004460" startTime="2025-09-07T07:41:21.4273064-05:00" endTime="2025-09-07T07:41:21.4277526-05:00" testType="13cdc9d9-ddb5-4fa4-a97d-d965ccfc6d4b" outcome="Passed" testListId="8c84fa94-04c1-424b-9868-57a2d4851a1d" relativeResultsDirectory="d9f82d5d-e1b4-46dc-9258-847ad3fe3462" />
    <UnitTestResult executionId="37ee2622-e924-4d73-976f-345523edee0a" testId="e74ca356-302c-d244-498c-021a1f823191" testName="ExecuteAsync_Should_Use_Cache_When_Available" computerName="PPITM80-M0317" duration="00:00:00.0028750" startTime="2025-09-07T07:41:22.0909086-05:00" endTime="2025-09-07T07:41:22.0937838-05:00" testType="13cdc9d9-ddb5-4fa4-a97d-d965ccfc6d4b" outcome="Passed" testListId="8c84fa94-04c1-424b-9868-57a2d4851a1d" relativeResultsDirectory="37ee2622-e924-4d73-976f-345523edee0a" />
    <UnitTestResult executionId="b3d7a744-4b3b-4fd8-9e79-41b36fbec509" testId="ac09df77-c344-062f-53a9-7c78d1199a22" testName="ExecuteAsync_ShouldCalculateFileCounts" computerName="PPITM80-M0317" duration="00:00:00.0038540" startTime="2025-09-07T07:41:21.6546719-05:00" endTime="2025-09-07T07:41:21.6585254-05:00" testType="13cdc9d9-ddb5-4fa4-a97d-d965ccfc6d4b" outcome="Passed" testListId="8c84fa94-04c1-424b-9868-57a2d4851a1d" relativeResultsDirectory="b3d7a744-4b3b-4fd8-9e79-41b36fbec509" />
    <UnitTestResult executionId="22ff18bd-0df2-43cd-b181-73f824dc5eb1" testId="d79b73c7-91e7-2a10-e650-22891b64b201" testName="GetLogsPath_Should_Return_Logs_Directory" computerName="PPITM80-M0317" duration="00:00:00.0010200" startTime="2025-09-07T07:41:21.4319719-05:00" endTime="2025-09-07T07:41:21.4329917-05:00" testType="13cdc9d9-ddb5-4fa4-a97d-d965ccfc6d4b" outcome="Passed" testListId="8c84fa94-04c1-424b-9868-57a2d4851a1d" relativeResultsDirectory="22ff18bd-0df2-43cd-b181-73f824dc5eb1" />
    <UnitTestResult executionId="2280fd1e-597f-4606-bdc4-abb063f56317" testId="a7b3ab64-fc62-c210-2e83-ae9496a94697" testName="ExecuteAsync_WithoutIndentationPreservation_NoIndentation" computerName="PPITM80-M0317" duration="00:00:00.0041190" startTime="2025-09-07T07:41:21.9990364-05:00" endTime="2025-09-07T07:41:22.0031547-05:00" testType="13cdc9d9-ddb5-4fa4-a97d-d965ccfc6d4b" outcome="Passed" testListId="8c84fa94-04c1-424b-9868-57a2d4851a1d" relativeResultsDirectory="2280fd1e-597f-4606-bdc4-abb063f56317" />
    <UnitTestResult executionId="8a515df0-3cc8-46d5-9930-dafeef355676" testId="a3dd116a-32ea-3da7-9f78-87baa5939597" testName="CalculateConfidence_WithMultiLineComment_ShouldHavePenalty" computerName="PPITM80-M0317" duration="00:00:00.0336390" startTime="2025-09-07T07:41:20.9281708-05:00" endTime="2025-09-07T07:41:20.9618082-05:00" testType="13cdc9d9-ddb5-4fa4-a97d-d965ccfc6d4b" outcome="Passed" testListId="8c84fa94-04c1-424b-9868-57a2d4851a1d" relativeResultsDirectory="8a515df0-3cc8-46d5-9930-dafeef355676" />
    <UnitTestResult executionId="a0a5e346-27e8-43f0-9898-e4b5c45d4de5" testId="beb0b5b5-24dc-a8c2-882a-b3d0c6d92a7f" testName="GetIndexPath_Should_Be_Deterministic" computerName="PPITM80-M0317" duration="00:00:00.0007910" startTime="2025-09-07T07:41:21.4282607-05:00" endTime="2025-09-07T07:41:21.4290515-05:00" testType="13cdc9d9-ddb5-4fa4-a97d-d965ccfc6d4b" outcome="Passed" testListId="8c84fa94-04c1-424b-9868-57a2d4851a1d" relativeResultsDirectory="a0a5e346-27e8-43f0-9898-e4b5c45d4de5" />
    <UnitTestResult executionId="60fe173b-3d00-41c8-8e65-e9abb2f25caa" testId="6808b8dc-b448-e0b2-d22c-0c66085fdfdf" testName="ExecuteAsync_WithIndentationPreservation_PreservesIndentation" computerName="PPITM80-M0317" duration="00:00:00.0052700" startTime="2025-09-07T07:41:21.9937480-05:00" endTime="2025-09-07T07:41:21.9990174-05:00" testType="13cdc9d9-ddb5-4fa4-a97d-d965ccfc6d4b" outcome="Passed" testListId="8c84fa94-04c1-424b-9868-57a2d4851a1d" relativeResultsDirectory="60fe173b-3d00-41c8-8e65-e9abb2f25caa" />
    <UnitTestResult executionId="7b024c94-770e-4559-856f-f5cfb02eaf00" testId="e324d320-e3d3-c088-35aa-a58ee7a7e89b" testName="ExecuteAsync_Should_Filter_By_Extension_When_Specified" computerName="PPITM80-M0317" duration="00:00:00.0064540" startTime="2025-09-07T07:41:22.0535706-05:00" endTime="2025-09-07T07:41:22.0600247-05:00" testType="13cdc9d9-ddb5-4fa4-a97d-d965ccfc6d4b" outcome="Passed" testListId="8c84fa94-04c1-424b-9868-57a2d4851a1d" relativeResultsDirectory="7b024c94-770e-4559-856f-f5cfb02eaf00" />
    <UnitTestResult executionId="53d6b2e4-abd7-4c25-b0d6-a9dd9d4a1187" testId="de5e07f6-1dde-b49c-e0bc-431e4d1b4244" testName="DirectoryExists_Should_Return_True_For_Existing_Directory" computerName="PPITM80-M0317" duration="00:00:00.0012580" startTime="2025-09-07T07:41:21.4021175-05:00" endTime="2025-09-07T07:41:21.4033757-05:00" testType="13cdc9d9-ddb5-4fa4-a97d-d965ccfc6d4b" outcome="Passed" testListId="8c84fa94-04c1-424b-9868-57a2d4851a1d" relativeResultsDirectory="53d6b2e4-abd7-4c25-b0d6-a9dd9d4a1187" />
    <UnitTestResult executionId="fa75f623-6052-4e66-a59e-ee3391e72bf9" testId="1b2024d7-53f3-0b2b-9619-eed3364080df" testName="ExecuteAsync_SearchForMethod_ReturnsMethodDefinition" computerName="PPITM80-M0317" duration="00:00:00.0096750" startTime="2025-09-07T07:41:22.4323003-05:00" endTime="2025-09-07T07:41:22.4419748-05:00" testType="13cdc9d9-ddb5-4fa4-a97d-d965ccfc6d4b" outcome="Passed" testListId="8c84fa94-04c1-424b-9868-57a2d4851a1d" relativeResultsDirectory="fa75f623-6052-4e66-a59e-ee3391e72bf9" />
    <UnitTestResult executionId="b083ff28-6f91-4a4d-b83e-1639a57b78c8" testId="c6b65c98-ccbc-7df3-e37f-f4694a6d7677" testName="CalculateConfidence_RealWorldScenario_MethodCallVsDefinition" computerName="PPITM80-M0317" duration="00:00:00.0343540" startTime="2025-09-07T07:41:20.6626056-05:00" endTime="2025-09-07T07:41:20.6969584-05:00" testType="13cdc9d9-ddb5-4fa4-a97d-d965ccfc6d4b" outcome="Passed" testListId="8c84fa94-04c1-424b-9868-57a2d4851a1d" relativeResultsDirectory="b083ff28-6f91-4a4d-b83e-1639a57b78c8" />
    <UnitTestResult executionId="05722c25-81a6-4070-a990-2287b103cd95" testId="788e6d6b-e6ab-66cd-f33e-99e77d27f96c" testName="ExecuteAsync_WithPattern_ShouldFilterDirectories" computerName="PPITM80-M0317" duration="00:00:00.0026520" startTime="2025-09-07T07:41:21.6721688-05:00" endTime="2025-09-07T07:41:21.6748206-05:00" testType="13cdc9d9-ddb5-4fa4-a97d-d965ccfc6d4b" outcome="Passed" testListId="8c84fa94-04c1-424b-9868-57a2d4851a1d" relativeResultsDirectory="05722c25-81a6-4070-a990-2287b103cd95" />
    <UnitTestResult executionId="90689aa4-9082-4483-85a2-243aef990f46" testId="1f875262-2752-ffca-8a22-70fb87d03e65" testName="IntegrationTest_SearchResultProcessing_NoWarnings" computerName="PPITM80-M0317" duration="00:00:00.0010680" startTime="2025-09-07T07:41:21.4657574-05:00" endTime="2025-09-07T07:41:21.4668253-05:00" testType="13cdc9d9-ddb5-4fa4-a97d-d965ccfc6d4b" outcome="Passed" testListId="8c84fa94-04c1-424b-9868-57a2d4851a1d" relativeResultsDirectory="90689aa4-9082-4483-85a2-243aef990f46" />
    <UnitTestResult executionId="c308f36b-1406-49d9-b193-b383372463a2" testId="15a72174-ebeb-2f2c-0cdd-551d10bb4ddc" testName="ExecuteAsync_WorkspaceNotFound_ReturnsError" computerName="PPITM80-M0317" duration="00:00:00.0031420" startTime="2025-09-07T07:41:22.2762751-05:00" endTime="2025-09-07T07:41:22.2794164-05:00" testType="13cdc9d9-ddb5-4fa4-a97d-d965ccfc6d4b" outcome="Passed" testListId="8c84fa94-04c1-424b-9868-57a2d4851a1d" relativeResultsDirectory="c308f36b-1406-49d9-b193-b383372463a2" />
    <UnitTestResult executionId="9c192594-9ab4-418a-8551-b6e1d49a99d6" testId="e86d6d82-0ce0-d851-dd71-ebc98ec473ec" testName="ValidateAndResolvePath_ValidPath_ReturnsAbsolutePath" computerName="PPITM80-M0317" duration="00:00:00.0008870" startTime="2025-09-07T07:41:21.3516522-05:00" endTime="2025-09-07T07:41:21.3525394-05:00" testType="13cdc9d9-ddb5-4fa4-a97d-d965ccfc6d4b" outcome="Passed" testListId="8c84fa94-04c1-424b-9868-57a2d4851a1d" relativeResultsDirectory="9c192594-9ab4-418a-8551-b6e1d49a99d6" />
    <UnitTestResult executionId="4ea09774-578d-4f36-9656-4e5e709b6290" testId="2c56d30c-a374-c58e-e93b-b09a90625bd9" testName="ExecuteAsync_Should_Parse_TimeFrame_Correctly(&quot;2d&quot;,2)" computerName="PPITM80-M0317" duration="00:00:00.0024020" startTime="2025-09-07T07:41:22.0649087-05:00" endTime="2025-09-07T07:41:22.0673107-05:00" testType="13cdc9d9-ddb5-4fa4-a97d-d965ccfc6d4b" outcome="Passed" testListId="8c84fa94-04c1-424b-9868-57a2d4851a1d" relativeResultsDirectory="4ea09774-578d-4f36-9656-4e5e709b6290" />
    <UnitTestResult executionId="98d794d3-53ee-4319-be4e-f9869b1602c5" testId="5942facf-bcc2-e09a-d3d5-3a9d91228a22" testName="BuildValidation_ProjectCompiles_WithoutWarnings" computerName="PPITM80-M0317" duration="00:00:01.4572350" startTime="2025-09-07T07:41:14.8013329-05:00" endTime="2025-09-07T07:41:16.2585433-05:00" testType="13cdc9d9-ddb5-4fa4-a97d-d965ccfc6d4b" outcome="Passed" testListId="8c84fa94-04c1-424b-9868-57a2d4851a1d" relativeResultsDirectory="98d794d3-53ee-4319-be4e-f9869b1602c5">
      <Output>
        <StdOut>Build successful with 0 warnings. Output contained 7 lines.</StdOut>
      </Output>
    </UnitTestResult>
    <UnitTestResult executionId="1b678388-4e14-4182-b51e-e5fe877f0d73" testId="e2d9e28b-1238-7e2e-962d-cfac413c8263" testName="ExecuteAsync_EdgeCaseIndentation_HandlesTabsAndSpaces" computerName="PPITM80-M0317" duration="00:00:00.0390290" startTime="2025-09-07T07:41:22.1142060-05:00" endTime="2025-09-07T07:41:22.1532338-05:00" testType="13cdc9d9-ddb5-4fa4-a97d-d965ccfc6d4b" outcome="Failed" testListId="8c84fa94-04c1-424b-9868-57a2d4851a1d" relativeResultsDirectory="1b678388-4e14-4182-b51e-e5fe877f0d73">
      <Output>
        <ErrorInfo>
          <Message>Expected fileLines[1] to start with "	", but "New content" differs near "New" (index 0).</Message>
          <StackTrace>   at FluentAssertions.Execution.LateBoundTestFramework.Throw(String message)&#xD;
   at FluentAssertions.Execution.TestFrameworkProvider.Throw(String message)&#xD;
   at FluentAssertions.Execution.DefaultAssertionStrategy.HandleFailure(String message)&#xD;
   at FluentAssertions.Execution.AssertionScope.FailWith(Func`1 failReasonFunc)&#xD;
   at FluentAssertions.Execution.AssertionScope.FailWith(Func`1 failReasonFunc)&#xD;
   at FluentAssertions.Execution.AssertionScope.FailWith(String message, Object[] args)&#xD;
   at FluentAssertions.Primitives.StringStartStrategy.ValidateAgainstMismatch(IAssertionScope assertion, String subject, String expected)&#xD;
   at FluentAssertions.Primitives.StringValidator.Validate(String subject, String expected)&#xD;
   at FluentAssertions.Primitives.StringAssertions`1.StartWith(String expected, String because, Object[] becauseArgs)&#xD;
   at COA.CodeSearch.McpServer.Tests.Tools.ReplaceLinesToolTests.ExecuteAsync_EdgeCaseIndentation_HandlesTabsAndSpaces() in C:\source\COA CodeSearch MCP\COA.CodeSearch.McpServer.Tests\Tools\ReplaceLinesToolTests.cs:line 460&#xD;
   at NUnit.Framework.Internal.TaskAwaitAdapter.GenericAdapter`1.BlockUntilCompleted()&#xD;
   at NUnit.Framework.Internal.MessagePumpStrategy.NoMessagePumpStrategy.WaitForCompletion(AwaitAdapter awaiter)&#xD;
   at NUnit.Framework.Internal.AsyncToSyncAdapter.Await[TResult](TestExecutionContext context, Func`1 invoke)&#xD;
   at NUnit.Framework.Internal.AsyncToSyncAdapter.Await(TestExecutionContext context, Func`1 invoke)&#xD;
   at NUnit.Framework.Internal.Commands.TestMethodCommand.RunTestMethod(TestExecutionContext context)&#xD;
   at NUnit.Framework.Internal.Commands.TestMethodCommand.Execute(TestExecutionContext context)&#xD;
   at NUnit.Framework.Internal.Commands.BeforeAndAfterTestCommand.&lt;&gt;c__DisplayClass1_0.&lt;Execute&gt;b__0()&#xD;
   at NUnit.Framework.Internal.Commands.DelegatingTestCommand.RunTestMethodInThreadAbortSafeZone(TestExecutionContext context, Action action)&#xD;

</StackTrace>
        </ErrorInfo>
      </Output>
    </UnitTestResult>
    <UnitTestResult executionId="559ffdae-c54e-49fc-b6d3-46f480c3e728" testId="b9c310f0-baf7-9474-e47c-10c22c803cff" testName="CalculateConfidence_WithVeryLongQuery_ShouldHandleGracefully" computerName="PPITM80-M0317" duration="00:00:00.0345790" startTime="2025-09-07T07:41:21.2144757-05:00" endTime="2025-09-07T07:41:21.2490528-05:00" testType="13cdc9d9-ddb5-4fa4-a97d-d965ccfc6d4b" outcome="Passed" testListId="8c84fa94-04c1-424b-9868-57a2d4851a1d" relativeResultsDirectory="559ffdae-c54e-49fc-b6d3-46f480c3e728" />
    <UnitTestResult executionId="3a1b9e21-a060-45fc-9310-41c99d824956" testId="336a5061-4247-7712-2200-ed245d122176" testName="ExecuteAsync_EndLineBeforeStartLine_ReturnsError" computerName="PPITM80-M0317" duration="00:00:00.0035890" startTime="2025-09-07T07:41:22.1585913-05:00" endTime="2025-09-07T07:41:22.1621796-05:00" testType="13cdc9d9-ddb5-4fa4-a97d-d965ccfc6d4b" outcome="Passed" testListId="8c84fa94-04c1-424b-9868-57a2d4851a1d" relativeResultsDirectory="3a1b9e21-a060-45fc-9310-41c99d824956" />
    <UnitTestResult executionId="4ab01ca6-57b1-4a65-a73a-b2b932b9a36c" testId="77d07cd0-babe-a442-f286-fa3ce5a4f058" testName="ExecuteAsync_ValidFilePath_ReturnsSimilarFiles" computerName="PPITM80-M0317" duration="00:00:00.0037160" startTime="2025-09-07T07:41:22.3987003-05:00" endTime="2025-09-07T07:41:22.4024159-05:00" testType="13cdc9d9-ddb5-4fa4-a97d-d965ccfc6d4b" outcome="Passed" testListId="8c84fa94-04c1-424b-9868-57a2d4851a1d" relativeResultsDirectory="4ab01ca6-57b1-4a65-a73a-b2b932b9a36c" />
    <UnitTestResult executionId="ae55a312-8a8b-44bf-b2a3-f9c9000fcc4c" testId="822d575c-063c-8256-e5c3-5aaf7cd9adad" testName="FileSystemOperations_NullSafePatterns_NoWarnings" computerName="PPITM80-M0317" duration="00:00:00.0025569" startTime="2025-09-07T07:41:21.4631823-05:00" endTime="2025-09-07T07:41:21.4657392-05:00" testType="13cdc9d9-ddb5-4fa4-a97d-d965ccfc6d4b" outcome="Passed" testListId="8c84fa94-04c1-424b-9868-57a2d4851a1d" relativeResultsDirectory="ae55a312-8a8b-44bf-b2a3-f9c9000fcc4c" />
    <UnitTestResult executionId="c87aa679-0f0c-4863-9a9c-7a1ecac2bb84" testId="a7c88a6a-fde8-12e9-433b-e91055519590" testName="ExecuteAsync_Should_Handle_Indexing_Failure" computerName="PPITM80-M0317" duration="00:00:00.0042160" startTime="2025-09-07T07:41:21.8983746-05:00" endTime="2025-09-07T07:41:21.9025902-05:00" testType="13cdc9d9-ddb5-4fa4-a97d-d965ccfc6d4b" outcome="Passed" testListId="8c84fa94-04c1-424b-9868-57a2d4851a1d" relativeResultsDirectory="c87aa679-0f0c-4863-9a9c-7a1ecac2bb84" />
    <UnitTestResult executionId="fd47a927-1875-43dd-855b-c8efb904c742" testId="a5c84b4a-9f54-559b-a7bf-5f80afbe74e5" testName="CalculateConfidence_WithPartialFileNameMatch_ShouldHaveSmallBonus" computerName="PPITM80-M0317" duration="00:00:00.0072610" startTime="2025-09-07T07:41:21.0060893-05:00" endTime="2025-09-07T07:41:21.0133494-05:00" testType="13cdc9d9-ddb5-4fa4-a97d-d965ccfc6d4b" outcome="Passed" testListId="8c84fa94-04c1-424b-9868-57a2d4851a1d" relativeResultsDirectory="fd47a927-1875-43dd-855b-c8efb904c742" />
    <UnitTestResult executionId="e646f287-b9b1-430a-8769-7455aa66e530" testId="9d0da409-94ac-6a8a-e640-cd59d7bb110a" testName="ExecuteAsync_Should_Bypass_Cache_When_NoCache_Is_True" computerName="PPITM80-M0317" duration="00:00:00.0183010" startTime="2025-09-07T07:41:22.4472029-05:00" endTime="2025-09-07T07:41:22.4655033-05:00" testType="13cdc9d9-ddb5-4fa4-a97d-d965ccfc6d4b" outcome="Passed" testListId="8c84fa94-04c1-424b-9868-57a2d4851a1d" relativeResultsDirectory="e646f287-b9b1-430a-8769-7455aa66e530" />
    <UnitTestResult executionId="1a6f7f80-17a9-450f-8da7-5ea84998b269" testId="113f7348-1f99-f3af-5ae5-2b47fcfeabb6" testName="ExecuteAsync_Should_Populate_ModifiedAgo_TimeSpan" computerName="PPITM80-M0317" duration="00:00:00.0034930" startTime="2025-09-07T07:41:22.0719032-05:00" endTime="2025-09-07T07:41:22.0753956-05:00" testType="13cdc9d9-ddb5-4fa4-a97d-d965ccfc6d4b" outcome="Passed" testListId="8c84fa94-04c1-424b-9868-57a2d4851a1d" relativeResultsDirectory="1a6f7f80-17a9-450f-8da7-5ea84998b269" />
    <UnitTestResult executionId="d2b47d8f-cc80-4733-93f3-195ef152db37" testId="7a8f82da-0cf3-069d-48de-8d0f29914d1e" testName="GetDirectoryName_Should_Extract_Directory_Path" computerName="PPITM80-M0317" duration="00:00:00.0005900" startTime="2025-09-07T07:41:21.4247451-05:00" endTime="2025-09-07T07:41:21.4253353-05:00" testType="13cdc9d9-ddb5-4fa4-a97d-d965ccfc6d4b" outcome="Passed" testListId="8c84fa94-04c1-424b-9868-57a2d4851a1d" relativeResultsDirectory="d2b47d8f-cc80-4733-93f3-195ef152db37" />
    <UnitTestResult executionId="6af9b19f-d3ba-46a2-bc97-861eef8df05e" testId="8c229d53-8022-24e1-a75b-9eebad5fcce6" testName="ExecuteAsync_Should_Parse_TimeFrame_Correctly(&quot;1h&quot;,0.04167d)" computerName="PPITM80-M0317" duration="00:00:00.0028810" startTime="2025-09-07T07:41:22.0620116-05:00" endTime="2025-09-07T07:41:22.0648927-05:00" testType="13cdc9d9-ddb5-4fa4-a97d-d965ccfc6d4b" outcome="Passed" testListId="8c84fa94-04c1-424b-9868-57a2d4851a1d" relativeResultsDirectory="6af9b19f-d3ba-46a2-bc97-861eef8df05e" />
    <UnitTestResult executionId="51fd77aa-3b8e-4b75-86f9-30d36a1d508a" testId="831c1e55-6e64-04a9-2fab-a7fba60fbbd9" testName="ExecuteAsync_InvalidLineNumber_ReturnsError" computerName="PPITM80-M0317" duration="00:00:00.0037460" startTime="2025-09-07T07:41:21.9776488-05:00" endTime="2025-09-07T07:41:21.9813946-05:00" testType="13cdc9d9-ddb5-4fa4-a97d-d965ccfc6d4b" outcome="Passed" testListId="8c84fa94-04c1-424b-9868-57a2d4851a1d" relativeResultsDirectory="51fd77aa-3b8e-4b75-86f9-30d36a1d508a" />
    <UnitTestResult executionId="15cc8714-5390-44cf-abb7-fa101cd4986c" testId="81130f8b-48ae-419b-15fb-a870943c43b7" testName="ExecuteAsync_SearchForMethod_ReturnsMethodDefinition" computerName="PPITM80-M0317" duration="00:00:00.0170450" startTime="2025-09-07T07:41:21.8451110-05:00" endTime="2025-09-07T07:41:21.8621555-05:00" testType="13cdc9d9-ddb5-4fa4-a97d-d965ccfc6d4b" outcome="Passed" testListId="8c84fa94-04c1-424b-9868-57a2d4851a1d" relativeResultsDirectory="15cc8714-5390-44cf-abb7-fa101cd4986c" />
    <UnitTestResult executionId="c8171a52-1648-45cf-ab50-f1d70239d55b" testId="20bdfa7d-50f5-36be-b72b-d381bae27e03" testName="NullableDictionary_SafeOperations_NoWarnings" computerName="PPITM80-M0317" duration="00:00:00.0004690" startTime="2025-09-07T07:41:21.4674932-05:00" endTime="2025-09-07T07:41:21.4679616-05:00" testType="13cdc9d9-ddb5-4fa4-a97d-d965ccfc6d4b" outcome="Passed" testListId="8c84fa94-04c1-424b-9868-57a2d4851a1d" relativeResultsDirectory="c8171a52-1648-45cf-ab50-f1d70239d55b" />
    <UnitTestResult executionId="117f640c-c848-455a-a5ce-b8294bdd242d" testId="1cd8cb23-e96d-1f20-0ebf-8ebe7bc08ac8" testName="ExecuteAsync_Should_Parse_TimeFrame_Correctly(&quot;30min&quot;,0.02083d)" computerName="PPITM80-M0317" duration="00:00:00.0022690" startTime="2025-09-07T07:41:22.0695848-05:00" endTime="2025-09-07T07:41:22.0718540-05:00" testType="13cdc9d9-ddb5-4fa4-a97d-d965ccfc6d4b" outcome="Passed" testListId="8c84fa94-04c1-424b-9868-57a2d4851a1d" relativeResultsDirectory="117f640c-c848-455a-a5ce-b8294bdd242d" />
    <UnitTestResult executionId="1ead5855-970c-49e3-87a9-10be7bfc033c" testId="3218e2d1-fd33-a329-dc48-180ea7d0cd0e" testName="ExecuteAsync_WithRegexPattern_ShouldMatchCorrectly" computerName="PPITM80-M0317" duration="00:00:00.0031760" startTime="2025-09-07T07:41:21.6748359-05:00" endTime="2025-09-07T07:41:21.6780111-05:00" testType="13cdc9d9-ddb5-4fa4-a97d-d965ccfc6d4b" outcome="Passed" testListId="8c84fa94-04c1-424b-9868-57a2d4851a1d" relativeResultsDirectory="1ead5855-970c-49e3-87a9-10be7bfc033c" />
  </Results>
  <TestDefinitions>
    <UnitTest name="ExecuteAsync_Should_Find_Files_Matching_Glob_Pattern" storage="c:\source\coa codesearch mcp\coa.codesearch.mcpserver.tests\bin\debug\net9.0\coa.codesearch.mcpserver.tests.dll" id="4cef428c-d6ca-2c9f-778f-20b38d83cc86">
      <Execution id="3928b01a-6f8d-42fd-ba08-8a7ed2bb53bd" />
      <TestMethod codeBase="C:\source\COA CodeSearch MCP\COA.CodeSearch.McpServer.Tests\bin\Debug\net9.0\COA.CodeSearch.McpServer.Tests.dll" adapterTypeName="executor://nunit3testexecutor/" className="COA.CodeSearch.McpServer.Tests.Tools.FileSearchToolTests" name="ExecuteAsync_Should_Find_Files_Matching_Glob_Pattern" />
    </UnitTest>
    <UnitTest name="NullableArgument_MethodCalls_SafeParameterPassing" storage="c:\source\coa codesearch mcp\coa.codesearch.mcpserver.tests\bin\debug\net9.0\coa.codesearch.mcpserver.tests.dll" id="a67e9eb8-8d1f-a396-1bbd-d09fa3036a2b">
      <Execution id="a3e4cf88-56f7-4155-82ef-25028105f0a7" />
      <TestMethod codeBase="C:\source\COA CodeSearch MCP\COA.CodeSearch.McpServer.Tests\bin\Debug\net9.0\COA.CodeSearch.McpServer.Tests.dll" adapterTypeName="executor://nunit3testexecutor/" className="COA.CodeSearch.McpServer.Tests.NullableReferenceValidationTests" name="NullableArgument_MethodCalls_SafeParameterPassing" />
    </UnitTest>
    <UnitTest name="CalculateConfidence_WithPartialFileNameMatch_ShouldHaveSmallBonus" storage="c:\source\coa codesearch mcp\coa.codesearch.mcpserver.tests\bin\debug\net9.0\coa.codesearch.mcpserver.tests.dll" id="a5c84b4a-9f54-559b-a7bf-5f80afbe74e5">
      <Execution id="fd47a927-1875-43dd-855b-c8efb904c742" />
      <TestMethod codeBase="C:\source\COA CodeSearch MCP\COA.CodeSearch.McpServer.Tests\bin\Debug\net9.0\COA.CodeSearch.McpServer.Tests.dll" adapterTypeName="executor://nunit3testexecutor/" className="COA.CodeSearch.McpServer.Tests.Services.ConfidenceCalculatorServiceTests" name="CalculateConfidence_WithPartialFileNameMatch_ShouldHaveSmallBonus" />
    </UnitTest>
    <UnitTest name="TestPathProcessing" storage="c:\source\coa codesearch mcp\coa.codesearch.mcpserver.tests\bin\debug\net9.0\coa.codesearch.mcpserver.tests.dll" id="2c6048a3-0e46-c805-9760-cb341a85318a">
      <Execution id="6ae791e4-0a1e-483c-85af-0e58cc860dc7" />
      <TestMethod codeBase="C:\source\COA CodeSearch MCP\COA.CodeSearch.McpServer.Tests\bin\Debug\net9.0\COA.CodeSearch.McpServer.Tests.dll" adapterTypeName="executor://nunit3testexecutor/" className="COA.CodeSearch.McpServer.Tests.Tools.DirectorySearchToolTests" name="TestPathProcessing" />
    </UnitTest>
    <UnitTest name="CalculateConfidence_ShouldRoundToTwoDecimalPlaces" storage="c:\source\coa codesearch mcp\coa.codesearch.mcpserver.tests\bin\debug\net9.0\coa.codesearch.mcpserver.tests.dll" id="fa93fffd-8efb-880f-fee3-4653ea6df719">
      <Execution id="4addf9e5-c31b-4574-a130-8dec352296df" />
      <TestMethod codeBase="C:\source\COA CodeSearch MCP\COA.CodeSearch.McpServer.Tests\bin\Debug\net9.0\COA.CodeSearch.McpServer.Tests.dll" adapterTypeName="executor://nunit3testexecutor/" className="COA.CodeSearch.McpServer.Tests.Services.ConfidenceCalculatorServiceTests" name="CalculateConfidence_ShouldRoundToTwoDecimalPlaces" />
    </UnitTest>
    <UnitTest name="ExecuteAsync_EmptyOperations_ReturnsError" storage="c:\source\coa codesearch mcp\coa.codesearch.mcpserver.tests\bin\debug\net9.0\coa.codesearch.mcpserver.tests.dll" id="fc640a26-8f16-183f-4e88-2199c00abff9">
      <Execution id="3a4a86f1-e86d-4264-9d2f-74e310833d4b" />
      <TestMethod codeBase="C:\source\COA CodeSearch MCP\COA.CodeSearch.McpServer.Tests\bin\Debug\net9.0\COA.CodeSearch.McpServer.Tests.dll" adapterTypeName="executor://nunit3testexecutor/" className="COA.CodeSearch.McpServer.Tests.Tools.BatchOperationsToolTests" name="ExecuteAsync_EmptyOperations_ReturnsError" />
    </UnitTest>
    <UnitTest name="Category_ShouldBeQuery" storage="c:\source\coa codesearch mcp\coa.codesearch.mcpserver.tests\bin\debug\net9.0\coa.codesearch.mcpserver.tests.dll" id="ac5955ae-3076-629b-8575-02aacdfe5d01">
      <Execution id="0cf8c080-d050-4ab7-bbba-c46969703ceb" />
      <TestMethod codeBase="C:\source\COA CodeSearch MCP\COA.CodeSearch.McpServer.Tests\bin\Debug\net9.0\COA.CodeSearch.McpServer.Tests.dll" adapterTypeName="executor://nunit3testexecutor/" className="COA.CodeSearch.McpServer.Tests.Tools.LineSearchToolTests" name="Category_ShouldBeQuery" />
    </UnitTest>
    <UnitTest name="ExecuteAsync_IndexNotFound_ReturnsError" storage="c:\source\coa codesearch mcp\coa.codesearch.mcpserver.tests\bin\debug\net9.0\coa.codesearch.mcpserver.tests.dll" id="1b48cf27-1a1e-eda4-ff5f-7d22fcff0181">
      <Execution id="67febe3e-43be-43fa-b779-f7cd518e0e06" />
      <TestMethod codeBase="C:\source\COA CodeSearch MCP\COA.CodeSearch.McpServer.Tests\bin\Debug\net9.0\COA.CodeSearch.McpServer.Tests.dll" adapterTypeName="executor://nunit3testexecutor/" className="COA.CodeSearch.McpServer.Tests.Tools.SearchAndReplaceToolTests" name="ExecuteAsync_IndexNotFound_ReturnsError" />
    </UnitTest>
    <UnitTest name="ExecuteAsync_EmptySymbolName_ReturnsError" storage="c:\source\coa codesearch mcp\coa.codesearch.mcpserver.tests\bin\debug\net9.0\coa.codesearch.mcpserver.tests.dll" id="0d896243-c614-5ded-5873-5abd0a986977">
      <Execution id="ac9ed094-02b3-4344-bebd-c6c855ba0e8a" />
      <TestMethod codeBase="C:\source\COA CodeSearch MCP\COA.CodeSearch.McpServer.Tests\bin\Debug\net9.0\COA.CodeSearch.McpServer.Tests.dll" adapterTypeName="executor://nunit3testexecutor/" className="COA.CodeSearch.McpServer.Tests.Tools.SymbolSearchToolTests" name="ExecuteAsync_EmptySymbolName_ReturnsError" />
    </UnitTest>
    <UnitTest name="TypeExtractionService_Should_Handle_Empty_Content" storage="c:\source\coa codesearch mcp\coa.codesearch.mcpserver.tests\bin\debug\net9.0\coa.codesearch.mcpserver.tests.dll" id="55b7a186-6ad6-9eb4-c4dc-5206eb7b0fe3">
      <Execution id="0181ebac-6704-4e00-89da-85d544473656" />
      <TestMethod codeBase="C:\source\COA CodeSearch MCP\COA.CodeSearch.McpServer.Tests\bin\Debug\net9.0\COA.CodeSearch.McpServer.Tests.dll" adapterTypeName="executor://nunit3testexecutor/" className="COA.CodeSearch.McpServer.Tests.Services.TypeExtraction.MinimalTypeExtractionTest" name="TypeExtractionService_Should_Handle_Empty_Content" />
    </UnitTest>
    <UnitTest name="CalculateConfidence_WithMultiLineComment_ShouldHavePenalty" storage="c:\source\coa codesearch mcp\coa.codesearch.mcpserver.tests\bin\debug\net9.0\coa.codesearch.mcpserver.tests.dll" id="a3dd116a-32ea-3da7-9f78-87baa5939597">
      <Execution id="8a515df0-3cc8-46d5-9930-dafeef355676" />
      <TestMethod codeBase="C:\source\COA CodeSearch MCP\COA.CodeSearch.McpServer.Tests\bin\Debug\net9.0\COA.CodeSearch.McpServer.Tests.dll" adapterTypeName="executor://nunit3testexecutor/" className="COA.CodeSearch.McpServer.Tests.Services.ConfidenceCalculatorServiceTests" name="CalculateConfidence_WithMultiLineComment_ShouldHavePenalty" />
    </UnitTest>
    <UnitTest name="DirectoryExists_Should_Handle_Null_Path" storage="c:\source\coa codesearch mcp\coa.codesearch.mcpserver.tests\bin\debug\net9.0\coa.codesearch.mcpserver.tests.dll" id="33547af0-d15f-7425-cd54-54e1bcc21ab6">
      <Execution id="efd438fd-6f5b-4d5d-ad2c-975736ab4196" />
      <TestMethod codeBase="C:\source\COA CodeSearch MCP\COA.CodeSearch.McpServer.Tests\bin\Debug\net9.0\COA.CodeSearch.McpServer.Tests.dll" adapterTypeName="executor://nunit3testexecutor/" className="COA.CodeSearch.McpServer.Tests.Services.PathResolutionServiceTests" name="DirectoryExists_Should_Handle_Null_Path" />
    </UnitTest>
    <UnitTest name="ExecuteAsync_StartLineGreaterThanEndLine_ReturnsError" storage="c:\source\coa codesearch mcp\coa.codesearch.mcpserver.tests\bin\debug\net9.0\coa.codesearch.mcpserver.tests.dll" id="9c0b05bf-f5e7-7c8d-2fb8-c8f6375a2eb1">
      <Execution id="9d5ca14e-a01a-4c6c-8f15-d04ccc9276b0" />
      <TestMethod codeBase="C:\source\COA CodeSearch MCP\COA.CodeSearch.McpServer.Tests\bin\Debug\net9.0\COA.CodeSearch.McpServer.Tests.dll" adapterTypeName="executor://nunit3testexecutor/" className="COA.CodeSearch.McpServer.Tests.Tools.DeleteLinesToolTests" name="ExecuteAsync_StartLineGreaterThanEndLine_ReturnsError" />
    </UnitTest>
    <UnitTest name="CalculateConfidence_WithFieldDefinition_ShouldReturnHighConfidence" storage="c:\source\coa codesearch mcp\coa.codesearch.mcpserver.tests\bin\debug\net9.0\coa.codesearch.mcpserver.tests.dll" id="cb77d9ca-7498-f7ac-1878-23baa5d37d3c">
      <Execution id="b589c9f2-a15e-4414-8a09-2075d3795eb5" />
      <TestMethod codeBase="C:\source\COA CodeSearch MCP\COA.CodeSearch.McpServer.Tests\bin\Debug\net9.0\COA.CodeSearch.McpServer.Tests.dll" adapterTypeName="executor://nunit3testexecutor/" className="COA.CodeSearch.McpServer.Tests.Services.ConfidenceCalculatorServiceTests" name="CalculateConfidence_WithFieldDefinition_ShouldReturnHighConfidence" />
    </UnitTest>
    <UnitTest name="ExecuteAsync_ValidSymbolName_ReturnsReferences" storage="c:\source\coa codesearch mcp\coa.codesearch.mcpserver.tests\bin\debug\net9.0\coa.codesearch.mcpserver.tests.dll" id="94fe149f-c924-a2f8-62a2-d566a776459a">
      <Execution id="efa3e78f-4f1e-4dba-a414-d30b35d14d26" />
      <TestMethod codeBase="C:\source\COA CodeSearch MCP\COA.CodeSearch.McpServer.Tests\bin\Debug\net9.0\COA.CodeSearch.McpServer.Tests.dll" adapterTypeName="executor://nunit3testexecutor/" className="COA.CodeSearch.McpServer.Tests.Tools.FindReferencesToolTests" name="ExecuteAsync_ValidSymbolName_ReturnsReferences" />
    </UnitTest>
    <UnitTest name="Tool_Should_Have_Correct_Metadata" storage="c:\source\coa codesearch mcp\coa.codesearch.mcpserver.tests\bin\debug\net9.0\coa.codesearch.mcpserver.tests.dll" id="e830c9a2-0b7d-76d9-0434-a7ec37a581fc">
      <Execution id="b032dff6-2aea-4e55-bb3c-64764483c490" />
      <TestMethod codeBase="C:\source\COA CodeSearch MCP\COA.CodeSearch.McpServer.Tests\bin\Debug\net9.0\COA.CodeSearch.McpServer.Tests.dll" adapterTypeName="executor://nunit3testexecutor/" className="COA.CodeSearch.McpServer.Tests.Tools.RecentFilesToolTests" name="Tool_Should_Have_Correct_Metadata" />
    </UnitTest>
    <UnitTest name="ExecuteAsync_EdgeCaseIndentation_HandlesTabsAndSpaces" storage="c:\source\coa codesearch mcp\coa.codesearch.mcpserver.tests\bin\debug\net9.0\coa.codesearch.mcpserver.tests.dll" id="e2d9e28b-1238-7e2e-962d-cfac413c8263">
      <Execution id="1b678388-4e14-4182-b51e-e5fe877f0d73" />
      <TestMethod codeBase="C:\source\COA CodeSearch MCP\COA.CodeSearch.McpServer.Tests\bin\Debug\net9.0\COA.CodeSearch.McpServer.Tests.dll" adapterTypeName="executor://nunit3testexecutor/" className="COA.CodeSearch.McpServer.Tests.Tools.ReplaceLinesToolTests" name="ExecuteAsync_EdgeCaseIndentation_HandlesTabsAndSpaces" />
    </UnitTest>
    <UnitTest name="ExecuteAsync_Should_Store_Metadata_Multiple_Times_During_Workflow" storage="c:\source\coa codesearch mcp\coa.codesearch.mcpserver.tests\bin\debug\net9.0\coa.codesearch.mcpserver.tests.dll" id="12902737-c6bb-b696-0484-0e60b86be4a0">
      <Execution id="713bcb57-e44f-47ae-b8e6-896a9b9aad9c" />
      <TestMethod codeBase="C:\source\COA CodeSearch MCP\COA.CodeSearch.McpServer.Tests\bin\Debug\net9.0\COA.CodeSearch.McpServer.Tests.dll" adapterTypeName="executor://nunit3testexecutor/" className="COA.CodeSearch.McpServer.Tests.Tools.IndexWorkspaceToolTests" name="ExecuteAsync_Should_Store_Metadata_Multiple_Times_During_Workflow" />
    </UnitTest>
    <UnitTest name="ExecuteAsync_DeleteLastLine_WorksCorrectly" storage="c:\source\coa codesearch mcp\coa.codesearch.mcpserver.tests\bin\debug\net9.0\coa.codesearch.mcpserver.tests.dll" id="ce06ba38-12e2-bfe6-fb43-78086f861f86">
      <Execution id="6038e0cd-a70c-4576-aeef-8034a4fb5f97" />
      <TestMethod codeBase="C:\source\COA CodeSearch MCP\COA.CodeSearch.McpServer.Tests\bin\Debug\net9.0\COA.CodeSearch.McpServer.Tests.dll" adapterTypeName="executor://nunit3testexecutor/" className="COA.CodeSearch.McpServer.Tests.Tools.DeleteLinesToolTests" name="ExecuteAsync_DeleteLastLine_WorksCorrectly" />
    </UnitTest>
    <UnitTest name="Description_ShouldContainGrepReferenceAndFeatures" storage="c:\source\coa codesearch mcp\coa.codesearch.mcpserver.tests\bin\debug\net9.0\coa.codesearch.mcpserver.tests.dll" id="30f15154-697f-538f-2c16-1d6308409c87">
      <Execution id="49cc656b-dba2-49e3-9d23-2e30d44f3b4a" />
      <TestMethod codeBase="C:\source\COA CodeSearch MCP\COA.CodeSearch.McpServer.Tests\bin\Debug\net9.0\COA.CodeSearch.McpServer.Tests.dll" adapterTypeName="executor://nunit3testexecutor/" className="COA.CodeSearch.McpServer.Tests.Tools.LineSearchToolTests" name="Description_ShouldContainGrepReferenceAndFeatures" />
    </UnitTest>
    <UnitTest name="NonNullableField_ResponseModels_ProperlyInitialized" storage="c:\source\coa codesearch mcp\coa.codesearch.mcpserver.tests\bin\debug\net9.0\coa.codesearch.mcpserver.tests.dll" id="14486798-a952-d07f-4588-3340efe4b5a4">
      <Execution id="13ffbab8-d688-4f36-870b-9595c222c610" />
      <TestMethod codeBase="C:\source\COA CodeSearch MCP\COA.CodeSearch.McpServer.Tests\bin\Debug\net9.0\COA.CodeSearch.McpServer.Tests.dll" adapterTypeName="executor://nunit3testexecutor/" className="COA.CodeSearch.McpServer.Tests.NullableReferenceValidationTests" name="NonNullableField_ResponseModels_ProperlyInitialized" />
    </UnitTest>
    <UnitTest name="ExecuteAsync_Should_Handle_Indexing_Failure" storage="c:\source\coa codesearch mcp\coa.codesearch.mcpserver.tests\bin\debug\net9.0\coa.codesearch.mcpserver.tests.dll" id="a7c88a6a-fde8-12e9-433b-e91055519590">
      <Execution id="c87aa679-0f0c-4863-9a9c-7a1ecac2bb84" />
      <TestMethod codeBase="C:\source\COA CodeSearch MCP\COA.CodeSearch.McpServer.Tests\bin\Debug\net9.0\COA.CodeSearch.McpServer.Tests.dll" adapterTypeName="executor://nunit3testexecutor/" className="COA.CodeSearch.McpServer.Tests.Tools.IndexWorkspaceToolTests" name="ExecuteAsync_Should_Handle_Indexing_Failure" />
    </UnitTest>
    <UnitTest name="Category_ReturnsCorrectValue" storage="c:\source\coa codesearch mcp\coa.codesearch.mcpserver.tests\bin\debug\net9.0\coa.codesearch.mcpserver.tests.dll" id="029ccf19-f030-341f-6553-1dc734c38a1d">
      <Execution id="85578c2e-657b-4712-8bb8-c9b97277bc0c" />
      <TestMethod codeBase="C:\source\COA CodeSearch MCP\COA.CodeSearch.McpServer.Tests\bin\Debug\net9.0\COA.CodeSearch.McpServer.Tests.dll" adapterTypeName="executor://nunit3testexecutor/" className="COA.CodeSearch.McpServer.Tests.Tools.DeleteLinesToolTests" name="Category_ReturnsCorrectValue" />
    </UnitTest>
    <UnitTest name="IntegrationTest_FileOperations_SafeNullHandling" storage="c:\source\coa codesearch mcp\coa.codesearch.mcpserver.tests\bin\debug\net9.0\coa.codesearch.mcpserver.tests.dll" id="ca885716-fd01-6799-df3f-dfe8148df324">
      <Execution id="c1445e2b-0682-4c23-888e-716ced007b3c" />
      <TestMethod codeBase="C:\source\COA CodeSearch MCP\COA.CodeSearch.McpServer.Tests\bin\Debug\net9.0\COA.CodeSearch.McpServer.Tests.dll" adapterTypeName="executor://nunit3testexecutor/" className="COA.CodeSearch.McpServer.Tests.NullableReferenceValidationTests" name="IntegrationTest_FileOperations_SafeNullHandling" />
    </UnitTest>
    <UnitTest name="Description_ContainsKeyPhrases" storage="c:\source\coa codesearch mcp\coa.codesearch.mcpserver.tests\bin\debug\net9.0\coa.codesearch.mcpserver.tests.dll" id="ea2ecd82-8e48-b7ef-0d3e-d585ac8573df">
      <Execution id="e4fb5e92-4876-4c91-bf18-fb99cbe1d84b" />
      <TestMethod codeBase="C:\source\COA CodeSearch MCP\COA.CodeSearch.McpServer.Tests\bin\Debug\net9.0\COA.CodeSearch.McpServer.Tests.dll" adapterTypeName="executor://nunit3testexecutor/" className="COA.CodeSearch.McpServer.Tests.Tools.DeleteLinesToolTests" name="Description_ContainsKeyPhrases" />
    </UnitTest>
    <UnitTest name="TypeContext_ShouldAlwaysBePopulated_ForTypeQueries" storage="c:\source\coa codesearch mcp\coa.codesearch.mcpserver.tests\bin\debug\net9.0\coa.codesearch.mcpserver.tests.dll" id="c6bc7d85-8cf8-1fb5-051c-aa2eedea7cd6">
      <Execution id="a521d001-5e3e-4472-b9ef-e9c559e350c9" />
      <TestMethod codeBase="C:\source\COA CodeSearch MCP\COA.CodeSearch.McpServer.Tests\bin\Debug\net9.0\COA.CodeSearch.McpServer.Tests.dll" adapterTypeName="executor://nunit3testexecutor/" className="COA.CodeSearch.McpServer.Tests.Tools.TextSearchToolTests" name="TypeContext_ShouldAlwaysBePopulated_ForTypeQueries" />
    </UnitTest>
    <UnitTest name="ExecuteAsync_Should_Validate_Required_Parameters" storage="c:\source\coa codesearch mcp\coa.codesearch.mcpserver.tests\bin\debug\net9.0\coa.codesearch.mcpserver.tests.dll" id="75df59d1-a393-9e0d-ba4a-bb2ffc775a87">
      <Execution id="a630d1d3-5f1d-409f-960c-6e4993ae8675" />
      <TestMethod codeBase="C:\source\COA CodeSearch MCP\COA.CodeSearch.McpServer.Tests\bin\Debug\net9.0\COA.CodeSearch.McpServer.Tests.dll" adapterTypeName="executor://nunit3testexecutor/" className="COA.CodeSearch.McpServer.Tests.Tools.TextSearchToolTests" name="ExecuteAsync_Should_Validate_Required_Parameters" />
    </UnitTest>
    <UnitTest name="ExecuteAsync_Should_Use_Existing_Index_When_Not_Force_Rebuild" storage="c:\source\coa codesearch mcp\coa.codesearch.mcpserver.tests\bin\debug\net9.0\coa.codesearch.mcpserver.tests.dll" id="14ab1410-34c7-ceec-2e9f-26dfa0408cb6">
      <Execution id="7461cd5c-0f2d-46b8-be92-16cea607799b" />
      <TestMethod codeBase="C:\source\COA CodeSearch MCP\COA.CodeSearch.McpServer.Tests\bin\Debug\net9.0\COA.CodeSearch.McpServer.Tests.dll" adapterTypeName="executor://nunit3testexecutor/" className="COA.CodeSearch.McpServer.Tests.Tools.IndexWorkspaceToolTests" name="ExecuteAsync_Should_Use_Existing_Index_When_Not_Force_Rebuild" />
    </UnitTest>
    <UnitTest name="TestGlobPatternMatching" storage="c:\source\coa codesearch mcp\coa.codesearch.mcpserver.tests\bin\debug\net9.0\coa.codesearch.mcpserver.tests.dll" id="1db6a257-3d49-dc8a-db0e-7d6b298bc39e">
      <Execution id="9ad1134c-882b-4405-bd36-67c959b7dd9c" />
      <TestMethod codeBase="C:\source\COA CodeSearch MCP\COA.CodeSearch.McpServer.Tests\bin\Debug\net9.0\COA.CodeSearch.McpServer.Tests.dll" adapterTypeName="executor://nunit3testexecutor/" className="COA.CodeSearch.McpServer.Tests.Tools.DirectorySearchToolTests" name="TestGlobPatternMatching" />
    </UnitTest>
    <UnitTest name="ExecuteAsync_Should_Return_Error_When_Workspace_Not_Indexed" storage="c:\source\coa codesearch mcp\coa.codesearch.mcpserver.tests\bin\debug\net9.0\coa.codesearch.mcpserver.tests.dll" id="3c754275-dd5c-c5a1-00ea-c44d22195e34">
      <Execution id="a4e4dc9f-2594-4877-9781-6599620508d9" />
      <TestMethod codeBase="C:\source\COA CodeSearch MCP\COA.CodeSearch.McpServer.Tests\bin\Debug\net9.0\COA.CodeSearch.McpServer.Tests.dll" adapterTypeName="executor://nunit3testexecutor/" className="COA.CodeSearch.McpServer.Tests.Tools.FileSearchToolTests" name="ExecuteAsync_Should_Return_Error_When_Workspace_Not_Indexed" />
    </UnitTest>
    <UnitTest name="NullableCollections_SafeEnumeration_NoWarnings" storage="c:\source\coa codesearch mcp\coa.codesearch.mcpserver.tests\bin\debug\net9.0\coa.codesearch.mcpserver.tests.dll" id="bb3e078b-d385-fc3c-7d6f-238b06f1ba0d">
      <Execution id="4edccc47-2eaf-4e8b-9cd6-591ccad929a7" />
      <TestMethod codeBase="C:\source\COA CodeSearch MCP\COA.CodeSearch.McpServer.Tests\bin\Debug\net9.0\COA.CodeSearch.McpServer.Tests.dll" adapterTypeName="executor://nunit3testexecutor/" className="COA.CodeSearch.McpServer.Tests.SimpleWarningValidationTests" name="NullableCollections_SafeEnumeration_NoWarnings" />
    </UnitTest>
    <UnitTest name="ExecuteAsync_Should_Store_Full_Results_When_Truncated" storage="c:\source\coa codesearch mcp\coa.codesearch.mcpserver.tests\bin\debug\net9.0\coa.codesearch.mcpserver.tests.dll" id="b64cf354-e98d-fe23-aa89-f2a43d219dd8">
      <Execution id="3395bf1c-32e6-48d6-ae4b-5ef3061b4f5e" />
      <TestMethod codeBase="C:\source\COA CodeSearch MCP\COA.CodeSearch.McpServer.Tests\bin\Debug\net9.0\COA.CodeSearch.McpServer.Tests.dll" adapterTypeName="executor://nunit3testexecutor/" className="COA.CodeSearch.McpServer.Tests.Tools.TextSearchToolTests" name="ExecuteAsync_Should_Store_Full_Results_When_Truncated" />
    </UnitTest>
    <UnitTest name="ValidateAndResolvePath_NonExistentFile_ThrowsFileNotFoundException" storage="c:\source\coa codesearch mcp\coa.codesearch.mcpserver.tests\bin\debug\net9.0\coa.codesearch.mcpserver.tests.dll" id="24c63ba4-752f-fc12-fcd8-0ffd81cc4305">
      <Execution id="c536072e-cb7f-4632-b41a-b8857223ab28" />
      <TestMethod codeBase="C:\source\COA CodeSearch MCP\COA.CodeSearch.McpServer.Tests\bin\Debug\net9.0\COA.CodeSearch.McpServer.Tests.dll" adapterTypeName="executor://nunit3testexecutor/" className="COA.CodeSearch.McpServer.Tests.Services.FileLineUtilitiesTests" name="ValidateAndResolvePath_NonExistentFile_ThrowsFileNotFoundException" />
    </UnitTest>
    <UnitTest name="EnumerateFiles_Should_Filter_By_Pattern" storage="c:\source\coa codesearch mcp\coa.codesearch.mcpserver.tests\bin\debug\net9.0\coa.codesearch.mcpserver.tests.dll" id="30d51d7b-593c-8954-727d-42d42ac93e2d">
      <Execution id="49d186b9-31d3-4257-9f35-0364ae9c43d5" />
      <TestMethod codeBase="C:\source\COA CodeSearch MCP\COA.CodeSearch.McpServer.Tests\bin\Debug\net9.0\COA.CodeSearch.McpServer.Tests.dll" adapterTypeName="executor://nunit3testexecutor/" className="COA.CodeSearch.McpServer.Tests.Services.PathResolutionServiceTests" name="EnumerateFiles_Should_Filter_By_Pattern" />
    </UnitTest>
    <UnitTest name="CalculateConfidence_WithPartialMatch_ShouldReturnLowConfidence" storage="c:\source\coa codesearch mcp\coa.codesearch.mcpserver.tests\bin\debug\net9.0\coa.codesearch.mcpserver.tests.dll" id="824d46d8-3bb8-ccc9-bd77-9559d8eb8b6f">
      <Execution id="b7f533a4-b71f-46a4-ae04-aa533e682565" />
      <TestMethod codeBase="C:\source\COA CodeSearch MCP\COA.CodeSearch.McpServer.Tests\bin\Debug\net9.0\COA.CodeSearch.McpServer.Tests.dll" adapterTypeName="executor://nunit3testexecutor/" className="COA.CodeSearch.McpServer.Tests.Services.ConfidenceCalculatorServiceTests" name="CalculateConfidence_WithPartialMatch_ShouldReturnLowConfidence" />
    </UnitTest>
    <UnitTest name="Tool_Should_Have_Correct_Metadata" storage="c:\source\coa codesearch mcp\coa.codesearch.mcpserver.tests\bin\debug\net9.0\coa.codesearch.mcpserver.tests.dll" id="de474172-f53b-37d4-a0d9-58e31ba08c58">
      <Execution id="d7a15537-777d-41c9-acd9-d376aaef3e14" />
      <TestMethod codeBase="C:\source\COA CodeSearch MCP\COA.CodeSearch.McpServer.Tests\bin\Debug\net9.0\COA.CodeSearch.McpServer.Tests.dll" adapterTypeName="executor://nunit3testexecutor/" className="COA.CodeSearch.McpServer.Tests.Tools.DirectorySearchToolTests" name="Tool_Should_Have_Correct_Metadata" />
    </UnitTest>
    <UnitTest name="AsyncPatterns_ProperUsage_NoWarnings" storage="c:\source\coa codesearch mcp\coa.codesearch.mcpserver.tests\bin\debug\net9.0\coa.codesearch.mcpserver.tests.dll" id="5d84348a-4728-f743-fb4d-aa4f4b1cd017">
      <Execution id="fd0a5c32-4c77-4e85-a5e1-939156628a7d" />
      <TestMethod codeBase="C:\source\COA CodeSearch MCP\COA.CodeSearch.McpServer.Tests\bin\Debug\net9.0\COA.CodeSearch.McpServer.Tests.dll" adapterTypeName="executor://nunit3testexecutor/" className="COA.CodeSearch.McpServer.Tests.SimpleWarningValidationTests" name="AsyncPatterns_ProperUsage_NoWarnings" />
    </UnitTest>
    <UnitTest name="Description_ShouldContainKeyFeatures" storage="c:\source\coa codesearch mcp\coa.codesearch.mcpserver.tests\bin\debug\net9.0\coa.codesearch.mcpserver.tests.dll" id="114fc7b6-e37e-0cd8-a271-1b0f6918971f">
      <Execution id="5807c446-985f-4d9c-b23a-06bb4e22db1c" />
      <TestMethod codeBase="C:\source\COA CodeSearch MCP\COA.CodeSearch.McpServer.Tests\bin\Debug\net9.0\COA.CodeSearch.McpServer.Tests.dll" adapterTypeName="executor://nunit3testexecutor/" className="COA.CodeSearch.McpServer.Tests.Tools.SearchAndReplaceToolTests" name="Description_ShouldContainKeyFeatures" />
    </UnitTest>
    <UnitTest name="ExecuteAsync_DeleteFirstLine_WorksCorrectly" storage="c:\source\coa codesearch mcp\coa.codesearch.mcpserver.tests\bin\debug\net9.0\coa.codesearch.mcpserver.tests.dll" id="96ed2a8c-630c-0612-03fb-0814a1a0e6e9">
      <Execution id="b99d1bef-bc90-4246-abf6-5f914d3ab969" />
      <TestMethod codeBase="C:\source\COA CodeSearch MCP\COA.CodeSearch.McpServer.Tests\bin\Debug\net9.0\COA.CodeSearch.McpServer.Tests.dll" adapterTypeName="executor://nunit3testexecutor/" className="COA.CodeSearch.McpServer.Tests.Tools.DeleteLinesToolTests" name="ExecuteAsync_DeleteFirstLine_WorksCorrectly" />
    </UnitTest>
    <UnitTest name="ExecuteAsync_ValidFilePath_ReturnsSimilarFiles" storage="c:\source\coa codesearch mcp\coa.codesearch.mcpserver.tests\bin\debug\net9.0\coa.codesearch.mcpserver.tests.dll" id="77d07cd0-babe-a442-f286-fa3ce5a4f058">
      <Execution id="4ab01ca6-57b1-4a65-a73a-b2b932b9a36c" />
      <TestMethod codeBase="C:\source\COA CodeSearch MCP\COA.CodeSearch.McpServer.Tests\bin\Debug\net9.0\COA.CodeSearch.McpServer.Tests.dll" adapterTypeName="executor://nunit3testexecutor/" className="COA.CodeSearch.McpServer.Tests.Tools.SimilarFilesToolTests" name="ExecuteAsync_ValidFilePath_ReturnsSimilarFiles" />
    </UnitTest>
    <UnitTest name="ExecuteAsync_GroupByFileEnabled_GroupsResultsByFile" storage="c:\source\coa codesearch mcp\coa.codesearch.mcpserver.tests\bin\debug\net9.0\coa.codesearch.mcpserver.tests.dll" id="6231a3f1-7b08-83ec-5532-335dc2b26f1d">
      <Execution id="ed90156c-0b63-4159-9f47-26f71d5c73d8" />
      <TestMethod codeBase="C:\source\COA CodeSearch MCP\COA.CodeSearch.McpServer.Tests\bin\Debug\net9.0\COA.CodeSearch.McpServer.Tests.dll" adapterTypeName="executor://nunit3testexecutor/" className="COA.CodeSearch.McpServer.Tests.Tools.FindReferencesToolTests" name="ExecuteAsync_GroupByFileEnabled_GroupsResultsByFile" />
    </UnitTest>
    <UnitTest name="ExecuteAsync_ContextLines_GeneratesCorrectContext" storage="c:\source\coa codesearch mcp\coa.codesearch.mcpserver.tests\bin\debug\net9.0\coa.codesearch.mcpserver.tests.dll" id="3fc4b763-9eae-1855-70e7-3bae1764f8be">
      <Execution id="253042e9-c280-49a8-b206-fcf35a74b0fa" />
      <TestMethod codeBase="C:\source\COA CodeSearch MCP\COA.CodeSearch.McpServer.Tests\bin\Debug\net9.0\COA.CodeSearch.McpServer.Tests.dll" adapterTypeName="executor://nunit3testexecutor/" className="COA.CodeSearch.McpServer.Tests.Tools.ReplaceLinesToolTests" name="ExecuteAsync_ContextLines_GeneratesCorrectContext" />
    </UnitTest>
    <UnitTest name="ExecuteAsync_Should_Parse_TimeFrame_Correctly(&quot;1w&quot;,7)" storage="c:\source\coa codesearch mcp\coa.codesearch.mcpserver.tests\bin\debug\net9.0\coa.codesearch.mcpserver.tests.dll" id="f08f1d24-ac21-aabb-874f-af933b9dc232">
      <Execution id="40e1a530-9a33-46d5-9ab2-ba4505b41776" />
      <TestMethod codeBase="C:\source\COA CodeSearch MCP\COA.CodeSearch.McpServer.Tests\bin\Debug\net9.0\COA.CodeSearch.McpServer.Tests.dll" adapterTypeName="executor://nunit3testexecutor/" className="COA.CodeSearch.McpServer.Tests.Tools.RecentFilesToolTests" name="ExecuteAsync_Should_Parse_TimeFrame_Correctly(&quot;1w&quot;,7)" />
    </UnitTest>
    <UnitTest name="ExecuteAsync_ValidSymbolName_ReturnsSymbolResults" storage="c:\source\coa codesearch mcp\coa.codesearch.mcpserver.tests\bin\debug\net9.0\coa.codesearch.mcpserver.tests.dll" id="8c8ea10f-836e-2969-cff2-cf17dcfad09d">
      <Execution id="1e33787d-a4fa-4e65-9fa8-e5212516cd72" />
      <TestMethod codeBase="C:\source\COA CodeSearch MCP\COA.CodeSearch.McpServer.Tests\bin\Debug\net9.0\COA.CodeSearch.McpServer.Tests.dll" adapterTypeName="executor://nunit3testexecutor/" className="COA.CodeSearch.McpServer.Tests.Tools.SymbolSearchToolTests" name="ExecuteAsync_ValidSymbolName_ReturnsSymbolResults" />
    </UnitTest>
    <UnitTest name="ExecuteAsync_RegexPattern_HandlesRegex" storage="c:\source\coa codesearch mcp\coa.codesearch.mcpserver.tests\bin\debug\net9.0\coa.codesearch.mcpserver.tests.dll" id="09cea5f4-f732-1d4e-9bb2-954f155f4594">
      <Execution id="d7f44e3c-26bf-4975-87e8-289fb54919ec" />
      <TestMethod codeBase="C:\source\COA CodeSearch MCP\COA.CodeSearch.McpServer.Tests\bin\Debug\net9.0\COA.CodeSearch.McpServer.Tests.dll" adapterTypeName="executor://nunit3testexecutor/" className="COA.CodeSearch.McpServer.Tests.Tools.SearchAndReplaceToolTests" name="ExecuteAsync_RegexPattern_HandlesRegex" />
    </UnitTest>
    <UnitTest name="ExecuteAsync_IndexNotFound_ReturnsError" storage="c:\source\coa codesearch mcp\coa.codesearch.mcpserver.tests\bin\debug\net9.0\coa.codesearch.mcpserver.tests.dll" id="2266f8d1-c07a-4157-2a09-e13f5a3ebdf9">
      <Execution id="814ab1fb-ade1-400c-b9f4-2f7fcea6e87e" />
      <TestMethod codeBase="C:\source\COA CodeSearch MCP\COA.CodeSearch.McpServer.Tests\bin\Debug\net9.0\COA.CodeSearch.McpServer.Tests.dll" adapterTypeName="executor://nunit3testexecutor/" className="COA.CodeSearch.McpServer.Tests.Tools.LineSearchToolTests" name="ExecuteAsync_IndexNotFound_ReturnsError" />
    </UnitTest>
    <UnitTest name="FileSystemOperations_NullSafePatterns_NoWarnings" storage="c:\source\coa codesearch mcp\coa.codesearch.mcpserver.tests\bin\debug\net9.0\coa.codesearch.mcpserver.tests.dll" id="822d575c-063c-8256-e5c3-5aaf7cd9adad">
      <Execution id="ae55a312-8a8b-44bf-b2a3-f9c9000fcc4c" />
      <TestMethod codeBase="C:\source\COA CodeSearch MCP\COA.CodeSearch.McpServer.Tests\bin\Debug\net9.0\COA.CodeSearch.McpServer.Tests.dll" adapterTypeName="executor://nunit3testexecutor/" className="COA.CodeSearch.McpServer.Tests.SimpleWarningValidationTests" name="FileSystemOperations_NullSafePatterns_NoWarnings" />
    </UnitTest>
    <UnitTest name="ExecuteAsync_Should_Return_Error_When_Workspace_Not_Indexed" storage="c:\source\coa codesearch mcp\coa.codesearch.mcpserver.tests\bin\debug\net9.0\coa.codesearch.mcpserver.tests.dll" id="0ee4eb4b-6b53-160e-fd6e-13587febf415">
      <Execution id="2da6652d-231d-4513-b74e-705409df5b92" />
      <TestMethod codeBase="C:\source\COA CodeSearch MCP\COA.CodeSearch.McpServer.Tests\bin\Debug\net9.0\COA.CodeSearch.McpServer.Tests.dll" adapterTypeName="executor://nunit3testexecutor/" className="COA.CodeSearch.McpServer.Tests.Tools.RecentFilesToolTests" name="ExecuteAsync_Should_Return_Error_When_Workspace_Not_Indexed" />
    </UnitTest>
    <UnitTest name="TypeExtractionService_Should_Initialize" storage="c:\source\coa codesearch mcp\coa.codesearch.mcpserver.tests\bin\debug\net9.0\coa.codesearch.mcpserver.tests.dll" id="3eedc53e-4c04-cdaa-3c90-7824bfce322c">
      <Execution id="06797950-64d6-44d6-9aff-45124c1acd43" />
      <TestMethod codeBase="C:\source\COA CodeSearch MCP\COA.CodeSearch.McpServer.Tests\bin\Debug\net9.0\COA.CodeSearch.McpServer.Tests.dll" adapterTypeName="executor://nunit3testexecutor/" className="COA.CodeSearch.McpServer.Tests.Services.TypeExtraction.MinimalTypeExtractionTest" name="TypeExtractionService_Should_Initialize" />
    </UnitTest>
    <UnitTest name="ExecuteAsync_Should_Find_Files_Matching_Regex_Pattern" storage="c:\source\coa codesearch mcp\coa.codesearch.mcpserver.tests\bin\debug\net9.0\coa.codesearch.mcpserver.tests.dll" id="ff27a340-2752-6234-dd37-911015eaa47b">
      <Execution id="d88aab44-742f-45f9-a232-060287b0a2d2" />
      <TestMethod codeBase="C:\source\COA CodeSearch MCP\COA.CodeSearch.McpServer.Tests\bin\Debug\net9.0\COA.CodeSearch.McpServer.Tests.dll" adapterTypeName="executor://nunit3testexecutor/" className="COA.CodeSearch.McpServer.Tests.Tools.FileSearchToolTests" name="ExecuteAsync_Should_Find_Files_Matching_Regex_Pattern" />
    </UnitTest>
    <UnitTest name="CalculateConfidence_WithExactWordMatchCaseInsensitive_ShouldReturnHighConfidence" storage="c:\source\coa codesearch mcp\coa.codesearch.mcpserver.tests\bin\debug\net9.0\coa.codesearch.mcpserver.tests.dll" id="c6546776-bd84-4ce0-098d-51bfe2316ad8">
      <Execution id="c28ab6fa-e247-47d7-ac23-98c0458ad749" />
      <TestMethod codeBase="C:\source\COA CodeSearch MCP\COA.CodeSearch.McpServer.Tests\bin\Debug\net9.0\COA.CodeSearch.McpServer.Tests.dll" adapterTypeName="executor://nunit3testexecutor/" className="COA.CodeSearch.McpServer.Tests.Services.ConfidenceCalculatorServiceTests" name="CalculateConfidence_WithExactWordMatchCaseInsensitive_ShouldReturnHighConfidence" />
    </UnitTest>
    <UnitTest name="EnumerateDirectories_Should_Return_Subdirectories" storage="c:\source\coa codesearch mcp\coa.codesearch.mcpserver.tests\bin\debug\net9.0\coa.codesearch.mcpserver.tests.dll" id="15c48608-d196-d3c3-c14a-1ee4ed65a96b">
      <Execution id="ca375b1f-742d-4b2a-b9de-dccbf38dda84" />
      <TestMethod codeBase="C:\source\COA CodeSearch MCP\COA.CodeSearch.McpServer.Tests\bin\Debug\net9.0\COA.CodeSearch.McpServer.Tests.dll" adapterTypeName="executor://nunit3testexecutor/" className="COA.CodeSearch.McpServer.Tests.Services.PathResolutionServiceTests" name="EnumerateDirectories_Should_Return_Subdirectories" />
    </UnitTest>
    <UnitTest name="FileExists_Should_Return_False_For_NonExistent_File" storage="c:\source\coa codesearch mcp\coa.codesearch.mcpserver.tests\bin\debug\net9.0\coa.codesearch.mcpserver.tests.dll" id="dfd3a63c-e227-5332-c621-a8751babd1a4">
      <Execution id="60f7da11-4912-45a2-a8f2-33c4508c211f" />
      <TestMethod codeBase="C:\source\COA CodeSearch MCP\COA.CodeSearch.McpServer.Tests\bin\Debug\net9.0\COA.CodeSearch.McpServer.Tests.dll" adapterTypeName="executor://nunit3testexecutor/" className="COA.CodeSearch.McpServer.Tests.Services.PathResolutionServiceTests" name="FileExists_Should_Return_False_For_NonExistent_File" />
    </UnitTest>
    <UnitTest name="GetFullPath_Should_Handle_Relative_Path" storage="c:\source\coa codesearch mcp\coa.codesearch.mcpserver.tests\bin\debug\net9.0\coa.codesearch.mcpserver.tests.dll" id="9db8600d-9030-4fcc-0b7c-2880aaf6b24a">
      <Execution id="d9f82d5d-e1b4-46dc-9258-847ad3fe3462" />
      <TestMethod codeBase="C:\source\COA CodeSearch MCP\COA.CodeSearch.McpServer.Tests\bin\Debug\net9.0\COA.CodeSearch.McpServer.Tests.dll" adapterTypeName="executor://nunit3testexecutor/" className="COA.CodeSearch.McpServer.Tests.Services.PathResolutionServiceTests" name="GetFullPath_Should_Handle_Relative_Path" />
    </UnitTest>
    <UnitTest name="Constructor_ShouldInitializeRegexPatternsCorrectly" storage="c:\source\coa codesearch mcp\coa.codesearch.mcpserver.tests\bin\debug\net9.0\coa.codesearch.mcpserver.tests.dll" id="326eb41d-b5f5-53f1-0d6f-0f5d466bccc1">
      <Execution id="c95c6350-a48e-4354-b478-8c716a7dcf95" />
      <TestMethod codeBase="C:\source\COA CodeSearch MCP\COA.CodeSearch.McpServer.Tests\bin\Debug\net9.0\COA.CodeSearch.McpServer.Tests.dll" adapterTypeName="executor://nunit3testexecutor/" className="COA.CodeSearch.McpServer.Tests.Services.ConfidenceCalculatorServiceTests" name="Constructor_ShouldInitializeRegexPatternsCorrectly" />
    </UnitTest>
    <UnitTest name="CalculateConfidence_WithNullSymbolType_ShouldStillWork" storage="c:\source\coa codesearch mcp\coa.codesearch.mcpserver.tests\bin\debug\net9.0\coa.codesearch.mcpserver.tests.dll" id="2c558657-5185-db7a-ef86-89fb7d7353ae">
      <Execution id="0eba85f1-9d21-4dd5-b050-4ae97598cf2f" />
      <TestMethod codeBase="C:\source\COA CodeSearch MCP\COA.CodeSearch.McpServer.Tests\bin\Debug\net9.0\COA.CodeSearch.McpServer.Tests.dll" adapterTypeName="executor://nunit3testexecutor/" className="COA.CodeSearch.McpServer.Tests.Services.ConfidenceCalculatorServiceTests" name="CalculateConfidence_WithNullSymbolType_ShouldStillWork" />
    </UnitTest>
    <UnitTest name="BuildValidation_ProjectCompiles_WithoutWarnings" storage="c:\source\coa codesearch mcp\coa.codesearch.mcpserver.tests\bin\debug\net9.0\coa.codesearch.mcpserver.tests.dll" id="5942facf-bcc2-e09a-d3d5-3a9d91228a22">
      <Execution id="98d794d3-53ee-4319-be4e-f9869b1602c5" />
      <TestMethod codeBase="C:\source\COA CodeSearch MCP\COA.CodeSearch.McpServer.Tests\bin\Debug\net9.0\COA.CodeSearch.McpServer.Tests.dll" adapterTypeName="executor://nunit3testexecutor/" className="COA.CodeSearch.McpServer.Tests.BuildTimeWarningValidationTests" name="BuildValidation_ProjectCompiles_WithoutWarnings" />
    </UnitTest>
    <UnitTest name="Should_Extract_Method_Modifiers" storage="c:\source\coa codesearch mcp\coa.codesearch.mcpserver.tests\bin\debug\net9.0\coa.codesearch.mcpserver.tests.dll" id="d78b518d-d2f6-8423-c397-e55b87f3ea1e">
      <Execution id="75d209c2-b876-4ec1-b3c5-92895419c808" />
      <TestMethod codeBase="C:\source\COA CodeSearch MCP\COA.CodeSearch.McpServer.Tests\bin\Debug\net9.0\COA.CodeSearch.McpServer.Tests.dll" adapterTypeName="executor://nunit3testexecutor/" className="COA.CodeSearch.McpServer.Tests.Services.TypeExtraction.CSharpTypeExtractionTests" name="Should_Extract_Method_Modifiers" />
    </UnitTest>
    <UnitTest name="NullableDictionary_SafeOperations_NoWarnings" storage="c:\source\coa codesearch mcp\coa.codesearch.mcpserver.tests\bin\debug\net9.0\coa.codesearch.mcpserver.tests.dll" id="20bdfa7d-50f5-36be-b72b-d381bae27e03">
      <Execution id="c8171a52-1648-45cf-ab50-f1d70239d55b" />
      <TestMethod codeBase="C:\source\COA CodeSearch MCP\COA.CodeSearch.McpServer.Tests\bin\Debug\net9.0\COA.CodeSearch.McpServer.Tests.dll" adapterTypeName="executor://nunit3testexecutor/" className="COA.CodeSearch.McpServer.Tests.SimpleWarningValidationTests" name="NullableDictionary_SafeOperations_NoWarnings" />
    </UnitTest>
    <UnitTest name="ExecuteAsync_Should_Return_Recent_Files_When_Found" storage="c:\source\coa codesearch mcp\coa.codesearch.mcpserver.tests\bin\debug\net9.0\coa.codesearch.mcpserver.tests.dll" id="d975f63f-5e92-66d2-a4f7-4775138e65da">
      <Execution id="13d06000-2bfd-41d1-bc3b-4ceae8a68b4e" />
      <TestMethod codeBase="C:\source\COA CodeSearch MCP\COA.CodeSearch.McpServer.Tests\bin\Debug\net9.0\COA.CodeSearch.McpServer.Tests.dll" adapterTypeName="executor://nunit3testexecutor/" className="COA.CodeSearch.McpServer.Tests.Tools.RecentFilesToolTests" name="ExecuteAsync_Should_Return_Recent_Files_When_Found" />
    </UnitTest>
    <UnitTest name="ExecuteAsync_Should_Validate_Required_Parameters" storage="c:\source\coa codesearch mcp\coa.codesearch.mcpserver.tests\bin\debug\net9.0\coa.codesearch.mcpserver.tests.dll" id="366b5e3b-b844-6c31-0173-287d410b7439">
      <Execution id="d2c19b85-57c0-43f6-adb6-b4022d4059c2" />
      <TestMethod codeBase="C:\source\COA CodeSearch MCP\COA.CodeSearch.McpServer.Tests\bin\Debug\net9.0\COA.CodeSearch.McpServer.Tests.dll" adapterTypeName="executor://nunit3testexecutor/" className="COA.CodeSearch.McpServer.Tests.Tools.RecentFilesToolTests" name="ExecuteAsync_Should_Validate_Required_Parameters" />
    </UnitTest>
    <UnitTest name="EnsureDirectoryExists_Should_Handle_Existing_Directory" storage="c:\source\coa codesearch mcp\coa.codesearch.mcpserver.tests\bin\debug\net9.0\coa.codesearch.mcpserver.tests.dll" id="03e8a148-5228-142b-a5ab-9830c360b760">
      <Execution id="5d58e8b3-7461-4f0d-872d-29f7282eb4a5" />
      <TestMethod codeBase="C:\source\COA CodeSearch MCP\COA.CodeSearch.McpServer.Tests\bin\Debug\net9.0\COA.CodeSearch.McpServer.Tests.dll" adapterTypeName="executor://nunit3testexecutor/" className="COA.CodeSearch.McpServer.Tests.Services.PathResolutionServiceTests" name="EnsureDirectoryExists_Should_Handle_Existing_Directory" />
    </UnitTest>
    <UnitTest name="ExecuteAsync_Should_Parse_TimeFrame_Correctly(&quot;1h&quot;,0.04167d)" storage="c:\source\coa codesearch mcp\coa.codesearch.mcpserver.tests\bin\debug\net9.0\coa.codesearch.mcpserver.tests.dll" id="8c229d53-8022-24e1-a75b-9eebad5fcce6">
      <Execution id="6af9b19f-d3ba-46a2-bc97-861eef8df05e" />
      <TestMethod codeBase="C:\source\COA CodeSearch MCP\COA.CodeSearch.McpServer.Tests\bin\Debug\net9.0\COA.CodeSearch.McpServer.Tests.dll" adapterTypeName="executor://nunit3testexecutor/" className="COA.CodeSearch.McpServer.Tests.Tools.RecentFilesToolTests" name="ExecuteAsync_Should_Parse_TimeFrame_Correctly(&quot;1h&quot;,0.04167d)" />
    </UnitTest>
    <UnitTest name="DirectoryExists_Should_Return_True_For_Existing_Directory" storage="c:\source\coa codesearch mcp\coa.codesearch.mcpserver.tests\bin\debug\net9.0\coa.codesearch.mcpserver.tests.dll" id="de5e07f6-1dde-b49c-e0bc-431e4d1b4244">
      <Execution id="53d6b2e4-abd7-4c25-b0d6-a9dd9d4a1187" />
      <TestMethod codeBase="C:\source\COA CodeSearch MCP\COA.CodeSearch.McpServer.Tests\bin\Debug\net9.0\COA.CodeSearch.McpServer.Tests.dll" adapterTypeName="executor://nunit3testexecutor/" className="COA.CodeSearch.McpServer.Tests.Services.PathResolutionServiceTests" name="DirectoryExists_Should_Return_True_For_Existing_Directory" />
    </UnitTest>
    <UnitTest name="ExecuteAsync_Should_Include_Statistics_In_Response" storage="c:\source\coa codesearch mcp\coa.codesearch.mcpserver.tests\bin\debug\net9.0\coa.codesearch.mcpserver.tests.dll" id="a870daab-bd6c-368a-ec73-9dcd3316463b">
      <Execution id="6accf250-936e-41cc-88f5-9bdd71903a14" />
      <TestMethod codeBase="C:\source\COA CodeSearch MCP\COA.CodeSearch.McpServer.Tests\bin\Debug\net9.0\COA.CodeSearch.McpServer.Tests.dll" adapterTypeName="executor://nunit3testexecutor/" className="COA.CodeSearch.McpServer.Tests.Tools.IndexWorkspaceToolTests" name="ExecuteAsync_Should_Include_Statistics_In_Response" />
    </UnitTest>
    <UnitTest name="ExecuteAsync_WorkspaceNotFound_ReturnsError" storage="c:\source\coa codesearch mcp\coa.codesearch.mcpserver.tests\bin\debug\net9.0\coa.codesearch.mcpserver.tests.dll" id="15a72174-ebeb-2f2c-0cdd-551d10bb4ddc">
      <Execution id="c308f36b-1406-49d9-b193-b383372463a2" />
      <TestMethod codeBase="C:\source\COA CodeSearch MCP\COA.CodeSearch.McpServer.Tests\bin\Debug\net9.0\COA.CodeSearch.McpServer.Tests.dll" adapterTypeName="executor://nunit3testexecutor/" className="COA.CodeSearch.McpServer.Tests.Tools.SearchAndReplaceToolTests" name="ExecuteAsync_WorkspaceNotFound_ReturnsError" />
    </UnitTest>
    <UnitTest name="Category_ShouldBeQuery" storage="c:\source\coa codesearch mcp\coa.codesearch.mcpserver.tests\bin\debug\net9.0\coa.codesearch.mcpserver.tests.dll" id="8dfad606-9d2a-4a27-fd8d-4d2ee6f173aa">
      <Execution id="6c089993-e3e9-4977-9bc7-5304e31abca1" />
      <TestMethod codeBase="C:\source\COA CodeSearch MCP\COA.CodeSearch.McpServer.Tests\bin\Debug\net9.0\COA.CodeSearch.McpServer.Tests.dll" adapterTypeName="executor://nunit3testexecutor/" className="COA.CodeSearch.McpServer.Tests.Tools.SearchAndReplaceToolTests" name="Category_ShouldBeQuery" />
    </UnitTest>
    <UnitTest name="CalculateConfidence_WithEmptyMatchedLine_ShouldReturnZero" storage="c:\source\coa codesearch mcp\coa.codesearch.mcpserver.tests\bin\debug\net9.0\coa.codesearch.mcpserver.tests.dll" id="c3a7d5fa-2563-6d97-7b66-aea528fd14da">
      <Execution id="abf6a5e6-9b63-46af-9398-8b08b07cc343" />
      <TestMethod codeBase="C:\source\COA CodeSearch MCP\COA.CodeSearch.McpServer.Tests\bin\Debug\net9.0\COA.CodeSearch.McpServer.Tests.dll" adapterTypeName="executor://nunit3testexecutor/" className="COA.CodeSearch.McpServer.Tests.Services.ConfidenceCalculatorServiceTests" name="CalculateConfidence_WithEmptyMatchedLine_ShouldReturnZero" />
    </UnitTest>
    <UnitTest name="Should_Handle_Interface_Methods" storage="c:\source\coa codesearch mcp\coa.codesearch.mcpserver.tests\bin\debug\net9.0\coa.codesearch.mcpserver.tests.dll" id="630e9802-3830-6ab7-b2a2-da3bc6b08053">
      <Execution id="39819fd6-38ac-40b0-8a04-234da2e8a9a6" />
      <TestMethod codeBase="C:\source\COA CodeSearch MCP\COA.CodeSearch.McpServer.Tests\bin\Debug\net9.0\COA.CodeSearch.McpServer.Tests.dll" adapterTypeName="executor://nunit3testexecutor/" className="COA.CodeSearch.McpServer.Tests.Services.TypeExtraction.CSharpTypeExtractionTests" name="Should_Handle_Interface_Methods" />
    </UnitTest>
    <UnitTest name="ExecuteAsync_Should_Use_Adaptive_Response_Mode_By_Default" storage="c:\source\coa codesearch mcp\coa.codesearch.mcpserver.tests\bin\debug\net9.0\coa.codesearch.mcpserver.tests.dll" id="e9863060-8236-3957-3f02-267d82bbb4bb">
      <Execution id="49bc0108-ae60-46c3-b3ad-87c2846a5822" />
      <TestMethod codeBase="C:\source\COA CodeSearch MCP\COA.CodeSearch.McpServer.Tests\bin\Debug\net9.0\COA.CodeSearch.McpServer.Tests.dll" adapterTypeName="executor://nunit3testexecutor/" className="COA.CodeSearch.McpServer.Tests.Tools.TextSearchToolTests" name="ExecuteAsync_Should_Use_Adaptive_Response_Mode_By_Default" />
    </UnitTest>
    <UnitTest name="CalculateConfidence_RealWorldScenario_ClassDefinitionInCorrectFile" storage="c:\source\coa codesearch mcp\coa.codesearch.mcpserver.tests\bin\debug\net9.0\coa.codesearch.mcpserver.tests.dll" id="c92a5998-3d01-3c96-05bc-87d2f0b7510a">
      <Execution id="c9015c46-d66c-4073-8187-73a3608cfcba" />
      <TestMethod codeBase="C:\source\COA CodeSearch MCP\COA.CodeSearch.McpServer.Tests\bin\Debug\net9.0\COA.CodeSearch.McpServer.Tests.dll" adapterTypeName="executor://nunit3testexecutor/" className="COA.CodeSearch.McpServer.Tests.Services.ConfidenceCalculatorServiceTests" name="CalculateConfidence_RealWorldScenario_ClassDefinitionInCorrectFile" />
    </UnitTest>
    <UnitTest name="IntegrationTest_SearchHitProcessing_FullPipeline" storage="c:\source\coa codesearch mcp\coa.codesearch.mcpserver.tests\bin\debug\net9.0\coa.codesearch.mcpserver.tests.dll" id="21cde39f-b612-6ef0-0d36-40c508419484">
      <Execution id="2573530b-1f57-4eba-9bd7-84a282fd0041" />
      <TestMethod codeBase="C:\source\COA CodeSearch MCP\COA.CodeSearch.McpServer.Tests\bin\Debug\net9.0\COA.CodeSearch.McpServer.Tests.dll" adapterTypeName="executor://nunit3testexecutor/" className="COA.CodeSearch.McpServer.Tests.NullableReferenceValidationTests" name="IntegrationTest_SearchHitProcessing_FullPipeline" />
    </UnitTest>
    <UnitTest name="Name_ReturnsCorrectValue" storage="c:\source\coa codesearch mcp\coa.codesearch.mcpserver.tests\bin\debug\net9.0\coa.codesearch.mcpserver.tests.dll" id="1b3e9202-1469-5cbe-6f19-15b3f0a96209">
      <Execution id="ffefe2aa-4d0b-4ce5-b52f-0ff821d7855c" />
      <TestMethod codeBase="C:\source\COA CodeSearch MCP\COA.CodeSearch.McpServer.Tests\bin\Debug\net9.0\COA.CodeSearch.McpServer.Tests.dll" adapterTypeName="executor://nunit3testexecutor/" className="COA.CodeSearch.McpServer.Tests.Tools.DeleteLinesToolTests" name="Name_ReturnsCorrectValue" />
    </UnitTest>
    <UnitTest name="ExecuteAsync_PreviewMode_NoFilesModified" storage="c:\source\coa codesearch mcp\coa.codesearch.mcpserver.tests\bin\debug\net9.0\coa.codesearch.mcpserver.tests.dll" id="951faa32-bfb9-0f48-7dcf-8c4b81b70939">
      <Execution id="b910ed24-04f9-4d0a-a046-663023a41382" />
      <TestMethod codeBase="C:\source\COA CodeSearch MCP\COA.CodeSearch.McpServer.Tests\bin\Debug\net9.0\COA.CodeSearch.McpServer.Tests.dll" adapterTypeName="executor://nunit3testexecutor/" className="COA.CodeSearch.McpServer.Tests.Tools.SearchAndReplaceToolTests" name="ExecuteAsync_PreviewMode_NoFilesModified" />
    </UnitTest>
    <UnitTest name="CalculateConfidence_WithContainsMatch_ShouldReturnMediumConfidence" storage="c:\source\coa codesearch mcp\coa.codesearch.mcpserver.tests\bin\debug\net9.0\coa.codesearch.mcpserver.tests.dll" id="e9dc951d-22d1-e2e6-2375-68c40bf14368">
      <Execution id="d0e6a003-450d-471b-97c0-179b522ab834" />
      <TestMethod codeBase="C:\source\COA CodeSearch MCP\COA.CodeSearch.McpServer.Tests\bin\Debug\net9.0\COA.CodeSearch.McpServer.Tests.dll" adapterTypeName="executor://nunit3testexecutor/" className="COA.CodeSearch.McpServer.Tests.Services.ConfidenceCalculatorServiceTests" name="CalculateConfidence_WithContainsMatch_ShouldReturnMediumConfidence" />
    </UnitTest>
    <UnitTest name="ReadFileWithEncodingAsync_ConsistentLineCounts_MatchesSplitLines" storage="c:\source\coa codesearch mcp\coa.codesearch.mcpserver.tests\bin\debug\net9.0\coa.codesearch.mcpserver.tests.dll" id="30a031d6-13bf-4af7-5783-84702af45522">
      <Execution id="a2112583-af7d-4586-b6c2-93a003004ccb" />
      <TestMethod codeBase="C:\source\COA CodeSearch MCP\COA.CodeSearch.McpServer.Tests\bin\Debug\net9.0\COA.CodeSearch.McpServer.Tests.dll" adapterTypeName="executor://nunit3testexecutor/" className="COA.CodeSearch.McpServer.Tests.Services.FileLineUtilitiesTests" name="ReadFileWithEncodingAsync_ConsistentLineCounts_MatchesSplitLines" />
    </UnitTest>
    <UnitTest name="ExecuteAsync_InsertAtEnd_InsertsCorrectly" storage="c:\source\coa codesearch mcp\coa.codesearch.mcpserver.tests\bin\debug\net9.0\coa.codesearch.mcpserver.tests.dll" id="feb1363a-0943-d89e-e5f1-d7d186e0e225">
      <Execution id="2ad12b07-a574-43f2-b808-cc2d2e2dd502" />
      <TestMethod codeBase="C:\source\COA CodeSearch MCP\COA.CodeSearch.McpServer.Tests\bin\Debug\net9.0\COA.CodeSearch.McpServer.Tests.dll" adapterTypeName="executor://nunit3testexecutor/" className="COA.CodeSearch.McpServer.Tests.Tools.InsertAtLineToolTests" name="ExecuteAsync_InsertAtEnd_InsertsCorrectly" />
    </UnitTest>
    <UnitTest name="ExecuteAsync_WithPattern_ShouldFilterDirectories" storage="c:\source\coa codesearch mcp\coa.codesearch.mcpserver.tests\bin\debug\net9.0\coa.codesearch.mcpserver.tests.dll" id="788e6d6b-e6ab-66cd-f33e-99e77d27f96c">
      <Execution id="05722c25-81a6-4070-a990-2287b103cd95" />
      <TestMethod codeBase="C:\source\COA CodeSearch MCP\COA.CodeSearch.McpServer.Tests\bin\Debug\net9.0\COA.CodeSearch.McpServer.Tests.dll" adapterTypeName="executor://nunit3testexecutor/" className="COA.CodeSearch.McpServer.Tests.Tools.DirectorySearchToolTests" name="ExecuteAsync_WithPattern_ShouldFilterDirectories" />
    </UnitTest>
    <UnitTest name="CalculateConfidence_RealWorldScenario_MultipleQueries" storage="c:\source\coa codesearch mcp\coa.codesearch.mcpserver.tests\bin\debug\net9.0\coa.codesearch.mcpserver.tests.dll" id="8b155b4d-a580-439b-a45e-2bdf45aad182">
      <Execution id="6f0a30e3-e634-412d-af76-d6c7778f2749" />
      <TestMethod codeBase="C:\source\COA CodeSearch MCP\COA.CodeSearch.McpServer.Tests\bin\Debug\net9.0\COA.CodeSearch.McpServer.Tests.dll" adapterTypeName="executor://nunit3testexecutor/" className="COA.CodeSearch.McpServer.Tests.Services.ConfidenceCalculatorServiceTests" name="CalculateConfidence_RealWorldScenario_MultipleQueries" />
    </UnitTest>
    <UnitTest name="CalculateConfidence_WithUnrelatedFileName_ShouldNotHaveBonus" storage="c:\source\coa codesearch mcp\coa.codesearch.mcpserver.tests\bin\debug\net9.0\coa.codesearch.mcpserver.tests.dll" id="189c1d6c-4269-4e9b-b46e-e156ef5f2dc2">
      <Execution id="976df3ca-032b-4a96-a901-27fc5fe8d1bb" />
      <TestMethod codeBase="C:\source\COA CodeSearch MCP\COA.CodeSearch.McpServer.Tests\bin\Debug\net9.0\COA.CodeSearch.McpServer.Tests.dll" adapterTypeName="executor://nunit3testexecutor/" className="COA.CodeSearch.McpServer.Tests.Services.ConfidenceCalculatorServiceTests" name="CalculateConfidence_WithUnrelatedFileName_ShouldNotHaveBonus" />
    </UnitTest>
    <UnitTest name="ExecuteAsync_Should_Return_Cached_Results_When_Available" storage="c:\source\coa codesearch mcp\coa.codesearch.mcpserver.tests\bin\debug\net9.0\coa.codesearch.mcpserver.tests.dll" id="b9239865-81ea-25a3-e27a-8564f519f23d">
      <Execution id="8f471546-a3ee-48e3-81f0-011cc38ca305" />
      <TestMethod codeBase="C:\source\COA CodeSearch MCP\COA.CodeSearch.McpServer.Tests\bin\Debug\net9.0\COA.CodeSearch.McpServer.Tests.dll" adapterTypeName="executor://nunit3testexecutor/" className="COA.CodeSearch.McpServer.Tests.Tools.TextSearchToolTests" name="ExecuteAsync_Should_Return_Cached_Results_When_Available" />
    </UnitTest>
    <UnitTest name="ExecuteAsync_ReplaceEntireFile_WorksCorrectly" storage="c:\source\coa codesearch mcp\coa.codesearch.mcpserver.tests\bin\debug\net9.0\coa.codesearch.mcpserver.tests.dll" id="b8851efb-c901-3988-35d6-2f8cc864d993">
      <Execution id="2365b00e-8ee7-4119-b8dd-f2dbcb991de3" />
      <TestMethod codeBase="C:\source\COA CodeSearch MCP\COA.CodeSearch.McpServer.Tests\bin\Debug\net9.0\COA.CodeSearch.McpServer.Tests.dll" adapterTypeName="executor://nunit3testexecutor/" className="COA.CodeSearch.McpServer.Tests.Tools.ReplaceLinesToolTests" name="ExecuteAsync_ReplaceEntireFile_WorksCorrectly" />
    </UnitTest>
    <UnitTest name="ExecuteAsync_WithNoIndex_ShouldReturnIndexNotFoundError" storage="c:\source\coa codesearch mcp\coa.codesearch.mcpserver.tests\bin\debug\net9.0\coa.codesearch.mcpserver.tests.dll" id="7281b73a-557a-a394-84fe-16d1ffda6257">
      <Execution id="74756d0f-3e82-4bc3-98d0-bac1c6ad9854" />
      <TestMethod codeBase="C:\source\COA CodeSearch MCP\COA.CodeSearch.McpServer.Tests\bin\Debug\net9.0\COA.CodeSearch.McpServer.Tests.dll" adapterTypeName="executor://nunit3testexecutor/" className="COA.CodeSearch.McpServer.Tests.Tools.DirectorySearchToolTests" name="ExecuteAsync_WithNoIndex_ShouldReturnIndexNotFoundError" />
    </UnitTest>
    <UnitTest name="Tool_Should_Have_Correct_Metadata" storage="c:\source\coa codesearch mcp\coa.codesearch.mcpserver.tests\bin\debug\net9.0\coa.codesearch.mcpserver.tests.dll" id="affcaea5-fc17-1749-de40-678d162823fe">
      <Execution id="8d2f13da-14f3-41b4-8bd4-23ab548d7328" />
      <TestMethod codeBase="C:\source\COA CodeSearch MCP\COA.CodeSearch.McpServer.Tests\bin\Debug\net9.0\COA.CodeSearch.McpServer.Tests.dll" adapterTypeName="executor://nunit3testexecutor/" className="COA.CodeSearch.McpServer.Tests.Tools.TextSearchToolTests" name="Tool_Should_Have_Correct_Metadata" />
    </UnitTest>
    <UnitTest name="Should_Extract_Correct_Return_Types_For_Various_Method_Signatures" storage="c:\source\coa codesearch mcp\coa.codesearch.mcpserver.tests\bin\debug\net9.0\coa.codesearch.mcpserver.tests.dll" id="58ecfbb6-3219-1740-780d-2b68b5e2ecf5">
      <Execution id="3f38c526-e9fb-4819-bcbe-2d2fcd5e943f" />
      <TestMethod codeBase="C:\source\COA CodeSearch MCP\COA.CodeSearch.McpServer.Tests\bin\Debug\net9.0\COA.CodeSearch.McpServer.Tests.dll" adapterTypeName="executor://nunit3testexecutor/" className="COA.CodeSearch.McpServer.Tests.Services.TypeExtraction.CSharpTypeExtractionTests" name="Should_Extract_Correct_Return_Types_For_Various_Method_Signatures" />
    </UnitTest>
    <UnitTest name="ExecuteAsync_Should_Apply_Extension_Filter" storage="c:\source\coa codesearch mcp\coa.codesearch.mcpserver.tests\bin\debug\net9.0\coa.codesearch.mcpserver.tests.dll" id="374660f0-1cc7-f8b1-68ab-dc07bae98193">
      <Execution id="ff782f0c-16a5-466e-b477-505cec70ff91" />
      <TestMethod codeBase="C:\source\COA CodeSearch MCP\COA.CodeSearch.McpServer.Tests\bin\Debug\net9.0\COA.CodeSearch.McpServer.Tests.dll" adapterTypeName="executor://nunit3testexecutor/" className="COA.CodeSearch.McpServer.Tests.Tools.FileSearchToolTests" name="ExecuteAsync_Should_Apply_Extension_Filter" />
    </UnitTest>
    <UnitTest name="BatchOperation_DefaultValues_AreCorrect" storage="c:\source\coa codesearch mcp\coa.codesearch.mcpserver.tests\bin\debug\net9.0\coa.codesearch.mcpserver.tests.dll" id="50c1f765-c727-a1c9-6180-f72f0f5c651d">
      <Execution id="047ba1e4-749b-4f9d-acad-63c3c4ac29ee" />
      <TestMethod codeBase="C:\source\COA CodeSearch MCP\COA.CodeSearch.McpServer.Tests\bin\Debug\net9.0\COA.CodeSearch.McpServer.Tests.dll" adapterTypeName="executor://nunit3testexecutor/" className="COA.CodeSearch.McpServer.Tests.Tools.BatchOperationsToolTests" name="BatchOperation_DefaultValues_AreCorrect" />
    </UnitTest>
    <UnitTest name="ExecuteAsync_InvalidEndLine_ReturnsError" storage="c:\source\coa codesearch mcp\coa.codesearch.mcpserver.tests\bin\debug\net9.0\coa.codesearch.mcpserver.tests.dll" id="3dba743f-1dfa-642a-f863-d8cd5566b6a0">
      <Execution id="d3bf4ee5-68f6-4cf8-a67c-5963649508e5" />
      <TestMethod codeBase="C:\source\COA CodeSearch MCP\COA.CodeSearch.McpServer.Tests\bin\Debug\net9.0\COA.CodeSearch.McpServer.Tests.dll" adapterTypeName="executor://nunit3testexecutor/" className="COA.CodeSearch.McpServer.Tests.Tools.DeleteLinesToolTests" name="ExecuteAsync_InvalidEndLine_ReturnsError" />
    </UnitTest>
    <UnitTest name="ExecuteAsync_ShouldExcludeBuildDirectories" storage="c:\source\coa codesearch mcp\coa.codesearch.mcpserver.tests\bin\debug\net9.0\coa.codesearch.mcpserver.tests.dll" id="1333c975-a0fd-d2a9-0e05-f08c9a3733cb">
      <Execution id="2120e0da-22fd-43a3-80de-72f5337a29cb" />
      <TestMethod codeBase="C:\source\COA CodeSearch MCP\COA.CodeSearch.McpServer.Tests\bin\Debug\net9.0\COA.CodeSearch.McpServer.Tests.dll" adapterTypeName="executor://nunit3testexecutor/" className="COA.CodeSearch.McpServer.Tests.Tools.DirectorySearchToolTests" name="ExecuteAsync_ShouldExcludeBuildDirectories" />
    </UnitTest>
    <UnitTest name="NullableDereference_DictionaryValues_SafeAccess" storage="c:\source\coa codesearch mcp\coa.codesearch.mcpserver.tests\bin\debug\net9.0\coa.codesearch.mcpserver.tests.dll" id="9796d5e0-1095-4ab6-88f8-3d8e2a604d5b">
      <Execution id="9e6397a5-b991-4521-ace6-da85a417b535" />
      <TestMethod codeBase="C:\source\COA CodeSearch MCP\COA.CodeSearch.McpServer.Tests\bin\Debug\net9.0\COA.CodeSearch.McpServer.Tests.dll" adapterTypeName="executor://nunit3testexecutor/" className="COA.CodeSearch.McpServer.Tests.NullableReferenceValidationTests" name="NullableDereference_DictionaryValues_SafeAccess" />
    </UnitTest>
    <UnitTest name="ExecuteAsync_NonExistentFile_ReturnsError" storage="c:\source\coa codesearch mcp\coa.codesearch.mcpserver.tests\bin\debug\net9.0\coa.codesearch.mcpserver.tests.dll" id="e4191209-378a-997a-f02e-aea14b87f30b">
      <Execution id="0964c357-f6bb-4128-ae1c-37a0938b8e84" />
      <TestMethod codeBase="C:\source\COA CodeSearch MCP\COA.CodeSearch.McpServer.Tests\bin\Debug\net9.0\COA.CodeSearch.McpServer.Tests.dll" adapterTypeName="executor://nunit3testexecutor/" className="COA.CodeSearch.McpServer.Tests.Tools.ReplaceLinesToolTests" name="ExecuteAsync_NonExistentFile_ReturnsError" />
    </UnitTest>
    <UnitTest name="ExecuteAsync_Should_Cache_Successful_Results" storage="c:\source\coa codesearch mcp\coa.codesearch.mcpserver.tests\bin\debug\net9.0\coa.codesearch.mcpserver.tests.dll" id="0398d120-5e42-4038-b5d7-aa1eb92be718">
      <Execution id="f79616e1-84d6-469f-8c6b-2a26cb55c995" />
      <TestMethod codeBase="C:\source\COA CodeSearch MCP\COA.CodeSearch.McpServer.Tests\bin\Debug\net9.0\COA.CodeSearch.McpServer.Tests.dll" adapterTypeName="executor://nunit3testexecutor/" className="COA.CodeSearch.McpServer.Tests.Tools.RecentFilesToolTests" name="ExecuteAsync_Should_Cache_Successful_Results" />
    </UnitTest>
    <UnitTest name="ExecuteAsync_CaseSensitiveSearch_RespectsCase" storage="c:\source\coa codesearch mcp\coa.codesearch.mcpserver.tests\bin\debug\net9.0\coa.codesearch.mcpserver.tests.dll" id="06b7d2a6-b8e2-4436-fb5b-bac2ab8a5cf0">
      <Execution id="930144f1-976e-4d86-b4c2-0dd97c863692" />
      <TestMethod codeBase="C:\source\COA CodeSearch MCP\COA.CodeSearch.McpServer.Tests\bin\Debug\net9.0\COA.CodeSearch.McpServer.Tests.dll" adapterTypeName="executor://nunit3testexecutor/" className="COA.CodeSearch.McpServer.Tests.Tools.SearchAndReplaceToolTests" name="ExecuteAsync_CaseSensitiveSearch_RespectsCase" />
    </UnitTest>
    <UnitTest name="ExecuteAsync_Should_Sort_Files_By_Most_Recent_First" storage="c:\source\coa codesearch mcp\coa.codesearch.mcpserver.tests\bin\debug\net9.0\coa.codesearch.mcpserver.tests.dll" id="5b966598-59eb-430e-ea26-6cec0c85e92f">
      <Execution id="2b3541da-72e5-45f7-8a1e-a7c249ad74d0" />
      <TestMethod codeBase="C:\source\COA CodeSearch MCP\COA.CodeSearch.McpServer.Tests\bin\Debug\net9.0\COA.CodeSearch.McpServer.Tests.dll" adapterTypeName="executor://nunit3testexecutor/" className="COA.CodeSearch.McpServer.Tests.Tools.RecentFilesToolTests" name="ExecuteAsync_Should_Sort_Files_By_Most_Recent_First" />
    </UnitTest>
    <UnitTest name="ExecuteAsync_WithoutIndentationPreservation_NoIndentation" storage="c:\source\coa codesearch mcp\coa.codesearch.mcpserver.tests\bin\debug\net9.0\coa.codesearch.mcpserver.tests.dll" id="a7b3ab64-fc62-c210-2e83-ae9496a94697">
      <Execution id="2280fd1e-597f-4606-bdc4-abb063f56317" />
      <TestMethod codeBase="C:\source\COA CodeSearch MCP\COA.CodeSearch.McpServer.Tests\bin\Debug\net9.0\COA.CodeSearch.McpServer.Tests.dll" adapterTypeName="executor://nunit3testexecutor/" className="COA.CodeSearch.McpServer.Tests.Tools.InsertAtLineToolTests" name="ExecuteAsync_WithoutIndentationPreservation_NoIndentation" />
    </UnitTest>
    <UnitTest name="ExecuteAsync_ResponseModes_AffectOutput" storage="c:\source\coa codesearch mcp\coa.codesearch.mcpserver.tests\bin\debug\net9.0\coa.codesearch.mcpserver.tests.dll" id="3ed00cc3-78ca-6608-eef7-d88390abe48c">
      <Execution id="6f1e7ddd-d60a-453a-8ce1-527ca8c9555b" />
      <TestMethod codeBase="C:\source\COA CodeSearch MCP\COA.CodeSearch.McpServer.Tests\bin\Debug\net9.0\COA.CodeSearch.McpServer.Tests.dll" adapterTypeName="executor://nunit3testexecutor/" className="COA.CodeSearch.McpServer.Tests.Tools.SimilarFilesToolTests" name="ExecuteAsync_ResponseModes_AffectOutput" />
    </UnitTest>
    <UnitTest name="ExecuteAsync_NoIndexExists_ReturnsError" storage="c:\source\coa codesearch mcp\coa.codesearch.mcpserver.tests\bin\debug\net9.0\coa.codesearch.mcpserver.tests.dll" id="49fa3b89-5d71-5009-3052-3331121d19d5">
      <Execution id="703380e2-0187-418c-88ff-0b029403a871" />
      <TestMethod codeBase="C:\source\COA CodeSearch MCP\COA.CodeSearch.McpServer.Tests\bin\Debug\net9.0\COA.CodeSearch.McpServer.Tests.dll" adapterTypeName="executor://nunit3testexecutor/" className="COA.CodeSearch.McpServer.Tests.Tools.SymbolSearchToolTests" name="ExecuteAsync_NoIndexExists_ReturnsError" />
    </UnitTest>
    <UnitTest name="RegressionTest_WarningFixesIntact_NoRegressionDetected" storage="c:\source\coa codesearch mcp\coa.codesearch.mcpserver.tests\bin\debug\net9.0\coa.codesearch.mcpserver.tests.dll" id="5d5fb8b4-c2e5-6615-593f-fb4afc53ab6d">
      <Execution id="539fd365-bc75-4b42-95f3-89c0b35e9969" />
      <TestMethod codeBase="C:\source\COA CodeSearch MCP\COA.CodeSearch.McpServer.Tests\bin\Debug\net9.0\COA.CodeSearch.McpServer.Tests.dll" adapterTypeName="executor://nunit3testexecutor/" className="COA.CodeSearch.McpServer.Tests.BuildTimeWarningValidationTests" name="RegressionTest_WarningFixesIntact_NoRegressionDetected" />
    </UnitTest>
    <UnitTest name="GetFullPath_Should_Return_Absolute_Path" storage="c:\source\coa codesearch mcp\coa.codesearch.mcpserver.tests\bin\debug\net9.0\coa.codesearch.mcpserver.tests.dll" id="33f0c61d-3d45-8a2b-4853-f23039402d4e">
      <Execution id="6ef7e883-58e3-4bc5-aa33-1368324de051" />
      <TestMethod codeBase="C:\source\COA CodeSearch MCP\COA.CodeSearch.McpServer.Tests\bin\Debug\net9.0\COA.CodeSearch.McpServer.Tests.dll" adapterTypeName="executor://nunit3testexecutor/" className="COA.CodeSearch.McpServer.Tests.Services.PathResolutionServiceTests" name="GetFullPath_Should_Return_Absolute_Path" />
    </UnitTest>
    <UnitTest name="ExecuteAsync_OriginalContentCapture_StoresCorrectContent" storage="c:\source\coa codesearch mcp\coa.codesearch.mcpserver.tests\bin\debug\net9.0\coa.codesearch.mcpserver.tests.dll" id="4558bb5d-5889-8718-6567-8aa2e363bd16">
      <Execution id="d7008bdd-d8ac-449c-8cf4-7b382c5fc6cf" />
      <TestMethod codeBase="C:\source\COA CodeSearch MCP\COA.CodeSearch.McpServer.Tests\bin\Debug\net9.0\COA.CodeSearch.McpServer.Tests.dll" adapterTypeName="executor://nunit3testexecutor/" className="COA.CodeSearch.McpServer.Tests.Tools.ReplaceLinesToolTests" name="ExecuteAsync_OriginalContentCapture_StoresCorrectContent" />
    </UnitTest>
    <UnitTest name="ExecuteAsync_Should_Start_File_Watcher_When_Available" storage="c:\source\coa codesearch mcp\coa.codesearch.mcpserver.tests\bin\debug\net9.0\coa.codesearch.mcpserver.tests.dll" id="d11800b1-7076-5599-655a-9c8af7056c0d">
      <Execution id="519c6638-c2a6-46d5-8117-577f82ba5eb1" />
      <TestMethod codeBase="C:\source\COA CodeSearch MCP\COA.CodeSearch.McpServer.Tests\bin\Debug\net9.0\COA.CodeSearch.McpServer.Tests.dll" adapterTypeName="executor://nunit3testexecutor/" className="COA.CodeSearch.McpServer.Tests.Tools.IndexWorkspaceToolTests" name="ExecuteAsync_Should_Start_File_Watcher_When_Available" />
    </UnitTest>
    <UnitTest name="ExecuteAsync_EdgeCaseIndentation_HandlesTabsAndSpaces" storage="c:\source\coa codesearch mcp\coa.codesearch.mcpserver.tests\bin\debug\net9.0\coa.codesearch.mcpserver.tests.dll" id="785814fe-dcbc-30c4-7d8c-7ed2f30ead9b">
      <Execution id="f0a4c3e5-3229-440f-989f-5089ffeaa807" />
      <TestMethod codeBase="C:\source\COA CodeSearch MCP\COA.CodeSearch.McpServer.Tests\bin\Debug\net9.0\COA.CodeSearch.McpServer.Tests.dll" adapterTypeName="executor://nunit3testexecutor/" className="COA.CodeSearch.McpServer.Tests.Tools.InsertAtLineToolTests" name="ExecuteAsync_EdgeCaseIndentation_HandlesTabsAndSpaces" />
    </UnitTest>
    <UnitTest name="EnumerateFiles_Should_Return_Files_In_Directory" storage="c:\source\coa codesearch mcp\coa.codesearch.mcpserver.tests\bin\debug\net9.0\coa.codesearch.mcpserver.tests.dll" id="2cb5cff5-ecda-91bd-22a2-50646abf0bf1">
      <Execution id="7c39140d-b5b2-4c39-accd-f7c015ba0258" />
      <TestMethod codeBase="C:\source\COA CodeSearch MCP\COA.CodeSearch.McpServer.Tests\bin\Debug\net9.0\COA.CodeSearch.McpServer.Tests.dll" adapterTypeName="executor://nunit3testexecutor/" className="COA.CodeSearch.McpServer.Tests.Services.PathResolutionServiceTests" name="EnumerateFiles_Should_Return_Files_In_Directory" />
    </UnitTest>
    <UnitTest name="ExecuteAsync_Should_Include_Directories_When_Requested" storage="c:\source\coa codesearch mcp\coa.codesearch.mcpserver.tests\bin\debug\net9.0\coa.codesearch.mcpserver.tests.dll" id="5a7358ad-0de1-e151-10c6-8a60449e3631">
      <Execution id="e5137aa4-47ba-4832-9d14-b0a7d5aa1f0c" />
      <TestMethod codeBase="C:\source\COA CodeSearch MCP\COA.CodeSearch.McpServer.Tests\bin\Debug\net9.0\COA.CodeSearch.McpServer.Tests.dll" adapterTypeName="executor://nunit3testexecutor/" className="COA.CodeSearch.McpServer.Tests.Tools.FileSearchToolTests" name="ExecuteAsync_Should_Include_Directories_When_Requested" />
    </UnitTest>
    <UnitTest name="ExecuteAsync_WithCacheEnabled_ShouldUseCachedResults" storage="c:\source\coa codesearch mcp\coa.codesearch.mcpserver.tests\bin\debug\net9.0\coa.codesearch.mcpserver.tests.dll" id="b6a2ae4a-18ec-d713-ebb7-3990ce6b8ee1">
      <Execution id="157affe6-80b1-4c0d-9dc0-8554ace32b20" />
      <TestMethod codeBase="C:\source\COA CodeSearch MCP\COA.CodeSearch.McpServer.Tests\bin\Debug\net9.0\COA.CodeSearch.McpServer.Tests.dll" adapterTypeName="executor://nunit3testexecutor/" className="COA.CodeSearch.McpServer.Tests.Tools.DirectorySearchToolTests" name="ExecuteAsync_WithCacheEnabled_ShouldUseCachedResults" />
    </UnitTest>
    <UnitTest name="ExecuteAsync_Should_Create_New_Index_When_None_Exists" storage="c:\source\coa codesearch mcp\coa.codesearch.mcpserver.tests\bin\debug\net9.0\coa.codesearch.mcpserver.tests.dll" id="2bd0d672-c2c5-aca9-dbd3-9ce7376f1b88">
      <Execution id="eeda855b-a97f-493e-92c5-bfa8ea4bfa27" />
      <TestMethod codeBase="C:\source\COA CodeSearch MCP\COA.CodeSearch.McpServer.Tests\bin\Debug\net9.0\COA.CodeSearch.McpServer.Tests.dll" adapterTypeName="executor://nunit3testexecutor/" className="COA.CodeSearch.McpServer.Tests.Tools.IndexWorkspaceToolTests" name="ExecuteAsync_Should_Create_New_Index_When_None_Exists" />
    </UnitTest>
    <UnitTest name="GetExtension_Should_Extract_File_Extension" storage="c:\source\coa codesearch mcp\coa.codesearch.mcpserver.tests\bin\debug\net9.0\coa.codesearch.mcpserver.tests.dll" id="87f395f8-a8ed-890d-e556-dfd2cec00790">
      <Execution id="5b2d83d5-68b9-49a4-a956-29b409b41051" />
      <TestMethod codeBase="C:\source\COA CodeSearch MCP\COA.CodeSearch.McpServer.Tests\bin\Debug\net9.0\COA.CodeSearch.McpServer.Tests.dll" adapterTypeName="executor://nunit3testexecutor/" className="COA.CodeSearch.McpServer.Tests.Services.PathResolutionServiceTests" name="GetExtension_Should_Extract_File_Extension" />
    </UnitTest>
    <UnitTest name="CalculateConfidence_WithMethodDefinition_ShouldReturnHighConfidence" storage="c:\source\coa codesearch mcp\coa.codesearch.mcpserver.tests\bin\debug\net9.0\coa.codesearch.mcpserver.tests.dll" id="bf98c7cb-9b7f-3ebb-41db-4438a45e9b06">
      <Execution id="48ef5aa8-401e-40b5-b6e1-8ee5155659dc" />
      <TestMethod codeBase="C:\source\COA CodeSearch MCP\COA.CodeSearch.McpServer.Tests\bin\Debug\net9.0\COA.CodeSearch.McpServer.Tests.dll" adapterTypeName="executor://nunit3testexecutor/" className="COA.CodeSearch.McpServer.Tests.Services.ConfidenceCalculatorServiceTests" name="CalculateConfidence_WithMethodDefinition_ShouldReturnHighConfidence" />
    </UnitTest>
    <UnitTest name="CalculateConfidence_WithSpecialCharacters_ShouldHandleGracefully" storage="c:\source\coa codesearch mcp\coa.codesearch.mcpserver.tests\bin\debug\net9.0\coa.codesearch.mcpserver.tests.dll" id="03d55e09-c812-968a-3bad-cc1204204990">
      <Execution id="9f8c8771-1b7e-4483-b8e6-c98ea82bd7db" />
      <TestMethod codeBase="C:\source\COA CodeSearch MCP\COA.CodeSearch.McpServer.Tests\bin\Debug\net9.0\COA.CodeSearch.McpServer.Tests.dll" adapterTypeName="executor://nunit3testexecutor/" className="COA.CodeSearch.McpServer.Tests.Services.ConfidenceCalculatorServiceTests" name="CalculateConfidence_WithSpecialCharacters_ShouldHandleGracefully" />
    </UnitTest>
    <UnitTest name="Should_Extract_Class_And_Method_From_CSharp_Code" storage="c:\source\coa codesearch mcp\coa.codesearch.mcpserver.tests\bin\debug\net9.0\coa.codesearch.mcpserver.tests.dll" id="67928f42-e0e7-792e-610f-c8c54ef6ea08">
      <Execution id="873db587-aed2-4209-bf64-a9c36aa03598" />
      <TestMethod codeBase="C:\source\COA CodeSearch MCP\COA.CodeSearch.McpServer.Tests\bin\Debug\net9.0\COA.CodeSearch.McpServer.Tests.dll" adapterTypeName="executor://nunit3testexecutor/" className="COA.CodeSearch.McpServer.Tests.Services.TypeExtraction.CSharpTypeExtractionTests" name="Should_Extract_Class_And_Method_From_CSharp_Code" />
    </UnitTest>
    <UnitTest name="ExecuteAsync_NonExistentFile_ReturnsError" storage="c:\source\coa codesearch mcp\coa.codesearch.mcpserver.tests\bin\debug\net9.0\coa.codesearch.mcpserver.tests.dll" id="fea87784-1f99-5827-a113-124955d284fa">
      <Execution id="6d06f40a-9e09-43d3-a9cd-77ff8da2a4df" />
      <TestMethod codeBase="C:\source\COA CodeSearch MCP\COA.CodeSearch.McpServer.Tests\bin\Debug\net9.0\COA.CodeSearch.McpServer.Tests.dll" adapterTypeName="executor://nunit3testexecutor/" className="COA.CodeSearch.McpServer.Tests.Tools.DeleteLinesToolTests" name="ExecuteAsync_NonExistentFile_ReturnsError" />
    </UnitTest>
    <UnitTest name="Debug_Simple_String_Return_Method" storage="c:\source\coa codesearch mcp\coa.codesearch.mcpserver.tests\bin\debug\net9.0\coa.codesearch.mcpserver.tests.dll" id="01d9c56c-18d7-fdfe-f45f-91d5cc27387b">
      <Execution id="da0d5560-d44c-42f6-9bca-9f928cf72dcb" />
      <TestMethod codeBase="C:\source\COA CodeSearch MCP\COA.CodeSearch.McpServer.Tests\bin\Debug\net9.0\COA.CodeSearch.McpServer.Tests.dll" adapterTypeName="executor://nunit3testexecutor/" className="COA.CodeSearch.McpServer.Tests.Services.TypeExtraction.CSharpTypeExtractionTests" name="Debug_Simple_String_Return_Method" />
    </UnitTest>
    <UnitTest name="ExecuteAsync_ReplaceMultipleWithMultiple_ReplacesCorrectly" storage="c:\source\coa codesearch mcp\coa.codesearch.mcpserver.tests\bin\debug\net9.0\coa.codesearch.mcpserver.tests.dll" id="7a4bcd52-be30-bb94-f492-e2a0890765ce">
      <Execution id="643c886d-1a9d-429d-987a-e424cfd7a5a8" />
      <TestMethod codeBase="C:\source\COA CodeSearch MCP\COA.CodeSearch.McpServer.Tests\bin\Debug\net9.0\COA.CodeSearch.McpServer.Tests.dll" adapterTypeName="executor://nunit3testexecutor/" className="COA.CodeSearch.McpServer.Tests.Tools.ReplaceLinesToolTests" name="ExecuteAsync_ReplaceMultipleWithMultiple_ReplacesCorrectly" />
    </UnitTest>
    <UnitTest name="ExecuteAsync_Should_Return_Error_When_Workspace_Not_Indexed" storage="c:\source\coa codesearch mcp\coa.codesearch.mcpserver.tests\bin\debug\net9.0\coa.codesearch.mcpserver.tests.dll" id="61e4a80c-0dab-fe3f-1d1f-21e3d7caa899">
      <Execution id="5b3ff735-f707-44c1-9ce6-108326fd7203" />
      <TestMethod codeBase="C:\source\COA CodeSearch MCP\COA.CodeSearch.McpServer.Tests\bin\Debug\net9.0\COA.CodeSearch.McpServer.Tests.dll" adapterTypeName="executor://nunit3testexecutor/" className="COA.CodeSearch.McpServer.Tests.Tools.TextSearchToolTests" name="ExecuteAsync_Should_Return_Error_When_Workspace_Not_Indexed" />
    </UnitTest>
    <UnitTest name="CalculateConfidence_RealWorldScenario_CommentVsCode" storage="c:\source\coa codesearch mcp\coa.codesearch.mcpserver.tests\bin\debug\net9.0\coa.codesearch.mcpserver.tests.dll" id="34072cc7-629b-2658-b50c-132bbec0e5ed">
      <Execution id="ef2759a6-c207-4517-9765-a8c383c97e24" />
      <TestMethod codeBase="C:\source\COA CodeSearch MCP\COA.CodeSearch.McpServer.Tests\bin\Debug\net9.0\COA.CodeSearch.McpServer.Tests.dll" adapterTypeName="executor://nunit3testexecutor/" className="COA.CodeSearch.McpServer.Tests.Services.ConfidenceCalculatorServiceTests" name="CalculateConfidence_RealWorldScenario_CommentVsCode" />
    </UnitTest>
    <UnitTest name="ExecuteAsync_Should_Respect_MaxResults_Limit" storage="c:\source\coa codesearch mcp\coa.codesearch.mcpserver.tests\bin\debug\net9.0\coa.codesearch.mcpserver.tests.dll" id="6993e581-86eb-182c-de5d-ea5f0a5def23">
      <Execution id="364153eb-5474-4528-b63c-1ce859d85842" />
      <TestMethod codeBase="C:\source\COA CodeSearch MCP\COA.CodeSearch.McpServer.Tests\bin\Debug\net9.0\COA.CodeSearch.McpServer.Tests.dll" adapterTypeName="executor://nunit3testexecutor/" className="COA.CodeSearch.McpServer.Tests.Tools.FileSearchToolTests" name="ExecuteAsync_Should_Respect_MaxResults_Limit" />
    </UnitTest>
    <UnitTest name="BuildValidation_SpecificWarningTypes_NotPresent" storage="c:\source\coa codesearch mcp\coa.codesearch.mcpserver.tests\bin\debug\net9.0\coa.codesearch.mcpserver.tests.dll" id="332249a2-2736-2c50-b836-0d2a658a6444">
      <Execution id="0cc1fc1e-2211-4784-92e8-d8758924b8fe" />
      <TestMethod codeBase="C:\source\COA CodeSearch MCP\COA.CodeSearch.McpServer.Tests\bin\Debug\net9.0\COA.CodeSearch.McpServer.Tests.dll" adapterTypeName="executor://nunit3testexecutor/" className="COA.CodeSearch.McpServer.Tests.BuildTimeWarningValidationTests" name="BuildValidation_SpecificWarningTypes_NotPresent" />
    </UnitTest>
    <UnitTest name="ExecuteAsync_LineNumberBeyondFile_ReturnsError" storage="c:\source\coa codesearch mcp\coa.codesearch.mcpserver.tests\bin\debug\net9.0\coa.codesearch.mcpserver.tests.dll" id="045daf24-03ff-197b-1cef-a9193cb7610e">
      <Execution id="90253763-d2cb-433a-b187-4df6e803a304" />
      <TestMethod codeBase="C:\source\COA CodeSearch MCP\COA.CodeSearch.McpServer.Tests\bin\Debug\net9.0\COA.CodeSearch.McpServer.Tests.dll" adapterTypeName="executor://nunit3testexecutor/" className="COA.CodeSearch.McpServer.Tests.Tools.InsertAtLineToolTests" name="ExecuteAsync_LineNumberBeyondFile_ReturnsError" />
    </UnitTest>
    <UnitTest name="ExecuteAsync_SearchForMethod_ReturnsMethodDefinition" storage="c:\source\coa codesearch mcp\coa.codesearch.mcpserver.tests\bin\debug\net9.0\coa.codesearch.mcpserver.tests.dll" id="81130f8b-48ae-419b-15fb-a870943c43b7">
      <Execution id="15cc8714-5390-44cf-abb7-fa101cd4986c" />
      <TestMethod codeBase="C:\source\COA CodeSearch MCP\COA.CodeSearch.McpServer.Tests\bin\Debug\net9.0\COA.CodeSearch.McpServer.Tests.dll" adapterTypeName="executor://nunit3testexecutor/" className="COA.CodeSearch.McpServer.Tests.Tools.GoToDefinitionToolTests" name="ExecuteAsync_SearchForMethod_ReturnsMethodDefinition" />
    </UnitTest>
    <UnitTest name="CalculateConfidence_WithClassDefinition_ShouldReturnHighConfidence" storage="c:\source\coa codesearch mcp\coa.codesearch.mcpserver.tests\bin\debug\net9.0\coa.codesearch.mcpserver.tests.dll" id="e6a08d27-4df8-86a9-296f-623999e304b6">
      <Execution id="12a40b6e-d252-4e0a-b00b-dae21665ad56" />
      <TestMethod codeBase="C:\source\COA CodeSearch MCP\COA.CodeSearch.McpServer.Tests\bin\Debug\net9.0\COA.CodeSearch.McpServer.Tests.dll" adapterTypeName="executor://nunit3testexecutor/" className="COA.CodeSearch.McpServer.Tests.Services.ConfidenceCalculatorServiceTests" name="CalculateConfidence_WithClassDefinition_ShouldReturnHighConfidence" />
    </UnitTest>
    <UnitTest name="ExecuteAsync_EncodingPreservation_MaintainsOriginalEncoding" storage="c:\source\coa codesearch mcp\coa.codesearch.mcpserver.tests\bin\debug\net9.0\coa.codesearch.mcpserver.tests.dll" id="2646abdc-bf49-4e89-6a96-0bea5964eaad">
      <Execution id="c1e439fe-a738-4dbe-a862-a02d9a909ea3" />
      <TestMethod codeBase="C:\source\COA CodeSearch MCP\COA.CodeSearch.McpServer.Tests\bin\Debug\net9.0\COA.CodeSearch.McpServer.Tests.dll" adapterTypeName="executor://nunit3testexecutor/" className="COA.CodeSearch.McpServer.Tests.Tools.ReplaceLinesToolTests" name="ExecuteAsync_EncodingPreservation_MaintainsOriginalEncoding" />
    </UnitTest>
    <UnitTest name="GetLogsPath_Should_Return_Logs_Directory" storage="c:\source\coa codesearch mcp\coa.codesearch.mcpserver.tests\bin\debug\net9.0\coa.codesearch.mcpserver.tests.dll" id="d79b73c7-91e7-2a10-e650-22891b64b201">
      <Execution id="22ff18bd-0df2-43cd-b181-73f824dc5eb1" />
      <TestMethod codeBase="C:\source\COA CodeSearch MCP\COA.CodeSearch.McpServer.Tests\bin\Debug\net9.0\COA.CodeSearch.McpServer.Tests.dll" adapterTypeName="executor://nunit3testexecutor/" className="COA.CodeSearch.McpServer.Tests.Services.PathResolutionServiceTests" name="GetLogsPath_Should_Return_Logs_Directory" />
    </UnitTest>
    <UnitTest name="ExecuteAsync_EmptySymbolName_ReturnsError" storage="c:\source\coa codesearch mcp\coa.codesearch.mcpserver.tests\bin\debug\net9.0\coa.codesearch.mcpserver.tests.dll" id="76cd34e0-20c2-7029-f983-14de2f2c6109">
      <Execution id="3c2be5f7-abc4-4185-9f87-2e081b6f97fb" />
      <TestMethod codeBase="C:\source\COA CodeSearch MCP\COA.CodeSearch.McpServer.Tests\bin\Debug\net9.0\COA.CodeSearch.McpServer.Tests.dll" adapterTypeName="executor://nunit3testexecutor/" className="COA.CodeSearch.McpServer.Tests.Tools.FindReferencesToolTests" name="ExecuteAsync_EmptySymbolName_ReturnsError" />
    </UnitTest>
    <UnitTest name="ExecuteAsync_Should_Handle_Search_Errors_Gracefully" storage="c:\source\coa codesearch mcp\coa.codesearch.mcpserver.tests\bin\debug\net9.0\coa.codesearch.mcpserver.tests.dll" id="0e44b9f9-b451-2c31-955c-2ed8c3e63498">
      <Execution id="49c95779-5392-4f2e-bafd-6c72403c1e00" />
      <TestMethod codeBase="C:\source\COA CodeSearch MCP\COA.CodeSearch.McpServer.Tests\bin\Debug\net9.0\COA.CodeSearch.McpServer.Tests.dll" adapterTypeName="executor://nunit3testexecutor/" className="COA.CodeSearch.McpServer.Tests.Tools.FileSearchToolTests" name="ExecuteAsync_Should_Handle_Search_Errors_Gracefully" />
    </UnitTest>
    <UnitTest name="ExecuteAsync_WithUTF8BOM_PreservesEncoding" storage="c:\source\coa codesearch mcp\coa.codesearch.mcpserver.tests\bin\debug\net9.0\coa.codesearch.mcpserver.tests.dll" id="44cffc5d-7a1b-a768-fd8e-e08e0f0d296a">
      <Execution id="bfca23f6-f579-4422-9ca9-4410a0a49dd4" />
      <TestMethod codeBase="C:\source\COA CodeSearch MCP\COA.CodeSearch.McpServer.Tests\bin\Debug\net9.0\COA.CodeSearch.McpServer.Tests.dll" adapterTypeName="executor://nunit3testexecutor/" className="COA.CodeSearch.McpServer.Tests.Tools.DeleteLinesToolTests" name="ExecuteAsync_WithUTF8BOM_PreservesEncoding" />
    </UnitTest>
    <UnitTest name="ExecuteAsync_ReplaceSingleLine_ReplacesCorrectly" storage="c:\source\coa codesearch mcp\coa.codesearch.mcpserver.tests\bin\debug\net9.0\coa.codesearch.mcpserver.tests.dll" id="9b546aeb-4f70-6fbd-f238-892a7751c263">
      <Execution id="622f6420-e3b6-442c-81a9-e7d4d9085b1b" />
      <TestMethod codeBase="C:\source\COA CodeSearch MCP\COA.CodeSearch.McpServer.Tests\bin\Debug\net9.0\COA.CodeSearch.McpServer.Tests.dll" adapterTypeName="executor://nunit3testexecutor/" className="COA.CodeSearch.McpServer.Tests.Tools.ReplaceLinesToolTests" name="ExecuteAsync_ReplaceSingleLine_ReplacesCorrectly" />
    </UnitTest>
    <UnitTest name="GetExtension_Should_Handle_File_Without_Extension" storage="c:\source\coa codesearch mcp\coa.codesearch.mcpserver.tests\bin\debug\net9.0\coa.codesearch.mcpserver.tests.dll" id="a36b2370-23ba-a55f-5486-a5e007b89c3d">
      <Execution id="1e0c1db9-fe06-4230-9b9e-4eebb2f0e021" />
      <TestMethod codeBase="C:\source\COA CodeSearch MCP\COA.CodeSearch.McpServer.Tests\bin\Debug\net9.0\COA.CodeSearch.McpServer.Tests.dll" adapterTypeName="executor://nunit3testexecutor/" className="COA.CodeSearch.McpServer.Tests.Services.PathResolutionServiceTests" name="GetExtension_Should_Handle_File_Without_Extension" />
    </UnitTest>
    <UnitTest name="CalculateConfidence_WithNullQuery_ShouldReturnZero" storage="c:\source\coa codesearch mcp\coa.codesearch.mcpserver.tests\bin\debug\net9.0\coa.codesearch.mcpserver.tests.dll" id="2b9abf8c-8593-6b56-f35d-aaff69acde28">
      <Execution id="d8b8d54d-23e9-4df4-8342-aaed93e18d99" />
      <TestMethod codeBase="C:\source\COA CodeSearch MCP\COA.CodeSearch.McpServer.Tests\bin\Debug\net9.0\COA.CodeSearch.McpServer.Tests.dll" adapterTypeName="executor://nunit3testexecutor/" className="COA.CodeSearch.McpServer.Tests.Services.ConfidenceCalculatorServiceTests" name="CalculateConfidence_WithNullQuery_ShouldReturnZero" />
    </UnitTest>
    <UnitTest name="CalculateConfidence_WithXmlDocComment_ShouldHavePenalty" storage="c:\source\coa codesearch mcp\coa.codesearch.mcpserver.tests\bin\debug\net9.0\coa.codesearch.mcpserver.tests.dll" id="a7717790-3d51-7752-0b58-bdf55d681a24">
      <Execution id="9db163b3-a8ef-4989-9374-ec25eed5d420" />
      <TestMethod codeBase="C:\source\COA CodeSearch MCP\COA.CodeSearch.McpServer.Tests\bin\Debug\net9.0\COA.CodeSearch.McpServer.Tests.dll" adapterTypeName="executor://nunit3testexecutor/" className="COA.CodeSearch.McpServer.Tests.Services.ConfidenceCalculatorServiceTests" name="CalculateConfidence_WithXmlDocComment_ShouldHavePenalty" />
    </UnitTest>
    <UnitTest name="ExecuteAsync_Should_Use_ResponseMode_Based_MaxResults" storage="c:\source\coa codesearch mcp\coa.codesearch.mcpserver.tests\bin\debug\net9.0\coa.codesearch.mcpserver.tests.dll" id="88145d39-7c2b-475a-e6fd-804e9d2c5414">
      <Execution id="7db06bae-5cd7-4fdb-8218-db6d61f697fa" />
      <TestMethod codeBase="C:\source\COA CodeSearch MCP\COA.CodeSearch.McpServer.Tests\bin\Debug\net9.0\COA.CodeSearch.McpServer.Tests.dll" adapterTypeName="executor://nunit3testexecutor/" className="COA.CodeSearch.McpServer.Tests.Tools.TextSearchToolTests" name="ExecuteAsync_Should_Use_ResponseMode_Based_MaxResults" />
    </UnitTest>
    <UnitTest name="CalculateConfidence_ShouldAlwaysReturnValueBetweenZeroAndOne" storage="c:\source\coa codesearch mcp\coa.codesearch.mcpserver.tests\bin\debug\net9.0\coa.codesearch.mcpserver.tests.dll" id="1bf85714-7b66-ea07-32c9-473124bc5727">
      <Execution id="c64e9bb5-ae29-4078-ae7b-4bc41448d2dd" />
      <TestMethod codeBase="C:\source\COA CodeSearch MCP\COA.CodeSearch.McpServer.Tests\bin\Debug\net9.0\COA.CodeSearch.McpServer.Tests.dll" adapterTypeName="executor://nunit3testexecutor/" className="COA.CodeSearch.McpServer.Tests.Services.ConfidenceCalculatorServiceTests" name="CalculateConfidence_ShouldAlwaysReturnValueBetweenZeroAndOne" />
    </UnitTest>
    <UnitTest name="CalculateConfidence_WithStringLiteral_ShouldHaveLowerConfidence" storage="c:\source\coa codesearch mcp\coa.codesearch.mcpserver.tests\bin\debug\net9.0\coa.codesearch.mcpserver.tests.dll" id="5fbe1123-9625-80a1-71e2-6e9b8d578175">
      <Execution id="41098a06-ea57-4c85-aa97-5d77556b697a" />
      <TestMethod codeBase="C:\source\COA CodeSearch MCP\COA.CodeSearch.McpServer.Tests\bin\Debug\net9.0\COA.CodeSearch.McpServer.Tests.dll" adapterTypeName="executor://nunit3testexecutor/" className="COA.CodeSearch.McpServer.Tests.Services.ConfidenceCalculatorServiceTests" name="CalculateConfidence_WithStringLiteral_ShouldHaveLowerConfidence" />
    </UnitTest>
    <UnitTest name="Name_ShouldReturnCorrectToolName" storage="c:\source\coa codesearch mcp\coa.codesearch.mcpserver.tests\bin\debug\net9.0\coa.codesearch.mcpserver.tests.dll" id="4f113a90-76f3-7fec-f48b-f6094d069ee1">
      <Execution id="5fa4e4c3-ea59-4536-a336-d331e19a69ed" />
      <TestMethod codeBase="C:\source\COA CodeSearch MCP\COA.CodeSearch.McpServer.Tests\bin\Debug\net9.0\COA.CodeSearch.McpServer.Tests.dll" adapterTypeName="executor://nunit3testexecutor/" className="COA.CodeSearch.McpServer.Tests.Tools.SearchAndReplaceToolTests" name="Name_ShouldReturnCorrectToolName" />
    </UnitTest>
    <UnitTest name="EnumerateFiles_Should_Handle_Invalid_Directory" storage="c:\source\coa codesearch mcp\coa.codesearch.mcpserver.tests\bin\debug\net9.0\coa.codesearch.mcpserver.tests.dll" id="9aca1734-6ac3-5996-24dc-7a80ebd8184f">
      <Execution id="6a90cd12-b22f-44e6-899c-ae3075a008db" />
      <TestMethod codeBase="C:\source\COA CodeSearch MCP\COA.CodeSearch.McpServer.Tests\bin\Debug\net9.0\COA.CodeSearch.McpServer.Tests.dll" adapterTypeName="executor://nunit3testexecutor/" className="COA.CodeSearch.McpServer.Tests.Services.PathResolutionServiceTests" name="EnumerateFiles_Should_Handle_Invalid_Directory" />
    </UnitTest>
    <UnitTest name="ExecuteAsync_InsertAtBeginning_InsertsCorrectly" storage="c:\source\coa codesearch mcp\coa.codesearch.mcpserver.tests\bin\debug\net9.0\coa.codesearch.mcpserver.tests.dll" id="e3f3d1a3-00e0-986a-903b-e4b218f256b9">
      <Execution id="fb3ed47f-d0c3-454f-8aca-5f1f3d0e39f3" />
      <TestMethod codeBase="C:\source\COA CodeSearch MCP\COA.CodeSearch.McpServer.Tests\bin\Debug\net9.0\COA.CodeSearch.McpServer.Tests.dll" adapterTypeName="executor://nunit3testexecutor/" className="COA.CodeSearch.McpServer.Tests.Tools.InsertAtLineToolTests" name="ExecuteAsync_InsertAtBeginning_InsertsCorrectly" />
    </UnitTest>
    <UnitTest name="GetIndexPath_Should_Be_Deterministic" storage="c:\source\coa codesearch mcp\coa.codesearch.mcpserver.tests\bin\debug\net9.0\coa.codesearch.mcpserver.tests.dll" id="beb0b5b5-24dc-a8c2-882a-b3d0c6d92a7f">
      <Execution id="a0a5e346-27e8-43f0-9898-e4b5c45d4de5" />
      <TestMethod codeBase="C:\source\COA CodeSearch MCP\COA.CodeSearch.McpServer.Tests\bin\Debug\net9.0\COA.CodeSearch.McpServer.Tests.dll" adapterTypeName="executor://nunit3testexecutor/" className="COA.CodeSearch.McpServer.Tests.Services.PathResolutionServiceTests" name="GetIndexPath_Should_Be_Deterministic" />
    </UnitTest>
    <UnitTest name="CalculateConfidence_WithWhitespaceQuery_ShouldReturnZero" storage="c:\source\coa codesearch mcp\coa.codesearch.mcpserver.tests\bin\debug\net9.0\coa.codesearch.mcpserver.tests.dll" id="21b53016-2dd4-875f-1a22-977b3ac956fe">
      <Execution id="b0ac9c43-8d75-4d9e-aa3b-a95e67df2835" />
      <TestMethod codeBase="C:\source\COA CodeSearch MCP\COA.CodeSearch.McpServer.Tests\bin\Debug\net9.0\COA.CodeSearch.McpServer.Tests.dll" adapterTypeName="executor://nunit3testexecutor/" className="COA.CodeSearch.McpServer.Tests.Services.ConfidenceCalculatorServiceTests" name="CalculateConfidence_WithWhitespaceQuery_ShouldReturnZero" />
    </UnitTest>
    <UnitTest name="GetIndexRootPath_Should_Return_Root_Index_Directory" storage="c:\source\coa codesearch mcp\coa.codesearch.mcpserver.tests\bin\debug\net9.0\coa.codesearch.mcpserver.tests.dll" id="3584615f-3ae7-d54d-b4c2-849830fc0196">
      <Execution id="163d320b-ec8a-487a-9e10-73094ca4d22d" />
      <TestMethod codeBase="C:\source\COA CodeSearch MCP\COA.CodeSearch.McpServer.Tests\bin\Debug\net9.0\COA.CodeSearch.McpServer.Tests.dll" adapterTypeName="executor://nunit3testexecutor/" className="COA.CodeSearch.McpServer.Tests.Services.PathResolutionServiceTests" name="GetIndexRootPath_Should_Return_Root_Index_Directory" />
    </UnitTest>
    <UnitTest name="ExecuteAsync_Should_Handle_Search_Errors_Gracefully" storage="c:\source\coa codesearch mcp\coa.codesearch.mcpserver.tests\bin\debug\net9.0\coa.codesearch.mcpserver.tests.dll" id="d1bc1e95-83d0-d8b9-cbfd-56bf29d413cb">
      <Execution id="57ad50dd-e735-412a-999f-1732c7fe70ed" />
      <TestMethod codeBase="C:\source\COA CodeSearch MCP\COA.CodeSearch.McpServer.Tests\bin\Debug\net9.0\COA.CodeSearch.McpServer.Tests.dll" adapterTypeName="executor://nunit3testexecutor/" className="COA.CodeSearch.McpServer.Tests.Tools.TextSearchToolTests" name="ExecuteAsync_Should_Handle_Search_Errors_Gracefully" />
    </UnitTest>
    <UnitTest name="CalculateConfidence_WithCommentLine_ShouldHavePenalty" storage="c:\source\coa codesearch mcp\coa.codesearch.mcpserver.tests\bin\debug\net9.0\coa.codesearch.mcpserver.tests.dll" id="cfa9bb7c-3da8-7ed4-7083-9603c6f639fd">
      <Execution id="be934421-dbc6-4372-b431-b8929310ccb8" />
      <TestMethod codeBase="C:\source\COA CodeSearch MCP\COA.CodeSearch.McpServer.Tests\bin\Debug\net9.0\COA.CodeSearch.McpServer.Tests.dll" adapterTypeName="executor://nunit3testexecutor/" className="COA.CodeSearch.McpServer.Tests.Services.ConfidenceCalculatorServiceTests" name="CalculateConfidence_WithCommentLine_ShouldHavePenalty" />
    </UnitTest>
    <UnitTest name="CalculateConfidence_WithInterfaceDefinition_ShouldReturnHighConfidence" storage="c:\source\coa codesearch mcp\coa.codesearch.mcpserver.tests\bin\debug\net9.0\coa.codesearch.mcpserver.tests.dll" id="aac13105-6bba-4068-36af-e95ad7b826ba">
      <Execution id="3962f3c9-b0f7-410b-bbfc-c7e77aa04a58" />
      <TestMethod codeBase="C:\source\COA CodeSearch MCP\COA.CodeSearch.McpServer.Tests\bin\Debug\net9.0\COA.CodeSearch.McpServer.Tests.dll" adapterTypeName="executor://nunit3testexecutor/" className="COA.CodeSearch.McpServer.Tests.Services.ConfidenceCalculatorServiceTests" name="CalculateConfidence_WithInterfaceDefinition_ShouldReturnHighConfidence" />
    </UnitTest>
    <UnitTest name="Tool_Should_Have_Correct_Metadata" storage="c:\source\coa codesearch mcp\coa.codesearch.mcpserver.tests\bin\debug\net9.0\coa.codesearch.mcpserver.tests.dll" id="b16c89a1-6a98-f79b-2a7e-f5eca5df70a8">
      <Execution id="540582d5-c42d-40a0-988e-08491c6027e0" />
      <TestMethod codeBase="C:\source\COA CodeSearch MCP\COA.CodeSearch.McpServer.Tests\bin\Debug\net9.0\COA.CodeSearch.McpServer.Tests.dll" adapterTypeName="executor://nunit3testexecutor/" className="COA.CodeSearch.McpServer.Tests.Tools.FileSearchToolTests" name="Tool_Should_Have_Correct_Metadata" />
    </UnitTest>
    <UnitTest name="ValidateAndResolvePath_ValidPath_ReturnsAbsolutePath" storage="c:\source\coa codesearch mcp\coa.codesearch.mcpserver.tests\bin\debug\net9.0\coa.codesearch.mcpserver.tests.dll" id="e86d6d82-0ce0-d851-dd71-ebc98ec473ec">
      <Execution id="9c192594-9ab4-418a-8551-b6e1d49a99d6" />
      <TestMethod codeBase="C:\source\COA CodeSearch MCP\COA.CodeSearch.McpServer.Tests\bin\Debug\net9.0\COA.CodeSearch.McpServer.Tests.dll" adapterTypeName="executor://nunit3testexecutor/" className="COA.CodeSearch.McpServer.Tests.Services.FileLineUtilitiesTests" name="ValidateAndResolvePath_ValidPath_ReturnsAbsolutePath" />
    </UnitTest>
    <UnitTest name="ExecuteAsync_Should_Filter_By_Extension_When_Specified" storage="c:\source\coa codesearch mcp\coa.codesearch.mcpserver.tests\bin\debug\net9.0\coa.codesearch.mcpserver.tests.dll" id="e324d320-e3d3-c088-35aa-a58ee7a7e89b">
      <Execution id="7b024c94-770e-4559-856f-f5cfb02eaf00" />
      <TestMethod codeBase="C:\source\COA CodeSearch MCP\COA.CodeSearch.McpServer.Tests\bin\Debug\net9.0\COA.CodeSearch.McpServer.Tests.dll" adapterTypeName="executor://nunit3testexecutor/" className="COA.CodeSearch.McpServer.Tests.Tools.RecentFilesToolTests" name="ExecuteAsync_Should_Filter_By_Extension_When_Specified" />
    </UnitTest>
    <UnitTest name="Name_ShouldReturnCorrectToolName" storage="c:\source\coa codesearch mcp\coa.codesearch.mcpserver.tests\bin\debug\net9.0\coa.codesearch.mcpserver.tests.dll" id="29bd3670-5518-af4d-a10d-c558d9a8adba">
      <Execution id="e80ed7dc-9aec-4ad4-b16d-a7633ccc3952" />
      <TestMethod codeBase="C:\source\COA CodeSearch MCP\COA.CodeSearch.McpServer.Tests\bin\Debug\net9.0\COA.CodeSearch.McpServer.Tests.dll" adapterTypeName="executor://nunit3testexecutor/" className="COA.CodeSearch.McpServer.Tests.Tools.LineSearchToolTests" name="Name_ShouldReturnCorrectToolName" />
    </UnitTest>
    <UnitTest name="ExtractIndentation_VariousWhitespace_ExtractsCorrectly" storage="c:\source\coa codesearch mcp\coa.codesearch.mcpserver.tests\bin\debug\net9.0\coa.codesearch.mcpserver.tests.dll" id="018ebbcd-6355-0126-db30-75204f88f30c">
      <Execution id="8e5a2513-98ea-4d72-b400-1539bba37b0f" />
      <TestMethod codeBase="C:\source\COA CodeSearch MCP\COA.CodeSearch.McpServer.Tests\bin\Debug\net9.0\COA.CodeSearch.McpServer.Tests.dll" adapterTypeName="executor://nunit3testexecutor/" className="COA.CodeSearch.McpServer.Tests.Services.FileLineUtilitiesTests" name="ExtractIndentation_VariousWhitespace_ExtractsCorrectly" />
    </UnitTest>
    <UnitTest name="ExecuteAsync_WorkspaceNotFound_ReturnsError" storage="c:\source\coa codesearch mcp\coa.codesearch.mcpserver.tests\bin\debug\net9.0\coa.codesearch.mcpserver.tests.dll" id="0885c1dc-f384-fc32-a7bb-77246dd68117">
      <Execution id="4f23992e-090b-4f78-a3a8-4ec91bfc116b" />
      <TestMethod codeBase="C:\source\COA CodeSearch MCP\COA.CodeSearch.McpServer.Tests\bin\Debug\net9.0\COA.CodeSearch.McpServer.Tests.dll" adapterTypeName="executor://nunit3testexecutor/" className="COA.CodeSearch.McpServer.Tests.Tools.LineSearchToolTests" name="ExecuteAsync_WorkspaceNotFound_ReturnsError" />
    </UnitTest>
    <UnitTest name="ExecuteAsync_LineRange_DeletesCorrectRange" storage="c:\source\coa codesearch mcp\coa.codesearch.mcpserver.tests\bin\debug\net9.0\coa.codesearch.mcpserver.tests.dll" id="a1ff12d7-a827-39d6-04e6-2bfdba90bc71">
      <Execution id="5198e119-4c05-4885-a24d-1c7e2bda81e7" />
      <TestMethod codeBase="C:\source\COA CodeSearch MCP\COA.CodeSearch.McpServer.Tests\bin\Debug\net9.0\COA.CodeSearch.McpServer.Tests.dll" adapterTypeName="executor://nunit3testexecutor/" className="COA.CodeSearch.McpServer.Tests.Tools.DeleteLinesToolTests" name="ExecuteAsync_LineRange_DeletesCorrectRange" />
    </UnitTest>
    <UnitTest name="GetBasePath_Should_Return_Consistent_Path" storage="c:\source\coa codesearch mcp\coa.codesearch.mcpserver.tests\bin\debug\net9.0\coa.codesearch.mcpserver.tests.dll" id="0d29fa0b-c2e9-f69d-31c9-d9b22d38e871">
      <Execution id="60c21aca-08f2-4a52-aa6d-6da8e54bf8e5" />
      <TestMethod codeBase="C:\source\COA CodeSearch MCP\COA.CodeSearch.McpServer.Tests\bin\Debug\net9.0\COA.CodeSearch.McpServer.Tests.dll" adapterTypeName="executor://nunit3testexecutor/" className="COA.CodeSearch.McpServer.Tests.Services.PathResolutionServiceTests" name="GetBasePath_Should_Return_Consistent_Path" />
    </UnitTest>
    <UnitTest name="CalculateConfidence_WithNullMatchedLine_ShouldReturnZero" storage="c:\source\coa codesearch mcp\coa.codesearch.mcpserver.tests\bin\debug\net9.0\coa.codesearch.mcpserver.tests.dll" id="8a1a5481-1047-5d08-155b-1c1e6d4f09bd">
      <Execution id="781d1ed1-d042-43d8-aaa0-f1a8f0ffeef7" />
      <TestMethod codeBase="C:\source\COA CodeSearch MCP\COA.CodeSearch.McpServer.Tests\bin\Debug\net9.0\COA.CodeSearch.McpServer.Tests.dll" adapterTypeName="executor://nunit3testexecutor/" className="COA.CodeSearch.McpServer.Tests.Services.ConfidenceCalculatorServiceTests" name="CalculateConfidence_WithNullMatchedLine_ShouldReturnZero" />
    </UnitTest>
    <UnitTest name="ExecuteAsync_WithIndentationPreservation_PreservesIndentation" storage="c:\source\coa codesearch mcp\coa.codesearch.mcpserver.tests\bin\debug\net9.0\coa.codesearch.mcpserver.tests.dll" id="04010612-46ee-f759-cdaf-6223770a153c">
      <Execution id="2a1f40d4-c7c4-461d-a1b6-a9f88bee5aab" />
      <TestMethod codeBase="C:\source\COA CodeSearch MCP\COA.CodeSearch.McpServer.Tests\bin\Debug\net9.0\COA.CodeSearch.McpServer.Tests.dll" adapterTypeName="executor://nunit3testexecutor/" className="COA.CodeSearch.McpServer.Tests.Tools.ReplaceLinesToolTests" name="ExecuteAsync_WithIndentationPreservation_PreservesIndentation" />
    </UnitTest>
    <UnitTest name="CalculateConfidence_WithEmptyQuery_ShouldReturnZero" storage="c:\source\coa codesearch mcp\coa.codesearch.mcpserver.tests\bin\debug\net9.0\coa.codesearch.mcpserver.tests.dll" id="cee38744-169c-f64b-0ed0-b2f6db3a9da1">
      <Execution id="76b08d9f-35c3-4449-b63f-0cbcb92f3709" />
      <TestMethod codeBase="C:\source\COA CodeSearch MCP\COA.CodeSearch.McpServer.Tests\bin\Debug\net9.0\COA.CodeSearch.McpServer.Tests.dll" adapterTypeName="executor://nunit3testexecutor/" className="COA.CodeSearch.McpServer.Tests.Services.ConfidenceCalculatorServiceTests" name="CalculateConfidence_WithEmptyQuery_ShouldReturnZero" />
    </UnitTest>
    <UnitTest name="ExecuteAsync_NullContent_ReturnsError" storage="c:\source\coa codesearch mcp\coa.codesearch.mcpserver.tests\bin\debug\net9.0\coa.codesearch.mcpserver.tests.dll" id="0e38c7ca-f665-38ef-667e-c0bba7830d0a">
      <Execution id="73530523-7fdc-4874-86c6-1c849931a1fa" />
      <TestMethod codeBase="C:\source\COA CodeSearch MCP\COA.CodeSearch.McpServer.Tests\bin\Debug\net9.0\COA.CodeSearch.McpServer.Tests.dll" adapterTypeName="executor://nunit3testexecutor/" className="COA.CodeSearch.McpServer.Tests.Tools.ReplaceLinesToolTests" name="ExecuteAsync_NullContent_ReturnsError" />
    </UnitTest>
    <UnitTest name="ExecuteAsync_WithContextLines_GeneratesCorrectContext" storage="c:\source\coa codesearch mcp\coa.codesearch.mcpserver.tests\bin\debug\net9.0\coa.codesearch.mcpserver.tests.dll" id="73651905-b1d3-1bb3-c32a-23411992705b">
      <Execution id="6965ccaa-99db-4868-9055-407daa175d88" />
      <TestMethod codeBase="C:\source\COA CodeSearch MCP\COA.CodeSearch.McpServer.Tests\bin\Debug\net9.0\COA.CodeSearch.McpServer.Tests.dll" adapterTypeName="executor://nunit3testexecutor/" className="COA.CodeSearch.McpServer.Tests.Tools.DeleteLinesToolTests" name="ExecuteAsync_WithContextLines_GeneratesCorrectContext" />
    </UnitTest>
    <UnitTest name="CalculateConfidence_WithExactWordMatch_ShouldReturnHighConfidence" storage="c:\source\coa codesearch mcp\coa.codesearch.mcpserver.tests\bin\debug\net9.0\coa.codesearch.mcpserver.tests.dll" id="4a87e8ad-04fb-a693-b697-a98f46f8aea8">
      <Execution id="d45f240c-7dd2-437a-80e7-60f9a5eb097f" />
      <TestMethod codeBase="C:\source\COA CodeSearch MCP\COA.CodeSearch.McpServer.Tests\bin\Debug\net9.0\COA.CodeSearch.McpServer.Tests.dll" adapterTypeName="executor://nunit3testexecutor/" className="COA.CodeSearch.McpServer.Tests.Services.ConfidenceCalculatorServiceTests" name="CalculateConfidence_WithExactWordMatch_ShouldReturnHighConfidence" />
    </UnitTest>
    <UnitTest name="ExecuteAsync_NoSimilarFilesFound_ReturnsEmptyResult" storage="c:\source\coa codesearch mcp\coa.codesearch.mcpserver.tests\bin\debug\net9.0\coa.codesearch.mcpserver.tests.dll" id="31769117-32da-d390-1e8a-ff55d181993d">
      <Execution id="89593081-5d19-479c-8500-29b3aadc60f5" />
      <TestMethod codeBase="C:\source\COA CodeSearch MCP\COA.CodeSearch.McpServer.Tests\bin\Debug\net9.0\COA.CodeSearch.McpServer.Tests.dll" adapterTypeName="executor://nunit3testexecutor/" className="COA.CodeSearch.McpServer.Tests.Tools.SimilarFilesToolTests" name="ExecuteAsync_NoSimilarFilesFound_ReturnsEmptyResult" />
    </UnitTest>
    <UnitTest name="Tool_Should_Have_Correct_Metadata" storage="c:\source\coa codesearch mcp\coa.codesearch.mcpserver.tests\bin\debug\net9.0\coa.codesearch.mcpserver.tests.dll" id="c491b78e-5e66-36f0-be47-7ad42f7f11f7">
      <Execution id="1781b011-ea35-4f14-8168-7731702e7a22" />
      <TestMethod codeBase="C:\source\COA CodeSearch MCP\COA.CodeSearch.McpServer.Tests\bin\Debug\net9.0\COA.CodeSearch.McpServer.Tests.dll" adapterTypeName="executor://nunit3testexecutor/" className="COA.CodeSearch.McpServer.Tests.Tools.IndexWorkspaceToolTests" name="Tool_Should_Have_Correct_Metadata" />
    </UnitTest>
    <UnitTest name="GetDirectoryName_Should_Extract_Directory_Path" storage="c:\source\coa codesearch mcp\coa.codesearch.mcpserver.tests\bin\debug\net9.0\coa.codesearch.mcpserver.tests.dll" id="7a8f82da-0cf3-069d-48de-8d0f29914d1e">
      <Execution id="d2b47d8f-cc80-4733-93f3-195ef152db37" />
      <TestMethod codeBase="C:\source\COA CodeSearch MCP\COA.CodeSearch.McpServer.Tests\bin\Debug\net9.0\COA.CodeSearch.McpServer.Tests.dll" adapterTypeName="executor://nunit3testexecutor/" className="COA.CodeSearch.McpServer.Tests.Services.PathResolutionServiceTests" name="GetDirectoryName_Should_Extract_Directory_Path" />
    </UnitTest>
    <UnitTest name="CalculateConfidence_WithPartialWordMatch_ShouldNotGetExactBonus" storage="c:\source\coa codesearch mcp\coa.codesearch.mcpserver.tests\bin\debug\net9.0\coa.codesearch.mcpserver.tests.dll" id="37e8be23-ac0e-3b93-d012-15085cad5135">
      <Execution id="ed4c8396-59e5-442b-9763-736443820638" />
      <TestMethod codeBase="C:\source\COA CodeSearch MCP\COA.CodeSearch.McpServer.Tests\bin\Debug\net9.0\COA.CodeSearch.McpServer.Tests.dll" adapterTypeName="executor://nunit3testexecutor/" className="COA.CodeSearch.McpServer.Tests.Services.ConfidenceCalculatorServiceTests" name="CalculateConfidence_WithPartialWordMatch_ShouldNotGetExactBonus" />
    </UnitTest>
    <UnitTest name="ExecuteAsync_Should_Populate_ModifiedAgo_TimeSpan" storage="c:\source\coa codesearch mcp\coa.codesearch.mcpserver.tests\bin\debug\net9.0\coa.codesearch.mcpserver.tests.dll" id="113f7348-1f99-f3af-5ae5-2b47fcfeabb6">
      <Execution id="1a6f7f80-17a9-450f-8da7-5ea84998b269" />
      <TestMethod codeBase="C:\source\COA CodeSearch MCP\COA.CodeSearch.McpServer.Tests\bin\Debug\net9.0\COA.CodeSearch.McpServer.Tests.dll" adapterTypeName="executor://nunit3testexecutor/" className="COA.CodeSearch.McpServer.Tests.Tools.RecentFilesToolTests" name="ExecuteAsync_Should_Populate_ModifiedAgo_TimeSpan" />
    </UnitTest>
    <UnitTest name="IntegrationTest_SearchResultProcessing_NoWarnings" storage="c:\source\coa codesearch mcp\coa.codesearch.mcpserver.tests\bin\debug\net9.0\coa.codesearch.mcpserver.tests.dll" id="1f875262-2752-ffca-8a22-70fb87d03e65">
      <Execution id="90689aa4-9082-4483-85a2-243aef990f46" />
      <TestMethod codeBase="C:\source\COA CodeSearch MCP\COA.CodeSearch.McpServer.Tests\bin\Debug\net9.0\COA.CodeSearch.McpServer.Tests.dll" adapterTypeName="executor://nunit3testexecutor/" className="COA.CodeSearch.McpServer.Tests.SimpleWarningValidationTests" name="IntegrationTest_SearchResultProcessing_NoWarnings" />
    </UnitTest>
    <UnitTest name="ExecuteAsync_Should_Bypass_Cache_When_NoCache_Is_True" storage="c:\source\coa codesearch mcp\coa.codesearch.mcpserver.tests\bin\debug\net9.0\coa.codesearch.mcpserver.tests.dll" id="e3ace1cf-4bae-65a1-fc8d-b0e1853d6737">
      <Execution id="a87803f3-a566-48d5-a523-5f58dbda52f2" />
      <TestMethod codeBase="C:\source\COA CodeSearch MCP\COA.CodeSearch.McpServer.Tests\bin\Debug\net9.0\COA.CodeSearch.McpServer.Tests.dll" adapterTypeName="executor://nunit3testexecutor/" className="COA.CodeSearch.McpServer.Tests.Tools.FileSearchToolTests" name="ExecuteAsync_Should_Bypass_Cache_When_NoCache_Is_True" />
    </UnitTest>
    <UnitTest name="ExecuteAsync_Should_Parse_TimeFrame_Correctly(&quot;30min&quot;,0.02083d)" storage="c:\source\coa codesearch mcp\coa.codesearch.mcpserver.tests\bin\debug\net9.0\coa.codesearch.mcpserver.tests.dll" id="1cd8cb23-e96d-1f20-0ebf-8ebe7bc08ac8">
      <Execution id="117f640c-c848-455a-a5ce-b8294bdd242d" />
      <TestMethod codeBase="C:\source\COA CodeSearch MCP\COA.CodeSearch.McpServer.Tests\bin\Debug\net9.0\COA.CodeSearch.McpServer.Tests.dll" adapterTypeName="executor://nunit3testexecutor/" className="COA.CodeSearch.McpServer.Tests.Tools.RecentFilesToolTests" name="ExecuteAsync_Should_Parse_TimeFrame_Correctly(&quot;30min&quot;,0.02083d)" />
    </UnitTest>
    <UnitTest name="ExecuteAsync_FileNotInWorkspace_ReturnsError" storage="c:\source\coa codesearch mcp\coa.codesearch.mcpserver.tests\bin\debug\net9.0\coa.codesearch.mcpserver.tests.dll" id="4febb879-85fd-0a7d-8fb1-ed3b0f8987fb">
      <Execution id="0d0da65c-0d3a-4f3a-ab88-fde023c6b4bb" />
      <TestMethod codeBase="C:\source\COA CodeSearch MCP\COA.CodeSearch.McpServer.Tests\bin\Debug\net9.0\COA.CodeSearch.McpServer.Tests.dll" adapterTypeName="executor://nunit3testexecutor/" className="COA.CodeSearch.McpServer.Tests.Tools.SimilarFilesToolTests" name="ExecuteAsync_FileNotInWorkspace_ReturnsError" />
    </UnitTest>
    <UnitTest name="EnumerateDirectories_Should_Handle_Invalid_Directory" storage="c:\source\coa codesearch mcp\coa.codesearch.mcpserver.tests\bin\debug\net9.0\coa.codesearch.mcpserver.tests.dll" id="b77d6b3b-d007-061b-469a-caff9e8bb15d">
      <Execution id="addebf73-7852-4a5d-8291-7dd3854e0484" />
      <TestMethod codeBase="C:\source\COA CodeSearch MCP\COA.CodeSearch.McpServer.Tests\bin\Debug\net9.0\COA.CodeSearch.McpServer.Tests.dll" adapterTypeName="executor://nunit3testexecutor/" className="COA.CodeSearch.McpServer.Tests.Services.PathResolutionServiceTests" name="EnumerateDirectories_Should_Handle_Invalid_Directory" />
    </UnitTest>
    <UnitTest name="ExecuteAsync_InvalidLineNumber_ReturnsError" storage="c:\source\coa codesearch mcp\coa.codesearch.mcpserver.tests\bin\debug\net9.0\coa.codesearch.mcpserver.tests.dll" id="831c1e55-6e64-04a9-2fab-a7fba60fbbd9">
      <Execution id="51fd77aa-3b8e-4b75-86f9-30d36a1d508a" />
      <TestMethod codeBase="C:\source\COA CodeSearch MCP\COA.CodeSearch.McpServer.Tests\bin\Debug\net9.0\COA.CodeSearch.McpServer.Tests.dll" adapterTypeName="executor://nunit3testexecutor/" className="COA.CodeSearch.McpServer.Tests.Tools.InsertAtLineToolTests" name="ExecuteAsync_InvalidLineNumber_ReturnsError" />
    </UnitTest>
    <UnitTest name="ExecuteAsync_Should_Handle_Unexpected_Exceptions" storage="c:\source\coa codesearch mcp\coa.codesearch.mcpserver.tests\bin\debug\net9.0\coa.codesearch.mcpserver.tests.dll" id="0f757c72-1179-de8d-a9b4-a8095c376440">
      <Execution id="00d9c62e-fa02-4b7f-be35-a6a84d4b6a30" />
      <TestMethod codeBase="C:\source\COA CodeSearch MCP\COA.CodeSearch.McpServer.Tests\bin\Debug\net9.0\COA.CodeSearch.McpServer.Tests.dll" adapterTypeName="executor://nunit3testexecutor/" className="COA.CodeSearch.McpServer.Tests.Tools.IndexWorkspaceToolTests" name="ExecuteAsync_Should_Handle_Unexpected_Exceptions" />
    </UnitTest>
    <UnitTest name="ExecuteAsync_EmptyContent_ReturnsError" storage="c:\source\coa codesearch mcp\coa.codesearch.mcpserver.tests\bin\debug\net9.0\coa.codesearch.mcpserver.tests.dll" id="700958b8-cf2b-f6fa-44ad-db1d832d032c">
      <Execution id="d83bafe0-e5dd-43a8-931a-77ba299d153b" />
      <TestMethod codeBase="C:\source\COA CodeSearch MCP\COA.CodeSearch.McpServer.Tests\bin\Debug\net9.0\COA.CodeSearch.McpServer.Tests.dll" adapterTypeName="executor://nunit3testexecutor/" className="COA.CodeSearch.McpServer.Tests.Tools.InsertAtLineToolTests" name="ExecuteAsync_EmptyContent_ReturnsError" />
    </UnitTest>
    <UnitTest name="GetIndexPath_Should_Handle_Different_Cases_As_Same_Workspace" storage="c:\source\coa codesearch mcp\coa.codesearch.mcpserver.tests\bin\debug\net9.0\coa.codesearch.mcpserver.tests.dll" id="05d60b91-1e62-a9d6-329a-049913345597">
      <Execution id="383ec5ea-3fd4-4d15-8244-d71fbf0c2a9d" />
      <TestMethod codeBase="C:\source\COA CodeSearch MCP\COA.CodeSearch.McpServer.Tests\bin\Debug\net9.0\COA.CodeSearch.McpServer.Tests.dll" adapterTypeName="executor://nunit3testexecutor/" className="COA.CodeSearch.McpServer.Tests.Services.PathResolutionServiceTests" name="GetIndexPath_Should_Handle_Different_Cases_As_Same_Workspace" />
    </UnitTest>
    <UnitTest name="ExecuteAsync_ShouldCalculateFileCounts" storage="c:\source\coa codesearch mcp\coa.codesearch.mcpserver.tests\bin\debug\net9.0\coa.codesearch.mcpserver.tests.dll" id="ac09df77-c344-062f-53a9-7c78d1199a22">
      <Execution id="b3d7a744-4b3b-4fd8-9e79-41b36fbec509" />
      <TestMethod codeBase="C:\source\COA CodeSearch MCP\COA.CodeSearch.McpServer.Tests\bin\Debug\net9.0\COA.CodeSearch.McpServer.Tests.dll" adapterTypeName="executor://nunit3testexecutor/" className="COA.CodeSearch.McpServer.Tests.Tools.DirectorySearchToolTests" name="ExecuteAsync_ShouldCalculateFileCounts" />
    </UnitTest>
    <UnitTest name="ExecuteAsync_InvalidStartLine_ReturnsError" storage="c:\source\coa codesearch mcp\coa.codesearch.mcpserver.tests\bin\debug\net9.0\coa.codesearch.mcpserver.tests.dll" id="7e268be7-07e0-df66-4f5a-188c961085a4">
      <Execution id="91adcd0e-8e0a-4408-851a-107ff7566217" />
      <TestMethod codeBase="C:\source\COA CodeSearch MCP\COA.CodeSearch.McpServer.Tests\bin\Debug\net9.0\COA.CodeSearch.McpServer.Tests.dll" adapterTypeName="executor://nunit3testexecutor/" className="COA.CodeSearch.McpServer.Tests.Tools.DeleteLinesToolTests" name="ExecuteAsync_InvalidStartLine_ReturnsError" />
    </UnitTest>
    <UnitTest name="ExecuteAsync_Should_Cache_Results_By_Default" storage="c:\source\coa codesearch mcp\coa.codesearch.mcpserver.tests\bin\debug\net9.0\coa.codesearch.mcpserver.tests.dll" id="0ab2e78f-df9e-ee65-c2fa-b6228220d9cd">
      <Execution id="89244e62-d4e4-4fe8-bae6-fc73b3c574f6" />
      <TestMethod codeBase="C:\source\COA CodeSearch MCP\COA.CodeSearch.McpServer.Tests\bin\Debug\net9.0\COA.CodeSearch.McpServer.Tests.dll" adapterTypeName="executor://nunit3testexecutor/" className="COA.CodeSearch.McpServer.Tests.Tools.FileSearchToolTests" name="ExecuteAsync_Should_Cache_Results_By_Default" />
    </UnitTest>
    <UnitTest name="NullableArgument_CollectionOperations_SafeParameterPassing" storage="c:\source\coa codesearch mcp\coa.codesearch.mcpserver.tests\bin\debug\net9.0\coa.codesearch.mcpserver.tests.dll" id="a12f6951-769b-7989-1daa-0c854ad89e29">
      <Execution id="86a5d80c-79ce-4abc-9202-faf296f01c25" />
      <TestMethod codeBase="C:\source\COA CodeSearch MCP\COA.CodeSearch.McpServer.Tests\bin\Debug\net9.0\COA.CodeSearch.McpServer.Tests.dll" adapterTypeName="executor://nunit3testexecutor/" className="COA.CodeSearch.McpServer.Tests.NullableReferenceValidationTests" name="NullableArgument_CollectionOperations_SafeParameterPassing" />
    </UnitTest>
    <UnitTest name="Name_ReturnsCorrectToolName" storage="c:\source\coa codesearch mcp\coa.codesearch.mcpserver.tests\bin\debug\net9.0\coa.codesearch.mcpserver.tests.dll" id="c40a1f24-94d7-62f6-d1b5-dcc1e2a509df">
      <Execution id="fa640411-4932-48d5-ba6a-b9b36b175fe0" />
      <TestMethod codeBase="C:\source\COA CodeSearch MCP\COA.CodeSearch.McpServer.Tests\bin\Debug\net9.0\COA.CodeSearch.McpServer.Tests.dll" adapterTypeName="executor://nunit3testexecutor/" className="COA.CodeSearch.McpServer.Tests.Tools.SimilarFilesToolTests" name="Name_ReturnsCorrectToolName" />
    </UnitTest>
    <UnitTest name="TypeExtractionService_Should_Handle_Unknown_Extension" storage="c:\source\coa codesearch mcp\coa.codesearch.mcpserver.tests\bin\debug\net9.0\coa.codesearch.mcpserver.tests.dll" id="44613f3c-91e8-83f2-ac36-f838ffe8d4ce">
      <Execution id="7c9ee53a-5b2e-4d05-9f90-149d59110f08" />
      <TestMethod codeBase="C:\source\COA CodeSearch MCP\COA.CodeSearch.McpServer.Tests\bin\Debug\net9.0\COA.CodeSearch.McpServer.Tests.dll" adapterTypeName="executor://nunit3testexecutor/" className="COA.CodeSearch.McpServer.Tests.Services.TypeExtraction.MinimalTypeExtractionTest" name="TypeExtractionService_Should_Handle_Unknown_Extension" />
    </UnitTest>
    <UnitTest name="ExecuteAsync_WithRegexPattern_ShouldMatchCorrectly" storage="c:\source\coa codesearch mcp\coa.codesearch.mcpserver.tests\bin\debug\net9.0\coa.codesearch.mcpserver.tests.dll" id="3218e2d1-fd33-a329-dc48-180ea7d0cd0e">
      <Execution id="1ead5855-970c-49e3-87a9-10be7bfc033c" />
      <TestMethod codeBase="C:\source\COA CodeSearch MCP\COA.CodeSearch.McpServer.Tests\bin\Debug\net9.0\COA.CodeSearch.McpServer.Tests.dll" adapterTypeName="executor://nunit3testexecutor/" className="COA.CodeSearch.McpServer.Tests.Tools.DirectorySearchToolTests" name="ExecuteAsync_WithRegexPattern_ShouldMatchCorrectly" />
    </UnitTest>
    <UnitTest name="GetIndexPath_Should_Return_Hashed_Directory_Name" storage="c:\source\coa codesearch mcp\coa.codesearch.mcpserver.tests\bin\debug\net9.0\coa.codesearch.mcpserver.tests.dll" id="07078b4b-51c8-42f8-1af8-af9098a00313">
      <Execution id="71ab6f81-a48a-481e-9fe9-2031f152b8ba" />
      <TestMethod codeBase="C:\source\COA CodeSearch MCP\COA.CodeSearch.McpServer.Tests\bin\Debug\net9.0\COA.CodeSearch.McpServer.Tests.dll" adapterTypeName="executor://nunit3testexecutor/" className="COA.CodeSearch.McpServer.Tests.Services.PathResolutionServiceTests" name="GetIndexPath_Should_Return_Hashed_Directory_Name" />
    </UnitTest>
    <UnitTest name="ExecuteAsync_EmptySymbolName_ReturnsError" storage="c:\source\coa codesearch mcp\coa.codesearch.mcpserver.tests\bin\debug\net9.0\coa.codesearch.mcpserver.tests.dll" id="0ac8f794-11d5-db31-dc90-4316cb0722db">
      <Execution id="479416d6-c951-4b04-9db2-6f8ad7c0e11b" />
      <TestMethod codeBase="C:\source\COA CodeSearch MCP\COA.CodeSearch.McpServer.Tests\bin\Debug\net9.0\COA.CodeSearch.McpServer.Tests.dll" adapterTypeName="executor://nunit3testexecutor/" className="COA.CodeSearch.McpServer.Tests.Tools.GoToDefinitionToolTests" name="ExecuteAsync_EmptySymbolName_ReturnsError" />
    </UnitTest>
    <UnitTest name="Debug_Task_Return_Method" storage="c:\source\coa codesearch mcp\coa.codesearch.mcpserver.tests\bin\debug\net9.0\coa.codesearch.mcpserver.tests.dll" id="8725f3d7-c329-cfac-aa7c-a6e1820e7979">
      <Execution id="0bcb1303-40eb-4521-b8e7-88cad2e00ea6" />
      <TestMethod codeBase="C:\source\COA CodeSearch MCP\COA.CodeSearch.McpServer.Tests\bin\Debug\net9.0\COA.CodeSearch.McpServer.Tests.dll" adapterTypeName="executor://nunit3testexecutor/" className="COA.CodeSearch.McpServer.Tests.Services.TypeExtraction.CSharpTypeExtractionTests" name="Debug_Task_Return_Method" />
    </UnitTest>
    <UnitTest name="ExecuteAsync_SingleLine_DeletesCorrectLine" storage="c:\source\coa codesearch mcp\coa.codesearch.mcpserver.tests\bin\debug\net9.0\coa.codesearch.mcpserver.tests.dll" id="24f2e201-f85f-9eb7-f5d2-36095b3f4e2f">
      <Execution id="298db441-edef-4603-ad01-74d209ec244a" />
      <TestMethod codeBase="C:\source\COA CodeSearch MCP\COA.CodeSearch.McpServer.Tests\bin\Debug\net9.0\COA.CodeSearch.McpServer.Tests.dll" adapterTypeName="executor://nunit3testexecutor/" className="COA.CodeSearch.McpServer.Tests.Tools.DeleteLinesToolTests" name="ExecuteAsync_SingleLine_DeletesCorrectLine" />
    </UnitTest>
    <UnitTest name="ExecuteAsync_Should_Store_Workspace_Metadata_After_Successful_Indexing" storage="c:\source\coa codesearch mcp\coa.codesearch.mcpserver.tests\bin\debug\net9.0\coa.codesearch.mcpserver.tests.dll" id="8f14774a-cd75-6f8c-84d0-7bdcc9968328">
      <Execution id="3a1490ad-408d-4258-a3f4-0dbafbc2d49f" />
      <TestMethod codeBase="C:\source\COA CodeSearch MCP\COA.CodeSearch.McpServer.Tests\bin\Debug\net9.0\COA.CodeSearch.McpServer.Tests.dll" adapterTypeName="executor://nunit3testexecutor/" className="COA.CodeSearch.McpServer.Tests.Tools.IndexWorkspaceToolTests" name="ExecuteAsync_Should_Store_Workspace_Metadata_After_Successful_Indexing" />
    </UnitTest>
    <UnitTest name="CalculateConfidence_WithVeryLongQuery_ShouldHandleGracefully" storage="c:\source\coa codesearch mcp\coa.codesearch.mcpserver.tests\bin\debug\net9.0\coa.codesearch.mcpserver.tests.dll" id="b9c310f0-baf7-9474-e47c-10c22c803cff">
      <Execution id="559ffdae-c54e-49fc-b6d3-46f480c3e728" />
      <TestMethod codeBase="C:\source\COA CodeSearch MCP\COA.CodeSearch.McpServer.Tests\bin\Debug\net9.0\COA.CodeSearch.McpServer.Tests.dll" adapterTypeName="executor://nunit3testexecutor/" className="COA.CodeSearch.McpServer.Tests.Services.ConfidenceCalculatorServiceTests" name="CalculateConfidence_WithVeryLongQuery_ShouldHandleGracefully" />
    </UnitTest>
    <UnitTest name="ExecuteAsync_ReplaceLineRange_ReplacesCorrectRange" storage="c:\source\coa codesearch mcp\coa.codesearch.mcpserver.tests\bin\debug\net9.0\coa.codesearch.mcpserver.tests.dll" id="22a3245c-8cb4-74c9-db31-ee1f39e8557d">
      <Execution id="fab01a03-9df0-4264-bcc8-5c00b04bf0a0" />
      <TestMethod codeBase="C:\source\COA CodeSearch MCP\COA.CodeSearch.McpServer.Tests\bin\Debug\net9.0\COA.CodeSearch.McpServer.Tests.dll" adapterTypeName="executor://nunit3testexecutor/" className="COA.CodeSearch.McpServer.Tests.Tools.ReplaceLinesToolTests" name="ExecuteAsync_ReplaceLineRange_ReplacesCorrectRange" />
    </UnitTest>
    <UnitTest name="NullableArguments_SafeMethodCalls_NoWarnings" storage="c:\source\coa codesearch mcp\coa.codesearch.mcpserver.tests\bin\debug\net9.0\coa.codesearch.mcpserver.tests.dll" id="22ae8358-e7fc-5ba2-5f0f-7069a8a56572">
      <Execution id="1843cfca-4142-498f-8141-6bcaddf406c3" />
      <TestMethod codeBase="C:\source\COA CodeSearch MCP\COA.CodeSearch.McpServer.Tests\bin\Debug\net9.0\COA.CodeSearch.McpServer.Tests.dll" adapterTypeName="executor://nunit3testexecutor/" className="COA.CodeSearch.McpServer.Tests.SimpleWarningValidationTests" name="NullableArguments_SafeMethodCalls_NoWarnings" />
    </UnitTest>
    <UnitTest name="ExecuteAsync_FilePatternFilter_RespectsFilter" storage="c:\source\coa codesearch mcp\coa.codesearch.mcpserver.tests\bin\debug\net9.0\coa.codesearch.mcpserver.tests.dll" id="3ae00c58-bce0-aae6-6277-df331731bcb4">
      <Execution id="4b9a934c-9fad-4810-840c-1eebd962ee27" />
      <TestMethod codeBase="C:\source\COA CodeSearch MCP\COA.CodeSearch.McpServer.Tests\bin\Debug\net9.0\COA.CodeSearch.McpServer.Tests.dll" adapterTypeName="executor://nunit3testexecutor/" className="COA.CodeSearch.McpServer.Tests.Tools.SearchAndReplaceToolTests" name="ExecuteAsync_FilePatternFilter_RespectsFilter" />
    </UnitTest>
    <UnitTest name="ApplyIndentation_ConsistentBehavior_PreservesLogic" storage="c:\source\coa codesearch mcp\coa.codesearch.mcpserver.tests\bin\debug\net9.0\coa.codesearch.mcpserver.tests.dll" id="dc053fd2-ff23-067f-a296-e7998a2cbbbf">
      <Execution id="266a9abc-a4cd-43b0-b289-6e86ae9f744d" />
      <TestMethod codeBase="C:\source\COA CodeSearch MCP\COA.CodeSearch.McpServer.Tests\bin\Debug\net9.0\COA.CodeSearch.McpServer.Tests.dll" adapterTypeName="executor://nunit3testexecutor/" className="COA.CodeSearch.McpServer.Tests.Services.FileLineUtilitiesTests" name="ApplyIndentation_ConsistentBehavior_PreservesLogic" />
    </UnitTest>
    <UnitTest name="ExecuteAsync_Should_Validate_MaxResults_Range" storage="c:\source\coa codesearch mcp\coa.codesearch.mcpserver.tests\bin\debug\net9.0\coa.codesearch.mcpserver.tests.dll" id="8f660288-0753-7e10-75a7-dc3552b13a03">
      <Execution id="1861701e-9851-4eb9-986e-5a49ec9645c9" />
      <TestMethod codeBase="C:\source\COA CodeSearch MCP\COA.CodeSearch.McpServer.Tests\bin\Debug\net9.0\COA.CodeSearch.McpServer.Tests.dll" adapterTypeName="executor://nunit3testexecutor/" className="COA.CodeSearch.McpServer.Tests.Tools.RecentFilesToolTests" name="ExecuteAsync_Should_Validate_MaxResults_Range" />
    </UnitTest>
    <UnitTest name="ExecuteAsync_Should_Handle_Invalid_TimeFrame_Format" storage="c:\source\coa codesearch mcp\coa.codesearch.mcpserver.tests\bin\debug\net9.0\coa.codesearch.mcpserver.tests.dll" id="37406336-def6-fc7c-189e-c2030604658e">
      <Execution id="0f6034f4-c080-4f09-b7dd-4cb671e42269" />
      <TestMethod codeBase="C:\source\COA CodeSearch MCP\COA.CodeSearch.McpServer.Tests\bin\Debug\net9.0\COA.CodeSearch.McpServer.Tests.dll" adapterTypeName="executor://nunit3testexecutor/" className="COA.CodeSearch.McpServer.Tests.Tools.RecentFilesToolTests" name="ExecuteAsync_Should_Handle_Invalid_TimeFrame_Format" />
    </UnitTest>
    <UnitTest name="ExecuteAsync_Should_Validate_Required_Parameters" storage="c:\source\coa codesearch mcp\coa.codesearch.mcpserver.tests\bin\debug\net9.0\coa.codesearch.mcpserver.tests.dll" id="a9c8ab5f-5efc-e65e-5983-6be186726c95">
      <Execution id="e77d1d62-a112-44d6-918a-fe3b5548a290" />
      <TestMethod codeBase="C:\source\COA CodeSearch MCP\COA.CodeSearch.McpServer.Tests\bin\Debug\net9.0\COA.CodeSearch.McpServer.Tests.dll" adapterTypeName="executor://nunit3testexecutor/" className="COA.CodeSearch.McpServer.Tests.Tools.FileSearchToolTests" name="ExecuteAsync_Should_Validate_Required_Parameters" />
    </UnitTest>
    <UnitTest name="CalculateConfidence_WithRegexSpecialCharacters_ShouldEscapeProperly" storage="c:\source\coa codesearch mcp\coa.codesearch.mcpserver.tests\bin\debug\net9.0\coa.codesearch.mcpserver.tests.dll" id="11edbe62-8f83-8c3f-4458-b3f3e6ff0e75">
      <Execution id="5a6928c8-2b17-4798-ac64-08611fbd9aa5" />
      <TestMethod codeBase="C:\source\COA CodeSearch MCP\COA.CodeSearch.McpServer.Tests\bin\Debug\net9.0\COA.CodeSearch.McpServer.Tests.dll" adapterTypeName="executor://nunit3testexecutor/" className="COA.CodeSearch.McpServer.Tests.Services.ConfidenceCalculatorServiceTests" name="CalculateConfidence_WithRegexSpecialCharacters_ShouldEscapeProperly" />
    </UnitTest>
    <UnitTest name="DirectoryExists_Should_Return_False_For_NonExistent_Directory" storage="c:\source\coa codesearch mcp\coa.codesearch.mcpserver.tests\bin\debug\net9.0\coa.codesearch.mcpserver.tests.dll" id="49321e41-8407-7aa4-45b1-515098c73901">
      <Execution id="0d2077ab-a895-482c-abd9-006d576690b2" />
      <TestMethod codeBase="C:\source\COA CodeSearch MCP\COA.CodeSearch.McpServer.Tests\bin\Debug\net9.0\COA.CodeSearch.McpServer.Tests.dll" adapterTypeName="executor://nunit3testexecutor/" className="COA.CodeSearch.McpServer.Tests.Services.PathResolutionServiceTests" name="DirectoryExists_Should_Return_False_For_NonExistent_Directory" />
    </UnitTest>
    <UnitTest name="ExecuteAsync_Should_Return_Error_When_Directory_Not_Found" storage="c:\source\coa codesearch mcp\coa.codesearch.mcpserver.tests\bin\debug\net9.0\coa.codesearch.mcpserver.tests.dll" id="9913925c-6c4b-8343-5be6-f836a949a47a">
      <Execution id="ce226a6b-2117-4bb6-b89e-5b14e3bd161c" />
      <TestMethod codeBase="C:\source\COA CodeSearch MCP\COA.CodeSearch.McpServer.Tests\bin\Debug\net9.0\COA.CodeSearch.McpServer.Tests.dll" adapterTypeName="executor://nunit3testexecutor/" className="COA.CodeSearch.McpServer.Tests.Tools.IndexWorkspaceToolTests" name="ExecuteAsync_Should_Return_Error_When_Directory_Not_Found" />
    </UnitTest>
    <UnitTest name="ExecuteAsync_Should_Handle_Initialization_Failure" storage="c:\source\coa codesearch mcp\coa.codesearch.mcpserver.tests\bin\debug\net9.0\coa.codesearch.mcpserver.tests.dll" id="8a165e3a-2840-cef6-75a4-28aa88375f44">
      <Execution id="734fdaee-d3b6-4c53-880c-8ec82ddac80b" />
      <TestMethod codeBase="C:\source\COA CodeSearch MCP\COA.CodeSearch.McpServer.Tests\bin\Debug\net9.0\COA.CodeSearch.McpServer.Tests.dll" adapterTypeName="executor://nunit3testexecutor/" className="COA.CodeSearch.McpServer.Tests.Tools.IndexWorkspaceToolTests" name="ExecuteAsync_Should_Handle_Initialization_Failure" />
    </UnitTest>
    <UnitTest name="ComputeWorkspaceHash_Should_Be_Deterministic" storage="c:\source\coa codesearch mcp\coa.codesearch.mcpserver.tests\bin\debug\net9.0\coa.codesearch.mcpserver.tests.dll" id="00326768-0d79-bb1c-d72a-a3b937cd3e7c">
      <Execution id="744d871c-7406-4482-a923-98f2235012d0" />
      <TestMethod codeBase="C:\source\COA CodeSearch MCP\COA.CodeSearch.McpServer.Tests\bin\Debug\net9.0\COA.CodeSearch.McpServer.Tests.dll" adapterTypeName="executor://nunit3testexecutor/" className="COA.CodeSearch.McpServer.Tests.Services.PathResolutionServiceTests" name="ComputeWorkspaceHash_Should_Be_Deterministic" />
    </UnitTest>
    <UnitTest name="CalculateConfidence_WithPropertyDefinition_ShouldReturnHighConfidence" storage="c:\source\coa codesearch mcp\coa.codesearch.mcpserver.tests\bin\debug\net9.0\coa.codesearch.mcpserver.tests.dll" id="ebb47fc2-9cd0-b7d6-bdae-68701fcea13f">
      <Execution id="849aba53-c347-47a0-a896-dd211a2e2089" />
      <TestMethod codeBase="C:\source\COA CodeSearch MCP\COA.CodeSearch.McpServer.Tests\bin\Debug\net9.0\COA.CodeSearch.McpServer.Tests.dll" adapterTypeName="executor://nunit3testexecutor/" className="COA.CodeSearch.McpServer.Tests.Services.ConfidenceCalculatorServiceTests" name="CalculateConfidence_WithPropertyDefinition_ShouldReturnHighConfidence" />
    </UnitTest>
    <UnitTest name="ExecuteAsync_ContextLines_GeneratesCorrectContext" storage="c:\source\coa codesearch mcp\coa.codesearch.mcpserver.tests\bin\debug\net9.0\coa.codesearch.mcpserver.tests.dll" id="b6645825-0e2d-b86c-d3eb-82a8c700376e">
      <Execution id="aff507c7-75e8-488d-aa0e-9bc81db98c7d" />
      <TestMethod codeBase="C:\source\COA CodeSearch MCP\COA.CodeSearch.McpServer.Tests\bin\Debug\net9.0\COA.CodeSearch.McpServer.Tests.dll" adapterTypeName="executor://nunit3testexecutor/" className="COA.CodeSearch.McpServer.Tests.Tools.InsertAtLineToolTests" name="ExecuteAsync_ContextLines_GeneratesCorrectContext" />
    </UnitTest>
    <UnitTest name="ExecuteAsync_Should_Rebuild_Index_When_Force_Rebuild_Is_True" storage="c:\source\coa codesearch mcp\coa.codesearch.mcpserver.tests\bin\debug\net9.0\coa.codesearch.mcpserver.tests.dll" id="b206608e-3d29-9a6f-bc01-53c268ea4241">
      <Execution id="70f232de-bdfa-4cb6-8610-869e76cdb3f3" />
      <TestMethod codeBase="C:\source\COA CodeSearch MCP\COA.CodeSearch.McpServer.Tests\bin\Debug\net9.0\COA.CodeSearch.McpServer.Tests.dll" adapterTypeName="executor://nunit3testexecutor/" className="COA.CodeSearch.McpServer.Tests.Tools.IndexWorkspaceToolTests" name="ExecuteAsync_Should_Rebuild_Index_When_Force_Rebuild_Is_True" />
    </UnitTest>
    <UnitTest name="BatchOperationsResult_DefaultValues_AreCorrect" storage="c:\source\coa codesearch mcp\coa.codesearch.mcpserver.tests\bin\debug\net9.0\coa.codesearch.mcpserver.tests.dll" id="10d7d1b8-13ac-aa5a-1db4-6d96d37d054c">
      <Execution id="abeea2a7-5509-425e-9b1f-0cc219645b0d" />
      <TestMethod codeBase="C:\source\COA CodeSearch MCP\COA.CodeSearch.McpServer.Tests\bin\Debug\net9.0\COA.CodeSearch.McpServer.Tests.dll" adapterTypeName="executor://nunit3testexecutor/" className="COA.CodeSearch.McpServer.Tests.Tools.BatchOperationsToolTests" name="BatchOperationsResult_DefaultValues_AreCorrect" />
    </UnitTest>
    <UnitTest name="ExecuteAsync_EmptySearchResults_ReturnsNoMatches" storage="c:\source\coa codesearch mcp\coa.codesearch.mcpserver.tests\bin\debug\net9.0\coa.codesearch.mcpserver.tests.dll" id="cb96603a-b6c5-2087-2ba7-4ed2f241e41d">
      <Execution id="523ef4e0-1c2d-42ea-830e-245772c423c2" />
      <TestMethod codeBase="C:\source\COA CodeSearch MCP\COA.CodeSearch.McpServer.Tests\bin\Debug\net9.0\COA.CodeSearch.McpServer.Tests.dll" adapterTypeName="executor://nunit3testexecutor/" className="COA.CodeSearch.McpServer.Tests.Tools.SearchAndReplaceToolTests" name="ExecuteAsync_EmptySearchResults_ReturnsNoMatches" />
    </UnitTest>
    <UnitTest name="NullableDereference_LineDataOperations_SafeAccess" storage="c:\source\coa codesearch mcp\coa.codesearch.mcpserver.tests\bin\debug\net9.0\coa.codesearch.mcpserver.tests.dll" id="64192cf5-0f47-c89f-33f9-510f4a3eb54e">
      <Execution id="e7e00297-a7ae-468f-8cc8-2ac1ddc73888" />
      <TestMethod codeBase="C:\source\COA CodeSearch MCP\COA.CodeSearch.McpServer.Tests\bin\Debug\net9.0\COA.CodeSearch.McpServer.Tests.dll" adapterTypeName="executor://nunit3testexecutor/" className="COA.CodeSearch.McpServer.Tests.NullableReferenceValidationTests" name="NullableDereference_LineDataOperations_SafeAccess" />
    </UnitTest>
    <UnitTest name="NullableList_SafeOperations_NoWarnings" storage="c:\source\coa codesearch mcp\coa.codesearch.mcpserver.tests\bin\debug\net9.0\coa.codesearch.mcpserver.tests.dll" id="72170669-1a4b-b64d-93c5-3d45ab3b701a">
      <Execution id="274c1169-d109-420a-995d-6fe35fb1d09d" />
      <TestMethod codeBase="C:\source\COA CodeSearch MCP\COA.CodeSearch.McpServer.Tests\bin\Debug\net9.0\COA.CodeSearch.McpServer.Tests.dll" adapterTypeName="executor://nunit3testexecutor/" className="COA.CodeSearch.McpServer.Tests.SimpleWarningValidationTests" name="NullableList_SafeOperations_NoWarnings" />
    </UnitTest>
    <UnitTest name="BuildValidation_CriticalFiles_ExistAndAccessible" storage="c:\source\coa codesearch mcp\coa.codesearch.mcpserver.tests\bin\debug\net9.0\coa.codesearch.mcpserver.tests.dll" id="e80aa2f2-25f1-6aee-f6a5-d9e6140d1aa0">
      <Execution id="652f5a54-15ab-466c-a755-acc3dc48ade8" />
      <TestMethod codeBase="C:\source\COA CodeSearch MCP\COA.CodeSearch.McpServer.Tests\bin\Debug\net9.0\COA.CodeSearch.McpServer.Tests.dll" adapterTypeName="executor://nunit3testexecutor/" className="COA.CodeSearch.McpServer.Tests.BuildTimeWarningValidationTests" name="BuildValidation_CriticalFiles_ExistAndAccessible" />
    </UnitTest>
    <UnitTest name="BuildValidation_TestProject_CompilesCleanly" storage="c:\source\coa codesearch mcp\coa.codesearch.mcpserver.tests\bin\debug\net9.0\coa.codesearch.mcpserver.tests.dll" id="68516648-4a86-408d-b0bf-e8823cf08007">
      <Execution id="e7aab23d-0d67-4591-a033-daeeebcc41e4" />
      <TestMethod codeBase="C:\source\COA CodeSearch MCP\COA.CodeSearch.McpServer.Tests\bin\Debug\net9.0\COA.CodeSearch.McpServer.Tests.dll" adapterTypeName="executor://nunit3testexecutor/" className="COA.CodeSearch.McpServer.Tests.BuildTimeWarningValidationTests" name="BuildValidation_TestProject_CompilesCleanly" />
    </UnitTest>
    <UnitTest name="Category_ReturnsQueryCategory" storage="c:\source\coa codesearch mcp\coa.codesearch.mcpserver.tests\bin\debug\net9.0\coa.codesearch.mcpserver.tests.dll" id="6d350cc0-3b63-9f42-1109-cf1df9afcb45">
      <Execution id="735a8084-ca64-44e6-9ba0-7f23fe2c16ed" />
      <TestMethod codeBase="C:\source\COA CodeSearch MCP\COA.CodeSearch.McpServer.Tests\bin\Debug\net9.0\COA.CodeSearch.McpServer.Tests.dll" adapterTypeName="executor://nunit3testexecutor/" className="COA.CodeSearch.McpServer.Tests.Tools.SimilarFilesToolTests" name="Category_ReturnsQueryCategory" />
    </UnitTest>
    <UnitTest name="CalculateConfidence_WithUnknownSymbolType_ShouldStillWork" storage="c:\source\coa codesearch mcp\coa.codesearch.mcpserver.tests\bin\debug\net9.0\coa.codesearch.mcpserver.tests.dll" id="da66ce0c-ee92-38d1-3250-0e465c55c251">
      <Execution id="df27c1b9-a656-4d51-991c-b656b96138c5" />
      <TestMethod codeBase="C:\source\COA CodeSearch MCP\COA.CodeSearch.McpServer.Tests\bin\Debug\net9.0\COA.CodeSearch.McpServer.Tests.dll" adapterTypeName="executor://nunit3testexecutor/" className="COA.CodeSearch.McpServer.Tests.Services.ConfidenceCalculatorServiceTests" name="CalculateConfidence_WithUnknownSymbolType_ShouldStillWork" />
    </UnitTest>
    <UnitTest name="ExecuteAsync_InsertMultipleLines_InsertsCorrectly" storage="c:\source\coa codesearch mcp\coa.codesearch.mcpserver.tests\bin\debug\net9.0\coa.codesearch.mcpserver.tests.dll" id="f77e4a02-22e6-d2a2-29f9-d970ab8ee90f">
      <Execution id="039354f7-da61-45b8-8dc8-2ce5de12e7e2" />
      <TestMethod codeBase="C:\source\COA CodeSearch MCP\COA.CodeSearch.McpServer.Tests\bin\Debug\net9.0\COA.CodeSearch.McpServer.Tests.dll" adapterTypeName="executor://nunit3testexecutor/" className="COA.CodeSearch.McpServer.Tests.Tools.InsertAtLineToolTests" name="ExecuteAsync_InsertMultipleLines_InsertsCorrectly" />
    </UnitTest>
    <UnitTest name="ExecuteAsync_Should_Cache_Successful_Results" storage="c:\source\coa codesearch mcp\coa.codesearch.mcpserver.tests\bin\debug\net9.0\coa.codesearch.mcpserver.tests.dll" id="d3e136b8-5a0a-a773-d9e9-8101eb1d6114">
      <Execution id="0631d3e7-5e76-4393-b323-9c514624926f" />
      <TestMethod codeBase="C:\source\COA CodeSearch MCP\COA.CodeSearch.McpServer.Tests\bin\Debug\net9.0\COA.CodeSearch.McpServer.Tests.dll" adapterTypeName="executor://nunit3testexecutor/" className="COA.CodeSearch.McpServer.Tests.Tools.TextSearchToolTests" name="ExecuteAsync_Should_Cache_Successful_Results" />
    </UnitTest>
    <UnitTest name="ExecuteAsync_NonExistentFile_ReturnsError" storage="c:\source\coa codesearch mcp\coa.codesearch.mcpserver.tests\bin\debug\net9.0\coa.codesearch.mcpserver.tests.dll" id="3cf5453c-cef2-2c2f-414d-9506eb8df816">
      <Execution id="344a7e28-3746-40f4-a747-808ba25d1b44" />
      <TestMethod codeBase="C:\source\COA CodeSearch MCP\COA.CodeSearch.McpServer.Tests\bin\Debug\net9.0\COA.CodeSearch.McpServer.Tests.dll" adapterTypeName="executor://nunit3testexecutor/" className="COA.CodeSearch.McpServer.Tests.Tools.InsertAtLineToolTests" name="ExecuteAsync_NonExistentFile_ReturnsError" />
    </UnitTest>
    <UnitTest name="NullableString_SafeOperations_NoWarnings" storage="c:\source\coa codesearch mcp\coa.codesearch.mcpserver.tests\bin\debug\net9.0\coa.codesearch.mcpserver.tests.dll" id="53c196cc-1dd5-931b-3fad-178da16e285a">
      <Execution id="e73acf57-7cc8-49a1-b01a-af8203f5459d" />
      <TestMethod codeBase="C:\source\COA CodeSearch MCP\COA.CodeSearch.McpServer.Tests\bin\Debug\net9.0\COA.CodeSearch.McpServer.Tests.dll" adapterTypeName="executor://nunit3testexecutor/" className="COA.CodeSearch.McpServer.Tests.SimpleWarningValidationTests" name="NullableString_SafeOperations_NoWarnings" />
    </UnitTest>
    <UnitTest name="CalculateConfidence_WithExactFileNameMatch_ShouldHaveBonus" storage="c:\source\coa codesearch mcp\coa.codesearch.mcpserver.tests\bin\debug\net9.0\coa.codesearch.mcpserver.tests.dll" id="a48bd2c4-ea8f-7724-f717-7c2e5483260c">
      <Execution id="991e7a8e-64c5-4f73-84d6-ef117d6a6dbe" />
      <TestMethod codeBase="C:\source\COA CodeSearch MCP\COA.CodeSearch.McpServer.Tests\bin\Debug\net9.0\COA.CodeSearch.McpServer.Tests.dll" adapterTypeName="executor://nunit3testexecutor/" className="COA.CodeSearch.McpServer.Tests.Services.ConfidenceCalculatorServiceTests" name="CalculateConfidence_WithExactFileNameMatch_ShouldHaveBonus" />
    </UnitTest>
    <UnitTest name="WhenSearchingForClassName_TypeDefinitionShouldBeFirst" storage="c:\source\coa codesearch mcp\coa.codesearch.mcpserver.tests\bin\debug\net9.0\coa.codesearch.mcpserver.tests.dll" id="654ff909-4e27-8a9e-bc29-4be280a61f94">
      <Execution id="3ec7c383-adec-4774-bd0d-66a7e3be1ad2" />
      <TestMethod codeBase="C:\source\COA CodeSearch MCP\COA.CodeSearch.McpServer.Tests\bin\Debug\net9.0\COA.CodeSearch.McpServer.Tests.dll" adapterTypeName="executor://nunit3testexecutor/" className="COA.CodeSearch.McpServer.Tests.Tools.TextSearchToolTests" name="WhenSearchingForClassName_TypeDefinitionShouldBeFirst" />
    </UnitTest>
    <UnitTest name="ValidateRequired_NullWorkspacePath_ThrowsArgumentNullException" storage="c:\source\coa codesearch mcp\coa.codesearch.mcpserver.tests\bin\debug\net9.0\coa.codesearch.mcpserver.tests.dll" id="80df271d-77a9-1b07-13b6-2ab9973e92a6">
      <Execution id="be0ff949-06cc-4359-a153-dd17f70ee869" />
      <TestMethod codeBase="C:\source\COA CodeSearch MCP\COA.CodeSearch.McpServer.Tests\bin\Debug\net9.0\COA.CodeSearch.McpServer.Tests.dll" adapterTypeName="executor://nunit3testexecutor/" className="COA.CodeSearch.McpServer.Tests.Tools.BatchOperationsToolTests" name="ValidateRequired_NullWorkspacePath_ThrowsArgumentNullException" />
    </UnitTest>
    <UnitTest name="ExecuteAsync_WithCaching_ReturnsCachedResult" storage="c:\source\coa codesearch mcp\coa.codesearch.mcpserver.tests\bin\debug\net9.0\coa.codesearch.mcpserver.tests.dll" id="0289a2e7-b4eb-8ae7-0d13-e964073eba07">
      <Execution id="4c759b23-81f4-4d8c-92a3-76e11ffbe5b0" />
      <TestMethod codeBase="C:\source\COA CodeSearch MCP\COA.CodeSearch.McpServer.Tests\bin\Debug\net9.0\COA.CodeSearch.McpServer.Tests.dll" adapterTypeName="executor://nunit3testexecutor/" className="COA.CodeSearch.McpServer.Tests.Tools.SimilarFilesToolTests" name="ExecuteAsync_WithCaching_ReturnsCachedResult" />
    </UnitTest>
    <UnitTest name="ExecuteAsync_Should_Validate_Required_Parameters" storage="c:\source\coa codesearch mcp\coa.codesearch.mcpserver.tests\bin\debug\net9.0\coa.codesearch.mcpserver.tests.dll" id="6a0457b2-a3b5-f21c-34c9-5bd6c9262a88">
      <Execution id="e5dbb64d-9e00-4b0b-ac22-6dc9467892c8" />
      <TestMethod codeBase="C:\source\COA CodeSearch MCP\COA.CodeSearch.McpServer.Tests\bin\Debug\net9.0\COA.CodeSearch.McpServer.Tests.dll" adapterTypeName="executor://nunit3testexecutor/" className="COA.CodeSearch.McpServer.Tests.Tools.IndexWorkspaceToolTests" name="ExecuteAsync_Should_Validate_Required_Parameters" />
    </UnitTest>
    <UnitTest name="ExecuteAsync_NoDuplicateLines_FixesCarriageReturnBug" storage="c:\source\coa codesearch mcp\coa.codesearch.mcpserver.tests\bin\debug\net9.0\coa.codesearch.mcpserver.tests.dll" id="b2f947a9-5ebd-89e8-5f9c-55078a1bde5c">
      <Execution id="252b980c-a60a-4c86-8b87-7148387d07a0" />
      <TestMethod codeBase="C:\source\COA CodeSearch MCP\COA.CodeSearch.McpServer.Tests\bin\Debug\net9.0\COA.CodeSearch.McpServer.Tests.dll" adapterTypeName="executor://nunit3testexecutor/" className="COA.CodeSearch.McpServer.Tests.Tools.SearchAndReplaceToolTests" name="ExecuteAsync_NoDuplicateLines_FixesCarriageReturnBug" />
    </UnitTest>
    <UnitTest name="ExecuteAsync_Should_Not_Store_Metadata_When_Indexing_Fails" storage="c:\source\coa codesearch mcp\coa.codesearch.mcpserver.tests\bin\debug\net9.0\coa.codesearch.mcpserver.tests.dll" id="bfa6ab72-fad6-99b9-6055-3a00e10d1609">
      <Execution id="0caa3a79-da21-4e02-8f90-dd95fd70e03b" />
      <TestMethod codeBase="C:\source\COA CodeSearch MCP\COA.CodeSearch.McpServer.Tests\bin\Debug\net9.0\COA.CodeSearch.McpServer.Tests.dll" adapterTypeName="executor://nunit3testexecutor/" className="COA.CodeSearch.McpServer.Tests.Tools.IndexWorkspaceToolTests" name="ExecuteAsync_Should_Not_Store_Metadata_When_Indexing_Fails" />
    </UnitTest>
    <UnitTest name="ExecuteAsync_InvalidJson_ReturnsError" storage="c:\source\coa codesearch mcp\coa.codesearch.mcpserver.tests\bin\debug\net9.0\coa.codesearch.mcpserver.tests.dll" id="9b0c71cb-b156-596b-3243-55ebe09ed2b6">
      <Execution id="898e8a8c-f3db-4dfc-922c-317c7962c846" />
      <TestMethod codeBase="C:\source\COA CodeSearch MCP\COA.CodeSearch.McpServer.Tests\bin\Debug\net9.0\COA.CodeSearch.McpServer.Tests.dll" adapterTypeName="executor://nunit3testexecutor/" className="COA.CodeSearch.McpServer.Tests.Tools.BatchOperationsToolTests" name="ExecuteAsync_InvalidJson_ReturnsError" />
    </UnitTest>
    <UnitTest name="ExecuteAsync_ReplaceWithMinimalContent_ReplacesCorrectly" storage="c:\source\coa codesearch mcp\coa.codesearch.mcpserver.tests\bin\debug\net9.0\coa.codesearch.mcpserver.tests.dll" id="484b8c1d-4df6-b62b-b60c-57a9dfa12014">
      <Execution id="802f4d17-ef21-41db-8a72-47ee4db70ae4" />
      <TestMethod codeBase="C:\source\COA CodeSearch MCP\COA.CodeSearch.McpServer.Tests\bin\Debug\net9.0\COA.CodeSearch.McpServer.Tests.dll" adapterTypeName="executor://nunit3testexecutor/" className="COA.CodeSearch.McpServer.Tests.Tools.ReplaceLinesToolTests" name="ExecuteAsync_ReplaceWithMinimalContent_ReplacesCorrectly" />
    </UnitTest>
    <UnitTest name="ExecuteAsync_WithMinScore_FiltersResults" storage="c:\source\coa codesearch mcp\coa.codesearch.mcpserver.tests\bin\debug\net9.0\coa.codesearch.mcpserver.tests.dll" id="3b4bfb98-16ac-c2c8-b470-037ed1897690">
      <Execution id="33013a31-9bec-43f2-bc66-c52c1aa8f66a" />
      <TestMethod codeBase="C:\source\COA CodeSearch MCP\COA.CodeSearch.McpServer.Tests\bin\Debug\net9.0\COA.CodeSearch.McpServer.Tests.dll" adapterTypeName="executor://nunit3testexecutor/" className="COA.CodeSearch.McpServer.Tests.Tools.SimilarFilesToolTests" name="ExecuteAsync_WithMinScore_FiltersResults" />
    </UnitTest>
    <UnitTest name="ExecuteAsync_Should_Use_Summary_Mode_MaxResults" storage="c:\source\coa codesearch mcp\coa.codesearch.mcpserver.tests\bin\debug\net9.0\coa.codesearch.mcpserver.tests.dll" id="e3253137-4084-c2cf-1249-549ade2ad9ab">
      <Execution id="9e90ac21-e8d3-40eb-bd79-93ecb85c8e9d" />
      <TestMethod codeBase="C:\source\COA CodeSearch MCP\COA.CodeSearch.McpServer.Tests\bin\Debug\net9.0\COA.CodeSearch.McpServer.Tests.dll" adapterTypeName="executor://nunit3testexecutor/" className="COA.CodeSearch.McpServer.Tests.Tools.TextSearchToolTests" name="ExecuteAsync_Should_Use_Summary_Mode_MaxResults" />
    </UnitTest>
    <UnitTest name="Description_ReturnsCorrectDescription" storage="c:\source\coa codesearch mcp\coa.codesearch.mcpserver.tests\bin\debug\net9.0\coa.codesearch.mcpserver.tests.dll" id="ec485ea5-9daa-a0d9-a9c8-f4b69700c81c">
      <Execution id="20d0a741-dd02-4bb7-bd5b-42f7f634e91d" />
      <TestMethod codeBase="C:\source\COA CodeSearch MCP\COA.CodeSearch.McpServer.Tests\bin\Debug\net9.0\COA.CodeSearch.McpServer.Tests.dll" adapterTypeName="executor://nunit3testexecutor/" className="COA.CodeSearch.McpServer.Tests.Tools.SimilarFilesToolTests" name="Description_ReturnsCorrectDescription" />
    </UnitTest>
    <UnitTest name="ExecuteAsync_ValidSymbolName_ReturnsDefinition" storage="c:\source\coa codesearch mcp\coa.codesearch.mcpserver.tests\bin\debug\net9.0\coa.codesearch.mcpserver.tests.dll" id="8abee6a6-94c6-2eab-4f04-f3aa86f43b78">
      <Execution id="7a888f70-85f3-43d1-8ffb-aca412e76a6d" />
      <TestMethod codeBase="C:\source\COA CodeSearch MCP\COA.CodeSearch.McpServer.Tests\bin\Debug\net9.0\COA.CodeSearch.McpServer.Tests.dll" adapterTypeName="executor://nunit3testexecutor/" className="COA.CodeSearch.McpServer.Tests.Tools.GoToDefinitionToolTests" name="ExecuteAsync_ValidSymbolName_ReturnsDefinition" />
    </UnitTest>
    <UnitTest name="ExecuteAsync_Should_Bypass_Cache_When_NoCache_Is_True" storage="c:\source\coa codesearch mcp\coa.codesearch.mcpserver.tests\bin\debug\net9.0\coa.codesearch.mcpserver.tests.dll" id="9d0da409-94ac-6a8a-e640-cd59d7bb110a">
      <Execution id="e646f287-b9b1-430a-8769-7455aa66e530" />
      <TestMethod codeBase="C:\source\COA CodeSearch MCP\COA.CodeSearch.McpServer.Tests\bin\Debug\net9.0\COA.CodeSearch.McpServer.Tests.dll" adapterTypeName="executor://nunit3testexecutor/" className="COA.CodeSearch.McpServer.Tests.Tools.TextSearchToolTests" name="ExecuteAsync_Should_Bypass_Cache_When_NoCache_Is_True" />
    </UnitTest>
    <UnitTest name="ExecuteAsync_InvalidStartLine_ReturnsError" storage="c:\source\coa codesearch mcp\coa.codesearch.mcpserver.tests\bin\debug\net9.0\coa.codesearch.mcpserver.tests.dll" id="be4b1344-9069-5b47-a319-2e4cc8a32ac3">
      <Execution id="88a67baf-af2f-4ce1-8553-368e2d84b985" />
      <TestMethod codeBase="C:\source\COA CodeSearch MCP\COA.CodeSearch.McpServer.Tests\bin\Debug\net9.0\COA.CodeSearch.McpServer.Tests.dll" adapterTypeName="executor://nunit3testexecutor/" className="COA.CodeSearch.McpServer.Tests.Tools.ReplaceLinesToolTests" name="ExecuteAsync_InvalidStartLine_ReturnsError" />
    </UnitTest>
    <UnitTest name="ExecuteAsync_SymbolNotFound_ReturnsNoResults" storage="c:\source\coa codesearch mcp\coa.codesearch.mcpserver.tests\bin\debug\net9.0\coa.codesearch.mcpserver.tests.dll" id="824e5e41-c053-1da1-4b96-4d4f01dca91e">
      <Execution id="87c2ca61-250c-46be-9fdc-56466af46618" />
      <TestMethod codeBase="C:\source\COA CodeSearch MCP\COA.CodeSearch.McpServer.Tests\bin\Debug\net9.0\COA.CodeSearch.McpServer.Tests.dll" adapterTypeName="executor://nunit3testexecutor/" className="COA.CodeSearch.McpServer.Tests.Tools.GoToDefinitionToolTests" name="ExecuteAsync_SymbolNotFound_ReturnsNoResults" />
    </UnitTest>
    <UnitTest name="GetFileName_Should_Extract_File_Name" storage="c:\source\coa codesearch mcp\coa.codesearch.mcpserver.tests\bin\debug\net9.0\coa.codesearch.mcpserver.tests.dll" id="eed83322-98cb-a81b-359f-d05a5291974b">
      <Execution id="36a4f693-3c21-49c6-93b7-f4e323e664a0" />
      <TestMethod codeBase="C:\source\COA CodeSearch MCP\COA.CodeSearch.McpServer.Tests\bin\Debug\net9.0\COA.CodeSearch.McpServer.Tests.dll" adapterTypeName="executor://nunit3testexecutor/" className="COA.CodeSearch.McpServer.Tests.Services.PathResolutionServiceTests" name="GetFileName_Should_Extract_File_Name" />
    </UnitTest>
    <UnitTest name="GetFileName_Should_Handle_Invalid_Path" storage="c:\source\coa codesearch mcp\coa.codesearch.mcpserver.tests\bin\debug\net9.0\coa.codesearch.mcpserver.tests.dll" id="c936982d-018f-b326-642f-539f6e345e91">
      <Execution id="c1c9a4a6-9504-4c6b-805f-7cf65758257b" />
      <TestMethod codeBase="C:\source\COA CodeSearch MCP\COA.CodeSearch.McpServer.Tests\bin\Debug\net9.0\COA.CodeSearch.McpServer.Tests.dll" adapterTypeName="executor://nunit3testexecutor/" className="COA.CodeSearch.McpServer.Tests.Services.PathResolutionServiceTests" name="GetFileName_Should_Handle_Invalid_Path" />
    </UnitTest>
    <UnitTest name="ExecuteAsync_EndLineBeforeStartLine_ReturnsError" storage="c:\source\coa codesearch mcp\coa.codesearch.mcpserver.tests\bin\debug\net9.0\coa.codesearch.mcpserver.tests.dll" id="336a5061-4247-7712-2200-ed245d122176">
      <Execution id="3a1b9e21-a060-45fc-9310-41c99d824956" />
      <TestMethod codeBase="C:\source\COA CodeSearch MCP\COA.CodeSearch.McpServer.Tests\bin\Debug\net9.0\COA.CodeSearch.McpServer.Tests.dll" adapterTypeName="executor://nunit3testexecutor/" className="COA.CodeSearch.McpServer.Tests.Tools.ReplaceLinesToolTests" name="ExecuteAsync_EndLineBeforeStartLine_ReturnsError" />
    </UnitTest>
    <UnitTest name="GetRelativePath_Should_Calculate_Relative_Path" storage="c:\source\coa codesearch mcp\coa.codesearch.mcpserver.tests\bin\debug\net9.0\coa.codesearch.mcpserver.tests.dll" id="4c58b71a-ac72-d6c1-76f3-f24cbe6f496a">
      <Execution id="9104e179-a124-4c5d-b5c5-34bbc9f41f91" />
      <TestMethod codeBase="C:\source\COA CodeSearch MCP\COA.CodeSearch.McpServer.Tests\bin\Debug\net9.0\COA.CodeSearch.McpServer.Tests.dll" adapterTypeName="executor://nunit3testexecutor/" className="COA.CodeSearch.McpServer.Tests.Services.PathResolutionServiceTests" name="GetRelativePath_Should_Calculate_Relative_Path" />
    </UnitTest>
    <UnitTest name="ExecuteAsync_Should_Parse_TimeFrame_Correctly(&quot;2d&quot;,2)" storage="c:\source\coa codesearch mcp\coa.codesearch.mcpserver.tests\bin\debug\net9.0\coa.codesearch.mcpserver.tests.dll" id="2c56d30c-a374-c58e-e93b-b09a90625bd9">
      <Execution id="4ea09774-578d-4f36-9656-4e5e709b6290" />
      <TestMethod codeBase="C:\source\COA CodeSearch MCP\COA.CodeSearch.McpServer.Tests\bin\Debug\net9.0\COA.CodeSearch.McpServer.Tests.dll" adapterTypeName="executor://nunit3testexecutor/" className="COA.CodeSearch.McpServer.Tests.Tools.RecentFilesToolTests" name="ExecuteAsync_Should_Parse_TimeFrame_Correctly(&quot;2d&quot;,2)" />
    </UnitTest>
    <UnitTest name="NonNullableField_ObjectInitialization_ProperInitialization" storage="c:\source\coa codesearch mcp\coa.codesearch.mcpserver.tests\bin\debug\net9.0\coa.codesearch.mcpserver.tests.dll" id="d9639a47-b934-e44a-f236-d0ccde0de455">
      <Execution id="fd15f769-9be6-4b48-976c-72eab3844750" />
      <TestMethod codeBase="C:\source\COA CodeSearch MCP\COA.CodeSearch.McpServer.Tests\bin\Debug\net9.0\COA.CodeSearch.McpServer.Tests.dll" adapterTypeName="executor://nunit3testexecutor/" className="COA.CodeSearch.McpServer.Tests.NullableReferenceValidationTests" name="NonNullableField_ObjectInitialization_ProperInitialization" />
    </UnitTest>
    <UnitTest name="ExecuteAsync_ShouldCalculateDepthCorrectly" storage="c:\source\coa codesearch mcp\coa.codesearch.mcpserver.tests\bin\debug\net9.0\coa.codesearch.mcpserver.tests.dll" id="c41b1d63-dd1b-5812-a822-5d35a364f148">
      <Execution id="8f3082af-968f-48a3-a287-26dba8f4fc69" />
      <TestMethod codeBase="C:\source\COA CodeSearch MCP\COA.CodeSearch.McpServer.Tests\bin\Debug\net9.0\COA.CodeSearch.McpServer.Tests.dll" adapterTypeName="executor://nunit3testexecutor/" className="COA.CodeSearch.McpServer.Tests.Tools.DirectorySearchToolTests" name="ExecuteAsync_ShouldCalculateDepthCorrectly" />
    </UnitTest>
    <UnitTest name="ComputeWorkspaceHash_Should_Generate_8_Character_Hash" storage="c:\source\coa codesearch mcp\coa.codesearch.mcpserver.tests\bin\debug\net9.0\coa.codesearch.mcpserver.tests.dll" id="a90f6a83-4ab2-5198-0e57-89e320db99a6">
      <Execution id="616f580d-8bb2-47a8-94e0-903c9cd0f9a5" />
      <TestMethod codeBase="C:\source\COA CodeSearch MCP\COA.CodeSearch.McpServer.Tests\bin\Debug\net9.0\COA.CodeSearch.McpServer.Tests.dll" adapterTypeName="executor://nunit3testexecutor/" className="COA.CodeSearch.McpServer.Tests.Services.PathResolutionServiceTests" name="ComputeWorkspaceHash_Should_Generate_8_Character_Hash" />
    </UnitTest>
    <UnitTest name="EnsureDirectoryExists_Should_Create_Nested_Directories" storage="c:\source\coa codesearch mcp\coa.codesearch.mcpserver.tests\bin\debug\net9.0\coa.codesearch.mcpserver.tests.dll" id="6c81ab54-0bec-8762-90d9-f28435852df7">
      <Execution id="44e69ca3-eb08-42dd-a9ea-f26e54f4e60b" />
      <TestMethod codeBase="C:\source\COA CodeSearch MCP\COA.CodeSearch.McpServer.Tests\bin\Debug\net9.0\COA.CodeSearch.McpServer.Tests.dll" adapterTypeName="executor://nunit3testexecutor/" className="COA.CodeSearch.McpServer.Tests.Services.PathResolutionServiceTests" name="EnsureDirectoryExists_Should_Create_Nested_Directories" />
    </UnitTest>
    <UnitTest name="FileExists_Should_Return_True_For_Existing_File" storage="c:\source\coa codesearch mcp\coa.codesearch.mcpserver.tests\bin\debug\net9.0\coa.codesearch.mcpserver.tests.dll" id="e7e96ba6-37ce-6c9e-8536-2567f17f6580">
      <Execution id="987189c5-f399-418c-9f49-c6315313b7c6" />
      <TestMethod codeBase="C:\source\COA CodeSearch MCP\COA.CodeSearch.McpServer.Tests\bin\Debug\net9.0\COA.CodeSearch.McpServer.Tests.dll" adapterTypeName="executor://nunit3testexecutor/" className="COA.CodeSearch.McpServer.Tests.Services.PathResolutionServiceTests" name="FileExists_Should_Return_True_For_Existing_File" />
    </UnitTest>
    <UnitTest name="ExecuteAsync_WithIndentationPreservation_PreservesIndentation" storage="c:\source\coa codesearch mcp\coa.codesearch.mcpserver.tests\bin\debug\net9.0\coa.codesearch.mcpserver.tests.dll" id="6808b8dc-b448-e0b2-d22c-0c66085fdfdf">
      <Execution id="60fe173b-3d00-41c8-8e65-e9abb2f25caa" />
      <TestMethod codeBase="C:\source\COA CodeSearch MCP\COA.CodeSearch.McpServer.Tests\bin\Debug\net9.0\COA.CodeSearch.McpServer.Tests.dll" adapterTypeName="executor://nunit3testexecutor/" className="COA.CodeSearch.McpServer.Tests.Tools.InsertAtLineToolTests" name="ExecuteAsync_WithIndentationPreservation_PreservesIndentation" />
    </UnitTest>
    <UnitTest name="CalculateConfidence_WithWhitespaceMatchedLine_ShouldReturnZero" storage="c:\source\coa codesearch mcp\coa.codesearch.mcpserver.tests\bin\debug\net9.0\coa.codesearch.mcpserver.tests.dll" id="6e0417db-69d3-bf89-9fbc-8140fb464450">
      <Execution id="1b201b94-9c66-4897-996b-639616338c7b" />
      <TestMethod codeBase="C:\source\COA CodeSearch MCP\COA.CodeSearch.McpServer.Tests\bin\Debug\net9.0\COA.CodeSearch.McpServer.Tests.dll" adapterTypeName="executor://nunit3testexecutor/" className="COA.CodeSearch.McpServer.Tests.Services.ConfidenceCalculatorServiceTests" name="CalculateConfidence_WithWhitespaceMatchedLine_ShouldReturnZero" />
    </UnitTest>
    <UnitTest name="ExecuteAsync_Should_Store_Metadata_Even_When_Reindexing" storage="c:\source\coa codesearch mcp\coa.codesearch.mcpserver.tests\bin\debug\net9.0\coa.codesearch.mcpserver.tests.dll" id="82ad39dc-0184-3b21-9add-a730ae927107">
      <Execution id="7d2b5147-aaf9-4042-9b9b-769cf236ee20" />
      <TestMethod codeBase="C:\source\COA CodeSearch MCP\COA.CodeSearch.McpServer.Tests\bin\Debug\net9.0\COA.CodeSearch.McpServer.Tests.dll" adapterTypeName="executor://nunit3testexecutor/" className="COA.CodeSearch.McpServer.Tests.Tools.IndexWorkspaceToolTests" name="ExecuteAsync_Should_Store_Metadata_Even_When_Reindexing" />
    </UnitTest>
    <UnitTest name="ExecuteAsync_Should_Use_Cache_When_Available" storage="c:\source\coa codesearch mcp\coa.codesearch.mcpserver.tests\bin\debug\net9.0\coa.codesearch.mcpserver.tests.dll" id="e74ca356-302c-d244-498c-021a1f823191">
      <Execution id="37ee2622-e924-4d73-976f-345523edee0a" />
      <TestMethod codeBase="C:\source\COA CodeSearch MCP\COA.CodeSearch.McpServer.Tests\bin\Debug\net9.0\COA.CodeSearch.McpServer.Tests.dll" adapterTypeName="executor://nunit3testexecutor/" className="COA.CodeSearch.McpServer.Tests.Tools.RecentFilesToolTests" name="ExecuteAsync_Should_Use_Cache_When_Available" />
    </UnitTest>
    <UnitTest name="ExecuteAsync_DeleteAllLines_WorksCorrectly" storage="c:\source\coa codesearch mcp\coa.codesearch.mcpserver.tests\bin\debug\net9.0\coa.codesearch.mcpserver.tests.dll" id="2526fdb1-d921-770e-521f-d9dd9ebeef1a">
      <Execution id="160b1df9-1b5a-4c26-be22-ba55e66633ac" />
      <TestMethod codeBase="C:\source\COA CodeSearch MCP\COA.CodeSearch.McpServer.Tests\bin\Debug\net9.0\COA.CodeSearch.McpServer.Tests.dll" adapterTypeName="executor://nunit3testexecutor/" className="COA.CodeSearch.McpServer.Tests.Tools.DeleteLinesToolTests" name="ExecuteAsync_DeleteAllLines_WorksCorrectly" />
    </UnitTest>
    <UnitTest name="CalculateConfidence_RealWorldScenario_MethodCallVsDefinition" storage="c:\source\coa codesearch mcp\coa.codesearch.mcpserver.tests\bin\debug\net9.0\coa.codesearch.mcpserver.tests.dll" id="c6b65c98-ccbc-7df3-e37f-f4694a6d7677">
      <Execution id="b083ff28-6f91-4a4d-b83e-1639a57b78c8" />
      <TestMethod codeBase="C:\source\COA CodeSearch MCP\COA.CodeSearch.McpServer.Tests\bin\Debug\net9.0\COA.CodeSearch.McpServer.Tests.dll" adapterTypeName="executor://nunit3testexecutor/" className="COA.CodeSearch.McpServer.Tests.Services.ConfidenceCalculatorServiceTests" name="CalculateConfidence_RealWorldScenario_MethodCallVsDefinition" />
    </UnitTest>
    <UnitTest name="ExecuteAsync_EmptySearchResults_ReturnsEmptyResult" storage="c:\source\coa codesearch mcp\coa.codesearch.mcpserver.tests\bin\debug\net9.0\coa.codesearch.mcpserver.tests.dll" id="854a2a43-867f-e330-2e14-18f5294bbf84">
      <Execution id="2dd93060-f46c-4f6a-849d-806fa935e58c" />
      <TestMethod codeBase="C:\source\COA CodeSearch MCP\COA.CodeSearch.McpServer.Tests\bin\Debug\net9.0\COA.CodeSearch.McpServer.Tests.dll" adapterTypeName="executor://nunit3testexecutor/" className="COA.CodeSearch.McpServer.Tests.Tools.LineSearchToolTests" name="ExecuteAsync_EmptySearchResults_ReturnsEmptyResult" />
    </UnitTest>
    <UnitTest name="NullableDereference_SearchHitContextLines_SafeAccess" storage="c:\source\coa codesearch mcp\coa.codesearch.mcpserver.tests\bin\debug\net9.0\coa.codesearch.mcpserver.tests.dll" id="19387473-8f06-9e3f-eab9-436277ecd4fd">
      <Execution id="adb34cab-ccda-483c-943b-5f855e7ca586" />
      <TestMethod codeBase="C:\source\COA CodeSearch MCP\COA.CodeSearch.McpServer.Tests\bin\Debug\net9.0\COA.CodeSearch.McpServer.Tests.dll" adapterTypeName="executor://nunit3testexecutor/" className="COA.CodeSearch.McpServer.Tests.NullableReferenceValidationTests" name="NullableDereference_SearchHitContextLines_SafeAccess" />
    </UnitTest>
    <UnitTest name="EnsureDirectoryExists_Should_Create_Directory_If_Not_Exists" storage="c:\source\coa codesearch mcp\coa.codesearch.mcpserver.tests\bin\debug\net9.0\coa.codesearch.mcpserver.tests.dll" id="4dfda5f5-3fea-e107-6811-cad8623ee176">
      <Execution id="624a37f9-4ff4-406a-8bfe-320926200f48" />
      <TestMethod codeBase="C:\source\COA CodeSearch MCP\COA.CodeSearch.McpServer.Tests\bin\Debug\net9.0\COA.CodeSearch.McpServer.Tests.dll" adapterTypeName="executor://nunit3testexecutor/" className="COA.CodeSearch.McpServer.Tests.Services.PathResolutionServiceTests" name="EnsureDirectoryExists_Should_Create_Directory_If_Not_Exists" />
    </UnitTest>
    <UnitTest name="ExecuteAsync_Should_Perform_Search_And_Return_Results" storage="c:\source\coa codesearch mcp\coa.codesearch.mcpserver.tests\bin\debug\net9.0\coa.codesearch.mcpserver.tests.dll" id="25211c2a-1548-93dd-2ce0-1c8ef9938476">
      <Execution id="7a43ecfd-0444-437e-b401-19916bd49df4" />
      <TestMethod codeBase="C:\source\COA CodeSearch MCP\COA.CodeSearch.McpServer.Tests\bin\Debug\net9.0\COA.CodeSearch.McpServer.Tests.dll" adapterTypeName="executor://nunit3testexecutor/" className="COA.CodeSearch.McpServer.Tests.Tools.TextSearchToolTests" name="ExecuteAsync_Should_Perform_Search_And_Return_Results" />
    </UnitTest>
    <UnitTest name="ExecuteAsync_Should_Skip_Cache_When_NoCache_Is_True" storage="c:\source\coa codesearch mcp\coa.codesearch.mcpserver.tests\bin\debug\net9.0\coa.codesearch.mcpserver.tests.dll" id="e1dc1fb8-c131-bfac-35bb-827b770d4634">
      <Execution id="e8466164-8571-4e15-8fb6-29b0ada26728" />
      <TestMethod codeBase="C:\source\COA CodeSearch MCP\COA.CodeSearch.McpServer.Tests\bin\Debug\net9.0\COA.CodeSearch.McpServer.Tests.dll" adapterTypeName="executor://nunit3testexecutor/" className="COA.CodeSearch.McpServer.Tests.Tools.RecentFilesToolTests" name="ExecuteAsync_Should_Skip_Cache_When_NoCache_Is_True" />
    </UnitTest>
    <UnitTest name="CalculateConfidence_WithNoMatch_ShouldReturnMinimalConfidence" storage="c:\source\coa codesearch mcp\coa.codesearch.mcpserver.tests\bin\debug\net9.0\coa.codesearch.mcpserver.tests.dll" id="1aa7279c-8a67-9c39-8baf-9ea59ed49bd7">
      <Execution id="88160fc3-c70b-4001-b3b1-325de7f1e2af" />
      <TestMethod codeBase="C:\source\COA CodeSearch MCP\COA.CodeSearch.McpServer.Tests\bin\Debug\net9.0\COA.CodeSearch.McpServer.Tests.dll" adapterTypeName="executor://nunit3testexecutor/" className="COA.CodeSearch.McpServer.Tests.Services.ConfidenceCalculatorServiceTests" name="CalculateConfidence_WithNoMatch_ShouldReturnMinimalConfidence" />
    </UnitTest>
    <UnitTest name="RegressionTest_PreventLineHandlingInconsistency" storage="c:\source\coa codesearch mcp\coa.codesearch.mcpserver.tests\bin\debug\net9.0\coa.codesearch.mcpserver.tests.dll" id="02b3d77d-9453-7d32-929c-884e115651dd">
      <Execution id="4cf30b4b-758b-428c-9026-2f0e4f0eb7bf" />
      <TestMethod codeBase="C:\source\COA CodeSearch MCP\COA.CodeSearch.McpServer.Tests\bin\Debug\net9.0\COA.CodeSearch.McpServer.Tests.dll" adapterTypeName="executor://nunit3testexecutor/" className="COA.CodeSearch.McpServer.Tests.Services.FileLineUtilitiesTests" name="RegressionTest_PreventLineHandlingInconsistency" />
    </UnitTest>
    <UnitTest name="QueryTypeDetector_ShouldCatchClaudePatterns" storage="c:\source\coa codesearch mcp\coa.codesearch.mcpserver.tests\bin\debug\net9.0\coa.codesearch.mcpserver.tests.dll" id="0602473d-5866-8e4d-4f94-570f7e7c2237">
      <Execution id="628c8cd5-cdc4-43d7-98fb-2206a390d96d" />
      <TestMethod codeBase="C:\source\COA CodeSearch MCP\COA.CodeSearch.McpServer.Tests\bin\Debug\net9.0\COA.CodeSearch.McpServer.Tests.dll" adapterTypeName="executor://nunit3testexecutor/" className="COA.CodeSearch.McpServer.Tests.Tools.TextSearchToolTests" name="QueryTypeDetector_ShouldCatchClaudePatterns" />
    </UnitTest>
    <UnitTest name="ExecuteAsync_WithoutIndentationPreservation_NoIndentation" storage="c:\source\coa codesearch mcp\coa.codesearch.mcpserver.tests\bin\debug\net9.0\coa.codesearch.mcpserver.tests.dll" id="101fcbac-e23e-6f19-a8b9-dced6321cc05">
      <Execution id="af6fa9cb-084d-4c4c-9c19-a9a7ccc32364" />
      <TestMethod codeBase="C:\source\COA CodeSearch MCP\COA.CodeSearch.McpServer.Tests\bin\Debug\net9.0\COA.CodeSearch.McpServer.Tests.dll" adapterTypeName="executor://nunit3testexecutor/" className="COA.CodeSearch.McpServer.Tests.Tools.ReplaceLinesToolTests" name="ExecuteAsync_WithoutIndentationPreservation_NoIndentation" />
    </UnitTest>
    <UnitTest name="CalculateConfidence_WithEnumDefinition_ShouldReturnHighConfidence" storage="c:\source\coa codesearch mcp\coa.codesearch.mcpserver.tests\bin\debug\net9.0\coa.codesearch.mcpserver.tests.dll" id="ffe22006-d59e-d5b9-594d-2f2c99f21f4e">
      <Execution id="356b1239-6211-46fa-883b-ced15d81eb4a" />
      <TestMethod codeBase="C:\source\COA CodeSearch MCP\COA.CodeSearch.McpServer.Tests\bin\Debug\net9.0\COA.CodeSearch.McpServer.Tests.dll" adapterTypeName="executor://nunit3testexecutor/" className="COA.CodeSearch.McpServer.Tests.Services.ConfidenceCalculatorServiceTests" name="CalculateConfidence_WithEnumDefinition_ShouldReturnHighConfidence" />
    </UnitTest>
    <UnitTest name="ExecuteAsync_SearchForMethod_ReturnsMethodDefinition" storage="c:\source\coa codesearch mcp\coa.codesearch.mcpserver.tests\bin\debug\net9.0\coa.codesearch.mcpserver.tests.dll" id="1b2024d7-53f3-0b2b-9619-eed3364080df">
      <Execution id="fa75f623-6052-4e66-a59e-ee3391e72bf9" />
      <TestMethod codeBase="C:\source\COA CodeSearch MCP\COA.CodeSearch.McpServer.Tests\bin\Debug\net9.0\COA.CodeSearch.McpServer.Tests.dll" adapterTypeName="executor://nunit3testexecutor/" className="COA.CodeSearch.McpServer.Tests.Tools.SymbolSearchToolTests" name="ExecuteAsync_SearchForMethod_ReturnsMethodDefinition" />
    </UnitTest>
    <UnitTest name="CalculateConfidence_WithWrongSymbolType_ShouldStillGiveReasonableScore" storage="c:\source\coa codesearch mcp\coa.codesearch.mcpserver.tests\bin\debug\net9.0\coa.codesearch.mcpserver.tests.dll" id="885f05b1-664d-79bd-cdac-3eb7ec14111e">
      <Execution id="e3ab6852-d3cc-4478-939a-701f9b9fb2dd" />
      <TestMethod codeBase="C:\source\COA CodeSearch MCP\COA.CodeSearch.McpServer.Tests\bin\Debug\net9.0\COA.CodeSearch.McpServer.Tests.dll" adapterTypeName="executor://nunit3testexecutor/" className="COA.CodeSearch.McpServer.Tests.Services.ConfidenceCalculatorServiceTests" name="CalculateConfidence_WithWrongSymbolType_ShouldStillGiveReasonableScore" />
    </UnitTest>
    <UnitTest name="ExecuteAsync_NoReferencesFound_ReturnsEmptyResults" storage="c:\source\coa codesearch mcp\coa.codesearch.mcpserver.tests\bin\debug\net9.0\coa.codesearch.mcpserver.tests.dll" id="1977d3aa-09f7-de3d-61bc-5bfde8841759">
      <Execution id="02c191a8-f661-40a4-bc08-89de45353c70" />
      <TestMethod codeBase="C:\source\COA CodeSearch MCP\COA.CodeSearch.McpServer.Tests\bin\Debug\net9.0\COA.CodeSearch.McpServer.Tests.dll" adapterTypeName="executor://nunit3testexecutor/" className="COA.CodeSearch.McpServer.Tests.Tools.FindReferencesToolTests" name="ExecuteAsync_NoReferencesFound_ReturnsEmptyResults" />
    </UnitTest>
    <UnitTest name="ExecuteAsync_NoIndexExists_ReturnsError" storage="c:\source\coa codesearch mcp\coa.codesearch.mcpserver.tests\bin\debug\net9.0\coa.codesearch.mcpserver.tests.dll" id="4cfc9d4d-2caa-d5be-2f93-cbcca2518011">
      <Execution id="7ba00769-cec5-4c3f-b4a9-9c6e5da3701f" />
      <TestMethod codeBase="C:\source\COA CodeSearch MCP\COA.CodeSearch.McpServer.Tests\bin\Debug\net9.0\COA.CodeSearch.McpServer.Tests.dll" adapterTypeName="executor://nunit3testexecutor/" className="COA.CodeSearch.McpServer.Tests.Tools.SimilarFilesToolTests" name="ExecuteAsync_NoIndexExists_ReturnsError" />
    </UnitTest>
    <UnitTest name="ExecuteAsync_EncodingPreservation_MaintainsOriginalEncoding" storage="c:\source\coa codesearch mcp\coa.codesearch.mcpserver.tests\bin\debug\net9.0\coa.codesearch.mcpserver.tests.dll" id="54d8571e-6a01-ce32-d565-e72d698f01a3">
      <Execution id="e95b5bbc-b58d-45ce-94fd-15272693d1bb" />
      <TestMethod codeBase="C:\source\COA CodeSearch MCP\COA.CodeSearch.McpServer.Tests\bin\Debug\net9.0\COA.CodeSearch.McpServer.Tests.dll" adapterTypeName="executor://nunit3testexecutor/" className="COA.CodeSearch.McpServer.Tests.Tools.InsertAtLineToolTests" name="ExecuteAsync_EncodingPreservation_MaintainsOriginalEncoding" />
    </UnitTest>
    <UnitTest name="ExecuteAsync_StartLineBeyondFile_ReturnsError" storage="c:\source\coa codesearch mcp\coa.codesearch.mcpserver.tests\bin\debug\net9.0\coa.codesearch.mcpserver.tests.dll" id="3d3e396c-0afe-9f78-4e51-2d818dd14e00">
      <Execution id="4e00b377-cd93-49c1-bd66-ceb4f86472c7" />
      <TestMethod codeBase="C:\source\COA CodeSearch MCP\COA.CodeSearch.McpServer.Tests\bin\Debug\net9.0\COA.CodeSearch.McpServer.Tests.dll" adapterTypeName="executor://nunit3testexecutor/" className="COA.CodeSearch.McpServer.Tests.Tools.ReplaceLinesToolTests" name="ExecuteAsync_StartLineBeyondFile_ReturnsError" />
    </UnitTest>
    <UnitTest name="ToolProperties_HaveCorrectValues" storage="c:\source\coa codesearch mcp\coa.codesearch.mcpserver.tests\bin\debug\net9.0\coa.codesearch.mcpserver.tests.dll" id="e5ec02cd-e55d-3c73-d8b6-50965793b334">
      <Execution id="725acd56-1a53-4f6b-8d57-82202d706ec6" />
      <TestMethod codeBase="C:\source\COA CodeSearch MCP\COA.CodeSearch.McpServer.Tests\bin\Debug\net9.0\COA.CodeSearch.McpServer.Tests.dll" adapterTypeName="executor://nunit3testexecutor/" className="COA.CodeSearch.McpServer.Tests.Tools.BatchOperationsToolTests" name="ToolProperties_HaveCorrectValues" />
    </UnitTest>
    <UnitTest name="ExecuteAsync_WithIndexedFiles_ShouldExtractDirectories" storage="c:\source\coa codesearch mcp\coa.codesearch.mcpserver.tests\bin\debug\net9.0\coa.codesearch.mcpserver.tests.dll" id="b7c32585-29ed-8590-7dd4-52055f81162f">
      <Execution id="5b326535-711d-4606-b0ec-f544546fcfd1" />
      <TestMethod codeBase="C:\source\COA CodeSearch MCP\COA.CodeSearch.McpServer.Tests\bin\Debug\net9.0\COA.CodeSearch.McpServer.Tests.dll" adapterTypeName="executor://nunit3testexecutor/" className="COA.CodeSearch.McpServer.Tests.Tools.DirectorySearchToolTests" name="ExecuteAsync_WithIndexedFiles_ShouldExtractDirectories" />
    </UnitTest>
    <UnitTest name="ExecuteAsync_WithFullContext_IncludesSnippet" storage="c:\source\coa codesearch mcp\coa.codesearch.mcpserver.tests\bin\debug\net9.0\coa.codesearch.mcpserver.tests.dll" id="6fbc4280-c107-0f5f-1e78-82fa85ec326d">
      <Execution id="ea76ce5b-2024-4bed-8ed7-e5ff7bb707f0" />
      <TestMethod codeBase="C:\source\COA CodeSearch MCP\COA.CodeSearch.McpServer.Tests\bin\Debug\net9.0\COA.CodeSearch.McpServer.Tests.dll" adapterTypeName="executor://nunit3testexecutor/" className="COA.CodeSearch.McpServer.Tests.Tools.GoToDefinitionToolTests" name="ExecuteAsync_WithFullContext_IncludesSnippet" />
    </UnitTest>
    <UnitTest name="ObjectInitialization_ProperNonNullableFields_NoWarnings" storage="c:\source\coa codesearch mcp\coa.codesearch.mcpserver.tests\bin\debug\net9.0\coa.codesearch.mcpserver.tests.dll" id="2fafc078-2867-30f8-00bf-d16df72c938d">
      <Execution id="3452a753-a2fe-4634-83b6-8b0e62959e7a" />
      <TestMethod codeBase="C:\source\COA CodeSearch MCP\COA.CodeSearch.McpServer.Tests\bin\Debug\net9.0\COA.CodeSearch.McpServer.Tests.dll" adapterTypeName="executor://nunit3testexecutor/" className="COA.CodeSearch.McpServer.Tests.SimpleWarningValidationTests" name="ObjectInitialization_ProperNonNullableFields_NoWarnings" />
    </UnitTest>
    <UnitTest name="SplitLines_ConsistentEmptyLineHandling_ReturnsConsistentResults" storage="c:\source\coa codesearch mcp\coa.codesearch.mcpserver.tests\bin\debug\net9.0\coa.codesearch.mcpserver.tests.dll" id="de647e1e-4bc0-49d6-887d-65ed4daad473">
      <Execution id="1b371fce-57f5-42f4-ad67-a2e22d7fa4c0" />
      <TestMethod codeBase="C:\source\COA CodeSearch MCP\COA.CodeSearch.McpServer.Tests\bin\Debug\net9.0\COA.CodeSearch.McpServer.Tests.dll" adapterTypeName="executor://nunit3testexecutor/" className="COA.CodeSearch.McpServer.Tests.Services.FileLineUtilitiesTests" name="SplitLines_ConsistentEmptyLineHandling_ReturnsConsistentResults" />
    </UnitTest>
  </TestDefinitions>
  <TestEntries>
    <TestEntry testId="e3253137-4084-c2cf-1249-549ade2ad9ab" executionId="9e90ac21-e8d3-40eb-bd79-93ecb85c8e9d" testListId="8c84fa94-04c1-424b-9868-57a2d4851a1d" />
    <TestEntry testId="189c1d6c-4269-4e9b-b46e-e156ef5f2dc2" executionId="976df3ca-032b-4a96-a901-27fc5fe8d1bb" testListId="8c84fa94-04c1-424b-9868-57a2d4851a1d" />
    <TestEntry testId="3ed00cc3-78ca-6608-eef7-d88390abe48c" executionId="6f1e7ddd-d60a-453a-8ce1-527ca8c9555b" testListId="8c84fa94-04c1-424b-9868-57a2d4851a1d" />
    <TestEntry testId="0398d120-5e42-4038-b5d7-aa1eb92be718" executionId="f79616e1-84d6-469f-8c6b-2a26cb55c995" testListId="8c84fa94-04c1-424b-9868-57a2d4851a1d" />
    <TestEntry testId="0e38c7ca-f665-38ef-667e-c0bba7830d0a" executionId="73530523-7fdc-4874-86c6-1c849931a1fa" testListId="8c84fa94-04c1-424b-9868-57a2d4851a1d" />
    <TestEntry testId="a9c8ab5f-5efc-e65e-5983-6be186726c95" executionId="e77d1d62-a112-44d6-918a-fe3b5548a290" testListId="8c84fa94-04c1-424b-9868-57a2d4851a1d" />
    <TestEntry testId="3cf5453c-cef2-2c2f-414d-9506eb8df816" executionId="344a7e28-3746-40f4-a747-808ba25d1b44" testListId="8c84fa94-04c1-424b-9868-57a2d4851a1d" />
    <TestEntry testId="824e5e41-c053-1da1-4b96-4d4f01dca91e" executionId="87c2ca61-250c-46be-9fdc-56466af46618" testListId="8c84fa94-04c1-424b-9868-57a2d4851a1d" />
    <TestEntry testId="5d84348a-4728-f743-fb4d-aa4f4b1cd017" executionId="fd0a5c32-4c77-4e85-a5e1-939156628a7d" testListId="8c84fa94-04c1-424b-9868-57a2d4851a1d" />
    <TestEntry testId="68516648-4a86-408d-b0bf-e8823cf08007" executionId="e7aab23d-0d67-4591-a033-daeeebcc41e4" testListId="8c84fa94-04c1-424b-9868-57a2d4851a1d" />
    <TestEntry testId="c40a1f24-94d7-62f6-d1b5-dcc1e2a509df" executionId="fa640411-4932-48d5-ba6a-b9b36b175fe0" testListId="8c84fa94-04c1-424b-9868-57a2d4851a1d" />
    <TestEntry testId="94fe149f-c924-a2f8-62a2-d566a776459a" executionId="efa3e78f-4f1e-4dba-a414-d30b35d14d26" testListId="8c84fa94-04c1-424b-9868-57a2d4851a1d" />
    <TestEntry testId="1bf85714-7b66-ea07-32c9-473124bc5727" executionId="c64e9bb5-ae29-4078-ae7b-4bc41448d2dd" testListId="8c84fa94-04c1-424b-9868-57a2d4851a1d" />
    <TestEntry testId="f08f1d24-ac21-aabb-874f-af933b9dc232" executionId="40e1a530-9a33-46d5-9ab2-ba4505b41776" testListId="8c84fa94-04c1-424b-9868-57a2d4851a1d" />
    <TestEntry testId="1b3e9202-1469-5cbe-6f19-15b3f0a96209" executionId="ffefe2aa-4d0b-4ce5-b52f-0ff821d7855c" testListId="8c84fa94-04c1-424b-9868-57a2d4851a1d" />
    <TestEntry testId="07078b4b-51c8-42f8-1af8-af9098a00313" executionId="71ab6f81-a48a-481e-9fe9-2031f152b8ba" testListId="8c84fa94-04c1-424b-9868-57a2d4851a1d" />
    <TestEntry testId="25211c2a-1548-93dd-2ce0-1c8ef9938476" executionId="7a43ecfd-0444-437e-b401-19916bd49df4" testListId="8c84fa94-04c1-424b-9868-57a2d4851a1d" />
    <TestEntry testId="3584615f-3ae7-d54d-b4c2-849830fc0196" executionId="163d320b-ec8a-487a-9e10-73094ca4d22d" testListId="8c84fa94-04c1-424b-9868-57a2d4851a1d" />
    <TestEntry testId="6993e581-86eb-182c-de5d-ea5f0a5def23" executionId="364153eb-5474-4528-b63c-1ce859d85842" testListId="8c84fa94-04c1-424b-9868-57a2d4851a1d" />
    <TestEntry testId="b64cf354-e98d-fe23-aa89-f2a43d219dd8" executionId="3395bf1c-32e6-48d6-ae4b-5ef3061b4f5e" testListId="8c84fa94-04c1-424b-9868-57a2d4851a1d" />
    <TestEntry testId="61e4a80c-0dab-fe3f-1d1f-21e3d7caa899" executionId="5b3ff735-f707-44c1-9ce6-108326fd7203" testListId="8c84fa94-04c1-424b-9868-57a2d4851a1d" />
    <TestEntry testId="e9dc951d-22d1-e2e6-2375-68c40bf14368" executionId="d0e6a003-450d-471b-97c0-179b522ab834" testListId="8c84fa94-04c1-424b-9868-57a2d4851a1d" />
    <TestEntry testId="06b7d2a6-b8e2-4436-fb5b-bac2ab8a5cf0" executionId="930144f1-976e-4d86-b4c2-0dd97c863692" testListId="8c84fa94-04c1-424b-9868-57a2d4851a1d" />
    <TestEntry testId="4febb879-85fd-0a7d-8fb1-ed3b0f8987fb" executionId="0d0da65c-0d3a-4f3a-ab88-fde023c6b4bb" testListId="8c84fa94-04c1-424b-9868-57a2d4851a1d" />
    <TestEntry testId="2c558657-5185-db7a-ef86-89fb7d7353ae" executionId="0eba85f1-9d21-4dd5-b050-4ae97598cf2f" testListId="8c84fa94-04c1-424b-9868-57a2d4851a1d" />
    <TestEntry testId="58ecfbb6-3219-1740-780d-2b68b5e2ecf5" executionId="3f38c526-e9fb-4819-bcbe-2d2fcd5e943f" testListId="8c84fa94-04c1-424b-9868-57a2d4851a1d" />
    <TestEntry testId="2266f8d1-c07a-4157-2a09-e13f5a3ebdf9" executionId="814ab1fb-ade1-400c-b9f4-2f7fcea6e87e" testListId="8c84fa94-04c1-424b-9868-57a2d4851a1d" />
    <TestEntry testId="5fbe1123-9625-80a1-71e2-6e9b8d578175" executionId="41098a06-ea57-4c85-aa97-5d77556b697a" testListId="8c84fa94-04c1-424b-9868-57a2d4851a1d" />
    <TestEntry testId="14486798-a952-d07f-4588-3340efe4b5a4" executionId="13ffbab8-d688-4f36-870b-9595c222c610" testListId="8c84fa94-04c1-424b-9868-57a2d4851a1d" />
    <TestEntry testId="ff27a340-2752-6234-dd37-911015eaa47b" executionId="d88aab44-742f-45f9-a232-060287b0a2d2" testListId="8c84fa94-04c1-424b-9868-57a2d4851a1d" />
    <TestEntry testId="31769117-32da-d390-1e8a-ff55d181993d" executionId="89593081-5d19-479c-8500-29b3aadc60f5" testListId="8c84fa94-04c1-424b-9868-57a2d4851a1d" />
    <TestEntry testId="885f05b1-664d-79bd-cdac-3eb7ec14111e" executionId="e3ab6852-d3cc-4478-939a-701f9b9fb2dd" testListId="8c84fa94-04c1-424b-9868-57a2d4851a1d" />
    <TestEntry testId="484b8c1d-4df6-b62b-b60c-57a9dfa12014" executionId="802f4d17-ef21-41db-8a72-47ee4db70ae4" testListId="8c84fa94-04c1-424b-9868-57a2d4851a1d" />
    <TestEntry testId="b206608e-3d29-9a6f-bc01-53c268ea4241" executionId="70f232de-bdfa-4cb6-8610-869e76cdb3f3" testListId="8c84fa94-04c1-424b-9868-57a2d4851a1d" />
    <TestEntry testId="dc053fd2-ff23-067f-a296-e7998a2cbbbf" executionId="266a9abc-a4cd-43b0-b289-6e86ae9f744d" testListId="8c84fa94-04c1-424b-9868-57a2d4851a1d" />
    <TestEntry testId="0d896243-c614-5ded-5873-5abd0a986977" executionId="ac9ed094-02b3-4344-bebd-c6c855ba0e8a" testListId="8c84fa94-04c1-424b-9868-57a2d4851a1d" />
    <TestEntry testId="01d9c56c-18d7-fdfe-f45f-91d5cc27387b" executionId="da0d5560-d44c-42f6-9bca-9f928cf72dcb" testListId="8c84fa94-04c1-424b-9868-57a2d4851a1d" />
    <TestEntry testId="c6bc7d85-8cf8-1fb5-051c-aa2eedea7cd6" executionId="a521d001-5e3e-4472-b9ef-e9c559e350c9" testListId="8c84fa94-04c1-424b-9868-57a2d4851a1d" />
    <TestEntry testId="02b3d77d-9453-7d32-929c-884e115651dd" executionId="4cf30b4b-758b-428c-9026-2f0e4f0eb7bf" testListId="8c84fa94-04c1-424b-9868-57a2d4851a1d" />
    <TestEntry testId="04010612-46ee-f759-cdaf-6223770a153c" executionId="2a1f40d4-c7c4-461d-a1b6-a9f88bee5aab" testListId="8c84fa94-04c1-424b-9868-57a2d4851a1d" />
    <TestEntry testId="b6a2ae4a-18ec-d713-ebb7-3990ce6b8ee1" executionId="157affe6-80b1-4c0d-9dc0-8554ace32b20" testListId="8c84fa94-04c1-424b-9868-57a2d4851a1d" />
    <TestEntry testId="700958b8-cf2b-f6fa-44ad-db1d832d032c" executionId="d83bafe0-e5dd-43a8-931a-77ba299d153b" testListId="8c84fa94-04c1-424b-9868-57a2d4851a1d" />
    <TestEntry testId="b16c89a1-6a98-f79b-2a7e-f5eca5df70a8" executionId="540582d5-c42d-40a0-988e-08491c6027e0" testListId="8c84fa94-04c1-424b-9868-57a2d4851a1d" />
    <TestEntry testId="ea2ecd82-8e48-b7ef-0d3e-d585ac8573df" executionId="e4fb5e92-4876-4c91-bf18-fb99cbe1d84b" testListId="8c84fa94-04c1-424b-9868-57a2d4851a1d" />
    <TestEntry testId="19387473-8f06-9e3f-eab9-436277ecd4fd" executionId="adb34cab-ccda-483c-943b-5f855e7ca586" testListId="8c84fa94-04c1-424b-9868-57a2d4851a1d" />
    <TestEntry testId="1aa7279c-8a67-9c39-8baf-9ea59ed49bd7" executionId="88160fc3-c70b-4001-b3b1-325de7f1e2af" testListId="8c84fa94-04c1-424b-9868-57a2d4851a1d" />
    <TestEntry testId="f77e4a02-22e6-d2a2-29f9-d970ab8ee90f" executionId="039354f7-da61-45b8-8dc8-2ce5de12e7e2" testListId="8c84fa94-04c1-424b-9868-57a2d4851a1d" />
    <TestEntry testId="951faa32-bfb9-0f48-7dcf-8c4b81b70939" executionId="b910ed24-04f9-4d0a-a046-663023a41382" testListId="8c84fa94-04c1-424b-9868-57a2d4851a1d" />
    <TestEntry testId="88145d39-7c2b-475a-e6fd-804e9d2c5414" executionId="7db06bae-5cd7-4fdb-8218-db6d61f697fa" testListId="8c84fa94-04c1-424b-9868-57a2d4851a1d" />
    <TestEntry testId="e80aa2f2-25f1-6aee-f6a5-d9e6140d1aa0" executionId="652f5a54-15ab-466c-a755-acc3dc48ade8" testListId="8c84fa94-04c1-424b-9868-57a2d4851a1d" />
    <TestEntry testId="37406336-def6-fc7c-189e-c2030604658e" executionId="0f6034f4-c080-4f09-b7dd-4cb671e42269" testListId="8c84fa94-04c1-424b-9868-57a2d4851a1d" />
    <TestEntry testId="44613f3c-91e8-83f2-ac36-f838ffe8d4ce" executionId="7c9ee53a-5b2e-4d05-9f90-149d59110f08" testListId="8c84fa94-04c1-424b-9868-57a2d4851a1d" />
    <TestEntry testId="24c63ba4-752f-fc12-fcd8-0ffd81cc4305" executionId="c536072e-cb7f-4632-b41a-b8857223ab28" testListId="8c84fa94-04c1-424b-9868-57a2d4851a1d" />
    <TestEntry testId="3b4bfb98-16ac-c2c8-b470-037ed1897690" executionId="33013a31-9bec-43f2-bc66-c52c1aa8f66a" testListId="8c84fa94-04c1-424b-9868-57a2d4851a1d" />
    <TestEntry testId="dfd3a63c-e227-5332-c621-a8751babd1a4" executionId="60f7da11-4912-45a2-a8f2-33c4508c211f" testListId="8c84fa94-04c1-424b-9868-57a2d4851a1d" />
    <TestEntry testId="a36b2370-23ba-a55f-5486-a5e007b89c3d" executionId="1e0c1db9-fe06-4230-9b9e-4eebb2f0e021" testListId="8c84fa94-04c1-424b-9868-57a2d4851a1d" />
    <TestEntry testId="10d7d1b8-13ac-aa5a-1db4-6d96d37d054c" executionId="abeea2a7-5509-425e-9b1f-0cc219645b0d" testListId="8c84fa94-04c1-424b-9868-57a2d4851a1d" />
    <TestEntry testId="76cd34e0-20c2-7029-f983-14de2f2c6109" executionId="3c2be5f7-abc4-4185-9f87-2e081b6f97fb" testListId="8c84fa94-04c1-424b-9868-57a2d4851a1d" />
    <TestEntry testId="44cffc5d-7a1b-a768-fd8e-e08e0f0d296a" executionId="bfca23f6-f579-4422-9ca9-4410a0a49dd4" testListId="8c84fa94-04c1-424b-9868-57a2d4851a1d" />
    <TestEntry testId="854a2a43-867f-e330-2e14-18f5294bbf84" executionId="2dd93060-f46c-4f6a-849d-806fa935e58c" testListId="8c84fa94-04c1-424b-9868-57a2d4851a1d" />
    <TestEntry testId="4c58b71a-ac72-d6c1-76f3-f24cbe6f496a" executionId="9104e179-a124-4c5d-b5c5-34bbc9f41f91" testListId="8c84fa94-04c1-424b-9868-57a2d4851a1d" />
    <TestEntry testId="366b5e3b-b844-6c31-0173-287d410b7439" executionId="d2c19b85-57c0-43f6-adb6-b4022d4059c2" testListId="8c84fa94-04c1-424b-9868-57a2d4851a1d" />
    <TestEntry testId="1333c975-a0fd-d2a9-0e05-f08c9a3733cb" executionId="2120e0da-22fd-43a3-80de-72f5337a29cb" testListId="8c84fa94-04c1-424b-9868-57a2d4851a1d" />
    <TestEntry testId="e4191209-378a-997a-f02e-aea14b87f30b" executionId="0964c357-f6bb-4128-ae1c-37a0938b8e84" testListId="8c84fa94-04c1-424b-9868-57a2d4851a1d" />
    <TestEntry testId="49fa3b89-5d71-5009-3052-3331121d19d5" executionId="703380e2-0187-418c-88ff-0b029403a871" testListId="8c84fa94-04c1-424b-9868-57a2d4851a1d" />
    <TestEntry testId="374660f0-1cc7-f8b1-68ab-dc07bae98193" executionId="ff782f0c-16a5-466e-b477-505cec70ff91" testListId="8c84fa94-04c1-424b-9868-57a2d4851a1d" />
    <TestEntry testId="bfa6ab72-fad6-99b9-6055-3a00e10d1609" executionId="0caa3a79-da21-4e02-8f90-dd95fd70e03b" testListId="8c84fa94-04c1-424b-9868-57a2d4851a1d" />
    <TestEntry testId="75df59d1-a393-9e0d-ba4a-bb2ffc775a87" executionId="a630d1d3-5f1d-409f-960c-6e4993ae8675" testListId="8c84fa94-04c1-424b-9868-57a2d4851a1d" />
    <TestEntry testId="d1bc1e95-83d0-d8b9-cbfd-56bf29d413cb" executionId="57ad50dd-e735-412a-999f-1732c7fe70ed" testListId="8c84fa94-04c1-424b-9868-57a2d4851a1d" />
    <TestEntry testId="2fafc078-2867-30f8-00bf-d16df72c938d" executionId="3452a753-a2fe-4634-83b6-8b0e62959e7a" testListId="8c84fa94-04c1-424b-9868-57a2d4851a1d" />
    <TestEntry testId="8abee6a6-94c6-2eab-4f04-f3aa86f43b78" executionId="7a888f70-85f3-43d1-8ffb-aca412e76a6d" testListId="8c84fa94-04c1-424b-9868-57a2d4851a1d" />
    <TestEntry testId="cb77d9ca-7498-f7ac-1878-23baa5d37d3c" executionId="b589c9f2-a15e-4414-8a09-2075d3795eb5" testListId="8c84fa94-04c1-424b-9868-57a2d4851a1d" />
    <TestEntry testId="9b546aeb-4f70-6fbd-f238-892a7751c263" executionId="622f6420-e3b6-442c-81a9-e7d4d9085b1b" testListId="8c84fa94-04c1-424b-9868-57a2d4851a1d" />
    <TestEntry testId="0ee4eb4b-6b53-160e-fd6e-13587febf415" executionId="2da6652d-231d-4513-b74e-705409df5b92" testListId="8c84fa94-04c1-424b-9868-57a2d4851a1d" />
    <TestEntry testId="4dfda5f5-3fea-e107-6811-cad8623ee176" executionId="624a37f9-4ff4-406a-8bfe-320926200f48" testListId="8c84fa94-04c1-424b-9868-57a2d4851a1d" />
    <TestEntry testId="30a031d6-13bf-4af7-5783-84702af45522" executionId="a2112583-af7d-4586-b6c2-93a003004ccb" testListId="8c84fa94-04c1-424b-9868-57a2d4851a1d" />
    <TestEntry testId="34072cc7-629b-2658-b50c-132bbec0e5ed" executionId="ef2759a6-c207-4517-9765-a8c383c97e24" testListId="8c84fa94-04c1-424b-9868-57a2d4851a1d" />
    <TestEntry testId="d11800b1-7076-5599-655a-9c8af7056c0d" executionId="519c6638-c2a6-46d5-8117-577f82ba5eb1" testListId="8c84fa94-04c1-424b-9868-57a2d4851a1d" />
    <TestEntry testId="ca885716-fd01-6799-df3f-dfe8148df324" executionId="c1445e2b-0682-4c23-888e-716ced007b3c" testListId="8c84fa94-04c1-424b-9868-57a2d4851a1d" />
    <TestEntry testId="8a165e3a-2840-cef6-75a4-28aa88375f44" executionId="734fdaee-d3b6-4c53-880c-8ec82ddac80b" testListId="8c84fa94-04c1-424b-9868-57a2d4851a1d" />
    <TestEntry testId="feb1363a-0943-d89e-e5f1-d7d186e0e225" executionId="2ad12b07-a574-43f2-b808-cc2d2e2dd502" testListId="8c84fa94-04c1-424b-9868-57a2d4851a1d" />
    <TestEntry testId="15c48608-d196-d3c3-c14a-1ee4ed65a96b" executionId="ca375b1f-742d-4b2a-b9de-dccbf38dda84" testListId="8c84fa94-04c1-424b-9868-57a2d4851a1d" />
    <TestEntry testId="22ae8358-e7fc-5ba2-5f0f-7069a8a56572" executionId="1843cfca-4142-498f-8141-6bcaddf406c3" testListId="8c84fa94-04c1-424b-9868-57a2d4851a1d" />
    <TestEntry testId="2cb5cff5-ecda-91bd-22a2-50646abf0bf1" executionId="7c39140d-b5b2-4c39-accd-f7c015ba0258" testListId="8c84fa94-04c1-424b-9868-57a2d4851a1d" />
    <TestEntry testId="3eedc53e-4c04-cdaa-3c90-7824bfce322c" executionId="06797950-64d6-44d6-9aff-45124c1acd43" testListId="8c84fa94-04c1-424b-9868-57a2d4851a1d" />
    <TestEntry testId="b8851efb-c901-3988-35d6-2f8cc864d993" executionId="2365b00e-8ee7-4119-b8dd-f2dbcb991de3" testListId="8c84fa94-04c1-424b-9868-57a2d4851a1d" />
    <TestEntry testId="2526fdb1-d921-770e-521f-d9dd9ebeef1a" executionId="160b1df9-1b5a-4c26-be22-ba55e66633ac" testListId="8c84fa94-04c1-424b-9868-57a2d4851a1d" />
    <TestEntry testId="fc640a26-8f16-183f-4e88-2199c00abff9" executionId="3a4a86f1-e86d-4264-9d2f-74e310833d4b" testListId="8c84fa94-04c1-424b-9868-57a2d4851a1d" />
    <TestEntry testId="2c6048a3-0e46-c805-9760-cb341a85318a" executionId="6ae791e4-0a1e-483c-85af-0e58cc860dc7" testListId="8c84fa94-04c1-424b-9868-57a2d4851a1d" />
    <TestEntry testId="0e44b9f9-b451-2c31-955c-2ed8c3e63498" executionId="49c95779-5392-4f2e-bafd-6c72403c1e00" testListId="8c84fa94-04c1-424b-9868-57a2d4851a1d" />
    <TestEntry testId="30f15154-697f-538f-2c16-1d6308409c87" executionId="49cc656b-dba2-49e3-9d23-2e30d44f3b4a" testListId="8c84fa94-04c1-424b-9868-57a2d4851a1d" />
    <TestEntry testId="7281b73a-557a-a394-84fe-16d1ffda6257" executionId="74756d0f-3e82-4bc3-98d0-bac1c6ad9854" testListId="8c84fa94-04c1-424b-9868-57a2d4851a1d" />
    <TestEntry testId="64192cf5-0f47-c89f-33f9-510f4a3eb54e" executionId="e7e00297-a7ae-468f-8cc8-2ac1ddc73888" testListId="8c84fa94-04c1-424b-9868-57a2d4851a1d" />
    <TestEntry testId="e7e96ba6-37ce-6c9e-8536-2567f17f6580" executionId="987189c5-f399-418c-9f49-c6315313b7c6" testListId="8c84fa94-04c1-424b-9868-57a2d4851a1d" />
    <TestEntry testId="4558bb5d-5889-8718-6567-8aa2e363bd16" executionId="d7008bdd-d8ac-449c-8cf4-7b382c5fc6cf" testListId="8c84fa94-04c1-424b-9868-57a2d4851a1d" />
    <TestEntry testId="e3f3d1a3-00e0-986a-903b-e4b218f256b9" executionId="fb3ed47f-d0c3-454f-8aca-5f1f3d0e39f3" testListId="8c84fa94-04c1-424b-9868-57a2d4851a1d" />
    <TestEntry testId="6fbc4280-c107-0f5f-1e78-82fa85ec326d" executionId="ea76ce5b-2024-4bed-8ed7-e5ff7bb707f0" testListId="8c84fa94-04c1-424b-9868-57a2d4851a1d" />
    <TestEntry testId="0289a2e7-b4eb-8ae7-0d13-e964073eba07" executionId="4c759b23-81f4-4d8c-92a3-76e11ffbe5b0" testListId="8c84fa94-04c1-424b-9868-57a2d4851a1d" />
    <TestEntry testId="73651905-b1d3-1bb3-c32a-23411992705b" executionId="6965ccaa-99db-4868-9055-407daa175d88" testListId="8c84fa94-04c1-424b-9868-57a2d4851a1d" />
    <TestEntry testId="9913925c-6c4b-8343-5be6-f836a949a47a" executionId="ce226a6b-2117-4bb6-b89e-5b14e3bd161c" testListId="8c84fa94-04c1-424b-9868-57a2d4851a1d" />
    <TestEntry testId="2bd0d672-c2c5-aca9-dbd3-9ce7376f1b88" executionId="eeda855b-a97f-493e-92c5-bfa8ea4bfa27" testListId="8c84fa94-04c1-424b-9868-57a2d4851a1d" />
    <TestEntry testId="00326768-0d79-bb1c-d72a-a3b937cd3e7c" executionId="744d871c-7406-4482-a923-98f2235012d0" testListId="8c84fa94-04c1-424b-9868-57a2d4851a1d" />
    <TestEntry testId="6231a3f1-7b08-83ec-5532-335dc2b26f1d" executionId="ed90156c-0b63-4159-9f47-26f71d5c73d8" testListId="8c84fa94-04c1-424b-9868-57a2d4851a1d" />
    <TestEntry testId="cee38744-169c-f64b-0ed0-b2f6db3a9da1" executionId="76b08d9f-35c3-4449-b63f-0cbcb92f3709" testListId="8c84fa94-04c1-424b-9868-57a2d4851a1d" />
    <TestEntry testId="1b48cf27-1a1e-eda4-ff5f-7d22fcff0181" executionId="67febe3e-43be-43fa-b779-f7cd518e0e06" testListId="8c84fa94-04c1-424b-9868-57a2d4851a1d" />
    <TestEntry testId="b6645825-0e2d-b86c-d3eb-82a8c700376e" executionId="aff507c7-75e8-488d-aa0e-9bc81db98c7d" testListId="8c84fa94-04c1-424b-9868-57a2d4851a1d" />
    <TestEntry testId="c41b1d63-dd1b-5812-a822-5d35a364f148" executionId="8f3082af-968f-48a3-a287-26dba8f4fc69" testListId="8c84fa94-04c1-424b-9868-57a2d4851a1d" />
    <TestEntry testId="0ab2e78f-df9e-ee65-c2fa-b6228220d9cd" executionId="89244e62-d4e4-4fe8-bae6-fc73b3c574f6" testListId="8c84fa94-04c1-424b-9868-57a2d4851a1d" />
    <TestEntry testId="11edbe62-8f83-8c3f-4458-b3f3e6ff0e75" executionId="5a6928c8-2b17-4798-ac64-08611fbd9aa5" testListId="8c84fa94-04c1-424b-9868-57a2d4851a1d" />
    <TestEntry testId="21cde39f-b612-6ef0-0d36-40c508419484" executionId="2573530b-1f57-4eba-9bd7-84a282fd0041" testListId="8c84fa94-04c1-424b-9868-57a2d4851a1d" />
    <TestEntry testId="80df271d-77a9-1b07-13b6-2ab9973e92a6" executionId="be0ff949-06cc-4359-a153-dd17f70ee869" testListId="8c84fa94-04c1-424b-9868-57a2d4851a1d" />
    <TestEntry testId="12902737-c6bb-b696-0484-0e60b86be4a0" executionId="713bcb57-e44f-47ae-b8e6-896a9b9aad9c" testListId="8c84fa94-04c1-424b-9868-57a2d4851a1d" />
    <TestEntry testId="3c754275-dd5c-c5a1-00ea-c44d22195e34" executionId="a4e4dc9f-2594-4877-9781-6599620508d9" testListId="8c84fa94-04c1-424b-9868-57a2d4851a1d" />
    <TestEntry testId="cfa9bb7c-3da8-7ed4-7083-9603c6f639fd" executionId="be934421-dbc6-4372-b431-b8929310ccb8" testListId="8c84fa94-04c1-424b-9868-57a2d4851a1d" />
    <TestEntry testId="37e8be23-ac0e-3b93-d012-15085cad5135" executionId="ed4c8396-59e5-442b-9763-736443820638" testListId="8c84fa94-04c1-424b-9868-57a2d4851a1d" />
    <TestEntry testId="de474172-f53b-37d4-a0d9-58e31ba08c58" executionId="d7a15537-777d-41c9-acd9-d376aaef3e14" testListId="8c84fa94-04c1-424b-9868-57a2d4851a1d" />
    <TestEntry testId="b2f947a9-5ebd-89e8-5f9c-55078a1bde5c" executionId="252b980c-a60a-4c86-8b87-7148387d07a0" testListId="8c84fa94-04c1-424b-9868-57a2d4851a1d" />
    <TestEntry testId="3dba743f-1dfa-642a-f863-d8cd5566b6a0" executionId="d3bf4ee5-68f6-4cf8-a67c-5963649508e5" testListId="8c84fa94-04c1-424b-9868-57a2d4851a1d" />
    <TestEntry testId="33f0c61d-3d45-8a2b-4853-f23039402d4e" executionId="6ef7e883-58e3-4bc5-aa33-1368324de051" testListId="8c84fa94-04c1-424b-9868-57a2d4851a1d" />
    <TestEntry testId="50c1f765-c727-a1c9-6180-f72f0f5c651d" executionId="047ba1e4-749b-4f9d-acad-63c3c4ac29ee" testListId="8c84fa94-04c1-424b-9868-57a2d4851a1d" />
    <TestEntry testId="8a1a5481-1047-5d08-155b-1c1e6d4f09bd" executionId="781d1ed1-d042-43d8-aaa0-f1a8f0ffeef7" testListId="8c84fa94-04c1-424b-9868-57a2d4851a1d" />
    <TestEntry testId="67928f42-e0e7-792e-610f-c8c54ef6ea08" executionId="873db587-aed2-4209-bf64-a9c36aa03598" testListId="8c84fa94-04c1-424b-9868-57a2d4851a1d" />
    <TestEntry testId="2646abdc-bf49-4e89-6a96-0bea5964eaad" executionId="c1e439fe-a738-4dbe-a862-a02d9a909ea3" testListId="8c84fa94-04c1-424b-9868-57a2d4851a1d" />
    <TestEntry testId="6a0457b2-a3b5-f21c-34c9-5bd6c9262a88" executionId="e5dbb64d-9e00-4b0b-ac22-6dc9467892c8" testListId="8c84fa94-04c1-424b-9868-57a2d4851a1d" />
    <TestEntry testId="1db6a257-3d49-dc8a-db0e-7d6b298bc39e" executionId="9ad1134c-882b-4405-bd36-67c959b7dd9c" testListId="8c84fa94-04c1-424b-9868-57a2d4851a1d" />
    <TestEntry testId="cb96603a-b6c5-2087-2ba7-4ed2f241e41d" executionId="523ef4e0-1c2d-42ea-830e-245772c423c2" testListId="8c84fa94-04c1-424b-9868-57a2d4851a1d" />
    <TestEntry testId="3fc4b763-9eae-1855-70e7-3bae1764f8be" executionId="253042e9-c280-49a8-b206-fcf35a74b0fa" testListId="8c84fa94-04c1-424b-9868-57a2d4851a1d" />
    <TestEntry testId="03d55e09-c812-968a-3bad-cc1204204990" executionId="9f8c8771-1b7e-4483-b8e6-c98ea82bd7db" testListId="8c84fa94-04c1-424b-9868-57a2d4851a1d" />
    <TestEntry testId="8f660288-0753-7e10-75a7-dc3552b13a03" executionId="1861701e-9851-4eb9-986e-5a49ec9645c9" testListId="8c84fa94-04c1-424b-9868-57a2d4851a1d" />
    <TestEntry testId="8725f3d7-c329-cfac-aa7c-a6e1820e7979" executionId="0bcb1303-40eb-4521-b8e7-88cad2e00ea6" testListId="8c84fa94-04c1-424b-9868-57a2d4851a1d" />
    <TestEntry testId="4cef428c-d6ca-2c9f-778f-20b38d83cc86" executionId="3928b01a-6f8d-42fd-ba08-8a7ed2bb53bd" testListId="8c84fa94-04c1-424b-9868-57a2d4851a1d" />
    <TestEntry testId="ebb47fc2-9cd0-b7d6-bdae-68701fcea13f" executionId="849aba53-c347-47a0-a896-dd211a2e2089" testListId="8c84fa94-04c1-424b-9868-57a2d4851a1d" />
    <TestEntry testId="29bd3670-5518-af4d-a10d-c558d9a8adba" executionId="e80ed7dc-9aec-4ad4-b16d-a7633ccc3952" testListId="8c84fa94-04c1-424b-9868-57a2d4851a1d" />
    <TestEntry testId="33547af0-d15f-7425-cd54-54e1bcc21ab6" executionId="efd438fd-6f5b-4d5d-ad2c-975736ab4196" testListId="8c84fa94-04c1-424b-9868-57a2d4851a1d" />
    <TestEntry testId="4f113a90-76f3-7fec-f48b-f6094d069ee1" executionId="5fa4e4c3-ea59-4536-a336-d331e19a69ed" testListId="8c84fa94-04c1-424b-9868-57a2d4851a1d" />
    <TestEntry testId="05d60b91-1e62-a9d6-329a-049913345597" executionId="383ec5ea-3fd4-4d15-8244-d71fbf0c2a9d" testListId="8c84fa94-04c1-424b-9868-57a2d4851a1d" />
    <TestEntry testId="be4b1344-9069-5b47-a319-2e4cc8a32ac3" executionId="88a67baf-af2f-4ce1-8553-368e2d84b985" testListId="8c84fa94-04c1-424b-9868-57a2d4851a1d" />
    <TestEntry testId="d78b518d-d2f6-8423-c397-e55b87f3ea1e" executionId="75d209c2-b876-4ec1-b3c5-92895419c808" testListId="8c84fa94-04c1-424b-9868-57a2d4851a1d" />
    <TestEntry testId="2b9abf8c-8593-6b56-f35d-aaff69acde28" executionId="d8b8d54d-23e9-4df4-8342-aaed93e18d99" testListId="8c84fa94-04c1-424b-9868-57a2d4851a1d" />
    <TestEntry testId="9aca1734-6ac3-5996-24dc-7a80ebd8184f" executionId="6a90cd12-b22f-44e6-899c-ae3075a008db" testListId="8c84fa94-04c1-424b-9868-57a2d4851a1d" />
    <TestEntry testId="03e8a148-5228-142b-a5ab-9830c360b760" executionId="5d58e8b3-7461-4f0d-872d-29f7282eb4a5" testListId="8c84fa94-04c1-424b-9868-57a2d4851a1d" />
    <TestEntry testId="c3a7d5fa-2563-6d97-7b66-aea528fd14da" executionId="abf6a5e6-9b63-46af-9398-8b08b07cc343" testListId="8c84fa94-04c1-424b-9868-57a2d4851a1d" />
    <TestEntry testId="029ccf19-f030-341f-6553-1dc734c38a1d" executionId="85578c2e-657b-4712-8bb8-c9b97277bc0c" testListId="8c84fa94-04c1-424b-9868-57a2d4851a1d" />
    <TestEntry testId="b7c32585-29ed-8590-7dd4-52055f81162f" executionId="5b326535-711d-4606-b0ec-f544546fcfd1" testListId="8c84fa94-04c1-424b-9868-57a2d4851a1d" />
    <TestEntry testId="c936982d-018f-b326-642f-539f6e345e91" executionId="c1c9a4a6-9504-4c6b-805f-7cf65758257b" testListId="8c84fa94-04c1-424b-9868-57a2d4851a1d" />
    <TestEntry testId="0885c1dc-f384-fc32-a7bb-77246dd68117" executionId="4f23992e-090b-4f78-a3a8-4ec91bfc116b" testListId="8c84fa94-04c1-424b-9868-57a2d4851a1d" />
    <TestEntry testId="e9863060-8236-3957-3f02-267d82bbb4bb" executionId="49bc0108-ae60-46c3-b3ad-87c2846a5822" testListId="8c84fa94-04c1-424b-9868-57a2d4851a1d" />
    <TestEntry testId="8c8ea10f-836e-2969-cff2-cf17dcfad09d" executionId="1e33787d-a4fa-4e65-9fa8-e5212516cd72" testListId="8c84fa94-04c1-424b-9868-57a2d4851a1d" />
    <TestEntry testId="a12f6951-769b-7989-1daa-0c854ad89e29" executionId="86a5d80c-79ce-4abc-9202-faf296f01c25" testListId="8c84fa94-04c1-424b-9868-57a2d4851a1d" />
    <TestEntry testId="332249a2-2736-2c50-b836-0d2a658a6444" executionId="0cc1fc1e-2211-4784-92e8-d8758924b8fe" testListId="8c84fa94-04c1-424b-9868-57a2d4851a1d" />
    <TestEntry testId="c6546776-bd84-4ce0-098d-51bfe2316ad8" executionId="c28ab6fa-e247-47d7-ac23-98c0458ad749" testListId="8c84fa94-04c1-424b-9868-57a2d4851a1d" />
    <TestEntry testId="30d51d7b-593c-8954-727d-42d42ac93e2d" executionId="49d186b9-31d3-4257-9f35-0364ae9c43d5" testListId="8c84fa94-04c1-424b-9868-57a2d4851a1d" />
    <TestEntry testId="fea87784-1f99-5827-a113-124955d284fa" executionId="6d06f40a-9e09-43d3-a9cd-77ff8da2a4df" testListId="8c84fa94-04c1-424b-9868-57a2d4851a1d" />
    <TestEntry testId="7e268be7-07e0-df66-4f5a-188c961085a4" executionId="91adcd0e-8e0a-4408-851a-107ff7566217" testListId="8c84fa94-04c1-424b-9868-57a2d4851a1d" />
    <TestEntry testId="24f2e201-f85f-9eb7-f5d2-36095b3f4e2f" executionId="298db441-edef-4603-ad01-74d209ec244a" testListId="8c84fa94-04c1-424b-9868-57a2d4851a1d" />
    <TestEntry testId="c491b78e-5e66-36f0-be47-7ad42f7f11f7" executionId="1781b011-ea35-4f14-8168-7731702e7a22" testListId="8c84fa94-04c1-424b-9868-57a2d4851a1d" />
    <TestEntry testId="0ac8f794-11d5-db31-dc90-4316cb0722db" executionId="479416d6-c951-4b04-9db2-6f8ad7c0e11b" testListId="8c84fa94-04c1-424b-9868-57a2d4851a1d" />
    <TestEntry testId="8b155b4d-a580-439b-a45e-2bdf45aad182" executionId="6f0a30e3-e634-412d-af76-d6c7778f2749" testListId="8c84fa94-04c1-424b-9868-57a2d4851a1d" />
    <TestEntry testId="de647e1e-4bc0-49d6-887d-65ed4daad473" executionId="1b371fce-57f5-42f4-ad67-a2e22d7fa4c0" testListId="8c84fa94-04c1-424b-9868-57a2d4851a1d" />
    <TestEntry testId="54d8571e-6a01-ce32-d565-e72d698f01a3" executionId="e95b5bbc-b58d-45ce-94fd-15272693d1bb" testListId="8c84fa94-04c1-424b-9868-57a2d4851a1d" />
    <TestEntry testId="21b53016-2dd4-875f-1a22-977b3ac956fe" executionId="b0ac9c43-8d75-4d9e-aa3b-a95e67df2835" testListId="8c84fa94-04c1-424b-9868-57a2d4851a1d" />
    <TestEntry testId="101fcbac-e23e-6f19-a8b9-dced6321cc05" executionId="af6fa9cb-084d-4c4c-9c19-a9a7ccc32364" testListId="8c84fa94-04c1-424b-9868-57a2d4851a1d" />
    <TestEntry testId="a1ff12d7-a827-39d6-04e6-2bfdba90bc71" executionId="5198e119-4c05-4885-a24d-1c7e2bda81e7" testListId="8c84fa94-04c1-424b-9868-57a2d4851a1d" />
    <TestEntry testId="b77d6b3b-d007-061b-469a-caff9e8bb15d" executionId="addebf73-7852-4a5d-8291-7dd3854e0484" testListId="8c84fa94-04c1-424b-9868-57a2d4851a1d" />
    <TestEntry testId="824d46d8-3bb8-ccc9-bd77-9559d8eb8b6f" executionId="b7f533a4-b71f-46a4-ae04-aa533e682565" testListId="8c84fa94-04c1-424b-9868-57a2d4851a1d" />
    <TestEntry testId="22a3245c-8cb4-74c9-db31-ee1f39e8557d" executionId="fab01a03-9df0-4264-bcc8-5c00b04bf0a0" testListId="8c84fa94-04c1-424b-9868-57a2d4851a1d" />
    <TestEntry testId="e5ec02cd-e55d-3c73-d8b6-50965793b334" executionId="725acd56-1a53-4f6b-8d57-82202d706ec6" testListId="8c84fa94-04c1-424b-9868-57a2d4851a1d" />
    <TestEntry testId="5a7358ad-0de1-e151-10c6-8a60449e3631" executionId="e5137aa4-47ba-4832-9d14-b0a7d5aa1f0c" testListId="8c84fa94-04c1-424b-9868-57a2d4851a1d" />
    <TestEntry testId="eed83322-98cb-a81b-359f-d05a5291974b" executionId="36a4f693-3c21-49c6-93b7-f4e323e664a0" testListId="8c84fa94-04c1-424b-9868-57a2d4851a1d" />
    <TestEntry testId="ce06ba38-12e2-bfe6-fb43-78086f861f86" executionId="6038e0cd-a70c-4576-aeef-8034a4fb5f97" testListId="8c84fa94-04c1-424b-9868-57a2d4851a1d" />
    <TestEntry testId="49321e41-8407-7aa4-45b1-515098c73901" executionId="0d2077ab-a895-482c-abd9-006d576690b2" testListId="8c84fa94-04c1-424b-9868-57a2d4851a1d" />
    <TestEntry testId="654ff909-4e27-8a9e-bc29-4be280a61f94" executionId="3ec7c383-adec-4774-bd0d-66a7e3be1ad2" testListId="8c84fa94-04c1-424b-9868-57a2d4851a1d" />
    <TestEntry testId="bb3e078b-d385-fc3c-7d6f-238b06f1ba0d" executionId="4edccc47-2eaf-4e8b-9cd6-591ccad929a7" testListId="8c84fa94-04c1-424b-9868-57a2d4851a1d" />
    <TestEntry testId="a48bd2c4-ea8f-7724-f717-7c2e5483260c" executionId="991e7a8e-64c5-4f73-84d6-ef117d6a6dbe" testListId="8c84fa94-04c1-424b-9868-57a2d4851a1d" />
    <TestEntry testId="ffe22006-d59e-d5b9-594d-2f2c99f21f4e" executionId="356b1239-6211-46fa-883b-ced15d81eb4a" testListId="8c84fa94-04c1-424b-9868-57a2d4851a1d" />
    <TestEntry testId="ac5955ae-3076-629b-8575-02aacdfe5d01" executionId="0cf8c080-d050-4ab7-bbba-c46969703ceb" testListId="8c84fa94-04c1-424b-9868-57a2d4851a1d" />
    <TestEntry testId="c92a5998-3d01-3c96-05bc-87d2f0b7510a" executionId="c9015c46-d66c-4073-8187-73a3608cfcba" testListId="8c84fa94-04c1-424b-9868-57a2d4851a1d" />
    <TestEntry testId="a7717790-3d51-7752-0b58-bdf55d681a24" executionId="9db163b3-a8ef-4989-9374-ec25eed5d420" testListId="8c84fa94-04c1-424b-9868-57a2d4851a1d" />
    <TestEntry testId="9796d5e0-1095-4ab6-88f8-3d8e2a604d5b" executionId="9e6397a5-b991-4521-ace6-da85a417b535" testListId="8c84fa94-04c1-424b-9868-57a2d4851a1d" />
    <TestEntry testId="4cfc9d4d-2caa-d5be-2f93-cbcca2518011" executionId="7ba00769-cec5-4c3f-b4a9-9c6e5da3701f" testListId="8c84fa94-04c1-424b-9868-57a2d4851a1d" />
    <TestEntry testId="9b0c71cb-b156-596b-3243-55ebe09ed2b6" executionId="898e8a8c-f3db-4dfc-922c-317c7962c846" testListId="8c84fa94-04c1-424b-9868-57a2d4851a1d" />
    <TestEntry testId="018ebbcd-6355-0126-db30-75204f88f30c" executionId="8e5a2513-98ea-4d72-b400-1539bba37b0f" testListId="8c84fa94-04c1-424b-9868-57a2d4851a1d" />
    <TestEntry testId="bf98c7cb-9b7f-3ebb-41db-4438a45e9b06" executionId="48ef5aa8-401e-40b5-b6e1-8ee5155659dc" testListId="8c84fa94-04c1-424b-9868-57a2d4851a1d" />
    <TestEntry testId="a67e9eb8-8d1f-a396-1bbd-d09fa3036a2b" executionId="a3e4cf88-56f7-4155-82ef-25028105f0a7" testListId="8c84fa94-04c1-424b-9868-57a2d4851a1d" />
    <TestEntry testId="3d3e396c-0afe-9f78-4e51-2d818dd14e00" executionId="4e00b377-cd93-49c1-bd66-ceb4f86472c7" testListId="8c84fa94-04c1-424b-9868-57a2d4851a1d" />
    <TestEntry testId="0f757c72-1179-de8d-a9b4-a8095c376440" executionId="00d9c62e-fa02-4b7f-be35-a6a84d4b6a30" testListId="8c84fa94-04c1-424b-9868-57a2d4851a1d" />
    <TestEntry testId="fa93fffd-8efb-880f-fee3-4653ea6df719" executionId="4addf9e5-c31b-4574-a130-8dec352296df" testListId="8c84fa94-04c1-424b-9868-57a2d4851a1d" />
    <TestEntry testId="82ad39dc-0184-3b21-9add-a730ae927107" executionId="7d2b5147-aaf9-4042-9b9b-769cf236ee20" testListId="8c84fa94-04c1-424b-9868-57a2d4851a1d" />
    <TestEntry testId="326eb41d-b5f5-53f1-0d6f-0f5d466bccc1" executionId="c95c6350-a48e-4354-b478-8c716a7dcf95" testListId="8c84fa94-04c1-424b-9868-57a2d4851a1d" />
    <TestEntry testId="53c196cc-1dd5-931b-3fad-178da16e285a" executionId="e73acf57-7cc8-49a1-b01a-af8203f5459d" testListId="8c84fa94-04c1-424b-9868-57a2d4851a1d" />
    <TestEntry testId="affcaea5-fc17-1749-de40-678d162823fe" executionId="8d2f13da-14f3-41b4-8bd4-23ab548d7328" testListId="8c84fa94-04c1-424b-9868-57a2d4851a1d" />
    <TestEntry testId="aac13105-6bba-4068-36af-e95ad7b826ba" executionId="3962f3c9-b0f7-410b-bbfc-c7e77aa04a58" testListId="8c84fa94-04c1-424b-9868-57a2d4851a1d" />
    <TestEntry testId="e1dc1fb8-c131-bfac-35bb-827b770d4634" executionId="e8466164-8571-4e15-8fb6-29b0ada26728" testListId="8c84fa94-04c1-424b-9868-57a2d4851a1d" />
    <TestEntry testId="e830c9a2-0b7d-76d9-0434-a7ec37a581fc" executionId="b032dff6-2aea-4e55-bb3c-64764483c490" testListId="8c84fa94-04c1-424b-9868-57a2d4851a1d" />
    <TestEntry testId="1977d3aa-09f7-de3d-61bc-5bfde8841759" executionId="02c191a8-f661-40a4-bc08-89de45353c70" testListId="8c84fa94-04c1-424b-9868-57a2d4851a1d" />
    <TestEntry testId="114fc7b6-e37e-0cd8-a271-1b0f6918971f" executionId="5807c446-985f-4d9c-b23a-06bb4e22db1c" testListId="8c84fa94-04c1-424b-9868-57a2d4851a1d" />
    <TestEntry testId="630e9802-3830-6ab7-b2a2-da3bc6b08053" executionId="39819fd6-38ac-40b0-8a04-234da2e8a9a6" testListId="8c84fa94-04c1-424b-9868-57a2d4851a1d" />
    <TestEntry testId="5b966598-59eb-430e-ea26-6cec0c85e92f" executionId="2b3541da-72e5-45f7-8a1e-a7c249ad74d0" testListId="8c84fa94-04c1-424b-9868-57a2d4851a1d" />
    <TestEntry testId="09cea5f4-f732-1d4e-9bb2-954f155f4594" executionId="d7f44e3c-26bf-4975-87e8-289fb54919ec" testListId="8c84fa94-04c1-424b-9868-57a2d4851a1d" />
    <TestEntry testId="d975f63f-5e92-66d2-a4f7-4775138e65da" executionId="13d06000-2bfd-41d1-bc3b-4ceae8a68b4e" testListId="8c84fa94-04c1-424b-9868-57a2d4851a1d" />
    <TestEntry testId="72170669-1a4b-b64d-93c5-3d45ab3b701a" executionId="274c1169-d109-420a-995d-6fe35fb1d09d" testListId="8c84fa94-04c1-424b-9868-57a2d4851a1d" />
    <TestEntry testId="3ae00c58-bce0-aae6-6277-df331731bcb4" executionId="4b9a934c-9fad-4810-840c-1eebd962ee27" testListId="8c84fa94-04c1-424b-9868-57a2d4851a1d" />
    <TestEntry testId="87f395f8-a8ed-890d-e556-dfd2cec00790" executionId="5b2d83d5-68b9-49a4-a956-29b409b41051" testListId="8c84fa94-04c1-424b-9868-57a2d4851a1d" />
    <TestEntry testId="e6a08d27-4df8-86a9-296f-623999e304b6" executionId="12a40b6e-d252-4e0a-b00b-dae21665ad56" testListId="8c84fa94-04c1-424b-9868-57a2d4851a1d" />
    <TestEntry testId="0d29fa0b-c2e9-f69d-31c9-d9b22d38e871" executionId="60c21aca-08f2-4a52-aa6d-6da8e54bf8e5" testListId="8c84fa94-04c1-424b-9868-57a2d4851a1d" />
    <TestEntry testId="a90f6a83-4ab2-5198-0e57-89e320db99a6" executionId="616f580d-8bb2-47a8-94e0-903c9cd0f9a5" testListId="8c84fa94-04c1-424b-9868-57a2d4851a1d" />
    <TestEntry testId="4a87e8ad-04fb-a693-b697-a98f46f8aea8" executionId="d45f240c-7dd2-437a-80e7-60f9a5eb097f" testListId="8c84fa94-04c1-424b-9868-57a2d4851a1d" />
    <TestEntry testId="b9239865-81ea-25a3-e27a-8564f519f23d" executionId="8f471546-a3ee-48e3-81f0-011cc38ca305" testListId="8c84fa94-04c1-424b-9868-57a2d4851a1d" />
    <TestEntry testId="55b7a186-6ad6-9eb4-c4dc-5206eb7b0fe3" executionId="0181ebac-6704-4e00-89da-85d544473656" testListId="8c84fa94-04c1-424b-9868-57a2d4851a1d" />
    <TestEntry testId="7a4bcd52-be30-bb94-f492-e2a0890765ce" executionId="643c886d-1a9d-429d-987a-e424cfd7a5a8" testListId="8c84fa94-04c1-424b-9868-57a2d4851a1d" />
    <TestEntry testId="a870daab-bd6c-368a-ec73-9dcd3316463b" executionId="6accf250-936e-41cc-88f5-9bdd71903a14" testListId="8c84fa94-04c1-424b-9868-57a2d4851a1d" />
    <TestEntry testId="8dfad606-9d2a-4a27-fd8d-4d2ee6f173aa" executionId="6c089993-e3e9-4977-9bc7-5304e31abca1" testListId="8c84fa94-04c1-424b-9868-57a2d4851a1d" />
    <TestEntry testId="14ab1410-34c7-ceec-2e9f-26dfa0408cb6" executionId="7461cd5c-0f2d-46b8-be92-16cea607799b" testListId="8c84fa94-04c1-424b-9868-57a2d4851a1d" />
    <TestEntry testId="d9639a47-b934-e44a-f236-d0ccde0de455" executionId="fd15f769-9be6-4b48-976c-72eab3844750" testListId="8c84fa94-04c1-424b-9868-57a2d4851a1d" />
    <TestEntry testId="6d350cc0-3b63-9f42-1109-cf1df9afcb45" executionId="735a8084-ca64-44e6-9ba0-7f23fe2c16ed" testListId="8c84fa94-04c1-424b-9868-57a2d4851a1d" />
    <TestEntry testId="6e0417db-69d3-bf89-9fbc-8140fb464450" executionId="1b201b94-9c66-4897-996b-639616338c7b" testListId="8c84fa94-04c1-424b-9868-57a2d4851a1d" />
    <TestEntry testId="e3ace1cf-4bae-65a1-fc8d-b0e1853d6737" executionId="a87803f3-a566-48d5-a523-5f58dbda52f2" testListId="8c84fa94-04c1-424b-9868-57a2d4851a1d" />
    <TestEntry testId="045daf24-03ff-197b-1cef-a9193cb7610e" executionId="90253763-d2cb-433a-b187-4df6e803a304" testListId="8c84fa94-04c1-424b-9868-57a2d4851a1d" />
    <TestEntry testId="ec485ea5-9daa-a0d9-a9c8-f4b69700c81c" executionId="20d0a741-dd02-4bb7-bd5b-42f7f634e91d" testListId="8c84fa94-04c1-424b-9868-57a2d4851a1d" />
    <TestEntry testId="d3e136b8-5a0a-a773-d9e9-8101eb1d6114" executionId="0631d3e7-5e76-4393-b323-9c514624926f" testListId="8c84fa94-04c1-424b-9868-57a2d4851a1d" />
    <TestEntry testId="9c0b05bf-f5e7-7c8d-2fb8-c8f6375a2eb1" executionId="9d5ca14e-a01a-4c6c-8f15-d04ccc9276b0" testListId="8c84fa94-04c1-424b-9868-57a2d4851a1d" />
    <TestEntry testId="0602473d-5866-8e4d-4f94-570f7e7c2237" executionId="628c8cd5-cdc4-43d7-98fb-2206a390d96d" testListId="8c84fa94-04c1-424b-9868-57a2d4851a1d" />
    <TestEntry testId="785814fe-dcbc-30c4-7d8c-7ed2f30ead9b" executionId="f0a4c3e5-3229-440f-989f-5089ffeaa807" testListId="8c84fa94-04c1-424b-9868-57a2d4851a1d" />
    <TestEntry testId="6c81ab54-0bec-8762-90d9-f28435852df7" executionId="44e69ca3-eb08-42dd-a9ea-f26e54f4e60b" testListId="8c84fa94-04c1-424b-9868-57a2d4851a1d" />
    <TestEntry testId="da66ce0c-ee92-38d1-3250-0e465c55c251" executionId="df27c1b9-a656-4d51-991c-b656b96138c5" testListId="8c84fa94-04c1-424b-9868-57a2d4851a1d" />
    <TestEntry testId="96ed2a8c-630c-0612-03fb-0814a1a0e6e9" executionId="b99d1bef-bc90-4246-abf6-5f914d3ab969" testListId="8c84fa94-04c1-424b-9868-57a2d4851a1d" />
    <TestEntry testId="8f14774a-cd75-6f8c-84d0-7bdcc9968328" executionId="3a1490ad-408d-4258-a3f4-0dbafbc2d49f" testListId="8c84fa94-04c1-424b-9868-57a2d4851a1d" />
    <TestEntry testId="5d5fb8b4-c2e5-6615-593f-fb4afc53ab6d" executionId="539fd365-bc75-4b42-95f3-89c0b35e9969" testListId="8c84fa94-04c1-424b-9868-57a2d4851a1d" />
    <TestEntry testId="9db8600d-9030-4fcc-0b7c-2880aaf6b24a" executionId="d9f82d5d-e1b4-46dc-9258-847ad3fe3462" testListId="8c84fa94-04c1-424b-9868-57a2d4851a1d" />
    <TestEntry testId="e74ca356-302c-d244-498c-021a1f823191" executionId="37ee2622-e924-4d73-976f-345523edee0a" testListId="8c84fa94-04c1-424b-9868-57a2d4851a1d" />
    <TestEntry testId="ac09df77-c344-062f-53a9-7c78d1199a22" executionId="b3d7a744-4b3b-4fd8-9e79-41b36fbec509" testListId="8c84fa94-04c1-424b-9868-57a2d4851a1d" />
    <TestEntry testId="d79b73c7-91e7-2a10-e650-22891b64b201" executionId="22ff18bd-0df2-43cd-b181-73f824dc5eb1" testListId="8c84fa94-04c1-424b-9868-57a2d4851a1d" />
    <TestEntry testId="a7b3ab64-fc62-c210-2e83-ae9496a94697" executionId="2280fd1e-597f-4606-bdc4-abb063f56317" testListId="8c84fa94-04c1-424b-9868-57a2d4851a1d" />
    <TestEntry testId="a3dd116a-32ea-3da7-9f78-87baa5939597" executionId="8a515df0-3cc8-46d5-9930-dafeef355676" testListId="8c84fa94-04c1-424b-9868-57a2d4851a1d" />
    <TestEntry testId="beb0b5b5-24dc-a8c2-882a-b3d0c6d92a7f" executionId="a0a5e346-27e8-43f0-9898-e4b5c45d4de5" testListId="8c84fa94-04c1-424b-9868-57a2d4851a1d" />
    <TestEntry testId="6808b8dc-b448-e0b2-d22c-0c66085fdfdf" executionId="60fe173b-3d00-41c8-8e65-e9abb2f25caa" testListId="8c84fa94-04c1-424b-9868-57a2d4851a1d" />
    <TestEntry testId="e324d320-e3d3-c088-35aa-a58ee7a7e89b" executionId="7b024c94-770e-4559-856f-f5cfb02eaf00" testListId="8c84fa94-04c1-424b-9868-57a2d4851a1d" />
    <TestEntry testId="de5e07f6-1dde-b49c-e0bc-431e4d1b4244" executionId="53d6b2e4-abd7-4c25-b0d6-a9dd9d4a1187" testListId="8c84fa94-04c1-424b-9868-57a2d4851a1d" />
    <TestEntry testId="1b2024d7-53f3-0b2b-9619-eed3364080df" executionId="fa75f623-6052-4e66-a59e-ee3391e72bf9" testListId="8c84fa94-04c1-424b-9868-57a2d4851a1d" />
    <TestEntry testId="c6b65c98-ccbc-7df3-e37f-f4694a6d7677" executionId="b083ff28-6f91-4a4d-b83e-1639a57b78c8" testListId="8c84fa94-04c1-424b-9868-57a2d4851a1d" />
    <TestEntry testId="788e6d6b-e6ab-66cd-f33e-99e77d27f96c" executionId="05722c25-81a6-4070-a990-2287b103cd95" testListId="8c84fa94-04c1-424b-9868-57a2d4851a1d" />
    <TestEntry testId="1f875262-2752-ffca-8a22-70fb87d03e65" executionId="90689aa4-9082-4483-85a2-243aef990f46" testListId="8c84fa94-04c1-424b-9868-57a2d4851a1d" />
    <TestEntry testId="15a72174-ebeb-2f2c-0cdd-551d10bb4ddc" executionId="c308f36b-1406-49d9-b193-b383372463a2" testListId="8c84fa94-04c1-424b-9868-57a2d4851a1d" />
    <TestEntry testId="e86d6d82-0ce0-d851-dd71-ebc98ec473ec" executionId="9c192594-9ab4-418a-8551-b6e1d49a99d6" testListId="8c84fa94-04c1-424b-9868-57a2d4851a1d" />
    <TestEntry testId="2c56d30c-a374-c58e-e93b-b09a90625bd9" executionId="4ea09774-578d-4f36-9656-4e5e709b6290" testListId="8c84fa94-04c1-424b-9868-57a2d4851a1d" />
    <TestEntry testId="5942facf-bcc2-e09a-d3d5-3a9d91228a22" executionId="98d794d3-53ee-4319-be4e-f9869b1602c5" testListId="8c84fa94-04c1-424b-9868-57a2d4851a1d" />
    <TestEntry testId="e2d9e28b-1238-7e2e-962d-cfac413c8263" executionId="1b678388-4e14-4182-b51e-e5fe877f0d73" testListId="8c84fa94-04c1-424b-9868-57a2d4851a1d" />
    <TestEntry testId="b9c310f0-baf7-9474-e47c-10c22c803cff" executionId="559ffdae-c54e-49fc-b6d3-46f480c3e728" testListId="8c84fa94-04c1-424b-9868-57a2d4851a1d" />
    <TestEntry testId="336a5061-4247-7712-2200-ed245d122176" executionId="3a1b9e21-a060-45fc-9310-41c99d824956" testListId="8c84fa94-04c1-424b-9868-57a2d4851a1d" />
    <TestEntry testId="77d07cd0-babe-a442-f286-fa3ce5a4f058" executionId="4ab01ca6-57b1-4a65-a73a-b2b932b9a36c" testListId="8c84fa94-04c1-424b-9868-57a2d4851a1d" />
    <TestEntry testId="822d575c-063c-8256-e5c3-5aaf7cd9adad" executionId="ae55a312-8a8b-44bf-b2a3-f9c9000fcc4c" testListId="8c84fa94-04c1-424b-9868-57a2d4851a1d" />
    <TestEntry testId="a7c88a6a-fde8-12e9-433b-e91055519590" executionId="c87aa679-0f0c-4863-9a9c-7a1ecac2bb84" testListId="8c84fa94-04c1-424b-9868-57a2d4851a1d" />
    <TestEntry testId="a5c84b4a-9f54-559b-a7bf-5f80afbe74e5" executionId="fd47a927-1875-43dd-855b-c8efb904c742" testListId="8c84fa94-04c1-424b-9868-57a2d4851a1d" />
    <TestEntry testId="9d0da409-94ac-6a8a-e640-cd59d7bb110a" executionId="e646f287-b9b1-430a-8769-7455aa66e530" testListId="8c84fa94-04c1-424b-9868-57a2d4851a1d" />
    <TestEntry testId="113f7348-1f99-f3af-5ae5-2b47fcfeabb6" executionId="1a6f7f80-17a9-450f-8da7-5ea84998b269" testListId="8c84fa94-04c1-424b-9868-57a2d4851a1d" />
    <TestEntry testId="7a8f82da-0cf3-069d-48de-8d0f29914d1e" executionId="d2b47d8f-cc80-4733-93f3-195ef152db37" testListId="8c84fa94-04c1-424b-9868-57a2d4851a1d" />
    <TestEntry testId="8c229d53-8022-24e1-a75b-9eebad5fcce6" executionId="6af9b19f-d3ba-46a2-bc97-861eef8df05e" testListId="8c84fa94-04c1-424b-9868-57a2d4851a1d" />
    <TestEntry testId="831c1e55-6e64-04a9-2fab-a7fba60fbbd9" executionId="51fd77aa-3b8e-4b75-86f9-30d36a1d508a" testListId="8c84fa94-04c1-424b-9868-57a2d4851a1d" />
    <TestEntry testId="81130f8b-48ae-419b-15fb-a870943c43b7" executionId="15cc8714-5390-44cf-abb7-fa101cd4986c" testListId="8c84fa94-04c1-424b-9868-57a2d4851a1d" />
    <TestEntry testId="20bdfa7d-50f5-36be-b72b-d381bae27e03" executionId="c8171a52-1648-45cf-ab50-f1d70239d55b" testListId="8c84fa94-04c1-424b-9868-57a2d4851a1d" />
    <TestEntry testId="1cd8cb23-e96d-1f20-0ebf-8ebe7bc08ac8" executionId="117f640c-c848-455a-a5ce-b8294bdd242d" testListId="8c84fa94-04c1-424b-9868-57a2d4851a1d" />
    <TestEntry testId="3218e2d1-fd33-a329-dc48-180ea7d0cd0e" executionId="1ead5855-970c-49e3-87a9-10be7bfc033c" testListId="8c84fa94-04c1-424b-9868-57a2d4851a1d" />
  </TestEntries>
  <TestLists>
    <TestList name="Results Not in a List" id="8c84fa94-04c1-424b-9868-57a2d4851a1d" />
    <TestList name="All Loaded Results" id="19431567-8539-422a-85d7-44ee4e166bda" />
  </TestLists>
  <ResultSummary outcome="Failed">
    <Counters total="262" executed="262" passed="253" failed="9" error="0" timeout="0" aborted="0" inconclusive="0" passedButRunAborted="0" notRunnable="0" notExecuted="0" disconnected="0" warning="0" completed="0" inProgress="0" pending="0" />
    <Output>
      <StdOut>NUnit Adapter 4.6.0.0: Test execution started&#xD;
Running all tests in C:\source\COA CodeSearch MCP\COA.CodeSearch.McpServer.Tests\bin\Debug\net9.0\COA.CodeSearch.McpServer.Tests.dll&#xD;
   NUnit3TestExecutor discovered 262 of 262 NUnit test cases using Current Discovery mode, Non-Explicit run&#xD;
BuildValidation_CriticalFiles_ExistAndAccessible: All 2 critical files are present and accessible.&#xD;
BuildValidation_ProjectCompiles_WithoutWarnings: Build successful with 0 warnings. Output contained 7 lines.&#xD;
BuildValidation_SpecificWarningTypes_NotPresent: No problematic warning types detected in build output.&#xD;
BuildValidation_TestProject_CompilesCleanly: Test project builds cleanly without warnings.&#xD;
RegressionTest_WarningFixesIntact_NoRegressionDetected: No regression detected - warning fixes are intact.&#xD;
Method Name: GetName&#xD;
Return Type: 'string'&#xD;
Signature: public string GetName() { return "test"; }&#xD;
Modifiers: public&#xD;
&#xD;
Method Name: AsyncVoidMethod&#xD;
Return Type: 'Task'&#xD;
Signature: public Task AsyncVoidMethod() { return Task.CompletedTask; }&#xD;
Modifiers: public&#xD;
&#xD;
Pattern: *&#xD;
Regex: ^.*$&#xD;
  src: True&#xD;
  components: True&#xD;
  tests: True&#xD;
  unit: True&#xD;
&#xD;
Original: /workspace/src/components/App.tsx&#xD;
Normalized: workspace/src/components/App.tsx&#xD;
Segments: workspace, src, components, App.tsx&#xD;
Segment count: 4&#xD;
  i=0: segment=workspace, currentPath=workspace, fullPath=/workspace&#xD;
  i=1: segment=src, currentPath=workspace/src, fullPath=/workspace/src&#xD;
  i=2: segment=components, currentPath=workspace/src/components, fullPath=/workspace/src/components&#xD;
Directories found: workspace@/workspace, src@/workspace/src, components@/workspace/src/components&#xD;
&#xD;
Results type: COA.CodeSearch.McpServer.Tools.FileSearchResult, Count in Results: -1, Data.Count: 2&#xD;
&#xD;
NUnit Adapter 4.6.0.0: Test execution complete&#xD;
</StdOut>
    </Output>
  </ResultSummary>
</TestRun>