<?xml version="1.0" encoding="utf-8"?>
<TestRun id="2c33d38e-b80f-4221-8a2a-4c1b3de33ec9" name="CHS300372@PPITM80-M0317 2025-09-08 07:17:50" runUser="TCHA-NTNET\CHS300372" xmlns="http://microsoft.com/schemas/VisualStudio/TeamTest/2010">
  <Times creation="2025-09-08T07:17:50.3842979-05:00" queuing="2025-09-08T07:17:50.3842983-05:00" start="2025-09-08T07:17:48.4990697-05:00" finish="2025-09-08T07:17:58.5757994-05:00" />
  <TestSettings name="default" id="7f329a02-2331-4c6c-adce-4f674d82d9b5">
    <Deployment runDeploymentRoot="CHS300372_PPITM80-M0317_2025-09-08_07_17_50" />
  </TestSettings>
  <Results>
    <UnitTestResult executionId="573843f2-cd6c-4713-a640-4f560df2647d" testId="0289a2e7-b4eb-8ae7-0d13-e964073eba07" testName="ExecuteAsync_WithCaching_ReturnsCachedResult" computerName="PPITM80-M0317" duration="00:00:00.0066970" startTime="2025-09-08T07:17:58.2647635-05:00" endTime="2025-09-08T07:17:58.2714601-05:00" testType="13cdc9d9-ddb5-4fa4-a97d-d965ccfc6d4b" outcome="Passed" testListId="8c84fa94-04c1-424b-9868-57a2d4851a1d" relativeResultsDirectory="573843f2-cd6c-4713-a640-4f560df2647d" />
    <UnitTestResult executionId="dc54be37-e8e1-400e-9678-3b9114ab2ab4" testId="7e268be7-07e0-df66-4f5a-188c961085a4" testName="ExecuteAsync_InvalidStartLine_ReturnsError" computerName="PPITM80-M0317" duration="00:00:00.0029400" startTime="2025-09-08T07:17:57.2810322-05:00" endTime="2025-09-08T07:17:57.2839716-05:00" testType="13cdc9d9-ddb5-4fa4-a97d-d965ccfc6d4b" outcome="Passed" testListId="8c84fa94-04c1-424b-9868-57a2d4851a1d" relativeResultsDirectory="dc54be37-e8e1-400e-9678-3b9114ab2ab4" />
    <UnitTestResult executionId="9fa0a164-c582-4f53-830c-8f74a80d16aa" testId="cb77d9ca-7498-f7ac-1878-23baa5d37d3c" testName="CalculateConfidence_WithFieldDefinition_ShouldReturnHighConfidence" computerName="PPITM80-M0317" duration="00:00:00.0065400" startTime="2025-09-08T07:17:56.5039388-05:00" endTime="2025-09-08T07:17:56.5104785-05:00" testType="13cdc9d9-ddb5-4fa4-a97d-d965ccfc6d4b" outcome="Passed" testListId="8c84fa94-04c1-424b-9868-57a2d4851a1d" relativeResultsDirectory="9fa0a164-c582-4f53-830c-8f74a80d16aa" />
    <UnitTestResult executionId="d9a881b7-1685-4f39-a826-1bd66ee181a6" testId="1131870c-8fea-1f32-8a7c-dcb61ec50b9d" testName="DiffValidator_RightToLeftText_ShouldValidateCorrectly" computerName="PPITM80-M0317" duration="00:00:00.0036150" startTime="2025-09-08T07:17:56.1870500-05:00" endTime="2025-09-08T07:17:56.1906654-05:00" testType="13cdc9d9-ddb5-4fa4-a97d-d965ccfc6d4b" outcome="Passed" testListId="8c84fa94-04c1-424b-9868-57a2d4851a1d" relativeResultsDirectory="d9a881b7-1685-4f39-a826-1bd66ee181a6" />
    <UnitTestResult executionId="395a7a77-71a7-45d0-80f1-d06742f5901a" testId="5a7358ad-0de1-e151-10c6-8a60449e3631" testName="ExecuteAsync_Should_Include_Directories_When_Requested" computerName="PPITM80-M0317" duration="00:00:00.0062090" startTime="2025-09-08T07:17:57.4666038-05:00" endTime="2025-09-08T07:17:57.4728127-05:00" testType="13cdc9d9-ddb5-4fa4-a97d-d965ccfc6d4b" outcome="Passed" testListId="8c84fa94-04c1-424b-9868-57a2d4851a1d" relativeResultsDirectory="395a7a77-71a7-45d0-80f1-d06742f5901a" />
    <UnitTestResult executionId="5ac2779f-9976-4d63-a9de-8f43309ae816" testId="36a91bdd-c3d5-277c-3a6b-0394ec010faa" testName="ValidateEdit_UnicodeContent_ShouldPreserveCorrectly" computerName="PPITM80-M0317" duration="00:00:00.0028570" startTime="2025-09-08T07:17:55.4068325-05:00" endTime="2025-09-08T07:17:55.4096895-05:00" testType="13cdc9d9-ddb5-4fa4-a97d-d965ccfc6d4b" outcome="Passed" testListId="8c84fa94-04c1-424b-9868-57a2d4851a1d" relativeResultsDirectory="5ac2779f-9976-4d63-a9de-8f43309ae816" />
    <UnitTestResult executionId="90880543-c230-418e-8f90-f5ad244c442c" testId="e7e96ba6-37ce-6c9e-8536-2567f17f6580" testName="FileExists_Should_Return_True_For_Existing_File" computerName="PPITM80-M0317" duration="00:00:00.0022140" startTime="2025-09-08T07:17:56.9630692-05:00" endTime="2025-09-08T07:17:56.9652830-05:00" testType="13cdc9d9-ddb5-4fa4-a97d-d965ccfc6d4b" outcome="Passed" testListId="8c84fa94-04c1-424b-9868-57a2d4851a1d" relativeResultsDirectory="90880543-c230-418e-8f90-f5ad244c442c" />
    <UnitTestResult executionId="80e3e8f9-e8fb-4d82-aff8-75cbb6dac8f2" testId="08183f80-42fa-c064-54ec-87dd489f1eb0" testName="EnhanceWithSnippetsAsync_Should_Handle_Leading_Wildcard_Query_Gracefully" computerName="PPITM80-M0317" duration="00:00:00.0082180" startTime="2025-09-08T07:17:57.1612459-05:00" endTime="2025-09-08T07:17:57.1694640-05:00" testType="13cdc9d9-ddb5-4fa4-a97d-d965ccfc6d4b" outcome="Passed" testListId="8c84fa94-04c1-424b-9868-57a2d4851a1d" relativeResultsDirectory="80e3e8f9-e8fb-4d82-aff8-75cbb6dac8f2" />
    <UnitTestResult executionId="91843b33-0cba-4987-a834-c75021f900d7" testId="1977d3aa-09f7-de3d-61bc-5bfde8841759" testName="ExecuteAsync_NoReferencesFound_ReturnsEmptyResults" computerName="PPITM80-M0317" duration="00:00:00.0058389" startTime="2025-09-08T07:17:57.6672588-05:00" endTime="2025-09-08T07:17:57.6730971-05:00" testType="13cdc9d9-ddb5-4fa4-a97d-d965ccfc6d4b" outcome="Passed" testListId="8c84fa94-04c1-424b-9868-57a2d4851a1d" relativeResultsDirectory="91843b33-0cba-4987-a834-c75021f900d7" />
    <UnitTestResult executionId="a796b642-1e20-4193-9def-cd4f649a5d74" testId="a5c90eb6-6d18-bae3-3ebd-1cd0ea3b995b" testName="DiffValidator_NoTrailingNewlinePreservation_ShouldValidateCorrectly" computerName="PPITM80-M0317" duration="00:00:00.0033000" startTime="2025-09-08T07:17:55.4610734-05:00" endTime="2025-09-08T07:17:55.4643731-05:00" testType="13cdc9d9-ddb5-4fa4-a97d-d965ccfc6d4b" outcome="Passed" testListId="8c84fa94-04c1-424b-9868-57a2d4851a1d" relativeResultsDirectory="a796b642-1e20-4193-9def-cd4f649a5d74" />
    <UnitTestResult executionId="da2bedaa-3c6d-46d5-8794-3a035f02c411" testId="a082c3ce-e2d1-200c-cdba-112b0003326f" testName="PerformanceBenchmark_VeryLargeFileOperations_RemainsUsable" computerName="PPITM80-M0317" duration="00:00:00.1128280" startTime="2025-09-08T07:17:56.0513918-05:00" endTime="2025-09-08T07:17:56.1642195-05:00" testType="13cdc9d9-ddb5-4fa4-a97d-d965ccfc6d4b" outcome="Passed" testListId="8c84fa94-04c1-424b-9868-57a2d4851a1d" relativeResultsDirectory="da2bedaa-3c6d-46d5-8794-3a035f02c411">
      <Output>
        <StdOut>Very Large File Performance Results:&#xD;
  Beginning edit: 13.74ms&#xD;
  Middle edit: 43.00ms&#xD;
  End edit: 12.19ms</StdOut>
      </Output>
    </UnitTestResult>
    <UnitTestResult executionId="ddd83f0a-455a-4ab3-b89d-3698d3297a0c" testId="21b53016-2dd4-875f-1a22-977b3ac956fe" testName="CalculateConfidence_WithWhitespaceQuery_ShouldReturnZero" computerName="PPITM80-M0317" duration="00:00:00.0006480" startTime="2025-09-08T07:17:56.8475771-05:00" endTime="2025-09-08T07:17:56.8482245-05:00" testType="13cdc9d9-ddb5-4fa4-a97d-d965ccfc6d4b" outcome="Passed" testListId="8c84fa94-04c1-424b-9868-57a2d4851a1d" relativeResultsDirectory="ddd83f0a-455a-4ab3-b89d-3698d3297a0c" />
    <UnitTestResult executionId="f74ab582-b6a2-4b66-a573-5fcc2f2cf6ea" testId="4c58b71a-ac72-d6c1-76f3-f24cbe6f496a" testName="GetRelativePath_Should_Calculate_Relative_Path" computerName="PPITM80-M0317" duration="00:00:00.0008660" startTime="2025-09-08T07:17:56.9738254-05:00" endTime="2025-09-08T07:17:56.9746908-05:00" testType="13cdc9d9-ddb5-4fa4-a97d-d965ccfc6d4b" outcome="Passed" testListId="8c84fa94-04c1-424b-9868-57a2d4851a1d" relativeResultsDirectory="f74ab582-b6a2-4b66-a573-5fcc2f2cf6ea" />
    <UnitTestResult executionId="a1826bc9-bd5a-4e95-981e-11b1ba9742a0" testId="68516648-4a86-408d-b0bf-e8823cf08007" testName="BuildValidation_TestProject_CompilesCleanly" computerName="PPITM80-M0317" duration="00:00:01.6559710" startTime="2025-09-08T07:17:52.1658563-05:00" endTime="2025-09-08T07:17:53.8218261-05:00" testType="13cdc9d9-ddb5-4fa4-a97d-d965ccfc6d4b" outcome="Passed" testListId="8c84fa94-04c1-424b-9868-57a2d4851a1d" relativeResultsDirectory="a1826bc9-bd5a-4e95-981e-11b1ba9742a0">
      <Output>
        <StdOut>Test project builds cleanly without warnings.</StdOut>
      </Output>
    </UnitTestResult>
    <UnitTestResult executionId="a35811b8-bf78-4501-956f-2322bc11e493" testId="1aa7279c-8a67-9c39-8baf-9ea59ed49bd7" testName="CalculateConfidence_WithNoMatch_ShouldReturnMinimalConfidence" computerName="PPITM80-M0317" duration="00:00:00.0342380" startTime="2025-09-08T07:17:56.5590848-05:00" endTime="2025-09-08T07:17:56.5933220-05:00" testType="13cdc9d9-ddb5-4fa4-a97d-d965ccfc6d4b" outcome="Passed" testListId="8c84fa94-04c1-424b-9868-57a2d4851a1d" relativeResultsDirectory="a35811b8-bf78-4501-956f-2322bc11e493" />
    <UnitTestResult executionId="2f02a265-150e-4cd9-99ee-ea9ff3a4e99b" testId="30a031d6-13bf-4af7-5783-84702af45522" testName="ReadFileWithEncodingAsync_ConsistentLineCounts_MatchesSplitLines" computerName="PPITM80-M0317" duration="00:00:00.0164870" startTime="2025-09-08T07:17:56.9105223-05:00" endTime="2025-09-08T07:17:56.9270091-05:00" testType="13cdc9d9-ddb5-4fa4-a97d-d965ccfc6d4b" outcome="Passed" testListId="8c84fa94-04c1-424b-9868-57a2d4851a1d" relativeResultsDirectory="2f02a265-150e-4cd9-99ee-ea9ff3a4e99b" />
    <UnitTestResult executionId="66b9ecac-b36f-4ce1-8c70-473c27464055" testId="1f875262-2752-ffca-8a22-70fb87d03e65" testName="IntegrationTest_SearchResultProcessing_NoWarnings" computerName="PPITM80-M0317" duration="00:00:00.0012870" startTime="2025-09-08T07:17:57.2005428-05:00" endTime="2025-09-08T07:17:57.2018298-05:00" testType="13cdc9d9-ddb5-4fa4-a97d-d965ccfc6d4b" outcome="Passed" testListId="8c84fa94-04c1-424b-9868-57a2d4851a1d" relativeResultsDirectory="66b9ecac-b36f-4ce1-8c70-473c27464055" />
    <UnitTestResult executionId="616964d7-d766-4195-b9c7-48badfd2bf1a" testId="bfa6ab72-fad6-99b9-6055-3a00e10d1609" testName="ExecuteAsync_Should_Not_Store_Metadata_When_Indexing_Fails" computerName="PPITM80-M0317" duration="00:00:00.0023170" startTime="2025-09-08T07:17:57.8571807-05:00" endTime="2025-09-08T07:17:57.8594977-05:00" testType="13cdc9d9-ddb5-4fa4-a97d-d965ccfc6d4b" outcome="Passed" testListId="8c84fa94-04c1-424b-9868-57a2d4851a1d" relativeResultsDirectory="616964d7-d766-4195-b9c7-48badfd2bf1a" />
    <UnitTestResult executionId="d1452d1b-933b-4d35-860e-572f20a10864" testId="b7c32585-29ed-8590-7dd4-52055f81162f" testName="ExecuteAsync_WithIndexedFiles_ShouldExtractDirectories" computerName="PPITM80-M0317" duration="00:00:00.0040080" startTime="2025-09-08T07:17:57.3696501-05:00" endTime="2025-09-08T07:17:57.3736583-05:00" testType="13cdc9d9-ddb5-4fa4-a97d-d965ccfc6d4b" outcome="Passed" testListId="8c84fa94-04c1-424b-9868-57a2d4851a1d" relativeResultsDirectory="d1452d1b-933b-4d35-860e-572f20a10864" />
    <UnitTestResult executionId="cd36d79a-9368-4dfc-b5b5-c828c30f9b39" testId="115d073d-323e-5c4d-1b89-4f45db9420cc" testName="EdgeCase_OnlyEmptyLinesFile_HandlesGracefully" computerName="PPITM80-M0317" duration="00:00:00.0059699" startTime="2025-09-08T07:17:55.8754146-05:00" endTime="2025-09-08T07:17:55.8813845-05:00" testType="13cdc9d9-ddb5-4fa4-a97d-d965ccfc6d4b" outcome="Passed" testListId="8c84fa94-04c1-424b-9868-57a2d4851a1d" relativeResultsDirectory="cd36d79a-9368-4dfc-b5b5-c828c30f9b39">
      <Output>
        <StdOut>Successfully handled file containing only empty lines</StdOut>
      </Output>
    </UnitTestResult>
    <UnitTestResult executionId="4bea0dd0-b038-44e5-ac7b-85070bb9df9b" testId="b6645825-0e2d-b86c-d3eb-82a8c700376e" testName="ExecuteAsync_ContextLines_GeneratesCorrectContext" computerName="PPITM80-M0317" duration="00:00:00.0049190" startTime="2025-09-08T07:17:57.9083047-05:00" endTime="2025-09-08T07:17:57.9132238-05:00" testType="13cdc9d9-ddb5-4fa4-a97d-d965ccfc6d4b" outcome="Passed" testListId="8c84fa94-04c1-424b-9868-57a2d4851a1d" relativeResultsDirectory="4bea0dd0-b038-44e5-ac7b-85070bb9df9b" />
    <UnitTestResult executionId="5ddaed02-303c-4f70-b630-65a09fe2de6c" testId="c85b8a97-5946-3d73-4b40-c2b28fa6df80" testName="InsertAtLine_PrioritizesSurroundingContext_ShouldNotUseInconsistentTargetLineIndentation" computerName="PPITM80-M0317" duration="00:00:00.0066620" startTime="2025-09-08T07:17:57.8958826-05:00" endTime="2025-09-08T07:17:57.9025444-05:00" testType="13cdc9d9-ddb5-4fa4-a97d-d965ccfc6d4b" outcome="Passed" testListId="8c84fa94-04c1-424b-9868-57a2d4851a1d" relativeResultsDirectory="5ddaed02-303c-4f70-b630-65a09fe2de6c">
      <Output>
        <StdOut>=== MODIFIED CONTENT ===&#xD;
namespace Test;&#xD;
&#xD;
public static class ToolNames&#xD;
{&#xD;
    // Core operations  &#xD;
    public const string TextSearch = "text_search";&#xD;
    public const string FileSearch = "file_search";&#xD;
    // Navigation tools (added by test)&#xD;
	// This line has TAB indentation (inconsistent)&#xD;
    public const string SymbolSearch = "symbol_search";&#xD;
    public const string GoToDefinition = "goto_definition";&#xD;
}&#xD;
&#xD;
=== END ===</StdOut>
      </Output>
    </UnitTestResult>
    <UnitTestResult executionId="d5072b32-b702-4670-8c44-8b943c7fdb8a" testId="58ecfbb6-3219-1740-780d-2b68b5e2ecf5" testName="Should_Extract_Correct_Return_Types_For_Various_Method_Signatures" computerName="PPITM80-M0317" duration="00:00:00.0014150" startTime="2025-09-08T07:17:57.1879280-05:00" endTime="2025-09-08T07:17:57.1893431-05:00" testType="13cdc9d9-ddb5-4fa4-a97d-d965ccfc6d4b" outcome="Passed" testListId="8c84fa94-04c1-424b-9868-57a2d4851a1d" relativeResultsDirectory="d5072b32-b702-4670-8c44-8b943c7fdb8a" />
    <UnitTestResult executionId="40193174-fcaf-41a3-b209-6e79331ec10f" testId="29bd3670-5518-af4d-a10d-c558d9a8adba" testName="Name_ShouldReturnCorrectToolName" computerName="PPITM80-M0317" duration="00:00:00.0014950" startTime="2025-09-08T07:17:57.9934996-05:00" endTime="2025-09-08T07:17:57.9949948-05:00" testType="13cdc9d9-ddb5-4fa4-a97d-d965ccfc6d4b" outcome="Passed" testListId="8c84fa94-04c1-424b-9868-57a2d4851a1d" relativeResultsDirectory="40193174-fcaf-41a3-b209-6e79331ec10f" />
    <UnitTestResult executionId="86e45059-e28b-49e1-9c5b-0900f2caa217" testId="feb1363a-0943-d89e-e5f1-d7d186e0e225" testName="ExecuteAsync_InsertAtEnd_InsertsCorrectly" computerName="PPITM80-M0317" duration="00:00:00.0047780" startTime="2025-09-08T07:17:57.9309747-05:00" endTime="2025-09-08T07:17:57.9357529-05:00" testType="13cdc9d9-ddb5-4fa4-a97d-d965ccfc6d4b" outcome="Passed" testListId="8c84fa94-04c1-424b-9868-57a2d4851a1d" relativeResultsDirectory="86e45059-e28b-49e1-9c5b-0900f2caa217" />
    <UnitTestResult executionId="bb02160f-1e71-4be9-a32c-61b0b8d03cbc" testId="b9b5e1e6-2f31-0f77-90dc-797d268a1f9e" testName="EnhanceWithSnippetsAsync_Should_Handle_FieldPrefixedWildcardQueries_WithoutException(&quot;filename_lower:*Service.cs&quot;)" computerName="PPITM80-M0317" duration="00:00:00.0008040" startTime="2025-09-08T07:17:57.1525236-05:00" endTime="2025-09-08T07:17:57.1533271-05:00" testType="13cdc9d9-ddb5-4fa4-a97d-d965ccfc6d4b" outcome="Passed" testListId="8c84fa94-04c1-424b-9868-57a2d4851a1d" relativeResultsDirectory="bb02160f-1e71-4be9-a32c-61b0b8d03cbc" />
    <UnitTestResult executionId="16403d99-cd0a-483c-928a-9bba77b7fc27" testId="54d8571e-6a01-ce32-d565-e72d698f01a3" testName="ExecuteAsync_EncodingPreservation_MaintainsOriginalEncoding" computerName="PPITM80-M0317" duration="00:00:00.0051060" startTime="2025-09-08T07:17:57.9210836-05:00" endTime="2025-09-08T07:17:57.9261892-05:00" testType="13cdc9d9-ddb5-4fa4-a97d-d965ccfc6d4b" outcome="Passed" testListId="8c84fa94-04c1-424b-9868-57a2d4851a1d" relativeResultsDirectory="16403d99-cd0a-483c-928a-9bba77b7fc27" />
    <UnitTestResult executionId="cdf6fd98-0ecc-4051-aa28-bfa8d8e5c1b0" testId="c4551258-4c82-1521-e027-e441b7bf927a" testName="Tool_Should_Have_Correct_Metadata" computerName="PPITM80-M0317" duration="00:00:00.0021090" startTime="2025-09-08T07:17:57.7802662-05:00" endTime="2025-09-08T07:17:57.7823754-05:00" testType="13cdc9d9-ddb5-4fa4-a97d-d965ccfc6d4b" outcome="Passed" testListId="8c84fa94-04c1-424b-9868-57a2d4851a1d" relativeResultsDirectory="cdf6fd98-0ecc-4051-aa28-bfa8d8e5c1b0" />
    <UnitTestResult executionId="807a89ff-6276-4485-bf0a-fdac60d51934" testId="988ffa7f-3064-3484-177e-dbe1c7328854" testName="ExecuteAsync_Should_Exclude_Line_Numbers_When_Not_Requested" computerName="PPITM80-M0317" duration="00:00:00.0079690" startTime="2025-09-08T07:17:57.7129228-05:00" endTime="2025-09-08T07:17:57.7208915-05:00" testType="13cdc9d9-ddb5-4fa4-a97d-d965ccfc6d4b" outcome="Passed" testListId="8c84fa94-04c1-424b-9868-57a2d4851a1d" relativeResultsDirectory="807a89ff-6276-4485-bf0a-fdac60d51934" />
    <UnitTestResult executionId="95709ee5-77d0-45ea-87db-7caba539c457" testId="641c634e-4606-fd53-623b-3c984bfc61aa" testName="ValidateEdit_IdenticalFiles_ShouldBeValid" computerName="PPITM80-M0317" duration="00:00:00.0031540" startTime="2025-09-08T07:17:55.3801468-05:00" endTime="2025-09-08T07:17:55.3833011-05:00" testType="13cdc9d9-ddb5-4fa4-a97d-d965ccfc6d4b" outcome="Passed" testListId="8c84fa94-04c1-424b-9868-57a2d4851a1d" relativeResultsDirectory="95709ee5-77d0-45ea-87db-7caba539c457" />
    <UnitTestResult executionId="da3cfd67-ad65-4601-ad9c-f1af5eb700e3" testId="c491b78e-5e66-36f0-be47-7ad42f7f11f7" testName="Tool_Should_Have_Correct_Metadata" computerName="PPITM80-M0317" duration="00:00:00.0013990" startTime="2025-09-08T07:17:57.8861448-05:00" endTime="2025-09-08T07:17:57.8875434-05:00" testType="13cdc9d9-ddb5-4fa4-a97d-d965ccfc6d4b" outcome="Passed" testListId="8c84fa94-04c1-424b-9868-57a2d4851a1d" relativeResultsDirectory="da3cfd67-ad65-4601-ad9c-f1af5eb700e3" />
    <UnitTestResult executionId="1df88d86-9875-4856-b6f0-76e2de317f30" testId="336a5061-4247-7712-2200-ed245d122176" testName="ExecuteAsync_EndLineBeforeStartLine_ReturnsError" computerName="PPITM80-M0317" duration="00:00:00.0032850" startTime="2025-09-08T07:17:58.0671210-05:00" endTime="2025-09-08T07:17:58.0704055-05:00" testType="13cdc9d9-ddb5-4fa4-a97d-d965ccfc6d4b" outcome="Passed" testListId="8c84fa94-04c1-424b-9868-57a2d4851a1d" relativeResultsDirectory="1df88d86-9875-4856-b6f0-76e2de317f30" />
    <UnitTestResult executionId="a7f0809f-1bba-410b-91bc-06e7139a7cd3" testId="e2d9e28b-1238-7e2e-962d-cfac413c8263" testName="ExecuteAsync_EdgeCaseIndentation_HandlesTabsAndSpaces" computerName="PPITM80-M0317" duration="00:00:00.0050950" startTime="2025-09-08T07:17:58.0570659-05:00" endTime="2025-09-08T07:17:58.0621604-05:00" testType="13cdc9d9-ddb5-4fa4-a97d-d965ccfc6d4b" outcome="Passed" testListId="8c84fa94-04c1-424b-9868-57a2d4851a1d" relativeResultsDirectory="a7f0809f-1bba-410b-91bc-06e7139a7cd3" />
    <UnitTestResult executionId="080e741d-62b1-4b6d-8606-2320b48a3801" testId="3a8f31e8-6c87-f81c-421c-5c3352191657" testName="EditCSharpClass_AddProperties_PreservesStructure" computerName="PPITM80-M0317" duration="00:00:00.0088310" startTime="2025-09-08T07:17:55.9055300-05:00" endTime="2025-09-08T07:17:55.9143611-05:00" testType="13cdc9d9-ddb5-4fa4-a97d-d965ccfc6d4b" outcome="Passed" testListId="8c84fa94-04c1-424b-9868-57a2d4851a1d" relativeResultsDirectory="080e741d-62b1-4b6d-8606-2320b48a3801" />
    <UnitTestResult executionId="a03c413d-6bd9-4699-9751-39057522f93c" testId="45987928-ca77-d223-443f-59cc06c11a50" testName="ExecuteAsync_Should_Exclude_Inheritance_When_Not_Requested" computerName="PPITM80-M0317" duration="00:00:00.0077430" startTime="2025-09-08T07:17:57.7051141-05:00" endTime="2025-09-08T07:17:57.7128564-05:00" testType="13cdc9d9-ddb5-4fa4-a97d-d965ccfc6d4b" outcome="Passed" testListId="8c84fa94-04c1-424b-9868-57a2d4851a1d" relativeResultsDirectory="a03c413d-6bd9-4699-9751-39057522f93c" />
    <UnitTestResult executionId="e78b4676-0b03-4186-8be6-0be2b24200a6" testId="cb96603a-b6c5-2087-2ba7-4ed2f241e41d" testName="ExecuteAsync_EmptySearchResults_ReturnsNoMatches" computerName="PPITM80-M0317" duration="00:00:00.0036340" startTime="2025-09-08T07:17:58.1874243-05:00" endTime="2025-09-08T07:17:58.1910585-05:00" testType="13cdc9d9-ddb5-4fa4-a97d-d965ccfc6d4b" outcome="Passed" testListId="8c84fa94-04c1-424b-9868-57a2d4851a1d" relativeResultsDirectory="e78b4676-0b03-4186-8be6-0be2b24200a6" />
    <UnitTestResult executionId="5e4bc298-143b-4340-a2cb-0ff7ed69fd0a" testId="4febb879-85fd-0a7d-8fb1-ed3b0f8987fb" testName="ExecuteAsync_FileNotInWorkspace_ReturnsError" computerName="PPITM80-M0317" duration="00:00:00.0055840" startTime="2025-09-08T07:17:58.2297234-05:00" endTime="2025-09-08T07:17:58.2353065-05:00" testType="13cdc9d9-ddb5-4fa4-a97d-d965ccfc6d4b" outcome="Passed" testListId="8c84fa94-04c1-424b-9868-57a2d4851a1d" relativeResultsDirectory="5e4bc298-143b-4340-a2cb-0ff7ed69fd0a" />
    <UnitTestResult executionId="1cae4eb6-7a7b-4fa1-b029-5c7215d2d393" testId="b9c310f0-baf7-9474-e47c-10c22c803cff" testName="CalculateConfidence_WithVeryLongQuery_ShouldHandleGracefully" computerName="PPITM80-M0317" duration="00:00:00.0357000" startTime="2025-09-08T07:17:56.8110230-05:00" endTime="2025-09-08T07:17:56.8467229-05:00" testType="13cdc9d9-ddb5-4fa4-a97d-d965ccfc6d4b" outcome="Passed" testListId="8c84fa94-04c1-424b-9868-57a2d4851a1d" relativeResultsDirectory="1cae4eb6-7a7b-4fa1-b029-5c7215d2d393" />
    <UnitTestResult executionId="9f9e39b7-2ba3-4a97-b7e8-ce21e883b06a" testId="14ab1410-34c7-ceec-2e9f-26dfa0408cb6" testName="ExecuteAsync_Should_Use_Existing_Index_When_Not_Force_Rebuild" computerName="PPITM80-M0317" duration="00:00:00.0029580" startTime="2025-09-08T07:17:57.8812513-05:00" endTime="2025-09-08T07:17:57.8842094-05:00" testType="13cdc9d9-ddb5-4fa4-a97d-d965ccfc6d4b" outcome="Passed" testListId="8c84fa94-04c1-424b-9868-57a2d4851a1d" relativeResultsDirectory="9f9e39b7-2ba3-4a97-b7e8-ce21e883b06a" />
    <UnitTestResult executionId="f35af53a-a784-4843-bff9-3f657ad5bb8a" testId="a7717790-3d51-7752-0b58-bdf55d681a24" testName="CalculateConfidence_WithXmlDocComment_ShouldHavePenalty" computerName="PPITM80-M0317" duration="00:00:00.0353210" startTime="2025-09-08T07:17:56.8553558-05:00" endTime="2025-09-08T07:17:56.8906762-05:00" testType="13cdc9d9-ddb5-4fa4-a97d-d965ccfc6d4b" outcome="Passed" testListId="8c84fa94-04c1-424b-9868-57a2d4851a1d" relativeResultsDirectory="f35af53a-a784-4843-bff9-3f657ad5bb8a" />
    <UnitTestResult executionId="31ae46d1-4715-4d39-814a-32d2105f0bd8" testId="bed99d7e-a80e-6e92-46cb-8a690d6c823d" testName="EnhanceWithSnippetsAsync_Should_Handle_Invalid_Wildcard_Patterns(&quot;*test&quot;)" computerName="PPITM80-M0317" duration="00:00:00.0033110" startTime="2025-09-08T07:17:57.1555586-05:00" endTime="2025-09-08T07:17:57.1588696-05:00" testType="13cdc9d9-ddb5-4fa4-a97d-d965ccfc6d4b" outcome="Passed" testListId="8c84fa94-04c1-424b-9868-57a2d4851a1d" relativeResultsDirectory="31ae46d1-4715-4d39-814a-32d2105f0bd8" />
    <UnitTestResult executionId="33ef3a68-6296-4cdb-8061-1a481056b2ad" testId="02ae6d7c-eb83-871f-6572-a3160312ced6" testName="ValidateEdit_FileWithoutTrailingNewline_ShouldHandleCorrectly" computerName="PPITM80-M0317" duration="00:00:00.0038390" startTime="2025-09-08T07:17:55.3762829-05:00" endTime="2025-09-08T07:17:55.3801221-05:00" testType="13cdc9d9-ddb5-4fa4-a97d-d965ccfc6d4b" outcome="Passed" testListId="8c84fa94-04c1-424b-9868-57a2d4851a1d" relativeResultsDirectory="33ef3a68-6296-4cdb-8061-1a481056b2ad" />
    <UnitTestResult executionId="ca05deb4-0687-4736-9f54-974d76b64dd8" testId="0d896243-c614-5ded-5873-5abd0a986977" testName="ExecuteAsync_EmptySymbolName_ReturnsError" computerName="PPITM80-M0317" duration="00:00:00.0050220" startTime="2025-09-08T07:17:58.2803153-05:00" endTime="2025-09-08T07:17:58.2853372-05:00" testType="13cdc9d9-ddb5-4fa4-a97d-d965ccfc6d4b" outcome="Passed" testListId="8c84fa94-04c1-424b-9868-57a2d4851a1d" relativeResultsDirectory="ca05deb4-0687-4736-9f54-974d76b64dd8" />
    <UnitTestResult executionId="88bc7a64-cb27-44b1-a95e-a67d4e9c60df" testId="82ad39dc-0184-3b21-9add-a730ae927107" testName="ExecuteAsync_Should_Store_Metadata_Even_When_Reindexing" computerName="PPITM80-M0317" duration="00:00:00.0027930" startTime="2025-09-08T07:17:57.8689686-05:00" endTime="2025-09-08T07:17:57.8717611-05:00" testType="13cdc9d9-ddb5-4fa4-a97d-d965ccfc6d4b" outcome="Passed" testListId="8c84fa94-04c1-424b-9868-57a2d4851a1d" relativeResultsDirectory="88bc7a64-cb27-44b1-a95e-a67d4e9c60df" />
    <UnitTestResult executionId="b513ed6e-f668-428d-9d83-6a5d3b21185e" testId="e26d7ccf-cee0-62d1-b931-abf14357b0bb" testName="EnhanceWithSnippetsAsync_Should_Handle_Invalid_Wildcard_Patterns(&quot;?test&quot;)" computerName="PPITM80-M0317" duration="00:00:00.0006870" startTime="2025-09-08T07:17:57.1588827-05:00" endTime="2025-09-08T07:17:57.1595695-05:00" testType="13cdc9d9-ddb5-4fa4-a97d-d965ccfc6d4b" outcome="Passed" testListId="8c84fa94-04c1-424b-9868-57a2d4851a1d" relativeResultsDirectory="b513ed6e-f668-428d-9d83-6a5d3b21185e" />
    <UnitTestResult executionId="05136f81-e483-452b-9bbf-7e16ef4f5c59" testId="1333c975-a0fd-d2a9-0e05-f08c9a3733cb" testName="ExecuteAsync_ShouldExcludeBuildDirectories" computerName="PPITM80-M0317" duration="00:00:00.0076720" startTime="2025-09-08T07:17:57.3586405-05:00" endTime="2025-09-08T07:17:57.3663124-05:00" testType="13cdc9d9-ddb5-4fa4-a97d-d965ccfc6d4b" outcome="Passed" testListId="8c84fa94-04c1-424b-9868-57a2d4851a1d" relativeResultsDirectory="05136f81-e483-452b-9bbf-7e16ef4f5c59" />
    <UnitTestResult executionId="58626dfe-d51a-4bb9-9331-6a4f3c57f1f6" testId="c40a1f24-94d7-62f6-d1b5-dcc1e2a509df" testName="Name_ReturnsCorrectToolName" computerName="PPITM80-M0317" duration="00:00:00.0011630" startTime="2025-09-08T07:17:58.2790292-05:00" endTime="2025-09-08T07:17:58.2801922-05:00" testType="13cdc9d9-ddb5-4fa4-a97d-d965ccfc6d4b" outcome="Passed" testListId="8c84fa94-04c1-424b-9868-57a2d4851a1d" relativeResultsDirectory="58626dfe-d51a-4bb9-9331-6a4f3c57f1f6" />
    <UnitTestResult executionId="beecf2df-2683-4330-a0d0-4629c36c67c7" testId="831c1e55-6e64-04a9-2fab-a7fba60fbbd9" testName="ExecuteAsync_InvalidLineNumber_ReturnsError" computerName="PPITM80-M0317" duration="00:00:00.0036610" startTime="2025-09-08T07:17:57.9409706-05:00" endTime="2025-09-08T07:17:57.9446315-05:00" testType="13cdc9d9-ddb5-4fa4-a97d-d965ccfc6d4b" outcome="Passed" testListId="8c84fa94-04c1-424b-9868-57a2d4851a1d" relativeResultsDirectory="beecf2df-2683-4330-a0d0-4629c36c67c7" />
    <UnitTestResult executionId="7c1f40e9-a52b-4561-bff0-9376b3190edf" testId="4d6e7b7e-5391-116c-74e3-4f7efab7b719" testName="ValidateEdit_EncodingChange_ShouldDetectViolation" computerName="PPITM80-M0317" duration="00:00:00.0061069" startTime="2025-09-08T07:17:55.3701435-05:00" endTime="2025-09-08T07:17:55.3762504-05:00" testType="13cdc9d9-ddb5-4fa4-a97d-d965ccfc6d4b" outcome="Passed" testListId="8c84fa94-04c1-424b-9868-57a2d4851a1d" relativeResultsDirectory="7c1f40e9-a52b-4561-bff0-9376b3190edf">
      <Output>
        <StdOut>Encoding violation: Encoding changed from Unicode (UTF-8) to Unicode</StdOut>
      </Output>
    </UnitTestResult>
    <UnitTestResult executionId="f5a40f1e-fd4d-4b51-a710-01630b9bfd2d" testId="3c754275-dd5c-c5a1-00ea-c44d22195e34" testName="ExecuteAsync_Should_Return_Error_When_Workspace_Not_Indexed" computerName="PPITM80-M0317" duration="00:00:00.0029220" startTime="2025-09-08T07:17:57.4765128-05:00" endTime="2025-09-08T07:17:57.4794344-05:00" testType="13cdc9d9-ddb5-4fa4-a97d-d965ccfc6d4b" outcome="Passed" testListId="8c84fa94-04c1-424b-9868-57a2d4851a1d" relativeResultsDirectory="f5a40f1e-fd4d-4b51-a710-01630b9bfd2d" />
    <UnitTestResult executionId="98773bab-cb31-409b-923f-e27a1e0f14d3" testId="fbe36bc5-ef2c-ef9c-6d5d-459f2e687717" testName="EdgeCase_SingleCharacterFile_HandlesCorrectly" computerName="PPITM80-M0317" duration="00:00:00.0104040" startTime="2025-09-08T07:17:55.8814078-05:00" endTime="2025-09-08T07:17:55.8918114-05:00" testType="13cdc9d9-ddb5-4fa4-a97d-d965ccfc6d4b" outcome="Passed" testListId="8c84fa94-04c1-424b-9868-57a2d4851a1d" relativeResultsDirectory="98773bab-cb31-409b-923f-e27a1e0f14d3">
      <Output>
        <StdOut>Validation1 failed with 1 issues: Line endings changed from [] to [CRLF]&#xD;
Current content1: 'INSERTED: Before single char&#xD;
X&#xD;
'&#xD;
Validation2 failed with 1 issues: Line endings changed from [] to [CRLF]&#xD;
Current content2: 'X&#xD;
INSERTED: After single char&#xD;
'&#xD;
Successfully handled single character file</StdOut>
      </Output>
    </UnitTestResult>
    <UnitTestResult executionId="1e3d125d-611d-467a-ada6-435fd67097f5" testId="30f15154-697f-538f-2c16-1d6308409c87" testName="Description_ShouldContainGrepReferenceAndFeatures" computerName="PPITM80-M0317" duration="00:00:00.0022830" startTime="2025-09-08T07:17:57.9753743-05:00" endTime="2025-09-08T07:17:57.9776574-05:00" testType="13cdc9d9-ddb5-4fa4-a97d-d965ccfc6d4b" outcome="Passed" testListId="8c84fa94-04c1-424b-9868-57a2d4851a1d" relativeResultsDirectory="1e3d125d-611d-467a-ada6-435fd67097f5" />
    <UnitTestResult executionId="c41d89be-abb9-4888-a3a8-5084e89241ff" testId="20bd5a90-1aca-554c-f334-3cf5e0c2c1a8" testName="EnhanceWithSnippetsAsync_Should_Handle_QueryParser_Exception_Gracefully" computerName="PPITM80-M0317" duration="00:00:00.0022060" startTime="2025-09-08T07:17:57.1706301-05:00" endTime="2025-09-08T07:17:57.1728362-05:00" testType="13cdc9d9-ddb5-4fa4-a97d-d965ccfc6d4b" outcome="Passed" testListId="8c84fa94-04c1-424b-9868-57a2d4851a1d" relativeResultsDirectory="c41d89be-abb9-4888-a3a8-5084e89241ff" />
    <UnitTestResult executionId="d550b026-5322-4e8b-a5bc-adcdf50f722e" testId="de647e1e-4bc0-49d6-887d-65ed4daad473" testName="SplitLines_ConsistentEmptyLineHandling_ReturnsConsistentResults" computerName="PPITM80-M0317" duration="00:00:00.0008850" startTime="2025-09-08T07:17:56.9280466-05:00" endTime="2025-09-08T07:17:56.9289313-05:00" testType="13cdc9d9-ddb5-4fa4-a97d-d965ccfc6d4b" outcome="Passed" testListId="8c84fa94-04c1-424b-9868-57a2d4851a1d" relativeResultsDirectory="d550b026-5322-4e8b-a5bc-adcdf50f722e" />
    <UnitTestResult executionId="6129050f-068f-43be-a17b-ddae6468ea89" testId="cee38744-169c-f64b-0ed0-b2f6db3a9da1" testName="CalculateConfidence_WithEmptyQuery_ShouldReturnZero" computerName="PPITM80-M0317" duration="00:00:00.0009280" startTime="2025-09-08T07:17:56.4524639-05:00" endTime="2025-09-08T07:17:56.4533916-05:00" testType="13cdc9d9-ddb5-4fa4-a97d-d965ccfc6d4b" outcome="Passed" testListId="8c84fa94-04c1-424b-9868-57a2d4851a1d" relativeResultsDirectory="6129050f-068f-43be-a17b-ddae6468ea89" />
    <UnitTestResult executionId="114767f2-54a4-451d-93e2-f65d98afb4ea" testId="b6a2ae4a-18ec-d713-ebb7-3990ce6b8ee1" testName="ExecuteAsync_WithCacheEnabled_ShouldUseCachedResults" computerName="PPITM80-M0317" duration="00:00:00.0033090" startTime="2025-09-08T07:17:57.3663262-05:00" endTime="2025-09-08T07:17:57.3696347-05:00" testType="13cdc9d9-ddb5-4fa4-a97d-d965ccfc6d4b" outcome="Passed" testListId="8c84fa94-04c1-424b-9868-57a2d4851a1d" relativeResultsDirectory="114767f2-54a4-451d-93e2-f65d98afb4ea" />
    <UnitTestResult executionId="d2d1e33b-cb3f-4246-8db1-62e727768f28" testId="5942facf-bcc2-e09a-d3d5-3a9d91228a22" testName="BuildValidation_ProjectCompiles_WithoutWarnings" computerName="PPITM80-M0317" duration="00:00:01.5493830" startTime="2025-09-08T07:17:49.0299767-05:00" endTime="2025-09-08T07:17:50.5793585-05:00" testType="13cdc9d9-ddb5-4fa4-a97d-d965ccfc6d4b" outcome="Passed" testListId="8c84fa94-04c1-424b-9868-57a2d4851a1d" relativeResultsDirectory="d2d1e33b-cb3f-4246-8db1-62e727768f28">
      <Output>
        <StdOut>Build successful with 0 warnings. Output contained 7 lines.</StdOut>
      </Output>
    </UnitTestResult>
    <UnitTestResult executionId="95f1127a-d696-4f66-98d4-6913a2b780bb" testId="4a87e8ad-04fb-a693-b697-a98f46f8aea8" testName="CalculateConfidence_WithExactWordMatch_ShouldReturnHighConfidence" computerName="PPITM80-M0317" duration="00:00:00.0182400" startTime="2025-09-08T07:17:56.4658120-05:00" endTime="2025-09-08T07:17:56.4840505-05:00" testType="13cdc9d9-ddb5-4fa4-a97d-d965ccfc6d4b" outcome="Passed" testListId="8c84fa94-04c1-424b-9868-57a2d4851a1d" relativeResultsDirectory="95f1127a-d696-4f66-98d4-6913a2b780bb" />
    <UnitTestResult executionId="36528d49-de22-43a5-a04c-e1ce076c2961" testId="77d07cd0-babe-a442-f286-fa3ce5a4f058" testName="ExecuteAsync_ValidFilePath_ReturnsSimilarFiles" computerName="PPITM80-M0317" duration="00:00:00.0047890" startTime="2025-09-08T07:17:58.2599503-05:00" endTime="2025-09-08T07:17:58.2647396-05:00" testType="13cdc9d9-ddb5-4fa4-a97d-d965ccfc6d4b" outcome="Passed" testListId="8c84fa94-04c1-424b-9868-57a2d4851a1d" relativeResultsDirectory="36528d49-de22-43a5-a04c-e1ce076c2961" />
    <UnitTestResult executionId="18cbbe68-a1aa-440f-87ff-8c683af118b2" testId="0d29fa0b-c2e9-f69d-31c9-d9b22d38e871" testName="GetBasePath_Should_Return_Consistent_Path" computerName="PPITM80-M0317" duration="00:00:00.0010529" startTime="2025-09-08T07:17:56.9652960-05:00" endTime="2025-09-08T07:17:56.9663493-05:00" testType="13cdc9d9-ddb5-4fa4-a97d-d965ccfc6d4b" outcome="Passed" testListId="8c84fa94-04c1-424b-9868-57a2d4851a1d" relativeResultsDirectory="18cbbe68-a1aa-440f-87ff-8c683af118b2" />
    <UnitTestResult executionId="f62ae19c-636c-4b00-8097-28b288937f5b" testId="e324d320-e3d3-c088-35aa-a58ee7a7e89b" testName="ExecuteAsync_Should_Filter_By_Extension_When_Specified" computerName="PPITM80-M0317" duration="00:00:00.0041130" startTime="2025-09-08T07:17:58.0115077-05:00" endTime="2025-09-08T07:17:58.0156207-05:00" testType="13cdc9d9-ddb5-4fa4-a97d-d965ccfc6d4b" outcome="Passed" testListId="8c84fa94-04c1-424b-9868-57a2d4851a1d" relativeResultsDirectory="f62ae19c-636c-4b00-8097-28b288937f5b" />
    <UnitTestResult executionId="7c6e4693-90e7-49aa-b12b-dcde7fb2d3d0" testId="e86d6d82-0ce0-d851-dd71-ebc98ec473ec" testName="ValidateAndResolvePath_ValidPath_ReturnsAbsolutePath" computerName="PPITM80-M0317" duration="00:00:00.0008120" startTime="2025-09-08T07:17:56.9328341-05:00" endTime="2025-09-08T07:17:56.9336458-05:00" testType="13cdc9d9-ddb5-4fa4-a97d-d965ccfc6d4b" outcome="Passed" testListId="8c84fa94-04c1-424b-9868-57a2d4851a1d" relativeResultsDirectory="7c6e4693-90e7-49aa-b12b-dcde7fb2d3d0" />
    <UnitTestResult executionId="d0a1bb4b-f4d5-4e49-9d66-628b31945285" testId="09cea5f4-f732-1d4e-9bb2-954f155f4594" testName="ExecuteAsync_RegexPattern_HandlesRegex" computerName="PPITM80-M0317" duration="00:00:00.0032750" startTime="2025-09-08T07:17:58.2147827-05:00" endTime="2025-09-08T07:17:58.2180576-05:00" testType="13cdc9d9-ddb5-4fa4-a97d-d965ccfc6d4b" outcome="Passed" testListId="8c84fa94-04c1-424b-9868-57a2d4851a1d" relativeResultsDirectory="d0a1bb4b-f4d5-4e49-9d66-628b31945285" />
    <UnitTestResult executionId="eb741655-6999-4816-acfd-5b3ad92eddaf" testId="15c48608-d196-d3c3-c14a-1ee4ed65a96b" testName="EnumerateDirectories_Should_Return_Subdirectories" computerName="PPITM80-M0317" duration="00:00:00.0029890" startTime="2025-09-08T07:17:56.9488574-05:00" endTime="2025-09-08T07:17:56.9518464-05:00" testType="13cdc9d9-ddb5-4fa4-a97d-d965ccfc6d4b" outcome="Passed" testListId="8c84fa94-04c1-424b-9868-57a2d4851a1d" relativeResultsDirectory="eb741655-6999-4816-acfd-5b3ad92eddaf" />
    <UnitTestResult executionId="4cd9c018-42c9-442e-b70d-ecde839204d0" testId="5d84348a-4728-f743-fb4d-aa4f4b1cd017" testName="AsyncPatterns_ProperUsage_NoWarnings" computerName="PPITM80-M0317" duration="00:00:00.0062450" startTime="2025-09-08T07:17:57.1917625-05:00" endTime="2025-09-08T07:17:57.1980072-05:00" testType="13cdc9d9-ddb5-4fa4-a97d-d965ccfc6d4b" outcome="Passed" testListId="8c84fa94-04c1-424b-9868-57a2d4851a1d" relativeResultsDirectory="4cd9c018-42c9-442e-b70d-ecde839204d0" />
    <UnitTestResult executionId="f607469f-1dbb-4b4f-8065-bdc95374a3ff" testId="3900264b-2cb3-b232-f26d-4523cbbedbd5" testName="ExecuteAsync_Should_Return_Error_When_FilePath_Is_Missing" computerName="PPITM80-M0317" duration="00:00:00.0042290" startTime="2025-09-08T07:17:57.7626032-05:00" endTime="2025-09-08T07:17:57.7668315-05:00" testType="13cdc9d9-ddb5-4fa4-a97d-d965ccfc6d4b" outcome="Passed" testListId="8c84fa94-04c1-424b-9868-57a2d4851a1d" relativeResultsDirectory="f607469f-1dbb-4b4f-8065-bdc95374a3ff" />
    <UnitTestResult executionId="6ffd208e-389a-4cc7-8c31-7d22fdfdb7a3" testId="07078b4b-51c8-42f8-1af8-af9098a00313" testName="GetIndexPath_Should_Return_Hashed_Directory_Name" computerName="PPITM80-M0317" duration="00:00:00.0007550" startTime="2025-09-08T07:17:56.9720498-05:00" endTime="2025-09-08T07:17:56.9728042-05:00" testType="13cdc9d9-ddb5-4fa4-a97d-d965ccfc6d4b" outcome="Passed" testListId="8c84fa94-04c1-424b-9868-57a2d4851a1d" relativeResultsDirectory="6ffd208e-389a-4cc7-8c31-7d22fdfdb7a3" />
    <UnitTestResult executionId="36e2ccd8-ea12-4d00-ac3f-db6f29c3454b" testId="f7270f64-5f9c-70db-c262-ebf57259aafb" testName="Concurrency_FileLockedByAnotherProcess_HandlesGracefully" computerName="PPITM80-M0317" duration="00:00:00.0056429" startTime="2025-09-08T07:17:55.6371784-05:00" endTime="2025-09-08T07:17:55.6428213-05:00" testType="13cdc9d9-ddb5-4fa4-a97d-d965ccfc6d4b" outcome="Passed" testListId="8c84fa94-04c1-424b-9868-57a2d4851a1d" relativeResultsDirectory="36e2ccd8-ea12-4d00-ac3f-db6f29c3454b">
      <Output>
        <StdOut>Insert operation failed gracefully: Success = False&#xD;
Replace operation failed gracefully: Success = False&#xD;
Delete operation failed gracefully: Success = False&#xD;
Successfully handled locked file scenario&#xD;
Insert error: &#xD;
Replace error: &#xD;
Delete error:</StdOut>
      </Output>
    </UnitTestResult>
    <UnitTestResult executionId="a10f188c-6ae4-4618-9870-5dff36f5b5fe" testId="8b155b4d-a580-439b-a45e-2bdf45aad182" testName="CalculateConfidence_RealWorldScenario_MultipleQueries" computerName="PPITM80-M0317" duration="00:00:00.0357510" startTime="2025-09-08T07:17:56.2936941-05:00" endTime="2025-09-08T07:17:56.3294427-05:00" testType="13cdc9d9-ddb5-4fa4-a97d-d965ccfc6d4b" outcome="Passed" testListId="8c84fa94-04c1-424b-9868-57a2d4851a1d" relativeResultsDirectory="a10f188c-6ae4-4618-9870-5dff36f5b5fe" />
    <UnitTestResult executionId="4a87c546-80a0-45b8-a69d-457bf7dfc299" testId="30dc8060-afd6-3b40-8152-960c12345ec6" testName="DiffValidator_UnixLFPreservation_ShouldValidateCorrectly" computerName="PPITM80-M0317" duration="00:00:00.0039980" startTime="2025-09-08T07:17:55.4643923-05:00" endTime="2025-09-08T07:17:55.4683900-05:00" testType="13cdc9d9-ddb5-4fa4-a97d-d965ccfc6d4b" outcome="Passed" testListId="8c84fa94-04c1-424b-9868-57a2d4851a1d" relativeResultsDirectory="4a87c546-80a0-45b8-a69d-457bf7dfc299" />
    <UnitTestResult executionId="72ed0401-98e1-428f-9623-458792a07b7e" testId="484b8c1d-4df6-b62b-b60c-57a9dfa12014" testName="ExecuteAsync_ReplaceWithMinimalContent_ReplacesCorrectly" computerName="PPITM80-M0317" duration="00:00:00.0052820" startTime="2025-09-08T07:17:58.1289355-05:00" endTime="2025-09-08T07:17:58.1342168-05:00" testType="13cdc9d9-ddb5-4fa4-a97d-d965ccfc6d4b" outcome="Passed" testListId="8c84fa94-04c1-424b-9868-57a2d4851a1d" relativeResultsDirectory="72ed0401-98e1-428f-9623-458792a07b7e" />
    <UnitTestResult executionId="c77ab097-3a12-4f2f-9a8c-db69f8196a4a" testId="326eb41d-b5f5-53f1-0d6f-0f5d466bccc1" testName="Constructor_ShouldInitializeRegexPatternsCorrectly" computerName="PPITM80-M0317" duration="00:00:00.0158510" startTime="2025-09-08T07:17:56.8907856-05:00" endTime="2025-09-08T07:17:56.9066358-05:00" testType="13cdc9d9-ddb5-4fa4-a97d-d965ccfc6d4b" outcome="Passed" testListId="8c84fa94-04c1-424b-9868-57a2d4851a1d" relativeResultsDirectory="c77ab097-3a12-4f2f-9a8c-db69f8196a4a" />
    <UnitTestResult executionId="0499bc6a-c4f3-4c1c-84eb-e178a09bc7eb" testId="c41b1d63-dd1b-5812-a822-5d35a364f148" testName="ExecuteAsync_ShouldCalculateDepthCorrectly" computerName="PPITM80-M0317" duration="00:00:00.0393600" startTime="2025-09-08T07:17:57.3130246-05:00" endTime="2025-09-08T07:17:57.3523849-05:00" testType="13cdc9d9-ddb5-4fa4-a97d-d965ccfc6d4b" outcome="Passed" testListId="8c84fa94-04c1-424b-9868-57a2d4851a1d" relativeResultsDirectory="0499bc6a-c4f3-4c1c-84eb-e178a09bc7eb" />
    <UnitTestResult executionId="5668b431-7c0a-48a1-859e-51faeacbbd80" testId="d9639a47-b934-e44a-f236-d0ccde0de455" testName="NonNullableField_ObjectInitialization_ProperInitialization" computerName="PPITM80-M0317" duration="00:00:00.0007940" startTime="2025-09-08T07:17:56.2018448-05:00" endTime="2025-09-08T07:17:56.2026391-05:00" testType="13cdc9d9-ddb5-4fa4-a97d-d965ccfc6d4b" outcome="Passed" testListId="8c84fa94-04c1-424b-9868-57a2d4851a1d" relativeResultsDirectory="5668b431-7c0a-48a1-859e-51faeacbbd80" />
    <UnitTestResult executionId="550ce4c3-08c5-42ef-adf1-4ecf5df301c9" testId="5e4a8e81-44ad-86eb-ab92-6a71f1e8a5cc" testName="ExecuteAsync_Should_Detect_Large_Methods" computerName="PPITM80-M0317" duration="00:00:00.0066850" startTime="2025-09-08T07:17:57.5315934-05:00" endTime="2025-09-08T07:17:57.5382782-05:00" testType="13cdc9d9-ddb5-4fa4-a97d-d965ccfc6d4b" outcome="Passed" testListId="8c84fa94-04c1-424b-9868-57a2d4851a1d" relativeResultsDirectory="550ce4c3-08c5-42ef-adf1-4ecf5df301c9">
      <Output>
        <StdOut>DEBUG: Type extraction success: True</StdOut>
      </Output>
    </UnitTestResult>
    <UnitTestResult executionId="9052fcbb-3cd7-40ec-a31d-c5246065b865" testId="66043dc8-527f-e3c8-75cc-54ba4ab46e71" testName="ExecuteAsync_Should_Use_Cache_When_Available" computerName="PPITM80-M0317" duration="00:00:00.0053099" startTime="2025-09-08T07:17:57.7749355-05:00" endTime="2025-09-08T07:17:57.7802453-05:00" testType="13cdc9d9-ddb5-4fa4-a97d-d965ccfc6d4b" outcome="Passed" testListId="8c84fa94-04c1-424b-9868-57a2d4851a1d" relativeResultsDirectory="9052fcbb-3cd7-40ec-a31d-c5246065b865" />
    <UnitTestResult executionId="1d086efd-7517-4fdd-b7ac-832b610ea908" testId="81130f8b-48ae-419b-15fb-a870943c43b7" testName="ExecuteAsync_SearchForMethod_ReturnsMethodDefinition" computerName="PPITM80-M0317" duration="00:00:00.0139180" startTime="2025-09-08T07:17:57.7865252-05:00" endTime="2025-09-08T07:17:57.8004423-05:00" testType="13cdc9d9-ddb5-4fa4-a97d-d965ccfc6d4b" outcome="Passed" testListId="8c84fa94-04c1-424b-9868-57a2d4851a1d" relativeResultsDirectory="1d086efd-7517-4fdd-b7ac-832b610ea908" />
    <UnitTestResult executionId="88abd601-9147-4997-be1a-957dfbdfaba8" testId="507cb46e-cb05-9c7d-742b-d2d660f1d588" testName="DiffValidator_MixedLineEndingsConsistency_ShouldValidateCorrectly" computerName="PPITM80-M0317" duration="00:00:00.0043070" startTime="2025-09-08T07:17:55.4567493-05:00" endTime="2025-09-08T07:17:55.4610563-05:00" testType="13cdc9d9-ddb5-4fa4-a97d-d965ccfc6d4b" outcome="Passed" testListId="8c84fa94-04c1-424b-9868-57a2d4851a1d" relativeResultsDirectory="88abd601-9147-4997-be1a-957dfbdfaba8" />
    <UnitTestResult executionId="b1c9bd85-03e1-4d0d-bb69-bc852aa0dcd8" testId="1636785a-249b-321f-8f2e-2033f39cebcb" testName="ValidateRequired_NullWorkspacePath_ThrowsToolExecutionException" computerName="PPITM80-M0317" duration="00:00:00.0040390" startTime="2025-09-08T07:17:57.2481609-05:00" endTime="2025-09-08T07:17:57.2521991-05:00" testType="13cdc9d9-ddb5-4fa4-a97d-d965ccfc6d4b" outcome="Passed" testListId="8c84fa94-04c1-424b-9868-57a2d4851a1d" relativeResultsDirectory="b1c9bd85-03e1-4d0d-bb69-bc852aa0dcd8" />
    <UnitTestResult executionId="df38b76a-34f7-4102-8e45-1303e92cf5f2" testId="53c196cc-1dd5-931b-3fad-178da16e285a" testName="NullableString_SafeOperations_NoWarnings" computerName="PPITM80-M0317" duration="00:00:00.0006750" startTime="2025-09-08T07:17:57.2033226-05:00" endTime="2025-09-08T07:17:57.2039973-05:00" testType="13cdc9d9-ddb5-4fa4-a97d-d965ccfc6d4b" outcome="Passed" testListId="8c84fa94-04c1-424b-9868-57a2d4851a1d" relativeResultsDirectory="df38b76a-34f7-4102-8e45-1303e92cf5f2" />
    <UnitTestResult executionId="048013f9-f7ba-4036-b2ed-e4b4c987d130" testId="03f10ceb-8c61-5203-a7c0-b1256a0a5c2f" testName="ExecuteAsync_Should_Handle_Mixed_Path_Separators" computerName="PPITM80-M0317" duration="00:00:00.0055550" startTime="2025-09-08T07:17:57.4568473-05:00" endTime="2025-09-08T07:17:57.4624019-05:00" testType="13cdc9d9-ddb5-4fa4-a97d-d965ccfc6d4b" outcome="Failed" testListId="8c84fa94-04c1-424b-9868-57a2d4851a1d" relativeResultsDirectory="048013f9-f7ba-4036-b2ed-e4b4c987d130">
      <Output>
        <ErrorInfo>
          <Message>Expected result.Result.Data.Count to be 2, but found 0 (difference of -2).</Message>
          <StackTrace>   at FluentAssertions.Execution.LateBoundTestFramework.Throw(String message)&#xD;
   at FluentAssertions.Execution.TestFrameworkProvider.Throw(String message)&#xD;
   at FluentAssertions.Execution.DefaultAssertionStrategy.HandleFailure(String message)&#xD;
   at FluentAssertions.Execution.AssertionScope.FailWith(Func`1 failReasonFunc)&#xD;
   at FluentAssertions.Execution.AssertionScope.FailWith(Func`1 failReasonFunc)&#xD;
   at FluentAssertions.Execution.AssertionScope.FailWith(String message, Object[] args)&#xD;
   at FluentAssertions.Numeric.NumericAssertions`2.Be(T expected, String because, Object[] becauseArgs)&#xD;
   at COA.CodeSearch.McpServer.Tests.Tools.FileSearchToolTests.ExecuteAsync_Should_Handle_Mixed_Path_Separators() in C:\source\COA CodeSearch MCP\COA.CodeSearch.McpServer.Tests\Tools\FileSearchToolTests.cs:line 648&#xD;
   at NUnit.Framework.Internal.TaskAwaitAdapter.GenericAdapter`1.GetResult()&#xD;
   at NUnit.Framework.Internal.AsyncToSyncAdapter.Await[TResult](TestExecutionContext context, Func`1 invoke)&#xD;
   at NUnit.Framework.Internal.AsyncToSyncAdapter.Await(TestExecutionContext context, Func`1 invoke)&#xD;
   at NUnit.Framework.Internal.Commands.TestMethodCommand.RunTestMethod(TestExecutionContext context)&#xD;
   at NUnit.Framework.Internal.Commands.TestMethodCommand.Execute(TestExecutionContext context)&#xD;
   at NUnit.Framework.Internal.Commands.BeforeAndAfterTestCommand.&lt;&gt;c__DisplayClass1_0.&lt;Execute&gt;b__0()&#xD;
   at NUnit.Framework.Internal.Commands.DelegatingTestCommand.RunTestMethodInThreadAbortSafeZone(TestExecutionContext context, Action action)&#xD;

</StackTrace>
        </ErrorInfo>
      </Output>
    </UnitTestResult>
    <UnitTestResult executionId="cad1e4f4-de2d-4801-9e58-5b6e78b40538" testId="313f1450-0286-0926-7515-7079060e98c0" testName="ReplaceLines_ReproducesToolNamesIndentationBug_ShouldNotCreateDuplicatesOrBadIndentation" computerName="PPITM80-M0317" duration="00:00:00.0064910" startTime="2025-09-08T07:17:57.8106540-05:00" endTime="2025-09-08T07:17:57.8171445-05:00" testType="13cdc9d9-ddb5-4fa4-a97d-d965ccfc6d4b" outcome="Passed" testListId="8c84fa94-04c1-424b-9868-57a2d4851a1d" relativeResultsDirectory="cad1e4f4-de2d-4801-9e58-5b6e78b40538">
      <Output>
        <StdOut>=== ACTUAL MODIFIED CONTENT ===&#xD;
namespace Test;&#xD;
&#xD;
public static class ToolNames&#xD;
{&#xD;
    // Core operations  &#xD;
    public const string TextSearch = "text_search";&#xD;
    public const string FileSearch = "file_search";&#xD;
    &#xD;
    // Navigation tools&#xD;
    public const string SymbolSearch = "symbol_search";&#xD;
    public const string GoToDefinition = "goto_definition";&#xD;
    &#xD;
    // Editing tools&#xD;
    public const string InsertAtLine = "insert_at_line";&#xD;
    public const string ReplaceLines = "replace_lines";&#xD;
    public const string DeleteLines = "delete_lines";&#xD;
    &#xD;
    // Advanced semantic tools&#xD;
    public const string GetSymbolsOverview = "get_symbols_overview";&#xD;
}&#xD;
&#xD;
=== END CONTENT ===&#xD;
&#xD;
Original file lines: 17&#xD;
Modified file lines: 21&#xD;
DeleteLines count: 1&#xD;
Constant lines: 8&#xD;
Expected indentation: '    '</StdOut>
      </Output>
    </UnitTestResult>
    <UnitTestResult executionId="049dca3d-82c7-4a32-a4be-3a79f21d73cd" testId="0f757c72-1179-de8d-a9b4-a8095c376440" testName="ExecuteAsync_Should_Handle_Unexpected_Exceptions" computerName="PPITM80-M0317" duration="00:00:00.0023120" startTime="2025-09-08T07:17:57.8511621-05:00" endTime="2025-09-08T07:17:57.8534737-05:00" testType="13cdc9d9-ddb5-4fa4-a97d-d965ccfc6d4b" outcome="Passed" testListId="8c84fa94-04c1-424b-9868-57a2d4851a1d" relativeResultsDirectory="049dca3d-82c7-4a32-a4be-3a79f21d73cd" />
    <UnitTestResult executionId="4f3d85ce-9671-4a71-b1e2-b5c98941663f" testId="a60937a1-c011-bdcb-934e-62440d204a5a" testName="DiffValidator_UnicodeNormalization_ShouldPreserveOriginalForm" computerName="PPITM80-M0317" duration="00:00:00.0033530" startTime="2025-09-08T07:17:56.1942762-05:00" endTime="2025-09-08T07:17:56.1976291-05:00" testType="13cdc9d9-ddb5-4fa4-a97d-d965ccfc6d4b" outcome="Passed" testListId="8c84fa94-04c1-424b-9868-57a2d4851a1d" relativeResultsDirectory="4f3d85ce-9671-4a71-b1e2-b5c98941663f">
      <Output>
        <StdOut>Original bytes: 27&#xD;
Modified bytes: 29&#xD;
Original: const café1 = 'NFC form';&#xD;
&#xD;
Modified: const café22 = 'NFD form';</StdOut>
      </Output>
    </UnitTestResult>
    <UnitTestResult executionId="77cc1573-1f8a-4c13-b104-9ecf266dea20" testId="72170669-1a4b-b64d-93c5-3d45ab3b701a" testName="NullableList_SafeOperations_NoWarnings" computerName="PPITM80-M0317" duration="00:00:00.0004590" startTime="2025-09-08T07:17:57.2028476-05:00" endTime="2025-09-08T07:17:57.2033064-05:00" testType="13cdc9d9-ddb5-4fa4-a97d-d965ccfc6d4b" outcome="Passed" testListId="8c84fa94-04c1-424b-9868-57a2d4851a1d" relativeResultsDirectory="77cc1573-1f8a-4c13-b104-9ecf266dea20" />
    <UnitTestResult executionId="07fa1c1d-cd32-45b5-b4d0-92832320ab28" testId="61e4a80c-0dab-fe3f-1d1f-21e3d7caa899" testName="ExecuteAsync_Should_Return_Error_When_Workspace_Not_Indexed" computerName="PPITM80-M0317" duration="00:00:00.0083520" startTime="2025-09-08T07:17:58.3733402-05:00" endTime="2025-09-08T07:17:58.3816907-05:00" testType="13cdc9d9-ddb5-4fa4-a97d-d965ccfc6d4b" outcome="Passed" testListId="8c84fa94-04c1-424b-9868-57a2d4851a1d" relativeResultsDirectory="07fa1c1d-cd32-45b5-b4d0-92832320ab28" />
    <UnitTestResult executionId="90ecb55c-4425-4386-9ea7-2df08105e182" testId="a48bd2c4-ea8f-7724-f717-7c2e5483260c" testName="CalculateConfidence_WithExactFileNameMatch_ShouldHaveBonus" computerName="PPITM80-M0317" duration="00:00:00.0069990" startTime="2025-09-08T07:17:56.4587873-05:00" endTime="2025-09-08T07:17:56.4657856-05:00" testType="13cdc9d9-ddb5-4fa4-a97d-d965ccfc6d4b" outcome="Passed" testListId="8c84fa94-04c1-424b-9868-57a2d4851a1d" relativeResultsDirectory="90ecb55c-4425-4386-9ea7-2df08105e182" />
    <UnitTestResult executionId="5574d819-03ae-44df-b7d2-ee6a5c08bf91" testId="a809a78b-26be-b9bf-8d07-fb39672da280" testName="ExecuteAsync_Should_Not_Detect_Acceptable_Numbers" computerName="PPITM80-M0317" duration="00:00:00.0110430" startTime="2025-09-08T07:17:57.5770150-05:00" endTime="2025-09-08T07:17:57.5880570-05:00" testType="13cdc9d9-ddb5-4fa4-a97d-d965ccfc6d4b" outcome="Passed" testListId="8c84fa94-04c1-424b-9868-57a2d4851a1d" relativeResultsDirectory="5574d819-03ae-44df-b7d2-ee6a5c08bf91">
      <Output>
        <StdOut>DEBUG: Type extraction success: True</StdOut>
      </Output>
    </UnitTestResult>
    <UnitTestResult executionId="2ac3c16d-d8ee-4d70-94a8-c6c1bcd0f4f4" testId="31769117-32da-d390-1e8a-ff55d181993d" testName="ExecuteAsync_NoSimilarFilesFound_ReturnsEmptyResult" computerName="PPITM80-M0317" duration="00:00:00.0078970" startTime="2025-09-08T07:17:58.2416093-05:00" endTime="2025-09-08T07:17:58.2495059-05:00" testType="13cdc9d9-ddb5-4fa4-a97d-d965ccfc6d4b" outcome="Passed" testListId="8c84fa94-04c1-424b-9868-57a2d4851a1d" relativeResultsDirectory="2ac3c16d-d8ee-4d70-94a8-c6c1bcd0f4f4" />
    <UnitTestResult executionId="d13b2859-e057-4cf8-9345-d6e87495d652" testId="fab978dc-046d-4e0c-321a-b4162e9d195e" testName="ExecuteAsync_Should_Return_Error_When_File_Does_Not_Exist" computerName="PPITM80-M0317" duration="00:00:00.0026880" startTime="2025-09-08T07:17:57.6006834-05:00" endTime="2025-09-08T07:17:57.6033715-05:00" testType="13cdc9d9-ddb5-4fa4-a97d-d965ccfc6d4b" outcome="Passed" testListId="8c84fa94-04c1-424b-9868-57a2d4851a1d" relativeResultsDirectory="d13b2859-e057-4cf8-9345-d6e87495d652" />
    <UnitTestResult executionId="311fde19-f2a8-4a3c-a516-a1e9212548cc" testId="dc053fd2-ff23-067f-a296-e7998a2cbbbf" testName="ApplyIndentation_ConsistentBehavior_PreservesLogic" computerName="PPITM80-M0317" duration="00:00:00.0024960" startTime="2025-09-08T07:17:56.9067968-05:00" endTime="2025-09-08T07:17:56.9092926-05:00" testType="13cdc9d9-ddb5-4fa4-a97d-d965ccfc6d4b" outcome="Passed" testListId="8c84fa94-04c1-424b-9868-57a2d4851a1d" relativeResultsDirectory="311fde19-f2a8-4a3c-a516-a1e9212548cc" />
    <UnitTestResult executionId="d688ee54-8024-44f0-9fa1-b0a95bc72002" testId="2c6048a3-0e46-c805-9760-cb341a85318a" testName="TestPathProcessing" computerName="PPITM80-M0317" duration="00:00:00.0014420" startTime="2025-09-08T07:17:57.3831031-05:00" endTime="2025-09-08T07:17:57.3845453-05:00" testType="13cdc9d9-ddb5-4fa4-a97d-d965ccfc6d4b" outcome="Passed" testListId="8c84fa94-04c1-424b-9868-57a2d4851a1d" relativeResultsDirectory="d688ee54-8024-44f0-9fa1-b0a95bc72002">
      <Output>
        <StdOut>Original: /workspace/src/components/App.tsx&#xD;
Normalized: workspace/src/components/App.tsx&#xD;
Segments: workspace, src, components, App.tsx&#xD;
Segment count: 4&#xD;
  i=0: segment=workspace, currentPath=workspace, fullPath=/workspace&#xD;
  i=1: segment=src, currentPath=workspace/src, fullPath=/workspace/src&#xD;
  i=2: segment=components, currentPath=workspace/src/components, fullPath=/workspace/src/components&#xD;
Directories found: workspace@/workspace, src@/workspace/src, components@/workspace/src/components</StdOut>
      </Output>
    </UnitTestResult>
    <UnitTestResult executionId="fd67ce9b-170b-4757-acfd-2e1e32ed45ca" testId="8dfad606-9d2a-4a27-fd8d-4d2ee6f173aa" testName="Category_ShouldBeQuery" computerName="PPITM80-M0317" duration="00:00:00.0073620" startTime="2025-09-08T07:17:58.1530692-05:00" endTime="2025-09-08T07:17:58.1604311-05:00" testType="13cdc9d9-ddb5-4fa4-a97d-d965ccfc6d4b" outcome="Passed" testListId="8c84fa94-04c1-424b-9868-57a2d4851a1d" relativeResultsDirectory="fd67ce9b-170b-4757-acfd-2e1e32ed45ca" />
    <UnitTestResult executionId="c13e2996-89ee-4a7d-b344-0951470695ef" testId="f08f1d24-ac21-aabb-874f-af933b9dc232" testName="ExecuteAsync_Should_Parse_TimeFrame_Correctly(&quot;1w&quot;,7)" computerName="PPITM80-M0317" duration="00:00:00.0020590" startTime="2025-09-08T07:17:58.0219278-05:00" endTime="2025-09-08T07:17:58.0239869-05:00" testType="13cdc9d9-ddb5-4fa4-a97d-d965ccfc6d4b" outcome="Passed" testListId="8c84fa94-04c1-424b-9868-57a2d4851a1d" relativeResultsDirectory="c13e2996-89ee-4a7d-b344-0951470695ef" />
    <UnitTestResult executionId="8cbc9ae2-9d69-4523-9341-59cb1f925814" testId="a870daab-bd6c-368a-ec73-9dcd3316463b" testName="ExecuteAsync_Should_Include_Statistics_In_Response" computerName="PPITM80-M0317" duration="00:00:00.0036810" startTime="2025-09-08T07:17:57.8534864-05:00" endTime="2025-09-08T07:17:57.8571669-05:00" testType="13cdc9d9-ddb5-4fa4-a97d-d965ccfc6d4b" outcome="Passed" testListId="8c84fa94-04c1-424b-9868-57a2d4851a1d" relativeResultsDirectory="8cbc9ae2-9d69-4523-9341-59cb1f925814" />
    <UnitTestResult executionId="e46db36e-09a3-4e81-b15b-ebdb37301587" testId="9b0c71cb-b156-596b-3243-55ebe09ed2b6" testName="ExecuteAsync_InvalidJson_ReturnsError" computerName="PPITM80-M0317" duration="00:00:00.0045590" startTime="2025-09-08T07:17:57.2411397-05:00" endTime="2025-09-08T07:17:57.2456987-05:00" testType="13cdc9d9-ddb5-4fa4-a97d-d965ccfc6d4b" outcome="Passed" testListId="8c84fa94-04c1-424b-9868-57a2d4851a1d" relativeResultsDirectory="e46db36e-09a3-4e81-b15b-ebdb37301587" />
    <UnitTestResult executionId="6a7b240f-c5c5-4b12-8fcc-18d79d2538b3" testId="bfd3c89a-6e46-0090-981a-0c23d83c682f" testName="ExecuteAsync_Should_Return_Error_When_FilePath_Is_Missing" computerName="PPITM80-M0317" duration="00:00:00.0024130" startTime="2025-09-08T07:17:57.6033862-05:00" endTime="2025-09-08T07:17:57.6057986-05:00" testType="13cdc9d9-ddb5-4fa4-a97d-d965ccfc6d4b" outcome="Passed" testListId="8c84fa94-04c1-424b-9868-57a2d4851a1d" relativeResultsDirectory="6a7b240f-c5c5-4b12-8fcc-18d79d2538b3" />
    <UnitTestResult executionId="ca820f56-751e-4574-92ac-e9f9566bfcbb" testId="9913925c-6c4b-8343-5be6-f836a949a47a" testName="ExecuteAsync_Should_Return_Error_When_Directory_Not_Found" computerName="PPITM80-M0317" duration="00:00:00.0024350" startTime="2025-09-08T07:17:57.8635516-05:00" endTime="2025-09-08T07:17:57.8659862-05:00" testType="13cdc9d9-ddb5-4fa4-a97d-d965ccfc6d4b" outcome="Passed" testListId="8c84fa94-04c1-424b-9868-57a2d4851a1d" relativeResultsDirectory="ca820f56-751e-4574-92ac-e9f9566bfcbb" />
    <UnitTestResult executionId="a11c200d-0d79-4df5-a8cd-5fe4ae6ff0b0" testId="f20cf19a-e862-061b-cf70-432700f8b23d" testName="EnhanceWithSnippetsAsync_Should_Handle_Invalid_Wildcard_Patterns(&quot;***&quot;)" computerName="PPITM80-M0317" duration="00:00:00.0005460" startTime="2025-09-08T07:17:57.1606447-05:00" endTime="2025-09-08T07:17:57.1611909-05:00" testType="13cdc9d9-ddb5-4fa4-a97d-d965ccfc6d4b" outcome="Passed" testListId="8c84fa94-04c1-424b-9868-57a2d4851a1d" relativeResultsDirectory="a11c200d-0d79-4df5-a8cd-5fe4ae6ff0b0" />
    <UnitTestResult executionId="3c6c7306-3ea7-46d1-8420-9798f8ad3dbf" testId="6fbc4280-c107-0f5f-1e78-82fa85ec326d" testName="ExecuteAsync_WithFullContext_IncludesSnippet" computerName="PPITM80-M0317" duration="00:00:00.0028760" startTime="2025-09-08T07:17:57.8076324-05:00" endTime="2025-09-08T07:17:57.8105081-05:00" testType="13cdc9d9-ddb5-4fa4-a97d-d965ccfc6d4b" outcome="Passed" testListId="8c84fa94-04c1-424b-9868-57a2d4851a1d" relativeResultsDirectory="3c6c7306-3ea7-46d1-8420-9798f8ad3dbf" />
    <UnitTestResult executionId="1ee86c29-8c91-4406-acc7-869fbbab8223" testId="101fcbac-e23e-6f19-a8b9-dced6321cc05" testName="ExecuteAsync_WithoutIndentationPreservation_NoIndentation" computerName="PPITM80-M0317" duration="00:00:00.0054830" startTime="2025-09-08T07:17:58.1474053-05:00" endTime="2025-09-08T07:17:58.1528881-05:00" testType="13cdc9d9-ddb5-4fa4-a97d-d965ccfc6d4b" outcome="Passed" testListId="8c84fa94-04c1-424b-9868-57a2d4851a1d" relativeResultsDirectory="1ee86c29-8c91-4406-acc7-869fbbab8223" />
    <UnitTestResult executionId="42238dc2-ffd0-4c5d-9939-347e4a7bc104" testId="ff27a340-2752-6234-dd37-911015eaa47b" testName="ExecuteAsync_Should_Find_Files_Matching_Regex_Pattern" computerName="PPITM80-M0317" duration="00:00:00.0312830" startTime="2025-09-08T07:17:57.4253829-05:00" endTime="2025-09-08T07:17:57.4566650-05:00" testType="13cdc9d9-ddb5-4fa4-a97d-d965ccfc6d4b" outcome="Failed" testListId="8c84fa94-04c1-424b-9868-57a2d4851a1d" relativeResultsDirectory="42238dc2-ffd0-4c5d-9939-347e4a7bc104">
      <Output>
        <ErrorInfo>
          <Message>Expected result.Result.Data.Count to be 2, but found 0 (difference of -2).</Message>
          <StackTrace>   at FluentAssertions.Execution.LateBoundTestFramework.Throw(String message)&#xD;
   at FluentAssertions.Execution.TestFrameworkProvider.Throw(String message)&#xD;
   at FluentAssertions.Execution.DefaultAssertionStrategy.HandleFailure(String message)&#xD;
   at FluentAssertions.Execution.AssertionScope.FailWith(Func`1 failReasonFunc)&#xD;
   at FluentAssertions.Execution.AssertionScope.FailWith(Func`1 failReasonFunc)&#xD;
   at FluentAssertions.Execution.AssertionScope.FailWith(String message, Object[] args)&#xD;
   at FluentAssertions.Numeric.NumericAssertions`2.Be(T expected, String because, Object[] becauseArgs)&#xD;
   at COA.CodeSearch.McpServer.Tests.Tools.FileSearchToolTests.ExecuteAsync_Should_Find_Files_Matching_Regex_Pattern() in C:\source\COA CodeSearch MCP\COA.CodeSearch.McpServer.Tests\Tools\FileSearchToolTests.cs:line 168&#xD;
   at NUnit.Framework.Internal.TaskAwaitAdapter.GenericAdapter`1.GetResult()&#xD;
   at NUnit.Framework.Internal.AsyncToSyncAdapter.Await[TResult](TestExecutionContext context, Func`1 invoke)&#xD;
   at NUnit.Framework.Internal.AsyncToSyncAdapter.Await(TestExecutionContext context, Func`1 invoke)&#xD;
   at NUnit.Framework.Internal.Commands.TestMethodCommand.RunTestMethod(TestExecutionContext context)&#xD;
   at NUnit.Framework.Internal.Commands.TestMethodCommand.Execute(TestExecutionContext context)&#xD;
   at NUnit.Framework.Internal.Commands.BeforeAndAfterTestCommand.&lt;&gt;c__DisplayClass1_0.&lt;Execute&gt;b__0()&#xD;
   at NUnit.Framework.Internal.Commands.DelegatingTestCommand.RunTestMethodInThreadAbortSafeZone(TestExecutionContext context, Action action)&#xD;

</StackTrace>
        </ErrorInfo>
      </Output>
    </UnitTestResult>
    <UnitTestResult executionId="56ea5cfa-7673-43e4-949b-b87fe1d9ab85" testId="71d0ea7b-0946-271c-ac1a-5651081c8972" testName="Concurrency_RapidSuccessiveOperations_MaintainsConsistency" computerName="PPITM80-M0317" duration="00:00:00.1818640" startTime="2025-09-08T07:17:55.6751029-05:00" endTime="2025-09-08T07:17:55.8569669-05:00" testType="13cdc9d9-ddb5-4fa4-a97d-d965ccfc6d4b" outcome="Passed" testListId="8c84fa94-04c1-424b-9868-57a2d4851a1d" relativeResultsDirectory="56ea5cfa-7673-43e4-949b-b87fe1d9ab85">
      <Output>
        <StdOut>Rapid operations: 10/10 succeeded&#xD;
Final file has 14 lines&#xD;
Found 10 rapid insert markers</StdOut>
      </Output>
    </UnitTestResult>
    <UnitTestResult executionId="39589fef-2bd5-42f8-9f3d-ca627922cb18" testId="3d3e396c-0afe-9f78-4e51-2d818dd14e00" testName="ExecuteAsync_StartLineBeyondFile_ReturnsError" computerName="PPITM80-M0317" duration="00:00:00.0049670" startTime="2025-09-08T07:17:58.1342382-05:00" endTime="2025-09-08T07:17:58.1392038-05:00" testType="13cdc9d9-ddb5-4fa4-a97d-d965ccfc6d4b" outcome="Passed" testListId="8c84fa94-04c1-424b-9868-57a2d4851a1d" relativeResultsDirectory="39589fef-2bd5-42f8-9f3d-ca627922cb18" />
    <UnitTestResult executionId="fbd0c732-10c2-4bbb-8c45-c3d947b46944" testId="c3a7d5fa-2563-6d97-7b66-aea528fd14da" testName="CalculateConfidence_WithEmptyMatchedLine_ShouldReturnZero" computerName="PPITM80-M0317" duration="00:00:00.0013190" startTime="2025-09-08T07:17:56.4510903-05:00" endTime="2025-09-08T07:17:56.4524091-05:00" testType="13cdc9d9-ddb5-4fa4-a97d-d965ccfc6d4b" outcome="Passed" testListId="8c84fa94-04c1-424b-9868-57a2d4851a1d" relativeResultsDirectory="fbd0c732-10c2-4bbb-8c45-c3d947b46944" />
    <UnitTestResult executionId="ecd42247-5ab0-4019-ad2a-2102131b64de" testId="44cffc5d-7a1b-a768-fd8e-e08e0f0d296a" testName="ExecuteAsync_WithUTF8BOM_PreservesEncoding" computerName="PPITM80-M0317" duration="00:00:00.0056010" startTime="2025-09-08T07:17:57.3045263-05:00" endTime="2025-09-08T07:17:57.3101271-05:00" testType="13cdc9d9-ddb5-4fa4-a97d-d965ccfc6d4b" outcome="Passed" testListId="8c84fa94-04c1-424b-9868-57a2d4851a1d" relativeResultsDirectory="ecd42247-5ab0-4019-ad2a-2102131b64de" />
    <UnitTestResult executionId="ce621696-a8da-444a-bfd1-c349bbca385d" testId="0e44b9f9-b451-2c31-955c-2ed8c3e63498" testName="ExecuteAsync_Should_Handle_Search_Errors_Gracefully" computerName="PPITM80-M0317" duration="00:00:00.0041580" startTime="2025-09-08T07:17:57.4624179-05:00" endTime="2025-09-08T07:17:57.4665757-05:00" testType="13cdc9d9-ddb5-4fa4-a97d-d965ccfc6d4b" outcome="Passed" testListId="8c84fa94-04c1-424b-9868-57a2d4851a1d" relativeResultsDirectory="ce621696-a8da-444a-bfd1-c349bbca385d" />
    <UnitTestResult executionId="4c787fc5-c818-4394-93f4-1f8d553f434b" testId="824e5e41-c053-1da1-4b96-4d4f01dca91e" testName="ExecuteAsync_SymbolNotFound_ReturnsNoResults" computerName="PPITM80-M0317" duration="00:00:00.0034700" startTime="2025-09-08T07:17:57.8004745-05:00" endTime="2025-09-08T07:17:57.8039446-05:00" testType="13cdc9d9-ddb5-4fa4-a97d-d965ccfc6d4b" outcome="Passed" testListId="8c84fa94-04c1-424b-9868-57a2d4851a1d" relativeResultsDirectory="4c787fc5-c818-4394-93f4-1f8d553f434b" />
    <UnitTestResult executionId="b36d6ced-18bc-4f49-a202-38c5ca31c2af" testId="fce89d34-df26-a45d-7d95-ac060018a5ba" testName="EnhanceWithSnippetsAsync_Should_Handle_FieldPrefixedWildcardQueries_WithoutException(&quot;path:*/tests/*&quot;)" computerName="PPITM80-M0317" duration="00:00:00.0005930" startTime="2025-09-08T07:17:57.1533434-05:00" endTime="2025-09-08T07:17:57.1539364-05:00" testType="13cdc9d9-ddb5-4fa4-a97d-d965ccfc6d4b" outcome="Passed" testListId="8c84fa94-04c1-424b-9868-57a2d4851a1d" relativeResultsDirectory="b36d6ced-18bc-4f49-a202-38c5ca31c2af" />
    <UnitTestResult executionId="4522c149-c628-44d4-9da7-64a6330c9364" testId="788e6d6b-e6ab-66cd-f33e-99e77d27f96c" testName="ExecuteAsync_WithPattern_ShouldFilterDirectories" computerName="PPITM80-M0317" duration="00:00:00.0028290" startTime="2025-09-08T07:17:57.3761712-05:00" endTime="2025-09-08T07:17:57.3789997-05:00" testType="13cdc9d9-ddb5-4fa4-a97d-d965ccfc6d4b" outcome="Passed" testListId="8c84fa94-04c1-424b-9868-57a2d4851a1d" relativeResultsDirectory="4522c149-c628-44d4-9da7-64a6330c9364" />
    <UnitTestResult executionId="5465e0e6-b43c-4ad5-85e4-0e7b0a73d98e" testId="13fa4ef9-9f72-2cfa-829c-4b3953a5712d" testName="EdgeCase_VeryLongLines_HandlesEfficiently" computerName="PPITM80-M0317" duration="00:00:00.0136150" startTime="2025-09-08T07:17:55.8918875-05:00" endTime="2025-09-08T07:17:55.9055019-05:00" testType="13cdc9d9-ddb5-4fa4-a97d-d965ccfc6d4b" outcome="Passed" testListId="8c84fa94-04c1-424b-9868-57a2d4851a1d" relativeResultsDirectory="5465e0e6-b43c-4ad5-85e4-0e7b0a73d98e">
      <Output>
        <StdOut>Successfully handled very long lines in 3.94ms&#xD;
Max original line length: 10037 characters</StdOut>
      </Output>
    </UnitTestResult>
    <UnitTestResult executionId="dde3e62e-77e8-4b10-b885-88869f43f865" testId="113f7348-1f99-f3af-5ae5-2b47fcfeabb6" testName="ExecuteAsync_Should_Populate_ModifiedAgo_TimeSpan" computerName="PPITM80-M0317" duration="00:00:00.0033290" startTime="2025-09-08T07:17:58.0260460-05:00" endTime="2025-09-08T07:17:58.0293750-05:00" testType="13cdc9d9-ddb5-4fa4-a97d-d965ccfc6d4b" outcome="Passed" testListId="8c84fa94-04c1-424b-9868-57a2d4851a1d" relativeResultsDirectory="dde3e62e-77e8-4b10-b885-88869f43f865" />
    <UnitTestResult executionId="88fdd95d-1b1c-4f0b-a0ed-c295089d8655" testId="012b4478-39b3-ade7-7c74-e2b0e7d2442e" testName="EdgeCase_EmptyLines_HandlesConsistently" computerName="PPITM80-M0317" duration="00:00:00.0113180" startTime="2025-09-08T07:17:55.8569957-05:00" endTime="2025-09-08T07:17:55.8683133-05:00" testType="13cdc9d9-ddb5-4fa4-a97d-d965ccfc6d4b" outcome="Passed" testListId="8c84fa94-04c1-424b-9868-57a2d4851a1d" relativeResultsDirectory="88fdd95d-1b1c-4f0b-a0ed-c295089d8655">
      <Output>
        <StdOut>Successfully handled various empty line patterns</StdOut>
      </Output>
    </UnitTestResult>
    <UnitTestResult executionId="026f5498-6def-4fd0-b193-36dec0f92d3c" testId="37e8be23-ac0e-3b93-d012-15085cad5135" testName="CalculateConfidence_WithPartialWordMatch_ShouldNotGetExactBonus" computerName="PPITM80-M0317" duration="00:00:00.0330570" startTime="2025-09-08T07:17:56.6440571-05:00" endTime="2025-09-08T07:17:56.6771139-05:00" testType="13cdc9d9-ddb5-4fa4-a97d-d965ccfc6d4b" outcome="Passed" testListId="8c84fa94-04c1-424b-9868-57a2d4851a1d" relativeResultsDirectory="026f5498-6def-4fd0-b193-36dec0f92d3c" />
    <UnitTestResult executionId="72e90d4f-5013-4270-bd9b-f976c99dd70b" testId="9b546aeb-4f70-6fbd-f238-892a7751c263" testName="ExecuteAsync_ReplaceSingleLine_ReplacesCorrectly" computerName="PPITM80-M0317" duration="00:00:00.0068750" startTime="2025-09-08T07:17:58.1220373-05:00" endTime="2025-09-08T07:17:58.1289120-05:00" testType="13cdc9d9-ddb5-4fa4-a97d-d965ccfc6d4b" outcome="Passed" testListId="8c84fa94-04c1-424b-9868-57a2d4851a1d" relativeResultsDirectory="72e90d4f-5013-4270-bd9b-f976c99dd70b" />
    <UnitTestResult executionId="ed063408-fa97-45e8-8858-d059a33fbfba" testId="de474172-f53b-37d4-a0d9-58e31ba08c58" testName="Tool_Should_Have_Correct_Metadata" computerName="PPITM80-M0317" duration="00:00:00.0017130" startTime="2025-09-08T07:17:57.3845562-05:00" endTime="2025-09-08T07:17:57.3862692-05:00" testType="13cdc9d9-ddb5-4fa4-a97d-d965ccfc6d4b" outcome="Passed" testListId="8c84fa94-04c1-424b-9868-57a2d4851a1d" relativeResultsDirectory="ed063408-fa97-45e8-8858-d059a33fbfba" />
    <UnitTestResult executionId="641d23ce-82c3-458e-a363-1eec9a394620" testId="b616e551-8d77-1cd3-7d6a-d578e82d0744" testName="TestFileCollection_ShouldFindFiles" computerName="PPITM80-M0317" duration="00:00:00.0125250" startTime="2025-09-08T07:17:55.4175409-05:00" endTime="2025-09-08T07:17:55.4300656-05:00" testType="13cdc9d9-ddb5-4fa4-a97d-d965ccfc6d4b" outcome="Passed" testListId="8c84fa94-04c1-424b-9868-57a2d4851a1d" relativeResultsDirectory="641d23ce-82c3-458e-a363-1eec9a394620">
      <Output>
        <StdOut>=== Test File Collection Validation ===&#xD;
Total files checked: 10&#xD;
Valid files: 10&#xD;
Missing files: 0&#xD;
Error files: 0&#xD;
&#xD;
=== Valid Files Found ===&#xD;
✅ ./COA.CodeSearch.McpServer/Models/SearchMode.cs (42 lines, 1207 bytes)&#xD;
✅ ./COA.CodeSearch.McpServer/Models/FileChangeEvent.cs (35 lines, 917 bytes)&#xD;
✅ ./COA.CodeSearch.McpServer/Models/SearchAndReplaceMode.cs (34 lines, 1160 bytes)&#xD;
✅ ./COA.CodeSearch.McpServer/appsettings.json (159 lines, 5268 bytes)&#xD;
✅ ./COA.CodeSearch.McpServer/Models/LineSearchModels.cs (213 lines, 5852 bytes)&#xD;
✅ ./COA.CodeSearch.McpServer/Models/Api/ApiModels.cs (215 lines, 5544 bytes)&#xD;
✅ ./COA.CodeSearch.McpServer/Services/AdvancedPatternMatcher.cs (255 lines, 9640 bytes)&#xD;
✅ ./COA.CodeSearch.McpServer/Models/SearchAndReplaceModels.cs (293 lines, 8551 bytes)&#xD;
✅ ./CLAUDE.md (255 lines, 8490 bytes)&#xD;
✅ ./README.md (589 lines, 20613 bytes)&#xD;
&#xD;
✅ Found 10 valid files for testing</StdOut>
      </Output>
    </UnitTestResult>
    <UnitTestResult executionId="0f92a624-0739-453a-8b81-980ce1392918" testId="01d9c56c-18d7-fdfe-f45f-91d5cc27387b" testName="Debug_Simple_String_Return_Method" computerName="PPITM80-M0317" duration="00:00:00.0110020" startTime="2025-09-08T07:17:57.1755569-05:00" endTime="2025-09-08T07:17:57.1865584-05:00" testType="13cdc9d9-ddb5-4fa4-a97d-d965ccfc6d4b" outcome="Passed" testListId="8c84fa94-04c1-424b-9868-57a2d4851a1d" relativeResultsDirectory="0f92a624-0739-453a-8b81-980ce1392918">
      <Output>
        <StdOut>Method Name: GetName&#xD;
Return Type: 'string'&#xD;
Signature: public string GetName() { return "test"; }&#xD;
Modifiers: public</StdOut>
      </Output>
    </UnitTestResult>
    <UnitTestResult executionId="a18b1999-167d-4db7-89f7-02f2c14de696" testId="6808b8dc-b448-e0b2-d22c-0c66085fdfdf" testName="ExecuteAsync_WithIndentationPreservation_PreservesIndentation" computerName="PPITM80-M0317" duration="00:00:00.0075020" startTime="2025-09-08T07:17:57.9522982-05:00" endTime="2025-09-08T07:17:57.9598003-05:00" testType="13cdc9d9-ddb5-4fa4-a97d-d965ccfc6d4b" outcome="Passed" testListId="8c84fa94-04c1-424b-9868-57a2d4851a1d" relativeResultsDirectory="a18b1999-167d-4db7-89f7-02f2c14de696" />
    <UnitTestResult executionId="3493ed0c-2428-475f-a4fa-c6d572b5b218" testId="785814fe-dcbc-30c4-7d8c-7ed2f30ead9b" testName="ExecuteAsync_EdgeCaseIndentation_HandlesTabsAndSpaces" computerName="PPITM80-M0317" duration="00:00:00.0049220" startTime="2025-09-08T07:17:57.9132388-05:00" endTime="2025-09-08T07:17:57.9181605-05:00" testType="13cdc9d9-ddb5-4fa4-a97d-d965ccfc6d4b" outcome="Passed" testListId="8c84fa94-04c1-424b-9868-57a2d4851a1d" relativeResultsDirectory="3493ed0c-2428-475f-a4fa-c6d572b5b218" />
    <UnitTestResult executionId="93564016-00f2-43af-8d24-9b81100e5e2f" testId="8c1ceda2-a3b3-d3d7-2a13-66643477dea3" testName="EnhanceWithSnippetsAsync_Should_Return_Original_Result_When_No_Hits" computerName="PPITM80-M0317" duration="00:00:00.0007770" startTime="2025-09-08T07:17:57.1746771-05:00" endTime="2025-09-08T07:17:57.1754543-05:00" testType="13cdc9d9-ddb5-4fa4-a97d-d965ccfc6d4b" outcome="Passed" testListId="8c84fa94-04c1-424b-9868-57a2d4851a1d" relativeResultsDirectory="93564016-00f2-43af-8d24-9b81100e5e2f" />
    <UnitTestResult executionId="aacf46f1-a075-4e9e-9b8c-1f2a1ba473ef" testId="3fc4b763-9eae-1855-70e7-3bae1764f8be" testName="ExecuteAsync_ContextLines_GeneratesCorrectContext" computerName="PPITM80-M0317" duration="00:00:00.0046460" startTime="2025-09-08T07:17:58.0524062-05:00" endTime="2025-09-08T07:17:58.0570525-05:00" testType="13cdc9d9-ddb5-4fa4-a97d-d965ccfc6d4b" outcome="Passed" testListId="8c84fa94-04c1-424b-9868-57a2d4851a1d" relativeResultsDirectory="aacf46f1-a075-4e9e-9b8c-1f2a1ba473ef" />
    <UnitTestResult executionId="e522b667-8277-4f73-939c-82418cd22ad7" testId="4bd1fbf2-7e29-35b7-fa5f-173a43e3f08f" testName="Concurrency_AtomicOperations_EitherSucceedOrFailCompletely" computerName="PPITM80-M0317" duration="00:00:00.0080690" startTime="2025-09-08T07:17:55.6290765-05:00" endTime="2025-09-08T07:17:55.6371450-05:00" testType="13cdc9d9-ddb5-4fa4-a97d-d965ccfc6d4b" outcome="Passed" testListId="8c84fa94-04c1-424b-9868-57a2d4851a1d" relativeResultsDirectory="e522b667-8277-4f73-939c-82418cd22ad7">
      <Output>
        <StdOut>Normal replace: Succeeded (as expected)&#xD;
Invalid replace: Failed (as expected)&#xD;
Successfully verified atomic operation behavior</StdOut>
      </Output>
    </UnitTestResult>
    <UnitTestResult executionId="e927527e-91f8-4bfa-8847-54303759dc3b" testId="96ed2a8c-630c-0612-03fb-0814a1a0e6e9" testName="ExecuteAsync_DeleteFirstLine_WorksCorrectly" computerName="PPITM80-M0317" duration="00:00:00.0085880" startTime="2025-09-08T07:17:57.2646967-05:00" endTime="2025-09-08T07:17:57.2732847-05:00" testType="13cdc9d9-ddb5-4fa4-a97d-d965ccfc6d4b" outcome="Passed" testListId="8c84fa94-04c1-424b-9868-57a2d4851a1d" relativeResultsDirectory="e927527e-91f8-4bfa-8847-54303759dc3b" />
    <UnitTestResult executionId="b5c5d8d5-5eb2-4b75-92be-8ac93d896e8e" testId="24f2e201-f85f-9eb7-f5d2-36095b3f4e2f" testName="ExecuteAsync_SingleLine_DeletesCorrectLine" computerName="PPITM80-M0317" duration="00:00:00.0040610" startTime="2025-09-08T07:17:57.2923455-05:00" endTime="2025-09-08T07:17:57.2964060-05:00" testType="13cdc9d9-ddb5-4fa4-a97d-d965ccfc6d4b" outcome="Passed" testListId="8c84fa94-04c1-424b-9868-57a2d4851a1d" relativeResultsDirectory="b5c5d8d5-5eb2-4b75-92be-8ac93d896e8e" />
    <UnitTestResult executionId="e5ce5d31-6f06-434a-ac80-f181ee150f0e" testId="189c1d6c-4269-4e9b-b46e-e156ef5f2dc2" testName="CalculateConfidence_WithUnrelatedFileName_ShouldNotHaveBonus" computerName="PPITM80-M0317" duration="00:00:00.0077600" startTime="2025-09-08T07:17:56.8032489-05:00" endTime="2025-09-08T07:17:56.8110087-05:00" testType="13cdc9d9-ddb5-4fa4-a97d-d965ccfc6d4b" outcome="Passed" testListId="8c84fa94-04c1-424b-9868-57a2d4851a1d" relativeResultsDirectory="e5ce5d31-6f06-434a-ac80-f181ee150f0e" />
    <UnitTestResult executionId="a78a33f6-7301-4fb3-8a34-dce330517a1f" testId="04010612-46ee-f759-cdaf-6223770a153c" testName="ExecuteAsync_WithIndentationPreservation_PreservesIndentation" computerName="PPITM80-M0317" duration="00:00:00.0081099" startTime="2025-09-08T07:17:58.1392553-05:00" endTime="2025-09-08T07:17:58.1473647-05:00" testType="13cdc9d9-ddb5-4fa4-a97d-d965ccfc6d4b" outcome="Passed" testListId="8c84fa94-04c1-424b-9868-57a2d4851a1d" relativeResultsDirectory="a78a33f6-7301-4fb3-8a34-dce330517a1f" />
    <UnitTestResult executionId="a3b888ea-59a7-48e2-93e6-a42b6e831da3" testId="e7439c92-81ae-b32d-400b-a027ab4c6efe" testName="ExecuteAsync_Should_Exclude_Methods_When_Not_Requested" computerName="PPITM80-M0317" duration="00:00:00.0044360" startTime="2025-09-08T07:17:57.7209262-05:00" endTime="2025-09-08T07:17:57.7253618-05:00" testType="13cdc9d9-ddb5-4fa4-a97d-d965ccfc6d4b" outcome="Passed" testListId="8c84fa94-04c1-424b-9868-57a2d4851a1d" relativeResultsDirectory="a3b888ea-59a7-48e2-93e6-a42b6e831da3" />
    <UnitTestResult executionId="0ec8ac08-f6bc-4469-84c1-4eb2163b16f7" testId="33f0c61d-3d45-8a2b-4853-f23039402d4e" testName="GetFullPath_Should_Return_Absolute_Path" computerName="PPITM80-M0317" duration="00:00:00.0004560" startTime="2025-09-08T07:17:56.9698713-05:00" endTime="2025-09-08T07:17:56.9703277-05:00" testType="13cdc9d9-ddb5-4fa4-a97d-d965ccfc6d4b" outcome="Passed" testListId="8c84fa94-04c1-424b-9868-57a2d4851a1d" relativeResultsDirectory="0ec8ac08-f6bc-4469-84c1-4eb2163b16f7" />
    <UnitTestResult executionId="dcdb8b36-e30d-4914-903b-d5113e5aceec" testId="3218e2d1-fd33-a329-dc48-180ea7d0cd0e" testName="ExecuteAsync_WithRegexPattern_ShouldMatchCorrectly" computerName="PPITM80-M0317" duration="00:00:00.0026419" startTime="2025-09-08T07:17:57.3790108-05:00" endTime="2025-09-08T07:17:57.3816526-05:00" testType="13cdc9d9-ddb5-4fa4-a97d-d965ccfc6d4b" outcome="Passed" testListId="8c84fa94-04c1-424b-9868-57a2d4851a1d" relativeResultsDirectory="dcdb8b36-e30d-4914-903b-d5113e5aceec" />
    <UnitTestResult executionId="86726727-7319-4546-acc7-802646321cf5" testId="60c054ec-394d-af66-9fc6-4b079662a259" testName="EnhanceWithSnippetsAsync_Should_Return_Original_Result_When_ForVisualization_False" computerName="PPITM80-M0317" duration="00:00:00.0008480" startTime="2025-09-08T07:17:57.1738144-05:00" endTime="2025-09-08T07:17:57.1746621-05:00" testType="13cdc9d9-ddb5-4fa4-a97d-d965ccfc6d4b" outcome="Passed" testListId="8c84fa94-04c1-424b-9868-57a2d4851a1d" relativeResultsDirectory="86726727-7319-4546-acc7-802646321cf5" />
    <UnitTestResult executionId="1e473177-f2d0-4761-a5c2-1a7d14841b06" testId="8f660288-0753-7e10-75a7-dc3552b13a03" testName="ExecuteAsync_Should_Validate_MaxResults_Range" computerName="PPITM80-M0317" duration="00:00:00.0032700" startTime="2025-09-08T07:17:58.0445856-05:00" endTime="2025-09-08T07:17:58.0478555-05:00" testType="13cdc9d9-ddb5-4fa4-a97d-d965ccfc6d4b" outcome="Passed" testListId="8c84fa94-04c1-424b-9868-57a2d4851a1d" relativeResultsDirectory="1e473177-f2d0-4761-a5c2-1a7d14841b06" />
    <UnitTestResult executionId="24467463-0103-4ed1-99a8-11df25e9742d" testId="a1ff12d7-a827-39d6-04e6-2bfdba90bc71" testName="ExecuteAsync_LineRange_DeletesCorrectRange" computerName="PPITM80-M0317" duration="00:00:00.0056390" startTime="2025-09-08T07:17:57.2839828-05:00" endTime="2025-09-08T07:17:57.2896217-05:00" testType="13cdc9d9-ddb5-4fa4-a97d-d965ccfc6d4b" outcome="Passed" testListId="8c84fa94-04c1-424b-9868-57a2d4851a1d" relativeResultsDirectory="24467463-0103-4ed1-99a8-11df25e9742d" />
    <UnitTestResult executionId="63e387bd-290a-49de-8ac3-494f1844e6d3" testId="d78b518d-d2f6-8423-c397-e55b87f3ea1e" testName="Should_Extract_Method_Modifiers" computerName="PPITM80-M0317" duration="00:00:00.0006530" startTime="2025-09-08T07:17:57.1893841-05:00" endTime="2025-09-08T07:17:57.1900369-05:00" testType="13cdc9d9-ddb5-4fa4-a97d-d965ccfc6d4b" outcome="Passed" testListId="8c84fa94-04c1-424b-9868-57a2d4851a1d" relativeResultsDirectory="63e387bd-290a-49de-8ac3-494f1844e6d3" />
    <UnitTestResult executionId="c5bb6983-818f-4a22-ba46-f739df9c01da" testId="e4191209-378a-997a-f02e-aea14b87f30b" testName="ExecuteAsync_NonExistentFile_ReturnsError" computerName="PPITM80-M0317" duration="00:00:00.0061570" startTime="2025-09-08T07:17:58.0734596-05:00" endTime="2025-09-08T07:17:58.0796162-05:00" testType="13cdc9d9-ddb5-4fa4-a97d-d965ccfc6d4b" outcome="Passed" testListId="8c84fa94-04c1-424b-9868-57a2d4851a1d" relativeResultsDirectory="c5bb6983-818f-4a22-ba46-f739df9c01da" />
    <UnitTestResult executionId="33fe7343-53c0-4de3-98bd-b9ef03f8291f" testId="8f14774a-cd75-6f8c-84d0-7bdcc9968328" testName="ExecuteAsync_Should_Store_Workspace_Metadata_After_Successful_Indexing" computerName="PPITM80-M0317" duration="00:00:00.0025959" startTime="2025-09-08T07:17:57.8786446-05:00" endTime="2025-09-08T07:17:57.8812401-05:00" testType="13cdc9d9-ddb5-4fa4-a97d-d965ccfc6d4b" outcome="Passed" testListId="8c84fa94-04c1-424b-9868-57a2d4851a1d" relativeResultsDirectory="33fe7343-53c0-4de3-98bd-b9ef03f8291f" />
    <UnitTestResult executionId="5c928e61-a23f-47ed-a297-92d61afe1645" testId="366b5e3b-b844-6c31-0173-287d410b7439" testName="ExecuteAsync_Should_Validate_Required_Parameters" computerName="PPITM80-M0317" duration="00:00:00.0026200" startTime="2025-09-08T07:17:58.0479746-05:00" endTime="2025-09-08T07:17:58.0505951-05:00" testType="13cdc9d9-ddb5-4fa4-a97d-d965ccfc6d4b" outcome="Passed" testListId="8c84fa94-04c1-424b-9868-57a2d4851a1d" relativeResultsDirectory="5c928e61-a23f-47ed-a297-92d61afe1645" />
    <UnitTestResult executionId="7915c551-f927-4aed-926c-0f73cf43f4c4" testId="cb350a8e-4533-be92-fa42-b5e366dad1f0" testName="BinaryFile_ExecutableFile_CurrentBehaviorDocumentation" computerName="PPITM80-M0317" duration="00:00:00.0058890" startTime="2025-09-08T07:17:55.6146292-05:00" endTime="2025-09-08T07:17:55.6205181-05:00" testType="13cdc9d9-ddb5-4fa4-a97d-d965ccfc6d4b" outcome="Passed" testListId="8c84fa94-04c1-424b-9868-57a2d4851a1d" relativeResultsDirectory="7915c551-f927-4aed-926c-0f73cf43f4c4">
      <Output>
        <StdOut>Executable file processing result: Success=True&#xD;
Tool processed executable file as text - potential enhancement opportunity&#xD;
NOTE: Consider implementing binary file detection for enhanced safety</StdOut>
      </Output>
    </UnitTestResult>
    <UnitTestResult executionId="519baa44-040c-4590-894f-8f05ffb720ad" testId="2c558657-5185-db7a-ef86-89fb7d7353ae" testName="CalculateConfidence_WithNullSymbolType_ShouldStillWork" computerName="PPITM80-M0317" duration="00:00:00.0068160" startTime="2025-09-08T07:17:56.5947620-05:00" endTime="2025-09-08T07:17:56.6015779-05:00" testType="13cdc9d9-ddb5-4fa4-a97d-d965ccfc6d4b" outcome="Passed" testListId="8c84fa94-04c1-424b-9868-57a2d4851a1d" relativeResultsDirectory="519baa44-040c-4590-894f-8f05ffb720ad" />
    <UnitTestResult executionId="4702bd65-b94b-4437-8d46-bc8afb361697" testId="d1bc1e95-83d0-d8b9-cbfd-56bf29d413cb" testName="ExecuteAsync_Should_Handle_Search_Errors_Gracefully" computerName="PPITM80-M0317" duration="00:00:00.0067570" startTime="2025-09-08T07:17:58.3377022-05:00" endTime="2025-09-08T07:17:58.3444596-05:00" testType="13cdc9d9-ddb5-4fa4-a97d-d965ccfc6d4b" outcome="Passed" testListId="8c84fa94-04c1-424b-9868-57a2d4851a1d" relativeResultsDirectory="4702bd65-b94b-4437-8d46-bc8afb361697" />
    <UnitTestResult executionId="d6c34637-4e1e-4ff5-bd8c-575660524bb5" testId="55b7a186-6ad6-9eb4-c4dc-5206eb7b0fe3" testName="TypeExtractionService_Should_Handle_Empty_Content" computerName="PPITM80-M0317" duration="00:00:00.0006849" startTime="2025-09-08T07:17:57.1908342-05:00" endTime="2025-09-08T07:17:57.1915186-05:00" testType="13cdc9d9-ddb5-4fa4-a97d-d965ccfc6d4b" outcome="Passed" testListId="8c84fa94-04c1-424b-9868-57a2d4851a1d" relativeResultsDirectory="d6c34637-4e1e-4ff5-bd8c-575660524bb5" />
    <UnitTestResult executionId="69252f0d-2a11-4a72-9e01-d5325eaaa3f5" testId="4b54ff79-2b2a-ae61-fefa-927693f42c9e" testName="ValidateEdit_SingleLineDeletion_ShouldDetectCorrectly" computerName="PPITM80-M0317" duration="00:00:00.0030440" startTime="2025-09-08T07:17:55.3903812-05:00" endTime="2025-09-08T07:17:55.3934246-05:00" testType="13cdc9d9-ddb5-4fa4-a97d-d965ccfc6d4b" outcome="Passed" testListId="8c84fa94-04c1-424b-9868-57a2d4851a1d" relativeResultsDirectory="69252f0d-2a11-4a72-9e01-d5325eaaa3f5" />
    <UnitTestResult executionId="1c4656f9-5c32-4978-8cb8-f8b7c6aa6715" testId="0885c1dc-f384-fc32-a7bb-77246dd68117" testName="ExecuteAsync_WorkspaceNotFound_ReturnsError" computerName="PPITM80-M0317" duration="00:00:00.0024400" startTime="2025-09-08T07:17:57.9910484-05:00" endTime="2025-09-08T07:17:57.9934886-05:00" testType="13cdc9d9-ddb5-4fa4-a97d-d965ccfc6d4b" outcome="Passed" testListId="8c84fa94-04c1-424b-9868-57a2d4851a1d" relativeResultsDirectory="1c4656f9-5c32-4978-8cb8-f8b7c6aa6715" />
    <UnitTestResult executionId="4cb27e97-a7d2-41b8-87dd-400d56c4a025" testId="8a165e3a-2840-cef6-75a4-28aa88375f44" testName="ExecuteAsync_Should_Handle_Initialization_Failure" computerName="PPITM80-M0317" duration="00:00:00.0025670" startTime="2025-09-08T07:17:57.8485780-05:00" endTime="2025-09-08T07:17:57.8511445-05:00" testType="13cdc9d9-ddb5-4fa4-a97d-d965ccfc6d4b" outcome="Passed" testListId="8c84fa94-04c1-424b-9868-57a2d4851a1d" relativeResultsDirectory="4cb27e97-a7d2-41b8-87dd-400d56c4a025" />
    <UnitTestResult executionId="dba990cc-9227-4358-9efa-ee780bed04b2" testId="81625e1c-5ad9-9fcf-ff27-6002b171e039" testName="ExecuteAsync_Should_Return_Error_When_File_Does_Not_Exist" computerName="PPITM80-M0317" duration="00:00:00.0028999" startTime="2025-09-08T07:17:57.7596486-05:00" endTime="2025-09-08T07:17:57.7625477-05:00" testType="13cdc9d9-ddb5-4fa4-a97d-d965ccfc6d4b" outcome="Passed" testListId="8c84fa94-04c1-424b-9868-57a2d4851a1d" relativeResultsDirectory="dba990cc-9227-4358-9efa-ee780bed04b2" />
    <UnitTestResult executionId="de8c151d-9e26-4569-aa5b-9f10b170c22f" testId="0e38c7ca-f665-38ef-667e-c0bba7830d0a" testName="ExecuteAsync_NullContent_ReturnsError" computerName="PPITM80-M0317" duration="00:00:00.0055990" startTime="2025-09-08T07:17:58.0796876-05:00" endTime="2025-09-08T07:17:58.0852861-05:00" testType="13cdc9d9-ddb5-4fa4-a97d-d965ccfc6d4b" outcome="Passed" testListId="8c84fa94-04c1-424b-9868-57a2d4851a1d" relativeResultsDirectory="de8c151d-9e26-4569-aa5b-9f10b170c22f" />
    <UnitTestResult executionId="0ee9a173-abf7-46b4-ad10-411b88a5d369" testId="da66ce0c-ee92-38d1-3250-0e465c55c251" testName="CalculateConfidence_WithUnknownSymbolType_ShouldStillWork" computerName="PPITM80-M0317" duration="00:00:00.0015580" startTime="2025-09-08T07:17:56.8016472-05:00" endTime="2025-09-08T07:17:56.8032049-05:00" testType="13cdc9d9-ddb5-4fa4-a97d-d965ccfc6d4b" outcome="Passed" testListId="8c84fa94-04c1-424b-9868-57a2d4851a1d" relativeResultsDirectory="0ee9a173-abf7-46b4-ad10-411b88a5d369" />
    <UnitTestResult executionId="6f0cec0e-1d0d-422d-ba24-cbfb9869dac4" testId="de5e07f6-1dde-b49c-e0bc-431e4d1b4244" testName="DirectoryExists_Should_Return_True_For_Existing_Directory" computerName="PPITM80-M0317" duration="00:00:00.0010900" startTime="2025-09-08T07:17:56.9418949-05:00" endTime="2025-09-08T07:17:56.9429844-05:00" testType="13cdc9d9-ddb5-4fa4-a97d-d965ccfc6d4b" outcome="Passed" testListId="8c84fa94-04c1-424b-9868-57a2d4851a1d" relativeResultsDirectory="6f0cec0e-1d0d-422d-ba24-cbfb9869dac4" />
    <UnitTestResult executionId="93c22e06-036a-45fa-89c9-b5bedcbbcb24" testId="654ff909-4e27-8a9e-bc29-4be280a61f94" testName="WhenSearchingForClassName_TypeDefinitionShouldBeFirst" computerName="PPITM80-M0317" duration="00:00:00.0138410" startTime="2025-09-08T07:17:58.4849202-05:00" endTime="2025-09-08T07:17:58.4987610-05:00" testType="13cdc9d9-ddb5-4fa4-a97d-d965ccfc6d4b" outcome="Passed" testListId="8c84fa94-04c1-424b-9868-57a2d4851a1d" relativeResultsDirectory="93c22e06-036a-45fa-89c9-b5bedcbbcb24" />
    <UnitTestResult executionId="3fd2a386-9e4f-4c5d-8ae7-8958aebeb0a1" testId="12d0a302-d042-3ba4-3a7d-7f53121c6757" testName="ExecuteAsync_Should_Skip_Cache_When_NoCache_Is_True" computerName="PPITM80-M0317" duration="00:00:00.0080260" startTime="2025-09-08T07:17:57.7668887-05:00" endTime="2025-09-08T07:17:57.7749144-05:00" testType="13cdc9d9-ddb5-4fa4-a97d-d965ccfc6d4b" outcome="Passed" testListId="8c84fa94-04c1-424b-9868-57a2d4851a1d" relativeResultsDirectory="3fd2a386-9e4f-4c5d-8ae7-8958aebeb0a1" />
    <UnitTestResult executionId="feab3699-d607-4e30-8107-02bf7d3a7333" testId="24c63ba4-752f-fc12-fcd8-0ffd81cc4305" testName="ValidateAndResolvePath_NonExistentFile_ThrowsFileNotFoundException" computerName="PPITM80-M0317" duration="00:00:00.0038790" startTime="2025-09-08T07:17:56.9289434-05:00" endTime="2025-09-08T07:17:56.9328226-05:00" testType="13cdc9d9-ddb5-4fa4-a97d-d965ccfc6d4b" outcome="Passed" testListId="8c84fa94-04c1-424b-9868-57a2d4851a1d" relativeResultsDirectory="feab3699-d607-4e30-8107-02bf7d3a7333" />
    <UnitTestResult executionId="7cf14ade-39ff-4cb1-8b75-2c5a7fe7fe03" testId="db053bd8-bcc3-4b4a-35e4-8046a2b1b9f3" testName="ValidateEdit_LineEndingChange_ShouldDetectViolation" computerName="PPITM80-M0317" duration="00:00:00.0029500" startTime="2025-09-08T07:17:55.3833178-05:00" endTime="2025-09-08T07:17:55.3862676-05:00" testType="13cdc9d9-ddb5-4fa4-a97d-d965ccfc6d4b" outcome="Passed" testListId="8c84fa94-04c1-424b-9868-57a2d4851a1d" relativeResultsDirectory="7cf14ade-39ff-4cb1-8b75-2c5a7fe7fe03">
      <Output>
        <StdOut>Line ending violation: Line endings changed from CRLF (Windows) to LF (Unix)</StdOut>
      </Output>
    </UnitTestResult>
    <UnitTestResult executionId="76ec4d77-d23d-4777-b755-7ed27c6f8c93" testId="ccb08aa0-237e-292d-2297-8e3747d4cff5" testName="BatchOperationsResult_DefaultValues_AreCorrect" computerName="PPITM80-M0317" duration="00:00:00.0010390" startTime="2025-09-08T07:17:57.2053953-05:00" endTime="2025-09-08T07:17:57.2064337-05:00" testType="13cdc9d9-ddb5-4fa4-a97d-d965ccfc6d4b" outcome="Passed" testListId="8c84fa94-04c1-424b-9868-57a2d4851a1d" relativeResultsDirectory="76ec4d77-d23d-4777-b755-7ed27c6f8c93" />
    <UnitTestResult executionId="5fb17285-a404-433b-978a-217a917dc690" testId="207fbdd4-eb64-f420-a5a8-2c9f3920b772" testName="DiffValidator_UTF8FilesWithPreservation_ShouldValidateCorrectly" computerName="PPITM80-M0317" duration="00:00:00.0031910" startTime="2025-09-08T07:17:55.4413413-05:00" endTime="2025-09-08T07:17:55.4445319-05:00" testType="13cdc9d9-ddb5-4fa4-a97d-d965ccfc6d4b" outcome="Passed" testListId="8c84fa94-04c1-424b-9868-57a2d4851a1d" relativeResultsDirectory="5fb17285-a404-433b-978a-217a917dc690" />
    <UnitTestResult executionId="b020a454-b08a-4317-84f3-2001ba4eea61" testId="3eedc53e-4c04-cdaa-3c90-7824bfce322c" testName="TypeExtractionService_Should_Initialize" computerName="PPITM80-M0317" duration="00:00:00.0000490" startTime="2025-09-08T07:17:57.1916323-05:00" endTime="2025-09-08T07:17:57.1916810-05:00" testType="13cdc9d9-ddb5-4fa4-a97d-d965ccfc6d4b" outcome="Passed" testListId="8c84fa94-04c1-424b-9868-57a2d4851a1d" relativeResultsDirectory="b020a454-b08a-4317-84f3-2001ba4eea61" />
    <UnitTestResult executionId="59fa43fc-f705-4fd1-9183-0c96ea5306dd" testId="fea87784-1f99-5827-a113-124955d284fa" testName="ExecuteAsync_NonExistentFile_ReturnsError" computerName="PPITM80-M0317" duration="00:00:00.0027000" startTime="2025-09-08T07:17:57.2896329-05:00" endTime="2025-09-08T07:17:57.2923329-05:00" testType="13cdc9d9-ddb5-4fa4-a97d-d965ccfc6d4b" outcome="Passed" testListId="8c84fa94-04c1-424b-9868-57a2d4851a1d" relativeResultsDirectory="59fa43fc-f705-4fd1-9183-0c96ea5306dd" />
    <UnitTestResult executionId="7d410016-3bac-4c99-95a0-c87a3cb176cc" testId="5a144eb6-ced2-c75e-c77f-5faf9dbab6d3" testName="DiffValidator_SurrogatePairs_ShouldValidateCorrectly" computerName="PPITM80-M0317" duration="00:00:00.0035690" startTime="2025-09-08T07:17:56.1906878-05:00" endTime="2025-09-08T07:17:56.1942569-05:00" testType="13cdc9d9-ddb5-4fa4-a97d-d965ccfc6d4b" outcome="Passed" testListId="8c84fa94-04c1-424b-9868-57a2d4851a1d" relativeResultsDirectory="7d410016-3bac-4c99-95a0-c87a3cb176cc" />
    <UnitTestResult executionId="844712a1-34d7-47b5-9a16-393f48b1e5ff" testId="b9887160-2dad-c1b1-dd8f-54011f1dd3d4" testName="BatchOperation_DefaultValues_AreCorrect" computerName="PPITM80-M0317" duration="00:00:00.0005419" startTime="2025-09-08T07:17:57.2048383-05:00" endTime="2025-09-08T07:17:57.2053797-05:00" testType="13cdc9d9-ddb5-4fa4-a97d-d965ccfc6d4b" outcome="Passed" testListId="8c84fa94-04c1-424b-9868-57a2d4851a1d" relativeResultsDirectory="844712a1-34d7-47b5-9a16-393f48b1e5ff" />
    <UnitTestResult executionId="3412385a-83ae-41f3-a844-2af233987b32" testId="21cde39f-b612-6ef0-0d36-40c508419484" testName="IntegrationTest_SearchHitProcessing_FullPipeline" computerName="PPITM80-M0317" duration="00:00:00.0014900" startTime="2025-09-08T07:17:56.2003229-05:00" endTime="2025-09-08T07:17:56.2018129-05:00" testType="13cdc9d9-ddb5-4fa4-a97d-d965ccfc6d4b" outcome="Passed" testListId="8c84fa94-04c1-424b-9868-57a2d4851a1d" relativeResultsDirectory="3412385a-83ae-41f3-a844-2af233987b32" />
    <UnitTestResult executionId="682257b7-7b8f-4834-ada7-3387b0038eaf" testId="b64cf354-e98d-fe23-aa89-f2a43d219dd8" testName="ExecuteAsync_Should_Store_Full_Results_When_Truncated" computerName="PPITM80-M0317" duration="00:00:00.0115920" startTime="2025-09-08T07:17:58.3817663-05:00" endTime="2025-09-08T07:17:58.3933577-05:00" testType="13cdc9d9-ddb5-4fa4-a97d-d965ccfc6d4b" outcome="Passed" testListId="8c84fa94-04c1-424b-9868-57a2d4851a1d" relativeResultsDirectory="682257b7-7b8f-4834-ada7-3387b0038eaf" />
    <UnitTestResult executionId="1f7a6a83-b968-4a60-909b-88ee93990896" testId="5d83f69f-f52c-6b14-11b6-f47e87a05aa7" testName="DiffValidator_EmojiAndSymbolContent_ShouldValidateCorrectly" computerName="PPITM80-M0317" duration="00:00:00.0069910" startTime="2025-09-08T07:17:56.1756200-05:00" endTime="2025-09-08T07:17:56.1826098-05:00" testType="13cdc9d9-ddb5-4fa4-a97d-d965ccfc6d4b" outcome="Passed" testListId="8c84fa94-04c1-424b-9868-57a2d4851a1d" relativeResultsDirectory="1f7a6a83-b968-4a60-909b-88ee93990896" />
    <UnitTestResult executionId="2d6ed105-25c2-45d3-be74-74b27d7478b8" testId="05d60b91-1e62-a9d6-329a-049913345597" testName="GetIndexPath_Should_Handle_Different_Cases_As_Same_Workspace" computerName="PPITM80-M0317" duration="00:00:00.0008770" startTime="2025-09-08T07:17:56.9711595-05:00" endTime="2025-09-08T07:17:56.9720361-05:00" testType="13cdc9d9-ddb5-4fa4-a97d-d965ccfc6d4b" outcome="Passed" testListId="8c84fa94-04c1-424b-9868-57a2d4851a1d" relativeResultsDirectory="2d6ed105-25c2-45d3-be74-74b27d7478b8" />
    <UnitTestResult executionId="f07eea76-62ea-4971-b9bb-0b42a91b0b55" testId="7f1ec652-7354-8da4-7555-762e11c8f4b3" testName="DiffValidator_LineEndingMismatch_ShouldDetectViolation" computerName="PPITM80-M0317" duration="00:00:00.0120120" startTime="2025-09-08T07:17:55.4446662-05:00" endTime="2025-09-08T07:17:55.4566768-05:00" testType="13cdc9d9-ddb5-4fa4-a97d-d965ccfc6d4b" outcome="Passed" testListId="8c84fa94-04c1-424b-9868-57a2d4851a1d" relativeResultsDirectory="f07eea76-62ea-4971-b9bb-0b42a91b0b55">
      <Output>
        <StdOut>=== DIFF VALIDATION REPORT ===&#xD;
Original: lf_original.js&#xD;
Modified: crlf_modified.js&#xD;
Status: ❌ INVALID&#xD;
&#xD;
=== METRICS ===&#xD;
Original lines: 3&#xD;
Modified lines: 3&#xD;
Lines added: +0&#xD;
Lines removed: -0&#xD;
Lines changed: ~0&#xD;
Net change: 0&#xD;
&#xD;
=== VIOLATIONS ===&#xD;
⏎ LineEndingMismatch: Line endings changed from LF (Unix) to CRLF (Windows)&#xD;
   Context: This can cause issues with version control and cross-platform compatibility</StdOut>
      </Output>
    </UnitTestResult>
    <UnitTestResult executionId="9bed2338-07b8-477b-98a6-c71b01c70a38" testId="81396a56-a99c-48cd-498d-9d93e711d17f" testName="DiffValidator_UTF16EncodingMismatch_ShouldDetectViolation" computerName="PPITM80-M0317" duration="00:00:00.0032810" startTime="2025-09-08T07:17:55.4338640-05:00" endTime="2025-09-08T07:17:55.4371447-05:00" testType="13cdc9d9-ddb5-4fa4-a97d-d965ccfc6d4b" outcome="Passed" testListId="8c84fa94-04c1-424b-9868-57a2d4851a1d" relativeResultsDirectory="9bed2338-07b8-477b-98a6-c71b01c70a38">
      <Output>
        <StdOut>=== DIFF VALIDATION REPORT ===&#xD;
Original: utf16_original.cs&#xD;
Modified: utf8_modified.cs&#xD;
Status: ❌ INVALID&#xD;
&#xD;
=== METRICS ===&#xD;
Original lines: 3&#xD;
Modified lines: 3&#xD;
Lines added: +0&#xD;
Lines removed: -0&#xD;
Lines changed: ~0&#xD;
Net change: 0&#xD;
&#xD;
=== VIOLATIONS ===&#xD;
\ud83d\udd24 EncodingMismatch: Encoding changed from Unicode to Unicode (UTF-8)&#xD;
   Context: Original: utf-16, Modified: utf-8</StdOut>
      </Output>
    </UnitTestResult>
    <UnitTestResult executionId="92c4a2de-96e9-45d0-99e5-ebf5a7465bfd" testId="fa93fffd-8efb-880f-fee3-4653ea6df719" testName="CalculateConfidence_ShouldRoundToTwoDecimalPlaces" computerName="PPITM80-M0317" duration="00:00:00.0086420" startTime="2025-09-08T07:17:56.3672659-05:00" endTime="2025-09-08T07:17:56.3759071-05:00" testType="13cdc9d9-ddb5-4fa4-a97d-d965ccfc6d4b" outcome="Passed" testListId="8c84fa94-04c1-424b-9868-57a2d4851a1d" relativeResultsDirectory="92c4a2de-96e9-45d0-99e5-ebf5a7465bfd" />
    <UnitTestResult executionId="d8730d80-c2a7-4913-a221-1c3fe39f0733" testId="e3f3d1a3-00e0-986a-903b-e4b218f256b9" testName="ExecuteAsync_InsertAtBeginning_InsertsCorrectly" computerName="PPITM80-M0317" duration="00:00:00.0047609" startTime="2025-09-08T07:17:57.9262015-05:00" endTime="2025-09-08T07:17:57.9309624-05:00" testType="13cdc9d9-ddb5-4fa4-a97d-d965ccfc6d4b" outcome="Passed" testListId="8c84fa94-04c1-424b-9868-57a2d4851a1d" relativeResultsDirectory="d8730d80-c2a7-4913-a221-1c3fe39f0733" />
    <UnitTestResult executionId="6d775055-45b3-411c-9ea7-9231532a83c0" testId="ebb47fc2-9cd0-b7d6-bdae-68701fcea13f" testName="CalculateConfidence_WithPropertyDefinition_ShouldReturnHighConfidence" computerName="PPITM80-M0317" duration="00:00:00.0084550" startTime="2025-09-08T07:17:56.6771434-05:00" endTime="2025-09-08T07:17:56.6855972-05:00" testType="13cdc9d9-ddb5-4fa4-a97d-d965ccfc6d4b" outcome="Passed" testListId="8c84fa94-04c1-424b-9868-57a2d4851a1d" relativeResultsDirectory="6d775055-45b3-411c-9ea7-9231532a83c0" />
    <UnitTestResult executionId="0eebe0a2-007c-4657-bdde-3000d7cb3342" testId="30d51d7b-593c-8954-727d-42d42ac93e2d" testName="EnumerateFiles_Should_Filter_By_Pattern" computerName="PPITM80-M0317" duration="00:00:00.0061950" startTime="2025-09-08T07:17:56.9518757-05:00" endTime="2025-09-08T07:17:56.9580710-05:00" testType="13cdc9d9-ddb5-4fa4-a97d-d965ccfc6d4b" outcome="Passed" testListId="8c84fa94-04c1-424b-9868-57a2d4851a1d" relativeResultsDirectory="0eebe0a2-007c-4657-bdde-3000d7cb3342" />
    <UnitTestResult executionId="2684a194-8f63-46bd-8682-f98d7592f03e" testId="d1c05ff9-9666-e927-2372-4cd4c25f8e52" testName="AccuracyMetrics_ComprehensiveTestSuiteAnalysis_GeneratesReport" computerName="PPITM80-M0317" duration="00:00:00.1363060" startTime="2025-09-08T07:17:55.4727349-05:00" endTime="2025-09-08T07:17:55.6090411-05:00" testType="13cdc9d9-ddb5-4fa4-a97d-d965ccfc6d4b" outcome="Passed" testListId="8c84fa94-04c1-424b-9868-57a2d4851a1d" relativeResultsDirectory="2684a194-8f63-46bd-8682-f98d7592f03e">
      <Output>
        <StdOut>\ud83d\udd0d REAL-WORLD FILE EDITING TOOLS - COMPREHENSIVE ACCURACY REPORT&#xD;
==================================================================&#xD;
\ud83d\udcc5 Generated: 2025-09-08 07:17:55&#xD;
\ud83c\udfd7️  Test Framework: COA.CodeSearch.McpServer v1.0.0.0&#xD;
&#xD;
\ud83d\udcca ACCURACY METRICS SUMMARY&#xD;
=============================&#xD;
\ud83d\udcca Total Tests Executed: 8&#xD;
✅ Successful Operations: 8&#xD;
❌ Failed Operations: 0&#xD;
\ud83c\udfaf Overall Accuracy: 100.0%&#xD;
&#xD;
\ud83d\udcc8 TEST CATEGORY BREAKDOWN:&#xD;
  Basic Operations: 3/3 (100.0%)&#xD;
  Encoding Preservation: 1/1 (100.0%)&#xD;
  Performance: 1/1 (100.0%)&#xD;
  Edge Cases: 2/2 (100.0%)&#xD;
  Data Integrity: 1/1 (100.0%)&#xD;
&#xD;
⏱️ PERFORMANCE METRICS:&#xD;
  ✅ LargeFileInsert: 2.58ms&#xD;
&#xD;
&#xD;
&#xD;
\ud83c\udfaf RECOMMENDATIONS&#xD;
==================&#xD;
• ✅ All metrics within acceptable ranges - tools are production-ready&#xD;
&#xD;
✅ COMPREHENSIVE ACCURACY ANALYSIS COMPLETED</StdOut>
      </Output>
    </UnitTestResult>
    <UnitTestResult executionId="a22ad3c8-d0c4-4035-80e1-88c03c7f18c5" testId="6af1a919-9426-36d8-9470-e0412397491c" testName="PerformanceBenchmark_SmallFileOperations_MeetsTargets" computerName="PPITM80-M0317" duration="00:00:00.0115940" startTime="2025-09-08T07:17:56.0397089-05:00" endTime="2025-09-08T07:17:56.0513017-05:00" testType="13cdc9d9-ddb5-4fa4-a97d-d965ccfc6d4b" outcome="Passed" testListId="8c84fa94-04c1-424b-9868-57a2d4851a1d" relativeResultsDirectory="a22ad3c8-d0c4-4035-80e1-88c03c7f18c5">
      <Output>
        <StdOut>Small File Performance Results:&#xD;
  Insert: 1.63ms&#xD;
  Replace: 1.50ms&#xD;
  Delete: 1.41ms</StdOut>
      </Output>
    </UnitTestResult>
    <UnitTestResult executionId="0813269e-c355-46be-aa51-79dfb8ee2bd8" testId="ca3d36e5-bfe9-de3b-fda4-c8ece247c5a2" testName="ExecuteAsync_Should_Filter_By_Severity_Levels" computerName="PPITM80-M0317" duration="00:00:00.0115560" startTime="2025-09-08T07:17:57.5587440-05:00" endTime="2025-09-08T07:17:57.5702995-05:00" testType="13cdc9d9-ddb5-4fa4-a97d-d965ccfc6d4b" outcome="Passed" testListId="8c84fa94-04c1-424b-9868-57a2d4851a1d" relativeResultsDirectory="0813269e-c355-46be-aa51-79dfb8ee2bd8">
      <Output>
        <StdOut>DEBUG: Type extraction success: True</StdOut>
      </Output>
    </UnitTestResult>
    <UnitTestResult executionId="68ee6d64-aaf2-46b6-9539-3fb056ca86cb" testId="fc640a26-8f16-183f-4e88-2199c00abff9" testName="ExecuteAsync_EmptyOperations_ReturnsError" computerName="PPITM80-M0317" duration="00:00:00.0343270" startTime="2025-09-08T07:17:57.2067061-05:00" endTime="2025-09-08T07:17:57.2410302-05:00" testType="13cdc9d9-ddb5-4fa4-a97d-d965ccfc6d4b" outcome="Passed" testListId="8c84fa94-04c1-424b-9868-57a2d4851a1d" relativeResultsDirectory="68ee6d64-aaf2-46b6-9539-3fb056ca86cb" />
    <UnitTestResult executionId="4d7bf613-f660-4231-b6ce-6d673235dc01" testId="9d0da409-94ac-6a8a-e640-cd59d7bb110a" testName="ExecuteAsync_Should_Bypass_Cache_When_NoCache_Is_True" computerName="PPITM80-M0317" duration="00:00:00.0183820" startTime="2025-09-08T07:17:58.3094880-05:00" endTime="2025-09-08T07:17:58.3278698-05:00" testType="13cdc9d9-ddb5-4fa4-a97d-d965ccfc6d4b" outcome="Passed" testListId="8c84fa94-04c1-424b-9868-57a2d4851a1d" relativeResultsDirectory="4d7bf613-f660-4231-b6ce-6d673235dc01" />
    <UnitTestResult executionId="3ccad38a-0d97-440e-8ab9-87781165baf8" testId="c936982d-018f-b326-642f-539f6e345e91" testName="GetFileName_Should_Handle_Invalid_Path" computerName="PPITM80-M0317" duration="00:00:00.0004360" startTime="2025-09-08T07:17:56.9687725-05:00" endTime="2025-09-08T07:17:56.9692084-05:00" testType="13cdc9d9-ddb5-4fa4-a97d-d965ccfc6d4b" outcome="Passed" testListId="8c84fa94-04c1-424b-9868-57a2d4851a1d" relativeResultsDirectory="3ccad38a-0d97-440e-8ab9-87781165baf8" />
    <UnitTestResult executionId="81eae522-a36b-497b-a481-363ba7a43c1d" testId="aac13105-6bba-4068-36af-e95ad7b826ba" testName="CalculateConfidence_WithInterfaceDefinition_ShouldReturnHighConfidence" computerName="PPITM80-M0317" duration="00:00:00.0045510" startTime="2025-09-08T07:17:56.5104995-05:00" endTime="2025-09-08T07:17:56.5150508-05:00" testType="13cdc9d9-ddb5-4fa4-a97d-d965ccfc6d4b" outcome="Passed" testListId="8c84fa94-04c1-424b-9868-57a2d4851a1d" relativeResultsDirectory="81eae522-a36b-497b-a481-363ba7a43c1d" />
    <UnitTestResult executionId="c9fb238d-29e6-4f04-b55f-9bc71eba77b0" testId="d11800b1-7076-5599-655a-9c8af7056c0d" testName="ExecuteAsync_Should_Start_File_Watcher_When_Available" computerName="PPITM80-M0317" duration="00:00:00.0029540" startTime="2025-09-08T07:17:57.8660011-05:00" endTime="2025-09-08T07:17:57.8689555-05:00" testType="13cdc9d9-ddb5-4fa4-a97d-d965ccfc6d4b" outcome="Passed" testListId="8c84fa94-04c1-424b-9868-57a2d4851a1d" relativeResultsDirectory="c9fb238d-29e6-4f04-b55f-9bc71eba77b0" />
    <UnitTestResult executionId="e2004df2-7a39-4e01-b64b-fbaa5bdf6cdd" testId="6231a3f1-7b08-83ec-5532-335dc2b26f1d" testName="ExecuteAsync_GroupByFileEnabled_GroupsResultsByFile" computerName="PPITM80-M0317" duration="00:00:00.0425400" startTime="2025-09-08T07:17:57.6246903-05:00" endTime="2025-09-08T07:17:57.6672303-05:00" testType="13cdc9d9-ddb5-4fa4-a97d-d965ccfc6d4b" outcome="Passed" testListId="8c84fa94-04c1-424b-9868-57a2d4851a1d" relativeResultsDirectory="e2004df2-7a39-4e01-b64b-fbaa5bdf6cdd" />
    <UnitTestResult executionId="e5203e83-9527-4547-9749-6ec7bd3c63b6" testId="b9239865-81ea-25a3-e27a-8564f519f23d" testName="ExecuteAsync_Should_Return_Cached_Results_When_Available" computerName="PPITM80-M0317" duration="00:00:00.0224280" startTime="2025-09-08T07:17:58.3507597-05:00" endTime="2025-09-08T07:17:58.3731866-05:00" testType="13cdc9d9-ddb5-4fa4-a97d-d965ccfc6d4b" outcome="Passed" testListId="8c84fa94-04c1-424b-9868-57a2d4851a1d" relativeResultsDirectory="e5203e83-9527-4547-9749-6ec7bd3c63b6" />
    <UnitTestResult executionId="fd57220f-4d2b-4772-b82f-255080063333" testId="22ae8358-e7fc-5ba2-5f0f-7069a8a56572" testName="NullableArguments_SafeMethodCalls_NoWarnings" computerName="PPITM80-M0317" duration="00:00:00.0003110" startTime="2025-09-08T07:17:57.2018459-05:00" endTime="2025-09-08T07:17:57.2021567-05:00" testType="13cdc9d9-ddb5-4fa4-a97d-d965ccfc6d4b" outcome="Passed" testListId="8c84fa94-04c1-424b-9868-57a2d4851a1d" relativeResultsDirectory="fd57220f-4d2b-4772-b82f-255080063333" />
    <UnitTestResult executionId="9e55fa83-9aee-4a82-ab9e-e96efe65e3e1" testId="018ebbcd-6355-0126-db30-75204f88f30c" testName="ExtractIndentation_VariousWhitespace_ExtractsCorrectly" computerName="PPITM80-M0317" duration="00:00:00.0012060" startTime="2025-09-08T07:17:56.9093051-05:00" endTime="2025-09-08T07:17:56.9105106-05:00" testType="13cdc9d9-ddb5-4fa4-a97d-d965ccfc6d4b" outcome="Passed" testListId="8c84fa94-04c1-424b-9868-57a2d4851a1d" relativeResultsDirectory="9e55fa83-9aee-4a82-ab9e-e96efe65e3e1" />
    <UnitTestResult executionId="5760b761-ac41-4553-9c3d-4fa8157e6065" testId="c6546776-bd84-4ce0-098d-51bfe2316ad8" testName="CalculateConfidence_WithExactWordMatchCaseInsensitive_ShouldReturnHighConfidence" computerName="PPITM80-M0317" duration="00:00:00.0197160" startTime="2025-09-08T07:17:56.4841923-05:00" endTime="2025-09-08T07:17:56.5039080-05:00" testType="13cdc9d9-ddb5-4fa4-a97d-d965ccfc6d4b" outcome="Passed" testListId="8c84fa94-04c1-424b-9868-57a2d4851a1d" relativeResultsDirectory="5760b761-ac41-4553-9c3d-4fa8157e6065" />
    <UnitTestResult executionId="57989958-6ad5-4367-9872-4e0bcfa89db2" testId="a12f6951-769b-7989-1daa-0c854ad89e29" testName="NullableArgument_CollectionOperations_SafeParameterPassing" computerName="PPITM80-M0317" duration="00:00:00.0003550" startTime="2025-09-08T07:17:56.2031771-05:00" endTime="2025-09-08T07:17:56.2035319-05:00" testType="13cdc9d9-ddb5-4fa4-a97d-d965ccfc6d4b" outcome="Passed" testListId="8c84fa94-04c1-424b-9868-57a2d4851a1d" relativeResultsDirectory="57989958-6ad5-4367-9872-4e0bcfa89db2" />
    <UnitTestResult executionId="38cc3635-fa84-49ca-8454-a7d827c65c1c" testId="43d03285-e528-5b85-750b-dea3aba320ce" testName="EditFileWithBOM_PreservesBOMAndEncoding" computerName="PPITM80-M0317" duration="00:00:00.0088540" startTime="2025-09-08T07:17:55.9488658-05:00" endTime="2025-09-08T07:17:55.9577193-05:00" testType="13cdc9d9-ddb5-4fa4-a97d-d965ccfc6d4b" outcome="Passed" testListId="8c84fa94-04c1-424b-9868-57a2d4851a1d" relativeResultsDirectory="38cc3635-fa84-49ca-8454-a7d827c65c1c" />
    <UnitTestResult executionId="36e831a6-c5fa-4f31-96c4-1be119468f47" testId="00239f6f-5b50-bd99-c2ab-76919c45753b" testName="DiffValidator_AccentsAndDiacritics_ShouldValidateCorrectly" computerName="PPITM80-M0317" duration="00:00:00.0044160" startTime="2025-09-08T07:17:56.1711673-05:00" endTime="2025-09-08T07:17:56.1755820-05:00" testType="13cdc9d9-ddb5-4fa4-a97d-d965ccfc6d4b" outcome="Passed" testListId="8c84fa94-04c1-424b-9868-57a2d4851a1d" relativeResultsDirectory="36e831a6-c5fa-4f31-96c4-1be119468f47" />
    <UnitTestResult executionId="ec963f13-ee0d-48a7-a00f-5c71e1ba6ffe" testId="9aca1734-6ac3-5996-24dc-7a80ebd8184f" testName="EnumerateFiles_Should_Handle_Invalid_Directory" computerName="PPITM80-M0317" duration="00:00:00.0007450" startTime="2025-09-08T07:17:56.9580905-05:00" endTime="2025-09-08T07:17:56.9588353-05:00" testType="13cdc9d9-ddb5-4fa4-a97d-d965ccfc6d4b" outcome="Passed" testListId="8c84fa94-04c1-424b-9868-57a2d4851a1d" relativeResultsDirectory="ec963f13-ee0d-48a7-a00f-5c71e1ba6ffe" />
    <UnitTestResult executionId="441c71c3-a6c7-43d8-a031-e70562a74a62" testId="f0627e7e-06c4-29fc-7e58-648962318c89" testName="ExecuteAsync_Should_Use_Filename_Field_For_Simple_Patterns" computerName="PPITM80-M0317" duration="00:00:00.0079360" startTime="2025-09-08T07:17:57.4959733-05:00" endTime="2025-09-08T07:17:57.5039082-05:00" testType="13cdc9d9-ddb5-4fa4-a97d-d965ccfc6d4b" outcome="Passed" testListId="8c84fa94-04c1-424b-9868-57a2d4851a1d" relativeResultsDirectory="441c71c3-a6c7-43d8-a031-e70562a74a62" />
    <UnitTestResult executionId="7f5cf70f-54f1-4e7f-b685-103d06a39e65" testId="2526fdb1-d921-770e-521f-d9dd9ebeef1a" testName="ExecuteAsync_DeleteAllLines_WorksCorrectly" computerName="PPITM80-M0317" duration="00:00:00.0060260" startTime="2025-09-08T07:17:57.2586398-05:00" endTime="2025-09-08T07:17:57.2646647-05:00" testType="13cdc9d9-ddb5-4fa4-a97d-d965ccfc6d4b" outcome="Passed" testListId="8c84fa94-04c1-424b-9868-57a2d4851a1d" relativeResultsDirectory="7f5cf70f-54f1-4e7f-b685-103d06a39e65" />
    <UnitTestResult executionId="ccfacba2-42f0-4331-b9a0-bff364f073fb" testId="4f113a90-76f3-7fec-f48b-f6094d069ee1" testName="Name_ShouldReturnCorrectToolName" computerName="PPITM80-M0317" duration="00:00:00.0020720" startTime="2025-09-08T07:17:58.2221294-05:00" endTime="2025-09-08T07:17:58.2242011-05:00" testType="13cdc9d9-ddb5-4fa4-a97d-d965ccfc6d4b" outcome="Passed" testListId="8c84fa94-04c1-424b-9868-57a2d4851a1d" relativeResultsDirectory="ccfacba2-42f0-4331-b9a0-bff364f073fb" />
    <UnitTestResult executionId="9cdffd6a-845f-45de-a05e-57414f6f9de9" testId="bb7f2f6d-893a-5f2f-17af-a240af79b640" testName="Tool_Should_Have_Correct_Metadata" computerName="PPITM80-M0317" duration="00:00:00.0035030" startTime="2025-09-08T07:17:57.6127171-05:00" endTime="2025-09-08T07:17:57.6162195-05:00" testType="13cdc9d9-ddb5-4fa4-a97d-d965ccfc6d4b" outcome="Passed" testListId="8c84fa94-04c1-424b-9868-57a2d4851a1d" relativeResultsDirectory="9cdffd6a-845f-45de-a05e-57414f6f9de9" />
    <UnitTestResult executionId="2a172d4f-2214-4a02-8898-81688875a5af" testId="b77d6b3b-d007-061b-469a-caff9e8bb15d" testName="EnumerateDirectories_Should_Handle_Invalid_Directory" computerName="PPITM80-M0317" duration="00:00:00.0011350" startTime="2025-09-08T07:17:56.9477098-05:00" endTime="2025-09-08T07:17:56.9488445-05:00" testType="13cdc9d9-ddb5-4fa4-a97d-d965ccfc6d4b" outcome="Passed" testListId="8c84fa94-04c1-424b-9868-57a2d4851a1d" relativeResultsDirectory="2a172d4f-2214-4a02-8898-81688875a5af" />
    <UnitTestResult executionId="28fb03be-315f-411c-b0a3-72fe0e88f69e" testId="06b7d2a6-b8e2-4436-fb5b-bac2ab8a5cf0" testName="ExecuteAsync_CaseSensitiveSearch_RespectsCase" computerName="PPITM80-M0317" duration="00:00:00.0242010" startTime="2025-09-08T07:17:58.1631959-05:00" endTime="2025-09-08T07:17:58.1873969-05:00" testType="13cdc9d9-ddb5-4fa4-a97d-d965ccfc6d4b" outcome="Passed" testListId="8c84fa94-04c1-424b-9868-57a2d4851a1d" relativeResultsDirectory="28fb03be-315f-411c-b0a3-72fe0e88f69e" />
    <UnitTestResult executionId="46d7eaba-7364-4d45-a1fd-61a4ee2fb60d" testId="3584615f-3ae7-d54d-b4c2-849830fc0196" testName="GetIndexRootPath_Should_Return_Root_Index_Directory" computerName="PPITM80-M0317" duration="00:00:00.0005090" startTime="2025-09-08T07:17:56.9728185-05:00" endTime="2025-09-08T07:17:56.9733275-05:00" testType="13cdc9d9-ddb5-4fa4-a97d-d965ccfc6d4b" outcome="Passed" testListId="8c84fa94-04c1-424b-9868-57a2d4851a1d" relativeResultsDirectory="46d7eaba-7364-4d45-a1fd-61a4ee2fb60d" />
    <UnitTestResult executionId="e7b67f66-ffa0-479c-b0ae-e06305808a53" testId="e9dc951d-22d1-e2e6-2375-68c40bf14368" testName="CalculateConfidence_WithContainsMatch_ShouldReturnMediumConfidence" computerName="PPITM80-M0317" duration="00:00:00.0333570" startTime="2025-09-08T07:17:56.4176770-05:00" endTime="2025-09-08T07:17:56.4510327-05:00" testType="13cdc9d9-ddb5-4fa4-a97d-d965ccfc6d4b" outcome="Passed" testListId="8c84fa94-04c1-424b-9868-57a2d4851a1d" relativeResultsDirectory="e7b67f66-ffa0-479c-b0ae-e06305808a53" />
    <UnitTestResult executionId="9f545e79-01d8-45b8-be98-6fbe374e4efe" testId="ac09df77-c344-062f-53a9-7c78d1199a22" testName="ExecuteAsync_ShouldCalculateFileCounts" computerName="PPITM80-M0317" duration="00:00:00.0061420" startTime="2025-09-08T07:17:57.3524068-05:00" endTime="2025-09-08T07:17:57.3585485-05:00" testType="13cdc9d9-ddb5-4fa4-a97d-d965ccfc6d4b" outcome="Passed" testListId="8c84fa94-04c1-424b-9868-57a2d4851a1d" relativeResultsDirectory="9f545e79-01d8-45b8-be98-6fbe374e4efe" />
    <UnitTestResult executionId="45e77950-1849-4ddc-b3a5-69cde417e3b1" testId="4cfc9d4d-2caa-d5be-2f93-cbcca2518011" testName="ExecuteAsync_NoIndexExists_ReturnsError" computerName="PPITM80-M0317" duration="00:00:00.0061750" startTime="2025-09-08T07:17:58.2353895-05:00" endTime="2025-09-08T07:17:58.2415629-05:00" testType="13cdc9d9-ddb5-4fa4-a97d-d965ccfc6d4b" outcome="Passed" testListId="8c84fa94-04c1-424b-9868-57a2d4851a1d" relativeResultsDirectory="45e77950-1849-4ddc-b3a5-69cde417e3b1" />
    <UnitTestResult executionId="a0cf7319-7361-42bf-99a2-bb8bed56839a" testId="2c56d30c-a374-c58e-e93b-b09a90625bd9" testName="ExecuteAsync_Should_Parse_TimeFrame_Correctly(&quot;2d&quot;,2)" computerName="PPITM80-M0317" duration="00:00:00.0021530" startTime="2025-09-08T07:17:58.0197643-05:00" endTime="2025-09-08T07:17:58.0219170-05:00" testType="13cdc9d9-ddb5-4fa4-a97d-d965ccfc6d4b" outcome="Passed" testListId="8c84fa94-04c1-424b-9868-57a2d4851a1d" relativeResultsDirectory="a0cf7319-7361-42bf-99a2-bb8bed56839a" />
    <UnitTestResult executionId="023d794d-ae28-4a7c-b8f0-5075b66bd4d0" testId="6c81ab54-0bec-8762-90d9-f28435852df7" testName="EnsureDirectoryExists_Should_Create_Nested_Directories" computerName="PPITM80-M0317" duration="00:00:00.0018920" startTime="2025-09-08T07:17:56.9443878-05:00" endTime="2025-09-08T07:17:56.9462792-05:00" testType="13cdc9d9-ddb5-4fa4-a97d-d965ccfc6d4b" outcome="Passed" testListId="8c84fa94-04c1-424b-9868-57a2d4851a1d" relativeResultsDirectory="023d794d-ae28-4a7c-b8f0-5075b66bd4d0" />
    <UnitTestResult executionId="7b58f87f-d5d1-4551-88d9-eb5a3386f137" testId="d9d28982-e7e6-1198-6c71-c1d67ee88205" testName="ExecuteAsync_Should_Use_Path_Field_For_Directory_Patterns" computerName="PPITM80-M0317" duration="00:00:00.0084309" startTime="2025-09-08T07:17:57.5040275-05:00" endTime="2025-09-08T07:17:57.5124586-05:00" testType="13cdc9d9-ddb5-4fa4-a97d-d965ccfc6d4b" outcome="Failed" testListId="8c84fa94-04c1-424b-9868-57a2d4851a1d" relativeResultsDirectory="7b58f87f-d5d1-4551-88d9-eb5a3386f137">
      <Output>
        <ErrorInfo>
          <Message>Expected result.Result.Data.Count to be 2, but found 0 (difference of -2).</Message>
          <StackTrace>   at FluentAssertions.Execution.LateBoundTestFramework.Throw(String message)&#xD;
   at FluentAssertions.Execution.TestFrameworkProvider.Throw(String message)&#xD;
   at FluentAssertions.Execution.DefaultAssertionStrategy.HandleFailure(String message)&#xD;
   at FluentAssertions.Execution.AssertionScope.FailWith(Func`1 failReasonFunc)&#xD;
   at FluentAssertions.Execution.AssertionScope.FailWith(Func`1 failReasonFunc)&#xD;
   at FluentAssertions.Execution.AssertionScope.FailWith(String message, Object[] args)&#xD;
   at FluentAssertions.Numeric.NumericAssertions`2.Be(T expected, String because, Object[] becauseArgs)&#xD;
   at COA.CodeSearch.McpServer.Tests.Tools.FileSearchToolTests.ExecuteAsync_Should_Use_Path_Field_For_Directory_Patterns() in C:\source\COA CodeSearch MCP\COA.CodeSearch.McpServer.Tests\Tools\FileSearchToolTests.cs:line 548&#xD;
   at NUnit.Framework.Internal.TaskAwaitAdapter.GenericAdapter`1.GetResult()&#xD;
   at NUnit.Framework.Internal.AsyncToSyncAdapter.Await[TResult](TestExecutionContext context, Func`1 invoke)&#xD;
   at NUnit.Framework.Internal.AsyncToSyncAdapter.Await(TestExecutionContext context, Func`1 invoke)&#xD;
   at NUnit.Framework.Internal.Commands.TestMethodCommand.RunTestMethod(TestExecutionContext context)&#xD;
   at NUnit.Framework.Internal.Commands.TestMethodCommand.Execute(TestExecutionContext context)&#xD;
   at NUnit.Framework.Internal.Commands.BeforeAndAfterTestCommand.&lt;&gt;c__DisplayClass1_0.&lt;Execute&gt;b__0()&#xD;
   at NUnit.Framework.Internal.Commands.DelegatingTestCommand.RunTestMethodInThreadAbortSafeZone(TestExecutionContext context, Action action)&#xD;

</StackTrace>
        </ErrorInfo>
      </Output>
    </UnitTestResult>
    <UnitTestResult executionId="4a2a9763-285d-4330-8474-67a94c1231f5" testId="96261fef-b9d6-8199-56f9-e440b6eb0eab" testName="ExecuteAsync_Should_Detect_Magic_Numbers" computerName="PPITM80-M0317" duration="00:00:00.0110370" startTime="2025-09-08T07:17:57.5383281-05:00" endTime="2025-09-08T07:17:57.5493642-05:00" testType="13cdc9d9-ddb5-4fa4-a97d-d965ccfc6d4b" outcome="Passed" testListId="8c84fa94-04c1-424b-9868-57a2d4851a1d" relativeResultsDirectory="4a2a9763-285d-4330-8474-67a94c1231f5">
      <Output>
        <StdOut>DEBUG: Type extraction success: True</StdOut>
      </Output>
    </UnitTestResult>
    <UnitTestResult executionId="9117b552-8d31-4775-895c-ee78be808f71" testId="6e0417db-69d3-bf89-9fbc-8140fb464450" testName="CalculateConfidence_WithWhitespaceMatchedLine_ShouldReturnZero" computerName="PPITM80-M0317" duration="00:00:00.0008060" startTime="2025-09-08T07:17:56.8467559-05:00" endTime="2025-09-08T07:17:56.8475618-05:00" testType="13cdc9d9-ddb5-4fa4-a97d-d965ccfc6d4b" outcome="Passed" testListId="8c84fa94-04c1-424b-9868-57a2d4851a1d" relativeResultsDirectory="9117b552-8d31-4775-895c-ee78be808f71" />
    <UnitTestResult executionId="5ed21200-5ea1-4870-a236-3dda62bc6fd5" testId="ba2caedd-b39b-61b3-baa9-c85ee514f5ee" testName="ExecuteAsync_Should_Include_Methods_When_Requested" computerName="PPITM80-M0317" duration="00:00:00.0058340" startTime="2025-09-08T07:17:57.7537889-05:00" endTime="2025-09-08T07:17:57.7596229-05:00" testType="13cdc9d9-ddb5-4fa4-a97d-d965ccfc6d4b" outcome="Passed" testListId="8c84fa94-04c1-424b-9868-57a2d4851a1d" relativeResultsDirectory="5ed21200-5ea1-4870-a236-3dda62bc6fd5" />
    <UnitTestResult executionId="4206047f-9b77-4777-8db2-ad57025db8d4" testId="a36b2370-23ba-a55f-5486-a5e007b89c3d" testName="GetExtension_Should_Handle_File_Without_Extension" computerName="PPITM80-M0317" duration="00:00:00.0005460" startTime="2025-09-08T07:17:56.9676633-05:00" endTime="2025-09-08T07:17:56.9682090-05:00" testType="13cdc9d9-ddb5-4fa4-a97d-d965ccfc6d4b" outcome="Passed" testListId="8c84fa94-04c1-424b-9868-57a2d4851a1d" relativeResultsDirectory="4206047f-9b77-4777-8db2-ad57025db8d4" />
    <UnitTestResult executionId="084b1cc0-76f3-4ab2-9138-8d709cf4a567" testId="33547af0-d15f-7425-cd54-54e1bcc21ab6" testName="DirectoryExists_Should_Handle_Null_Path" computerName="PPITM80-M0317" duration="00:00:00.0006610" startTime="2025-09-08T07:17:56.9407120-05:00" endTime="2025-09-08T07:17:56.9413732-05:00" testType="13cdc9d9-ddb5-4fa4-a97d-d965ccfc6d4b" outcome="Passed" testListId="8c84fa94-04c1-424b-9868-57a2d4851a1d" relativeResultsDirectory="084b1cc0-76f3-4ab2-9138-8d709cf4a567" />
    <UnitTestResult executionId="d073a432-547c-4b70-95ea-95b375fc1f27" testId="a3dd116a-32ea-3da7-9f78-87baa5939597" testName="CalculateConfidence_WithMultiLineComment_ShouldHavePenalty" computerName="PPITM80-M0317" duration="00:00:00.0370800" startTime="2025-09-08T07:17:56.5219694-05:00" endTime="2025-09-08T07:17:56.5590486-05:00" testType="13cdc9d9-ddb5-4fa4-a97d-d965ccfc6d4b" outcome="Passed" testListId="8c84fa94-04c1-424b-9868-57a2d4851a1d" relativeResultsDirectory="d073a432-547c-4b70-95ea-95b375fc1f27" />
    <UnitTestResult executionId="73d82c29-6672-434c-8f04-69fe6077e259" testId="0ee4eb4b-6b53-160e-fd6e-13587febf415" testName="ExecuteAsync_Should_Return_Error_When_Workspace_Not_Indexed" computerName="PPITM80-M0317" duration="00:00:00.0020190" startTime="2025-09-08T07:17:58.0293870-05:00" endTime="2025-09-08T07:17:58.0314054-05:00" testType="13cdc9d9-ddb5-4fa4-a97d-d965ccfc6d4b" outcome="Passed" testListId="8c84fa94-04c1-424b-9868-57a2d4851a1d" relativeResultsDirectory="73d82c29-6672-434c-8f04-69fe6077e259" />
    <UnitTestResult executionId="f3922dcb-352b-4d9d-80e7-d7bcf31d9eec" testId="14486798-a952-d07f-4588-3340efe4b5a4" testName="NonNullableField_ResponseModels_ProperlyInitialized" computerName="PPITM80-M0317" duration="00:00:00.0005000" startTime="2025-09-08T07:17:56.2026606-05:00" endTime="2025-09-08T07:17:56.2031603-05:00" testType="13cdc9d9-ddb5-4fa4-a97d-d965ccfc6d4b" outcome="Passed" testListId="8c84fa94-04c1-424b-9868-57a2d4851a1d" relativeResultsDirectory="f3922dcb-352b-4d9d-80e7-d7bcf31d9eec" />
    <UnitTestResult executionId="7630e313-1b7c-4cc8-a4d1-a2616b71af5e" testId="981b9e47-2d0d-bc71-3eaf-e869bbb85e93" testName="Concurrency_MultipleSimultaneousOperations_HandlesGracefully" computerName="PPITM80-M0317" duration="00:00:00.0321630" startTime="2025-09-08T07:17:55.6428426-05:00" endTime="2025-09-08T07:17:55.6750030-05:00" testType="13cdc9d9-ddb5-4fa4-a97d-d965ccfc6d4b" outcome="Passed" testListId="8c84fa94-04c1-424b-9868-57a2d4851a1d" relativeResultsDirectory="7630e313-1b7c-4cc8-a4d1-a2616b71af5e">
      <Output>
        <StdOut>Concurrent operations: 3/3 succeeded&#xD;
Final file has 102 lines</StdOut>
      </Output>
    </UnitTestResult>
    <UnitTestResult executionId="1d4c990e-b85b-45d3-afd2-fd23b1f96696" testId="187f8fa2-06fd-dcc6-51c8-7347ccebd7e5" testName="InsertAtLine_WithMixedTabSpaceContext_ShouldNormalizeToSpaces" computerName="PPITM80-M0317" duration="00:00:00.0055860" startTime="2025-09-08T07:17:57.9025570-05:00" endTime="2025-09-08T07:17:57.9081427-05:00" testType="13cdc9d9-ddb5-4fa4-a97d-d965ccfc6d4b" outcome="Passed" testListId="8c84fa94-04c1-424b-9868-57a2d4851a1d" relativeResultsDirectory="1d4c990e-b85b-45d3-afd2-fd23b1f96696" />
    <UnitTestResult executionId="93e18713-bd1b-489d-a583-5eb5a70cced2" testId="73651905-b1d3-1bb3-c32a-23411992705b" testName="ExecuteAsync_WithContextLines_GeneratesCorrectContext" computerName="PPITM80-M0317" duration="00:00:00.0045150" startTime="2025-09-08T07:17:57.2999981-05:00" endTime="2025-09-08T07:17:57.3045128-05:00" testType="13cdc9d9-ddb5-4fa4-a97d-d965ccfc6d4b" outcome="Passed" testListId="8c84fa94-04c1-424b-9868-57a2d4851a1d" relativeResultsDirectory="93e18713-bd1b-489d-a583-5eb5a70cced2" />
    <UnitTestResult executionId="54d5d525-0dd2-4e4a-bc95-f1550f6870c7" testId="6d350cc0-3b63-9f42-1109-cf1df9afcb45" testName="Category_ReturnsQueryCategory" computerName="PPITM80-M0317" duration="00:00:00.0037100" startTime="2025-09-08T07:17:58.2243575-05:00" endTime="2025-09-08T07:17:58.2280666-05:00" testType="13cdc9d9-ddb5-4fa4-a97d-d965ccfc6d4b" outcome="Passed" testListId="8c84fa94-04c1-424b-9868-57a2d4851a1d" relativeResultsDirectory="54d5d525-0dd2-4e4a-bc95-f1550f6870c7" />
    <UnitTestResult executionId="ad925bb7-fdb2-4c2a-ac47-01e2a03df3ba" testId="e3ace1cf-4bae-65a1-fc8d-b0e1853d6737" testName="ExecuteAsync_Should_Bypass_Cache_When_NoCache_Is_True" computerName="PPITM80-M0317" duration="00:00:00.0147260" startTime="2025-09-08T07:17:57.4036160-05:00" endTime="2025-09-08T07:17:57.4183422-05:00" testType="13cdc9d9-ddb5-4fa4-a97d-d965ccfc6d4b" outcome="Passed" testListId="8c84fa94-04c1-424b-9868-57a2d4851a1d" relativeResultsDirectory="ad925bb7-fdb2-4c2a-ac47-01e2a03df3ba" />
    <UnitTestResult executionId="7d641075-6c8b-432c-889c-711cac7d4a18" testId="beb0b5b5-24dc-a8c2-882a-b3d0c6d92a7f" testName="GetIndexPath_Should_Be_Deterministic" computerName="PPITM80-M0317" duration="00:00:00.0008050" startTime="2025-09-08T07:17:56.9703411-05:00" endTime="2025-09-08T07:17:56.9711458-05:00" testType="13cdc9d9-ddb5-4fa4-a97d-d965ccfc6d4b" outcome="Passed" testListId="8c84fa94-04c1-424b-9868-57a2d4851a1d" relativeResultsDirectory="7d641075-6c8b-432c-889c-711cac7d4a18" />
    <UnitTestResult executionId="b8b319fb-726e-4aa6-a1df-64adbaf0e41a" testId="4beb2aec-8c4b-e06f-a1f7-915f7a881505" testName="ExecuteAsync_Should_Handle_Type_Extraction_Failure" computerName="PPITM80-M0317" duration="00:00:00.0066360" startTime="2025-09-08T07:17:57.5703248-05:00" endTime="2025-09-08T07:17:57.5769607-05:00" testType="13cdc9d9-ddb5-4fa4-a97d-d965ccfc6d4b" outcome="Passed" testListId="8c84fa94-04c1-424b-9868-57a2d4851a1d" relativeResultsDirectory="b8b319fb-726e-4aa6-a1df-64adbaf0e41a">
      <Output>
        <StdOut>DEBUG: Type extraction success: False&#xD;
DEBUG: Returning error response for type extraction failure</StdOut>
      </Output>
    </UnitTestResult>
    <UnitTestResult executionId="a85cdcdf-3c18-4aec-bb1b-e0ff8d23ab52" testId="374660f0-1cc7-f8b1-68ab-dc07bae98193" testName="ExecuteAsync_Should_Apply_Extension_Filter" computerName="PPITM80-M0317" duration="00:00:00.0033430" startTime="2025-09-08T07:17:57.4002596-05:00" endTime="2025-09-08T07:17:57.4036025-05:00" testType="13cdc9d9-ddb5-4fa4-a97d-d965ccfc6d4b" outcome="Passed" testListId="8c84fa94-04c1-424b-9868-57a2d4851a1d" relativeResultsDirectory="a85cdcdf-3c18-4aec-bb1b-e0ff8d23ab52" />
    <UnitTestResult executionId="f1d06740-490b-488a-929c-b55ad6be31c5" testId="bf3ca3fc-82d9-be68-f3f5-048ccf351095" testName="ValidateEdit_UnexpectedChangeOutsideTargetRange_ShouldDetectViolation" computerName="PPITM80-M0317" duration="00:00:00.0133660" startTime="2025-09-08T07:17:55.3934404-05:00" endTime="2025-09-08T07:17:55.4068065-05:00" testType="13cdc9d9-ddb5-4fa4-a97d-d965ccfc6d4b" outcome="Passed" testListId="8c84fa94-04c1-424b-9868-57a2d4851a1d" relativeResultsDirectory="f1d06740-490b-488a-929c-b55ad6be31c5">
      <Output>
        <StdOut>Unexpected changes detected: 4</StdOut>
      </Output>
    </UnitTestResult>
    <UnitTestResult executionId="47a94ca5-43f8-4a02-8ab4-917574cdbda6" testId="d2be8f3a-31d2-ef68-8bab-7c07e4c72232" testName="BinaryFile_ImageFile_CurrentBehaviorDocumentation" computerName="PPITM80-M0317" duration="00:00:00.0085150" startTime="2025-09-08T07:17:55.6205361-05:00" endTime="2025-09-08T07:17:55.6290508-05:00" testType="13cdc9d9-ddb5-4fa4-a97d-d965ccfc6d4b" outcome="Passed" testListId="8c84fa94-04c1-424b-9868-57a2d4851a1d" relativeResultsDirectory="47a94ca5-43f8-4a02-8ab4-917574cdbda6">
      <Output>
        <StdOut>Current binary file handling - Insert: True, Replace: True, Delete: True&#xD;
IMPORTANT: Tools currently process binary files as text - consider adding binary detection&#xD;
Tools processed binary file - this could indicate need for binary detection</StdOut>
      </Output>
    </UnitTestResult>
    <UnitTestResult executionId="038aa752-86d4-4a26-878c-559463274d39" testId="bf98c7cb-9b7f-3ebb-41db-4438a45e9b06" testName="CalculateConfidence_WithMethodDefinition_ShouldReturnHighConfidence" computerName="PPITM80-M0317" duration="00:00:00.0068890" startTime="2025-09-08T07:17:56.5150661-05:00" endTime="2025-09-08T07:17:56.5219551-05:00" testType="13cdc9d9-ddb5-4fa4-a97d-d965ccfc6d4b" outcome="Passed" testListId="8c84fa94-04c1-424b-9868-57a2d4851a1d" relativeResultsDirectory="038aa752-86d4-4a26-878c-559463274d39" />
    <UnitTestResult executionId="e03e9f71-5aec-44af-a138-1956fbf760ef" testId="476a0108-afaf-fc13-c735-31cfe8dafc12" testName="ExecuteAsync_Should_Detect_Unused_Usings" computerName="PPITM80-M0317" duration="00:00:00.0093050" startTime="2025-09-08T07:17:57.5494082-05:00" endTime="2025-09-08T07:17:57.5587130-05:00" testType="13cdc9d9-ddb5-4fa4-a97d-d965ccfc6d4b" outcome="Passed" testListId="8c84fa94-04c1-424b-9868-57a2d4851a1d" relativeResultsDirectory="e03e9f71-5aec-44af-a138-1956fbf760ef">
      <Output>
        <StdOut>DEBUG: Type extraction success: True</StdOut>
      </Output>
    </UnitTestResult>
    <UnitTestResult executionId="e4554598-2f7c-48e4-ba30-3c84d95f6fb9" testId="d79b73c7-91e7-2a10-e650-22891b64b201" testName="GetLogsPath_Should_Return_Logs_Directory" computerName="PPITM80-M0317" duration="00:00:00.0004720" startTime="2025-09-08T07:17:56.9733408-05:00" endTime="2025-09-08T07:17:56.9738123-05:00" testType="13cdc9d9-ddb5-4fa4-a97d-d965ccfc6d4b" outcome="Passed" testListId="8c84fa94-04c1-424b-9868-57a2d4851a1d" relativeResultsDirectory="e4554598-2f7c-48e4-ba30-3c84d95f6fb9" />
    <UnitTestResult executionId="c08cf9d9-1ec5-41b5-8ce0-c0c46d739f9c" testId="8c229d53-8022-24e1-a75b-9eebad5fcce6" testName="ExecuteAsync_Should_Parse_TimeFrame_Correctly(&quot;1h&quot;,0.04167d)" computerName="PPITM80-M0317" duration="00:00:00.0024489" startTime="2025-09-08T07:17:58.0173049-05:00" endTime="2025-09-08T07:17:58.0197535-05:00" testType="13cdc9d9-ddb5-4fa4-a97d-d965ccfc6d4b" outcome="Passed" testListId="8c84fa94-04c1-424b-9868-57a2d4851a1d" relativeResultsDirectory="c08cf9d9-1ec5-41b5-8ce0-c0c46d739f9c" />
    <UnitTestResult executionId="42f1e133-a440-4632-aa01-8a4c3dfe1d70" testId="3ed00cc3-78ca-6608-eef7-d88390abe48c" testName="ExecuteAsync_ResponseModes_AffectOutput" computerName="PPITM80-M0317" duration="00:00:00.0103940" startTime="2025-09-08T07:17:58.2495319-05:00" endTime="2025-09-08T07:17:58.2599256-05:00" testType="13cdc9d9-ddb5-4fa4-a97d-d965ccfc6d4b" outcome="Passed" testListId="8c84fa94-04c1-424b-9868-57a2d4851a1d" relativeResultsDirectory="42f1e133-a440-4632-aa01-8a4c3dfe1d70" />
    <UnitTestResult executionId="8b5af02b-1863-4837-b9a9-8dd011994af7" testId="b16c89a1-6a98-f79b-2a7e-f5eca5df70a8" testName="Tool_Should_Have_Correct_Metadata" computerName="PPITM80-M0317" duration="00:00:00.0017220" startTime="2025-09-08T07:17:57.5150666-05:00" endTime="2025-09-08T07:17:57.5167881-05:00" testType="13cdc9d9-ddb5-4fa4-a97d-d965ccfc6d4b" outcome="Passed" testListId="8c84fa94-04c1-424b-9868-57a2d4851a1d" relativeResultsDirectory="8b5af02b-1863-4837-b9a9-8dd011994af7" />
    <UnitTestResult executionId="dba0cde8-9928-411f-8b85-28ef5e1e8bdd" testId="3ae00c58-bce0-aae6-6277-df331731bcb4" testName="ExecuteAsync_FilePatternFilter_RespectsFilter" computerName="PPITM80-M0317" duration="00:00:00.0032320" startTime="2025-09-08T07:17:58.1910745-05:00" endTime="2025-09-08T07:17:58.1943061-05:00" testType="13cdc9d9-ddb5-4fa4-a97d-d965ccfc6d4b" outcome="Passed" testListId="8c84fa94-04c1-424b-9868-57a2d4851a1d" relativeResultsDirectory="dba0cde8-9928-411f-8b85-28ef5e1e8bdd" />
    <UnitTestResult executionId="50d574da-4d60-4823-86fb-8eaf6467713a" testId="4698e87b-2824-9d96-7b61-3c159e79c28b" testName="BinaryFile_CompressedArchive_CurrentBehaviorDocumentation" computerName="PPITM80-M0317" duration="00:00:00.0055440" startTime="2025-09-08T07:17:55.6090679-05:00" endTime="2025-09-08T07:17:55.6146116-05:00" testType="13cdc9d9-ddb5-4fa4-a97d-d965ccfc6d4b" outcome="Passed" testListId="8c84fa94-04c1-424b-9868-57a2d4851a1d" relativeResultsDirectory="50d574da-4d60-4823-86fb-8eaf6467713a">
      <Output>
        <StdOut>ZIP file processing result: Success=True&#xD;
Tool processed ZIP file as text - potential data corruption risk&#xD;
RECOMMENDATION: Implement binary file detection to prevent data corruption</StdOut>
      </Output>
    </UnitTestResult>
    <UnitTestResult executionId="a19d1a99-c429-42be-90a0-f894d57fc887" testId="0602473d-5866-8e4d-4f94-570f7e7c2237" testName="QueryTypeDetector_ShouldCatchClaudePatterns" computerName="PPITM80-M0317" duration="00:00:00.0500730" startTime="2025-09-08T07:17:58.4239839-05:00" endTime="2025-09-08T07:17:58.4740559-05:00" testType="13cdc9d9-ddb5-4fa4-a97d-d965ccfc6d4b" outcome="Passed" testListId="8c84fa94-04c1-424b-9868-57a2d4851a1d" relativeResultsDirectory="a19d1a99-c429-42be-90a0-f894d57fc887" />
    <UnitTestResult executionId="772e1266-f4e6-47e3-b225-578f35a129a7" testId="2646abdc-bf49-4e89-6a96-0bea5964eaad" testName="ExecuteAsync_EncodingPreservation_MaintainsOriginalEncoding" computerName="PPITM80-M0317" duration="00:00:00.0049230" startTime="2025-09-08T07:17:58.0621766-05:00" endTime="2025-09-08T07:17:58.0670990-05:00" testType="13cdc9d9-ddb5-4fa4-a97d-d965ccfc6d4b" outcome="Passed" testListId="8c84fa94-04c1-424b-9868-57a2d4851a1d" relativeResultsDirectory="772e1266-f4e6-47e3-b225-578f35a129a7" />
    <UnitTestResult executionId="8cb482a3-e035-40d5-a725-45a166a2eb92" testId="d7c80310-c213-638c-40f2-d550d8e04b93" testName="TextFile_WithNullBytes_HandlesAppropriately" computerName="PPITM80-M0317" duration="00:00:00.0067300" startTime="2025-09-08T07:17:56.1642568-05:00" endTime="2025-09-08T07:17:56.1709860-05:00" testType="13cdc9d9-ddb5-4fa4-a97d-d965ccfc6d4b" outcome="Passed" testListId="8c84fa94-04c1-424b-9868-57a2d4851a1d" relativeResultsDirectory="8cb482a3-e035-40d5-a725-45a166a2eb92">
      <Output>
        <StdOut>Tool handled null bytes in text file successfully&#xD;
Null bytes handling result: Success=True</StdOut>
      </Output>
    </UnitTestResult>
    <UnitTestResult executionId="da9be683-1fa1-43c3-b038-3a9f19e7b49a" testId="7281b73a-557a-a394-84fe-16d1ffda6257" testName="ExecuteAsync_WithNoIndex_ShouldReturnIndexNotFoundError" computerName="PPITM80-M0317" duration="00:00:00.0024730" startTime="2025-09-08T07:17:57.3736853-05:00" endTime="2025-09-08T07:17:57.3761583-05:00" testType="13cdc9d9-ddb5-4fa4-a97d-d965ccfc6d4b" outcome="Passed" testListId="8c84fa94-04c1-424b-9868-57a2d4851a1d" relativeResultsDirectory="da9be683-1fa1-43c3-b038-3a9f19e7b49a" />
    <UnitTestResult executionId="6b6e0ccd-133a-4f55-a306-5e3e12bdacd8" testId="eed83322-98cb-a81b-359f-d05a5291974b" testName="GetFileName_Should_Extract_File_Name" computerName="PPITM80-M0317" duration="00:00:00.0005380" startTime="2025-09-08T07:17:56.9682215-05:00" endTime="2025-09-08T07:17:56.9687589-05:00" testType="13cdc9d9-ddb5-4fa4-a97d-d965ccfc6d4b" outcome="Passed" testListId="8c84fa94-04c1-424b-9868-57a2d4851a1d" relativeResultsDirectory="6b6e0ccd-133a-4f55-a306-5e3e12bdacd8" />
    <UnitTestResult executionId="cb31bc3d-e7a1-408b-ae35-7ef91e1647cc" testId="d3e136b8-5a0a-a773-d9e9-8101eb1d6114" testName="ExecuteAsync_Should_Cache_Successful_Results" computerName="PPITM80-M0317" duration="00:00:00.0096980" startTime="2025-09-08T07:17:58.3278997-05:00" endTime="2025-09-08T07:17:58.3375972-05:00" testType="13cdc9d9-ddb5-4fa4-a97d-d965ccfc6d4b" outcome="Passed" testListId="8c84fa94-04c1-424b-9868-57a2d4851a1d" relativeResultsDirectory="cb31bc3d-e7a1-408b-ae35-7ef91e1647cc" />
    <UnitTestResult executionId="6350e1c4-0fc1-422d-978b-438554150219" testId="822d575c-063c-8256-e5c3-5aaf7cd9adad" testName="FileSystemOperations_NullSafePatterns_NoWarnings" computerName="PPITM80-M0317" duration="00:00:00.0024870" startTime="2025-09-08T07:17:57.1980350-05:00" endTime="2025-09-08T07:17:57.2005214-05:00" testType="13cdc9d9-ddb5-4fa4-a97d-d965ccfc6d4b" outcome="Passed" testListId="8c84fa94-04c1-424b-9868-57a2d4851a1d" relativeResultsDirectory="6350e1c4-0fc1-422d-978b-438554150219" />
    <UnitTestResult executionId="ae98df4e-4a2a-4c0a-832e-117f31208580" testId="ea2ecd82-8e48-b7ef-0d3e-d585ac8573df" testName="Description_ContainsKeyPhrases" computerName="PPITM80-M0317" duration="00:00:00.0028570" startTime="2025-09-08T07:17:57.2557714-05:00" endTime="2025-09-08T07:17:57.2586279-05:00" testType="13cdc9d9-ddb5-4fa4-a97d-d965ccfc6d4b" outcome="Passed" testListId="8c84fa94-04c1-424b-9868-57a2d4851a1d" relativeResultsDirectory="ae98df4e-4a2a-4c0a-832e-117f31208580" />
    <UnitTestResult executionId="8346d6cd-9893-4712-90a1-7af3ff9013c9" testId="4c8ef48e-75cc-341a-e3dc-793efb6435c2" testName="EditCSharpClass_AddUsingStatements_PreservesOrder" computerName="PPITM80-M0317" duration="00:00:00.0123540" startTime="2025-09-08T07:17:55.9143863-05:00" endTime="2025-09-08T07:17:55.9267394-05:00" testType="13cdc9d9-ddb5-4fa4-a97d-d965ccfc6d4b" outcome="Passed" testListId="8c84fa94-04c1-424b-9868-57a2d4851a1d" relativeResultsDirectory="8346d6cd-9893-4712-90a1-7af3ff9013c9" />
    <UnitTestResult executionId="975c9868-79d2-4582-926b-473cde16b053" testId="6f53bf7e-541f-a5ff-9b16-0830ed486e02" testName="ExecuteAsync_Should_Handle_Type_Extraction_Failure" computerName="PPITM80-M0317" duration="00:00:00.0103440" startTime="2025-09-08T07:17:57.7377946-05:00" endTime="2025-09-08T07:17:57.7481384-05:00" testType="13cdc9d9-ddb5-4fa4-a97d-d965ccfc6d4b" outcome="Passed" testListId="8c84fa94-04c1-424b-9868-57a2d4851a1d" relativeResultsDirectory="975c9868-79d2-4582-926b-473cde16b053" />
    <UnitTestResult executionId="b9f341b1-ecea-48f0-bb76-022265ec8032" testId="88145d39-7c2b-475a-e6fd-804e9d2c5414" testName="ExecuteAsync_Should_Use_ResponseMode_Based_MaxResults" computerName="PPITM80-M0317" duration="00:00:00.0076440" startTime="2025-09-08T07:17:58.4066179-05:00" endTime="2025-09-08T07:17:58.4142616-05:00" testType="13cdc9d9-ddb5-4fa4-a97d-d965ccfc6d4b" outcome="Passed" testListId="8c84fa94-04c1-424b-9868-57a2d4851a1d" relativeResultsDirectory="b9f341b1-ecea-48f0-bb76-022265ec8032" />
    <UnitTestResult executionId="9bc848d5-0640-4cca-85ac-5467e4c5177b" testId="1db6a257-3d49-dc8a-db0e-7d6b298bc39e" testName="TestGlobPatternMatching" computerName="PPITM80-M0317" duration="00:00:00.0014290" startTime="2025-09-08T07:17:57.3816636-05:00" endTime="2025-09-08T07:17:57.3830924-05:00" testType="13cdc9d9-ddb5-4fa4-a97d-d965ccfc6d4b" outcome="Passed" testListId="8c84fa94-04c1-424b-9868-57a2d4851a1d" relativeResultsDirectory="9bc848d5-0640-4cca-85ac-5467e4c5177b">
      <Output>
        <StdOut>Pattern: *&#xD;
Regex: ^.*$&#xD;
  src: True&#xD;
  components: True&#xD;
  tests: True&#xD;
  unit: True</StdOut>
      </Output>
    </UnitTestResult>
    <UnitTestResult executionId="04f77ca6-20d8-4932-ad7f-9cb4d4bdbd54" testId="630e9802-3830-6ab7-b2a2-da3bc6b08053" testName="Should_Handle_Interface_Methods" computerName="PPITM80-M0317" duration="00:00:00.0006810" startTime="2025-09-08T07:17:57.1900508-05:00" endTime="2025-09-08T07:17:57.1907312-05:00" testType="13cdc9d9-ddb5-4fa4-a97d-d965ccfc6d4b" outcome="Passed" testListId="8c84fa94-04c1-424b-9868-57a2d4851a1d" relativeResultsDirectory="04f77ca6-20d8-4932-ad7f-9cb4d4bdbd54" />
    <UnitTestResult executionId="c447b22f-ee02-49d8-b195-8bc02dccfefa" testId="2266f8d1-c07a-4157-2a09-e13f5a3ebdf9" testName="ExecuteAsync_IndexNotFound_ReturnsError" computerName="PPITM80-M0317" duration="00:00:00.0024760" startTime="2025-09-08T07:17:57.9885612-05:00" endTime="2025-09-08T07:17:57.9910371-05:00" testType="13cdc9d9-ddb5-4fa4-a97d-d965ccfc6d4b" outcome="Passed" testListId="8c84fa94-04c1-424b-9868-57a2d4851a1d" relativeResultsDirectory="c447b22f-ee02-49d8-b195-8bc02dccfefa" />
    <UnitTestResult executionId="02cd6a2f-91c9-4fba-a7b2-cddbf92fccbe" testId="3dba743f-1dfa-642a-f863-d8cd5566b6a0" testName="ExecuteAsync_InvalidEndLine_ReturnsError" computerName="PPITM80-M0317" duration="00:00:00.0032740" startTime="2025-09-08T07:17:57.2777452-05:00" endTime="2025-09-08T07:17:57.2810195-05:00" testType="13cdc9d9-ddb5-4fa4-a97d-d965ccfc6d4b" outcome="Passed" testListId="8c84fa94-04c1-424b-9868-57a2d4851a1d" relativeResultsDirectory="02cd6a2f-91c9-4fba-a7b2-cddbf92fccbe" />
    <UnitTestResult executionId="dcfdc866-3730-476d-a61e-55bdfd8113d1" testId="9796d5e0-1095-4ab6-88f8-3d8e2a604d5b" testName="NullableDereference_DictionaryValues_SafeAccess" computerName="PPITM80-M0317" duration="00:00:00.0006380" startTime="2025-09-08T07:17:56.2038971-05:00" endTime="2025-09-08T07:17:56.2045348-05:00" testType="13cdc9d9-ddb5-4fa4-a97d-d965ccfc6d4b" outcome="Passed" testListId="8c84fa94-04c1-424b-9868-57a2d4851a1d" relativeResultsDirectory="dcfdc866-3730-476d-a61e-55bdfd8113d1" />
    <UnitTestResult executionId="9cc63d5d-5caa-40ab-94e3-6a3a54ccdfe1" testId="b206608e-3d29-9a6f-bc01-53c268ea4241" testName="ExecuteAsync_Should_Rebuild_Index_When_Force_Rebuild_Is_True" computerName="PPITM80-M0317" duration="00:00:00.0040159" startTime="2025-09-08T07:17:57.8595122-05:00" endTime="2025-09-08T07:17:57.8635278-05:00" testType="13cdc9d9-ddb5-4fa4-a97d-d965ccfc6d4b" outcome="Passed" testListId="8c84fa94-04c1-424b-9868-57a2d4851a1d" relativeResultsDirectory="9cc63d5d-5caa-40ab-94e3-6a3a54ccdfe1" />
    <UnitTestResult executionId="8762fe68-8576-46b0-950d-132dd9ab6d28" testId="34072cc7-629b-2658-b50c-132bbec0e5ed" testName="CalculateConfidence_RealWorldScenario_CommentVsCode" computerName="PPITM80-M0317" duration="00:00:00.0386289" startTime="2025-09-08T07:17:56.2191415-05:00" endTime="2025-09-08T07:17:56.2577698-05:00" testType="13cdc9d9-ddb5-4fa4-a97d-d965ccfc6d4b" outcome="Passed" testListId="8c84fa94-04c1-424b-9868-57a2d4851a1d" relativeResultsDirectory="8762fe68-8576-46b0-950d-132dd9ab6d28" />
    <UnitTestResult executionId="18b01ea5-01a5-444b-b8f4-d8d95f76e696" testId="be4b1344-9069-5b47-a319-2e4cc8a32ac3" testName="ExecuteAsync_InvalidStartLine_ReturnsError" computerName="PPITM80-M0317" duration="00:00:00.0030280" startTime="2025-09-08T07:17:58.0704192-05:00" endTime="2025-09-08T07:17:58.0734467-05:00" testType="13cdc9d9-ddb5-4fa4-a97d-d965ccfc6d4b" outcome="Passed" testListId="8c84fa94-04c1-424b-9868-57a2d4851a1d" relativeResultsDirectory="18b01ea5-01a5-444b-b8f4-d8d95f76e696" />
    <UnitTestResult executionId="e7052d26-9c1c-4675-bbba-abc4d38e65e5" testId="7a16c79c-6845-354d-9577-016988f18c85" testName="DiffValidator_UTF8BOMPreservation_ShouldValidateCorrectly" computerName="PPITM80-M0317" duration="00:00:00.0041480" startTime="2025-09-08T07:17:55.4371639-05:00" endTime="2025-09-08T07:17:55.4413109-05:00" testType="13cdc9d9-ddb5-4fa4-a97d-d965ccfc6d4b" outcome="Passed" testListId="8c84fa94-04c1-424b-9868-57a2d4851a1d" relativeResultsDirectory="e7052d26-9c1c-4675-bbba-abc4d38e65e5" />
    <UnitTestResult executionId="1298c5d3-2786-4a94-b72d-1ddce3284aad" testId="dfd3a63c-e227-5332-c621-a8751babd1a4" testName="FileExists_Should_Return_False_For_NonExistent_File" computerName="PPITM80-M0317" duration="00:00:00.0005930" startTime="2025-09-08T07:17:56.9624507-05:00" endTime="2025-09-08T07:17:56.9630436-05:00" testType="13cdc9d9-ddb5-4fa4-a97d-d965ccfc6d4b" outcome="Passed" testListId="8c84fa94-04c1-424b-9868-57a2d4851a1d" relativeResultsDirectory="1298c5d3-2786-4a94-b72d-1ddce3284aad" />
    <UnitTestResult executionId="7f47669c-528a-49a1-a1a0-f14cf1b5a7e8" testId="2bd0d672-c2c5-aca9-dbd3-9ce7376f1b88" testName="ExecuteAsync_Should_Create_New_Index_When_None_Exists" computerName="PPITM80-M0317" duration="00:00:00.0231929" startTime="2025-09-08T07:17:57.8219156-05:00" endTime="2025-09-08T07:17:57.8451083-05:00" testType="13cdc9d9-ddb5-4fa4-a97d-d965ccfc6d4b" outcome="Passed" testListId="8c84fa94-04c1-424b-9868-57a2d4851a1d" relativeResultsDirectory="7f47669c-528a-49a1-a1a0-f14cf1b5a7e8" />
    <UnitTestResult executionId="40fee806-366e-4a8d-adce-d5e035d21fec" testId="ce06ba38-12e2-bfe6-fb43-78086f861f86" testName="ExecuteAsync_DeleteLastLine_WorksCorrectly" computerName="PPITM80-M0317" duration="00:00:00.0044320" startTime="2025-09-08T07:17:57.2732978-05:00" endTime="2025-09-08T07:17:57.2777291-05:00" testType="13cdc9d9-ddb5-4fa4-a97d-d965ccfc6d4b" outcome="Passed" testListId="8c84fa94-04c1-424b-9868-57a2d4851a1d" relativeResultsDirectory="40fee806-366e-4a8d-adce-d5e035d21fec" />
    <UnitTestResult executionId="2fc88e1a-96dc-4cf9-909e-67e9076c036a" testId="d975f63f-5e92-66d2-a4f7-4775138e65da" testName="ExecuteAsync_Should_Return_Recent_Files_When_Found" computerName="PPITM80-M0317" duration="00:00:00.0029660" startTime="2025-09-08T07:17:58.0314169-05:00" endTime="2025-09-08T07:17:58.0343833-05:00" testType="13cdc9d9-ddb5-4fa4-a97d-d965ccfc6d4b" outcome="Passed" testListId="8c84fa94-04c1-424b-9868-57a2d4851a1d" relativeResultsDirectory="2fc88e1a-96dc-4cf9-909e-67e9076c036a" />
    <UnitTestResult executionId="3c29685d-0d24-46a9-90c1-97fe06b05519" testId="c6b65c98-ccbc-7df3-e37f-f4694a6d7677" testName="CalculateConfidence_RealWorldScenario_MethodCallVsDefinition" computerName="PPITM80-M0317" duration="00:00:00.0358510" startTime="2025-09-08T07:17:56.2578068-05:00" endTime="2025-09-08T07:17:56.2936570-05:00" testType="13cdc9d9-ddb5-4fa4-a97d-d965ccfc6d4b" outcome="Passed" testListId="8c84fa94-04c1-424b-9868-57a2d4851a1d" relativeResultsDirectory="3c29685d-0d24-46a9-90c1-97fe06b05519" />
    <UnitTestResult executionId="bc1b7461-4df6-4dac-8986-ce5b0a6826b6" testId="e74ca356-302c-d244-498c-021a1f823191" testName="ExecuteAsync_Should_Use_Cache_When_Available" computerName="PPITM80-M0317" duration="00:00:00.0041020" startTime="2025-09-08T07:17:58.0403717-05:00" endTime="2025-09-08T07:17:58.0444729-05:00" testType="13cdc9d9-ddb5-4fa4-a97d-d965ccfc6d4b" outcome="Passed" testListId="8c84fa94-04c1-424b-9868-57a2d4851a1d" relativeResultsDirectory="bc1b7461-4df6-4dac-8986-ce5b0a6826b6" />
    <UnitTestResult executionId="3f7acc7f-21d0-47d3-8dfe-b6038151850a" testId="77273a27-6c99-f378-1b00-974f26b97bd0" testName="ExecuteAsync_Should_Extract_Symbols_Successfully" computerName="PPITM80-M0317" duration="00:00:00.0037210" startTime="2025-09-08T07:17:57.7253761-05:00" endTime="2025-09-08T07:17:57.7290965-05:00" testType="13cdc9d9-ddb5-4fa4-a97d-d965ccfc6d4b" outcome="Passed" testListId="8c84fa94-04c1-424b-9868-57a2d4851a1d" relativeResultsDirectory="3f7acc7f-21d0-47d3-8dfe-b6038151850a" />
    <UnitTestResult executionId="51eae0f1-2e5f-402e-be45-bf3ae0efd7f9" testId="a7c88a6a-fde8-12e9-433b-e91055519590" testName="ExecuteAsync_Should_Handle_Indexing_Failure" computerName="PPITM80-M0317" duration="00:00:00.0034230" startTime="2025-09-08T07:17:57.8451391-05:00" endTime="2025-09-08T07:17:57.8485622-05:00" testType="13cdc9d9-ddb5-4fa4-a97d-d965ccfc6d4b" outcome="Passed" testListId="8c84fa94-04c1-424b-9868-57a2d4851a1d" relativeResultsDirectory="51eae0f1-2e5f-402e-be45-bf3ae0efd7f9" />
    <UnitTestResult executionId="c81e5da1-0268-41c5-a673-6db9510596f5" testId="75df59d1-a393-9e0d-ba4a-bb2ffc775a87" testName="ExecuteAsync_Should_Validate_Required_Parameters" computerName="PPITM80-M0317" duration="00:00:00.0035590" startTime="2025-09-08T07:17:58.4203720-05:00" endTime="2025-09-08T07:17:58.4239311-05:00" testType="13cdc9d9-ddb5-4fa4-a97d-d965ccfc6d4b" outcome="Passed" testListId="8c84fa94-04c1-424b-9868-57a2d4851a1d" relativeResultsDirectory="c81e5da1-0268-41c5-a673-6db9510596f5" />
    <UnitTestResult executionId="f72e7008-8ee9-48df-b90a-1181adc90c5c" testId="5d5fb8b4-c2e5-6615-593f-fb4afc53ab6d" testName="RegressionTest_WarningFixesIntact_NoRegressionDetected" computerName="PPITM80-M0317" duration="00:00:01.5209790" startTime="2025-09-08T07:17:53.8218635-05:00" endTime="2025-09-08T07:17:55.3428417-05:00" testType="13cdc9d9-ddb5-4fa4-a97d-d965ccfc6d4b" outcome="Passed" testListId="8c84fa94-04c1-424b-9868-57a2d4851a1d" relativeResultsDirectory="f72e7008-8ee9-48df-b90a-1181adc90c5c">
      <Output>
        <StdOut>No regression detected - warning fixes are intact.</StdOut>
      </Output>
    </UnitTestResult>
    <UnitTestResult executionId="1fb373ee-a08f-44ae-8519-4aba4bfc5ce7" testId="e9863060-8236-3957-3f02-267d82bbb4bb" testName="ExecuteAsync_Should_Use_Adaptive_Response_Mode_By_Default" computerName="PPITM80-M0317" duration="00:00:00.0130580" startTime="2025-09-08T07:17:58.3933967-05:00" endTime="2025-09-08T07:17:58.4064532-05:00" testType="13cdc9d9-ddb5-4fa4-a97d-d965ccfc6d4b" outcome="Passed" testListId="8c84fa94-04c1-424b-9868-57a2d4851a1d" relativeResultsDirectory="1fb373ee-a08f-44ae-8519-4aba4bfc5ce7" />
    <UnitTestResult executionId="12538fb6-e9ab-4968-9c45-e79972bdb125" testId="2fafc078-2867-30f8-00bf-d16df72c938d" testName="ObjectInitialization_ProperNonNullableFields_NoWarnings" computerName="PPITM80-M0317" duration="00:00:00.0005330" startTime="2025-09-08T07:17:57.2040122-05:00" endTime="2025-09-08T07:17:57.2045452-05:00" testType="13cdc9d9-ddb5-4fa4-a97d-d965ccfc6d4b" outcome="Passed" testListId="8c84fa94-04c1-424b-9868-57a2d4851a1d" relativeResultsDirectory="12538fb6-e9ab-4968-9c45-e79972bdb125" />
    <UnitTestResult executionId="c53ce53f-c004-495b-9bb2-31609dc1b7c1" testId="1b3e9202-1469-5cbe-6f19-15b3f0a96209" testName="Name_ReturnsCorrectValue" computerName="PPITM80-M0317" duration="00:00:00.0026650" startTime="2025-09-08T07:17:57.3101399-05:00" endTime="2025-09-08T07:17:57.3128044-05:00" testType="13cdc9d9-ddb5-4fa4-a97d-d965ccfc6d4b" outcome="Passed" testListId="8c84fa94-04c1-424b-9868-57a2d4851a1d" relativeResultsDirectory="c53ce53f-c004-495b-9bb2-31609dc1b7c1" />
    <UnitTestResult executionId="e9295f4c-94d9-439d-8159-7097df1bd9cf" testId="ffe22006-d59e-d5b9-594d-2f2c99f21f4e" testName="CalculateConfidence_WithEnumDefinition_ShouldReturnHighConfidence" computerName="PPITM80-M0317" duration="00:00:00.0053340" startTime="2025-09-08T07:17:56.4534230-05:00" endTime="2025-09-08T07:17:56.4587557-05:00" testType="13cdc9d9-ddb5-4fa4-a97d-d965ccfc6d4b" outcome="Passed" testListId="8c84fa94-04c1-424b-9868-57a2d4851a1d" relativeResultsDirectory="e9295f4c-94d9-439d-8159-7097df1bd9cf" />
    <UnitTestResult executionId="b982ce73-4639-468c-932f-df238e1093e3" testId="af638e53-7ced-ec35-5924-1326b1119cb1" testName="EditCSharpClass_ModifyConstructor_HandlesParameters" computerName="PPITM80-M0317" duration="00:00:00.0056440" startTime="2025-09-08T07:17:55.9381566-05:00" endTime="2025-09-08T07:17:55.9438000-05:00" testType="13cdc9d9-ddb5-4fa4-a97d-d965ccfc6d4b" outcome="Passed" testListId="8c84fa94-04c1-424b-9868-57a2d4851a1d" relativeResultsDirectory="b982ce73-4639-468c-932f-df238e1093e3" />
    <UnitTestResult executionId="1f93308c-7ede-4947-b9b9-56a50299bd02" testId="d983592f-04d6-4124-4e25-d6b7d8e18942" testName="EditLargeFile_MaintainsPerformance" computerName="PPITM80-M0317" duration="00:00:00.0486840" startTime="2025-09-08T07:17:55.9688524-05:00" endTime="2025-09-08T07:17:56.0175343-05:00" testType="13cdc9d9-ddb5-4fa4-a97d-d965ccfc6d4b" outcome="Passed" testListId="8c84fa94-04c1-424b-9868-57a2d4851a1d" relativeResultsDirectory="1f93308c-7ede-4947-b9b9-56a50299bd02" />
    <UnitTestResult executionId="72c47fe3-a1df-4480-af7e-efac125ffa74" testId="aa89e23a-3f8c-56b4-8c8d-47eb0b717bfa" testName="EnhanceWithSnippetsAsync_Should_Handle_Valid_Query_Without_Error" computerName="PPITM80-M0317" duration="00:00:00.0009520" startTime="2025-09-08T07:17:57.1728496-05:00" endTime="2025-09-08T07:17:57.1738015-05:00" testType="13cdc9d9-ddb5-4fa4-a97d-d965ccfc6d4b" outcome="Passed" testListId="8c84fa94-04c1-424b-9868-57a2d4851a1d" relativeResultsDirectory="72c47fe3-a1df-4480-af7e-efac125ffa74" />
    <UnitTestResult executionId="83cb6120-9d67-4191-94c3-4c0173ba10ff" testId="8725f3d7-c329-cfac-aa7c-a6e1820e7979" testName="Debug_Task_Return_Method" computerName="PPITM80-M0317" duration="00:00:00.0007790" startTime="2025-09-08T07:17:57.1865860-05:00" endTime="2025-09-08T07:17:57.1873647-05:00" testType="13cdc9d9-ddb5-4fa4-a97d-d965ccfc6d4b" outcome="Passed" testListId="8c84fa94-04c1-424b-9868-57a2d4851a1d" relativeResultsDirectory="83cb6120-9d67-4191-94c3-4c0173ba10ff">
      <Output>
        <StdOut>Method Name: AsyncVoidMethod&#xD;
Return Type: 'Task'&#xD;
Signature: public Task AsyncVoidMethod() { return Task.CompletedTask; }&#xD;
Modifiers: public</StdOut>
      </Output>
    </UnitTestResult>
    <UnitTestResult executionId="2a075923-8971-4d12-8432-f8d00902e652" testId="e80aa2f2-25f1-6aee-f6a5-d9e6140d1aa0" testName="BuildValidation_CriticalFiles_ExistAndAccessible" computerName="PPITM80-M0317" duration="00:00:00.0143570" startTime="2025-09-08T07:17:49.0149433-05:00" endTime="2025-09-08T07:17:49.0292732-05:00" testType="13cdc9d9-ddb5-4fa4-a97d-d965ccfc6d4b" outcome="Passed" testListId="8c84fa94-04c1-424b-9868-57a2d4851a1d" relativeResultsDirectory="2a075923-8971-4d12-8432-f8d00902e652">
      <Output>
        <StdOut>All 2 critical files are present and accessible.</StdOut>
      </Output>
    </UnitTestResult>
    <UnitTestResult executionId="ae889f43-7dac-4683-8dac-8f3084a53efc" testId="a90f6a83-4ab2-5198-0e57-89e320db99a6" testName="ComputeWorkspaceHash_Should_Generate_8_Character_Hash" computerName="PPITM80-M0317" duration="00:00:00.0011240" startTime="2025-09-08T07:17:56.9395727-05:00" endTime="2025-09-08T07:17:56.9406967-05:00" testType="13cdc9d9-ddb5-4fa4-a97d-d965ccfc6d4b" outcome="Passed" testListId="8c84fa94-04c1-424b-9868-57a2d4851a1d" relativeResultsDirectory="ae889f43-7dac-4683-8dac-8f3084a53efc" />
    <UnitTestResult executionId="04efe87f-6258-4417-af2b-8515847df931" testId="adead643-4667-edbb-19dd-4ef520bce0a6" testName="ExecuteAsync_Should_Not_Detect_ConfigureAwait_In_Console_App" computerName="PPITM80-M0317" duration="00:00:00.0075300" startTime="2025-09-08T07:17:57.5881512-05:00" endTime="2025-09-08T07:17:57.5956814-05:00" testType="13cdc9d9-ddb5-4fa4-a97d-d965ccfc6d4b" outcome="Passed" testListId="8c84fa94-04c1-424b-9868-57a2d4851a1d" relativeResultsDirectory="04efe87f-6258-4417-af2b-8515847df931">
      <Output>
        <StdOut>DEBUG: Type extraction success: True</StdOut>
      </Output>
    </UnitTestResult>
    <UnitTestResult executionId="f8bfa28b-2711-4708-b812-35a00af00bbb" testId="c47498ed-68a9-571c-51c2-a0fdf3a01d98" testName="ExecuteAsync_Should_Detect_Empty_Catch_Blocks" computerName="PPITM80-M0317" duration="00:00:00.0050760" startTime="2025-09-08T07:17:57.5264982-05:00" endTime="2025-09-08T07:17:57.5315739-05:00" testType="13cdc9d9-ddb5-4fa4-a97d-d965ccfc6d4b" outcome="Passed" testListId="8c84fa94-04c1-424b-9868-57a2d4851a1d" relativeResultsDirectory="f8bfa28b-2711-4708-b812-35a00af00bbb">
      <Output>
        <StdOut>DEBUG: Type extraction success: True</StdOut>
      </Output>
    </UnitTestResult>
    <UnitTestResult executionId="cdfca20e-6af6-43b8-ac1c-911d8d9efd5b" testId="cd73938c-ec85-d716-8919-2daacbf8d510" testName="ExecuteAsync_Should_Handle_File_Read_Error" computerName="PPITM80-M0317" duration="00:00:00.0086009" startTime="2025-09-08T07:17:57.7291092-05:00" endTime="2025-09-08T07:17:57.7377098-05:00" testType="13cdc9d9-ddb5-4fa4-a97d-d965ccfc6d4b" outcome="Passed" testListId="8c84fa94-04c1-424b-9868-57a2d4851a1d" relativeResultsDirectory="cdfca20e-6af6-43b8-ac1c-911d8d9efd5b" />
    <UnitTestResult executionId="dc68ff2f-e6d1-4146-b77e-e58825300c2c" testId="22a3245c-8cb4-74c9-db31-ee1f39e8557d" testName="ExecuteAsync_ReplaceLineRange_ReplacesCorrectRange" computerName="PPITM80-M0317" duration="00:00:00.0151680" startTime="2025-09-08T07:17:58.0954508-05:00" endTime="2025-09-08T07:17:58.1106180-05:00" testType="13cdc9d9-ddb5-4fa4-a97d-d965ccfc6d4b" outcome="Passed" testListId="8c84fa94-04c1-424b-9868-57a2d4851a1d" relativeResultsDirectory="dc68ff2f-e6d1-4146-b77e-e58825300c2c" />
    <UnitTestResult executionId="85701cab-708d-41ac-b113-bdde0655daf8" testId="94fe149f-c924-a2f8-62a2-d566a776459a" testName="ExecuteAsync_ValidSymbolName_ReturnsReferences" computerName="PPITM80-M0317" duration="00:00:00.0119290" startTime="2025-09-08T07:17:57.6731298-05:00" endTime="2025-09-08T07:17:57.6850579-05:00" testType="13cdc9d9-ddb5-4fa4-a97d-d965ccfc6d4b" outcome="Passed" testListId="8c84fa94-04c1-424b-9868-57a2d4851a1d" relativeResultsDirectory="85701cab-708d-41ac-b113-bdde0655daf8" />
    <UnitTestResult executionId="332d07db-02ac-4123-ab6a-20ed89646deb" testId="9db8600d-9030-4fcc-0b7c-2880aaf6b24a" testName="GetFullPath_Should_Handle_Relative_Path" computerName="PPITM80-M0317" duration="00:00:00.0006350" startTime="2025-09-08T07:17:56.9692234-05:00" endTime="2025-09-08T07:17:56.9698581-05:00" testType="13cdc9d9-ddb5-4fa4-a97d-d965ccfc6d4b" outcome="Passed" testListId="8c84fa94-04c1-424b-9868-57a2d4851a1d" relativeResultsDirectory="332d07db-02ac-4123-ab6a-20ed89646deb" />
    <UnitTestResult executionId="fbe3cba5-05bd-4e16-bfaa-cb1b71e5cec0" testId="c96e5d81-b256-f00e-b610-afd5c552d8ad" testName="EnhanceWithSnippetsAsync_Should_Handle_FieldPrefixedWildcardQueries_WithoutException(&quot;filename:*Controller.cs&quot;)" computerName="PPITM80-M0317" duration="00:00:00.0022500" startTime="2025-09-08T07:17:57.1502517-05:00" endTime="2025-09-08T07:17:57.1525011-05:00" testType="13cdc9d9-ddb5-4fa4-a97d-d965ccfc6d4b" outcome="Passed" testListId="8c84fa94-04c1-424b-9868-57a2d4851a1d" relativeResultsDirectory="fbe3cba5-05bd-4e16-bfaa-cb1b71e5cec0" />
    <UnitTestResult executionId="cc8b009d-0f65-404a-9302-adf35e4e4473" testId="700958b8-cf2b-f6fa-44ad-db1d832d032c" testName="ExecuteAsync_EmptyContent_ReturnsError" computerName="PPITM80-M0317" duration="00:00:00.0028990" startTime="2025-09-08T07:17:57.9181728-05:00" endTime="2025-09-08T07:17:57.9210720-05:00" testType="13cdc9d9-ddb5-4fa4-a97d-d965ccfc6d4b" outcome="Passed" testListId="8c84fa94-04c1-424b-9868-57a2d4851a1d" relativeResultsDirectory="cc8b009d-0f65-404a-9302-adf35e4e4473" />
    <UnitTestResult executionId="34f85652-ded6-4c93-b2d5-76197ffa59c3" testId="1844aff1-5129-cdc0-e8f8-17d8c715d865" testName="ExecuteAsync_Should_Detect_Async_Without_ConfigureAwait" computerName="PPITM80-M0317" duration="00:00:00.0095500" startTime="2025-09-08T07:17:57.5169264-05:00" endTime="2025-09-08T07:17:57.5264766-05:00" testType="13cdc9d9-ddb5-4fa4-a97d-d965ccfc6d4b" outcome="Passed" testListId="8c84fa94-04c1-424b-9868-57a2d4851a1d" relativeResultsDirectory="34f85652-ded6-4c93-b2d5-76197ffa59c3">
      <Output>
        <StdOut>DEBUG: Type extraction success: True</StdOut>
      </Output>
    </UnitTestResult>
    <UnitTestResult executionId="d4b0ce8b-5b0b-4c5c-b0c1-b2f02ed31eb5" testId="3b6c7f8b-3025-2477-d3a9-0e98794ab613" testName="ReplaceLines_WithMixedIndentation_ShouldPreserveConsistentStyle" computerName="PPITM80-M0317" duration="00:00:00.0046460" startTime="2025-09-08T07:17:57.8171570-05:00" endTime="2025-09-08T07:17:57.8218028-05:00" testType="13cdc9d9-ddb5-4fa4-a97d-d965ccfc6d4b" outcome="Passed" testListId="8c84fa94-04c1-424b-9868-57a2d4851a1d" relativeResultsDirectory="d4b0ce8b-5b0b-4c5c-b0c1-b2f02ed31eb5" />
    <UnitTestResult executionId="1b881e84-5194-46ea-9a2e-f4e500d5ed73" testId="840ca367-019a-4b49-bbb9-877852e06204" testName="EnhanceWithSnippetsAsync_Should_Handle_FieldPrefixedWildcardQueries_WithoutException(&quot;extension:*.json&quot;)" computerName="PPITM80-M0317" duration="00:00:00.0005180" startTime="2025-09-08T07:17:57.1539503-05:00" endTime="2025-09-08T07:17:57.1544686-05:00" testType="13cdc9d9-ddb5-4fa4-a97d-d965ccfc6d4b" outcome="Passed" testListId="8c84fa94-04c1-424b-9868-57a2d4851a1d" relativeResultsDirectory="1b881e84-5194-46ea-9a2e-f4e500d5ed73" />
    <UnitTestResult executionId="06729663-5109-4f36-b911-c229d04d806a" testId="8abee6a6-94c6-2eab-4f04-f3aa86f43b78" testName="ExecuteAsync_ValidSymbolName_ReturnsDefinition" computerName="PPITM80-M0317" duration="00:00:00.0036580" startTime="2025-09-08T07:17:57.8039609-05:00" endTime="2025-09-08T07:17:57.8076188-05:00" testType="13cdc9d9-ddb5-4fa4-a97d-d965ccfc6d4b" outcome="Passed" testListId="8c84fa94-04c1-424b-9868-57a2d4851a1d" relativeResultsDirectory="06729663-5109-4f36-b911-c229d04d806a" />
    <UnitTestResult executionId="91854ebb-b7ec-4165-8cda-008e041bfe41" testId="9c0b05bf-f5e7-7c8d-2fb8-c8f6375a2eb1" testName="ExecuteAsync_StartLineGreaterThanEndLine_ReturnsError" computerName="PPITM80-M0317" duration="00:00:00.0035550" startTime="2025-09-08T07:17:57.2964206-05:00" endTime="2025-09-08T07:17:57.2999757-05:00" testType="13cdc9d9-ddb5-4fa4-a97d-d965ccfc6d4b" outcome="Passed" testListId="8c84fa94-04c1-424b-9868-57a2d4851a1d" relativeResultsDirectory="91854ebb-b7ec-4165-8cda-008e041bfe41" />
    <UnitTestResult executionId="2ed082b1-7b1d-4a2a-8e43-594d37f415cb" testId="246ad3e6-71bc-61fc-c8ba-ee2627d04cda" testName="FindPatternsResult_Should_Calculate_Summaries_Correctly" computerName="PPITM80-M0317" duration="00:00:00.0068140" startTime="2025-09-08T07:17:57.6058193-05:00" endTime="2025-09-08T07:17:57.6126328-05:00" testType="13cdc9d9-ddb5-4fa4-a97d-d965ccfc6d4b" outcome="Passed" testListId="8c84fa94-04c1-424b-9868-57a2d4851a1d" relativeResultsDirectory="2ed082b1-7b1d-4a2a-8e43-594d37f415cb" />
    <UnitTestResult executionId="432c3588-6b64-4906-a6e9-3e42143bb5f4" testId="6a0457b2-a3b5-f21c-34c9-5bd6c9262a88" testName="ExecuteAsync_Should_Validate_Required_Parameters" computerName="PPITM80-M0317" duration="00:00:00.0019130" startTime="2025-09-08T07:17:57.8842202-05:00" endTime="2025-09-08T07:17:57.8861332-05:00" testType="13cdc9d9-ddb5-4fa4-a97d-d965ccfc6d4b" outcome="Passed" testListId="8c84fa94-04c1-424b-9868-57a2d4851a1d" relativeResultsDirectory="432c3588-6b64-4906-a6e9-3e42143bb5f4" />
    <UnitTestResult executionId="3a2bec64-a11d-452d-94f8-861b9f334a68" testId="b2f947a9-5ebd-89e8-5f9c-55078a1bde5c" testName="ExecuteAsync_NoDuplicateLines_FixesCarriageReturnBug" computerName="PPITM80-M0317" duration="00:00:00.0144870" startTime="2025-09-08T07:17:58.1969833-05:00" endTime="2025-09-08T07:17:58.2114697-05:00" testType="13cdc9d9-ddb5-4fa4-a97d-d965ccfc6d4b" outcome="Passed" testListId="8c84fa94-04c1-424b-9868-57a2d4851a1d" relativeResultsDirectory="3a2bec64-a11d-452d-94f8-861b9f334a68" />
    <UnitTestResult executionId="8afb270e-8bbd-4b93-8acc-bf1620cea581" testId="e1dc1fb8-c131-bfac-35bb-827b770d4634" testName="ExecuteAsync_Should_Skip_Cache_When_NoCache_Is_True" computerName="PPITM80-M0317" duration="00:00:00.0032659" startTime="2025-09-08T07:17:58.0343963-05:00" endTime="2025-09-08T07:17:58.0376624-05:00" testType="13cdc9d9-ddb5-4fa4-a97d-d965ccfc6d4b" outcome="Passed" testListId="8c84fa94-04c1-424b-9868-57a2d4851a1d" relativeResultsDirectory="8afb270e-8bbd-4b93-8acc-bf1620cea581" />
    <UnitTestResult executionId="a92166a4-b18f-49b4-94be-4e6e6419799e" testId="25211c2a-1548-93dd-2ce0-1c8ef9938476" testName="ExecuteAsync_Should_Perform_Search_And_Return_Results" computerName="PPITM80-M0317" duration="00:00:00.0061820" startTime="2025-09-08T07:17:58.3445113-05:00" endTime="2025-09-08T07:17:58.3506929-05:00" testType="13cdc9d9-ddb5-4fa4-a97d-d965ccfc6d4b" outcome="Passed" testListId="8c84fa94-04c1-424b-9868-57a2d4851a1d" relativeResultsDirectory="a92166a4-b18f-49b4-94be-4e6e6419799e" />
    <UnitTestResult executionId="f280eb8d-930e-4363-b3c0-724269470572" testId="3b4bfb98-16ac-c2c8-b470-037ed1897690" testName="ExecuteAsync_WithMinScore_FiltersResults" computerName="PPITM80-M0317" duration="00:00:00.0074820" startTime="2025-09-08T07:17:58.2715327-05:00" endTime="2025-09-08T07:17:58.2790146-05:00" testType="13cdc9d9-ddb5-4fa4-a97d-d965ccfc6d4b" outcome="Passed" testListId="8c84fa94-04c1-424b-9868-57a2d4851a1d" relativeResultsDirectory="f280eb8d-930e-4363-b3c0-724269470572" />
    <UnitTestResult executionId="2c56a497-986d-4a45-90ce-da866e7a415f" testId="f9ea410a-5571-7183-c6c1-34a19ba9c237" testName="EnhanceWithSnippetsAsync_Should_Handle_Pure_Wildcard_Query_Gracefully" computerName="PPITM80-M0317" duration="00:00:00.0011300" startTime="2025-09-08T07:17:57.1694858-05:00" endTime="2025-09-08T07:17:57.1706152-05:00" testType="13cdc9d9-ddb5-4fa4-a97d-d965ccfc6d4b" outcome="Passed" testListId="8c84fa94-04c1-424b-9868-57a2d4851a1d" relativeResultsDirectory="2c56a497-986d-4a45-90ce-da866e7a415f" />
    <UnitTestResult executionId="2f8ec32f-57ff-4bbb-b028-a841356b29be" testId="4dfda5f5-3fea-e107-6811-cad8623ee176" testName="EnsureDirectoryExists_Should_Create_Directory_If_Not_Exists" computerName="PPITM80-M0317" duration="00:00:00.0013790" startTime="2025-09-08T07:17:56.9429966-05:00" endTime="2025-09-08T07:17:56.9443756-05:00" testType="13cdc9d9-ddb5-4fa4-a97d-d965ccfc6d4b" outcome="Passed" testListId="8c84fa94-04c1-424b-9868-57a2d4851a1d" relativeResultsDirectory="2f8ec32f-57ff-4bbb-b028-a841356b29be" />
    <UnitTestResult executionId="ac6c8113-fe8c-4be0-80fd-00502169e6ed" testId="03e8a148-5228-142b-a5ab-9830c360b760" testName="EnsureDirectoryExists_Should_Handle_Existing_Directory" computerName="PPITM80-M0317" duration="00:00:00.0014070" startTime="2025-09-08T07:17:56.9462906-05:00" endTime="2025-09-08T07:17:56.9476979-05:00" testType="13cdc9d9-ddb5-4fa4-a97d-d965ccfc6d4b" outcome="Passed" testListId="8c84fa94-04c1-424b-9868-57a2d4851a1d" relativeResultsDirectory="ac6c8113-fe8c-4be0-80fd-00502169e6ed" />
    <UnitTestResult executionId="fe698340-42c8-4980-a3fc-e8efddcb4205" testId="a5c84b4a-9f54-559b-a7bf-5f80afbe74e5" testName="CalculateConfidence_WithPartialFileNameMatch_ShouldHaveSmallBonus" computerName="PPITM80-M0317" duration="00:00:00.0075490" startTime="2025-09-08T07:17:56.6016056-05:00" endTime="2025-09-08T07:17:56.6091541-05:00" testType="13cdc9d9-ddb5-4fa4-a97d-d965ccfc6d4b" outcome="Passed" testListId="8c84fa94-04c1-424b-9868-57a2d4851a1d" relativeResultsDirectory="fe698340-42c8-4980-a3fc-e8efddcb4205" />
    <UnitTestResult executionId="85b8a3c4-a618-4033-8f87-90edec08e677" testId="03d55e09-c812-968a-3bad-cc1204204990" testName="CalculateConfidence_WithSpecialCharacters_ShouldHandleGracefully" computerName="PPITM80-M0317" duration="00:00:00.0393450" startTime="2025-09-08T07:17:56.7235257-05:00" endTime="2025-09-08T07:17:56.7628701-05:00" testType="13cdc9d9-ddb5-4fa4-a97d-d965ccfc6d4b" outcome="Passed" testListId="8c84fa94-04c1-424b-9868-57a2d4851a1d" relativeResultsDirectory="85b8a3c4-a618-4033-8f87-90edec08e677" />
    <UnitTestResult executionId="408b0279-042d-48d7-aa51-84d5efbdae5c" testId="114fc7b6-e37e-0cd8-a271-1b0f6918971f" testName="Description_ShouldContainKeyFeatures" computerName="PPITM80-M0317" duration="00:00:00.0027030" startTime="2025-09-08T07:17:58.1604627-05:00" endTime="2025-09-08T07:17:58.1631650-05:00" testType="13cdc9d9-ddb5-4fa4-a97d-d965ccfc6d4b" outcome="Passed" testListId="8c84fa94-04c1-424b-9868-57a2d4851a1d" relativeResultsDirectory="408b0279-042d-48d7-aa51-84d5efbdae5c" />
    <UnitTestResult executionId="716e4b8a-d5b2-4c23-be8a-633d78ae50be" testId="06fb3c90-84f0-cb36-dcc1-910263b49158" testName="EnhanceWithSnippetsAsync_Should_Handle_Invalid_Wildcard_Patterns(&quot;?&quot;)" computerName="PPITM80-M0317" duration="00:00:00.0005160" startTime="2025-09-08T07:17:57.1601167-05:00" endTime="2025-09-08T07:17:57.1606322-05:00" testType="13cdc9d9-ddb5-4fa4-a97d-d965ccfc6d4b" outcome="Passed" testListId="8c84fa94-04c1-424b-9868-57a2d4851a1d" relativeResultsDirectory="716e4b8a-d5b2-4c23-be8a-633d78ae50be" />
    <UnitTestResult executionId="3e35a925-2bd4-453f-b665-6ccd843b0ce1" testId="e5ec02cd-e55d-3c73-d8b6-50965793b334" testName="ToolProperties_HaveCorrectValues" computerName="PPITM80-M0317" duration="00:00:00.0024229" startTime="2025-09-08T07:17:57.2457213-05:00" endTime="2025-09-08T07:17:57.2481443-05:00" testType="13cdc9d9-ddb5-4fa4-a97d-d965ccfc6d4b" outcome="Passed" testListId="8c84fa94-04c1-424b-9868-57a2d4851a1d" relativeResultsDirectory="3e35a925-2bd4-453f-b665-6ccd843b0ce1" />
    <UnitTestResult executionId="919d79d6-9c99-4b47-9013-046c6f31e066" testId="67928f42-e0e7-792e-610f-c8c54ef6ea08" testName="Should_Extract_Class_And_Method_From_CSharp_Code" computerName="PPITM80-M0317" duration="00:00:00.0005320" startTime="2025-09-08T07:17:57.1873825-05:00" endTime="2025-09-08T07:17:57.1879147-05:00" testType="13cdc9d9-ddb5-4fa4-a97d-d965ccfc6d4b" outcome="Passed" testListId="8c84fa94-04c1-424b-9868-57a2d4851a1d" relativeResultsDirectory="919d79d6-9c99-4b47-9013-046c6f31e066" />
    <UnitTestResult executionId="73f88c57-03fa-407f-a292-c713033294b9" testId="045daf24-03ff-197b-1cef-a9193cb7610e" testName="ExecuteAsync_LineNumberBeyondFile_ReturnsError" computerName="PPITM80-M0317" duration="00:00:00.0037820" startTime="2025-09-08T07:17:57.9446559-05:00" endTime="2025-09-08T07:17:57.9484375-05:00" testType="13cdc9d9-ddb5-4fa4-a97d-d965ccfc6d4b" outcome="Passed" testListId="8c84fa94-04c1-424b-9868-57a2d4851a1d" relativeResultsDirectory="73f88c57-03fa-407f-a292-c713033294b9" />
    <UnitTestResult executionId="d8149e74-3888-47b0-85a3-f6f05896cfba" testId="4cef428c-d6ca-2c9f-778f-20b38d83cc86" testName="ExecuteAsync_Should_Find_Files_Matching_Glob_Pattern" computerName="PPITM80-M0317" duration="00:00:00.0037440" startTime="2025-09-08T07:17:57.4216152-05:00" endTime="2025-09-08T07:17:57.4253594-05:00" testType="13cdc9d9-ddb5-4fa4-a97d-d965ccfc6d4b" outcome="Passed" testListId="8c84fa94-04c1-424b-9868-57a2d4851a1d" relativeResultsDirectory="d8149e74-3888-47b0-85a3-f6f05896cfba">
      <Output>
        <StdOut>Results type: COA.CodeSearch.McpServer.Tools.FileSearchResult, Count in Results: -1, Data.Count: 2</StdOut>
      </Output>
    </UnitTestResult>
    <UnitTestResult executionId="3d58b3ef-566b-4c75-bd4c-65c3a2d80105" testId="9e707cf2-925b-add6-f601-cd1abdd8662b" testName="ExecuteAsync_Should_Respect_MaxResults_Parameter" computerName="PPITM80-M0317" duration="00:00:00.0049569" startTime="2025-09-08T07:17:57.5957037-05:00" endTime="2025-09-08T07:17:57.6006606-05:00" testType="13cdc9d9-ddb5-4fa4-a97d-d965ccfc6d4b" outcome="Passed" testListId="8c84fa94-04c1-424b-9868-57a2d4851a1d" relativeResultsDirectory="3d58b3ef-566b-4c75-bd4c-65c3a2d80105">
      <Output>
        <StdOut>DEBUG: Type extraction success: True</StdOut>
      </Output>
    </UnitTestResult>
    <UnitTestResult executionId="5231cfac-6276-447b-84a0-9d40c183ce0d" testId="4558bb5d-5889-8718-6567-8aa2e363bd16" testName="ExecuteAsync_OriginalContentCapture_StoresCorrectContent" computerName="PPITM80-M0317" duration="00:00:00.0049699" startTime="2025-09-08T07:17:58.0853160-05:00" endTime="2025-09-08T07:17:58.0902863-05:00" testType="13cdc9d9-ddb5-4fa4-a97d-d965ccfc6d4b" outcome="Passed" testListId="8c84fa94-04c1-424b-9868-57a2d4851a1d" relativeResultsDirectory="5231cfac-6276-447b-84a0-9d40c183ce0d" />
    <UnitTestResult executionId="38e28610-8c5d-4657-84e6-efc737e0b065" testId="029ccf19-f030-341f-6553-1dc734c38a1d" testName="Category_ReturnsCorrectValue" computerName="PPITM80-M0317" duration="00:00:00.0033470" startTime="2025-09-08T07:17:57.2524095-05:00" endTime="2025-09-08T07:17:57.2557566-05:00" testType="13cdc9d9-ddb5-4fa4-a97d-d965ccfc6d4b" outcome="Passed" testListId="8c84fa94-04c1-424b-9868-57a2d4851a1d" relativeResultsDirectory="38e28610-8c5d-4657-84e6-efc737e0b065" />
    <UnitTestResult executionId="bdaed77b-d33f-48bf-b520-87759bf9410e" testId="cfa9bb7c-3da8-7ed4-7083-9603c6f639fd" testName="CalculateConfidence_WithCommentLine_ShouldHavePenalty" computerName="PPITM80-M0317" duration="00:00:00.0348980" startTime="2025-09-08T07:17:56.3827271-05:00" endTime="2025-09-08T07:17:56.4176246-05:00" testType="13cdc9d9-ddb5-4fa4-a97d-d965ccfc6d4b" outcome="Passed" testListId="8c84fa94-04c1-424b-9868-57a2d4851a1d" relativeResultsDirectory="bdaed77b-d33f-48bf-b520-87759bf9410e" />
    <UnitTestResult executionId="81718e36-77ea-49af-85f8-9ed8f5f1723a" testId="49fa3b89-5d71-5009-3052-3331121d19d5" testName="ExecuteAsync_NoIndexExists_ReturnsError" computerName="PPITM80-M0317" duration="00:00:00.0053910" startTime="2025-09-08T07:17:58.2853628-05:00" endTime="2025-09-08T07:17:58.2907533-05:00" testType="13cdc9d9-ddb5-4fa4-a97d-d965ccfc6d4b" outcome="Passed" testListId="8c84fa94-04c1-424b-9868-57a2d4851a1d" relativeResultsDirectory="81718e36-77ea-49af-85f8-9ed8f5f1723a" />
    <UnitTestResult executionId="55cb56da-0f6b-4e6c-a382-0b440ded1b24" testId="3c48b6a3-dfe8-5c7d-18e5-fc87939e890a" testName="ExecuteAsync_Should_Categorize_Types_Correctly" computerName="PPITM80-M0317" duration="00:00:00.0123810" startTime="2025-09-08T07:17:57.6856630-05:00" endTime="2025-09-08T07:17:57.6980432-05:00" testType="13cdc9d9-ddb5-4fa4-a97d-d965ccfc6d4b" outcome="Passed" testListId="8c84fa94-04c1-424b-9868-57a2d4851a1d" relativeResultsDirectory="55cb56da-0f6b-4e6c-a382-0b440ded1b24" />
    <UnitTestResult executionId="edc6638d-d281-483e-af05-f84244af9b02" testId="ca885716-fd01-6799-df3f-dfe8148df324" testName="IntegrationTest_FileOperations_SafeNullHandling" computerName="PPITM80-M0317" duration="00:00:00.0024860" startTime="2025-09-08T07:17:56.1977698-05:00" endTime="2025-09-08T07:17:56.2002560-05:00" testType="13cdc9d9-ddb5-4fa4-a97d-d965ccfc6d4b" outcome="Passed" testListId="8c84fa94-04c1-424b-9868-57a2d4851a1d" relativeResultsDirectory="edc6638d-d281-483e-af05-f84244af9b02" />
    <UnitTestResult executionId="908f1fad-f927-4c39-a5b3-6cf026b2a2a7" testId="ac5955ae-3076-629b-8575-02aacdfe5d01" testName="Category_ShouldBeQuery" computerName="PPITM80-M0317" duration="00:00:00.0099250" startTime="2025-09-08T07:17:57.9654267-05:00" endTime="2025-09-08T07:17:57.9753508-05:00" testType="13cdc9d9-ddb5-4fa4-a97d-d965ccfc6d4b" outcome="Passed" testListId="8c84fa94-04c1-424b-9868-57a2d4851a1d" relativeResultsDirectory="908f1fad-f927-4c39-a5b3-6cf026b2a2a7" />
    <UnitTestResult executionId="f9a1d352-786d-4fbb-b0e7-6f78673beb52" testId="87f395f8-a8ed-890d-e556-dfd2cec00790" testName="GetExtension_Should_Extract_File_Extension" computerName="PPITM80-M0317" duration="00:00:00.0005570" startTime="2025-09-08T07:17:56.9670923-05:00" endTime="2025-09-08T07:17:56.9676487-05:00" testType="13cdc9d9-ddb5-4fa4-a97d-d965ccfc6d4b" outcome="Passed" testListId="8c84fa94-04c1-424b-9868-57a2d4851a1d" relativeResultsDirectory="f9a1d352-786d-4fbb-b0e7-6f78673beb52" />
    <UnitTestResult executionId="06c99e9b-9fb7-4936-84db-fe6d4c41d923" testId="5546c84b-ef2a-f0ad-6bbe-24837ab08b8f" testName="EditCSharpClass_MethodReplacement_PreservesCodeStructure" computerName="PPITM80-M0317" duration="00:00:00.0112830" startTime="2025-09-08T07:17:55.9268447-05:00" endTime="2025-09-08T07:17:55.9381273-05:00" testType="13cdc9d9-ddb5-4fa4-a97d-d965ccfc6d4b" outcome="Passed" testListId="8c84fa94-04c1-424b-9868-57a2d4851a1d" relativeResultsDirectory="06c99e9b-9fb7-4936-84db-fe6d4c41d923" />
    <UnitTestResult executionId="5d5c4950-8ae1-42c1-82de-9c99f0b819ad" testId="00326768-0d79-bb1c-d72a-a3b937cd3e7c" testName="ComputeWorkspaceHash_Should_Be_Deterministic" computerName="PPITM80-M0317" duration="00:00:00.0057480" startTime="2025-09-08T07:17:56.9337976-05:00" endTime="2025-09-08T07:17:56.9395450-05:00" testType="13cdc9d9-ddb5-4fa4-a97d-d965ccfc6d4b" outcome="Passed" testListId="8c84fa94-04c1-424b-9868-57a2d4851a1d" relativeResultsDirectory="5d5c4950-8ae1-42c1-82de-9c99f0b819ad" />
    <UnitTestResult executionId="63ce9670-8e40-49f0-b89a-d4ac1d1edef9" testId="64192cf5-0f47-c89f-33f9-510f4a3eb54e" testName="NullableDereference_LineDataOperations_SafeAccess" computerName="PPITM80-M0317" duration="00:00:00.0002840" startTime="2025-09-08T07:17:56.2045527-05:00" endTime="2025-09-08T07:17:56.2048365-05:00" testType="13cdc9d9-ddb5-4fa4-a97d-d965ccfc6d4b" outcome="Passed" testListId="8c84fa94-04c1-424b-9868-57a2d4851a1d" relativeResultsDirectory="63ce9670-8e40-49f0-b89a-d4ac1d1edef9" />
    <UnitTestResult executionId="d0025256-10da-4262-9245-2db09fa7dd23" testId="15a72174-ebeb-2f2c-0cdd-551d10bb4ddc" testName="ExecuteAsync_WorkspaceNotFound_ReturnsError" computerName="PPITM80-M0317" duration="00:00:00.0040240" startTime="2025-09-08T07:17:58.2180776-05:00" endTime="2025-09-08T07:17:58.2221017-05:00" testType="13cdc9d9-ddb5-4fa4-a97d-d965ccfc6d4b" outcome="Passed" testListId="8c84fa94-04c1-424b-9868-57a2d4851a1d" relativeResultsDirectory="d0025256-10da-4262-9245-2db09fa7dd23" />
    <UnitTestResult executionId="927cb6c7-8983-49a4-a280-24a836a26fe9" testId="951faa32-bfb9-0f48-7dcf-8c4b81b70939" testName="ExecuteAsync_PreviewMode_NoFilesModified" computerName="PPITM80-M0317" duration="00:00:00.0032750" startTime="2025-09-08T07:17:58.2114887-05:00" endTime="2025-09-08T07:17:58.2147641-05:00" testType="13cdc9d9-ddb5-4fa4-a97d-d965ccfc6d4b" outcome="Passed" testListId="8c84fa94-04c1-424b-9868-57a2d4851a1d" relativeResultsDirectory="927cb6c7-8983-49a4-a280-24a836a26fe9" />
    <UnitTestResult executionId="adbaec09-b206-4ea1-8fb4-13467d7d50a6" testId="8a1a5481-1047-5d08-155b-1c1e6d4f09bd" testName="CalculateConfidence_WithNullMatchedLine_ShouldReturnZero" computerName="PPITM80-M0317" duration="00:00:00.0007390" startTime="2025-09-08T07:17:56.5933499-05:00" endTime="2025-09-08T07:17:56.5940888-05:00" testType="13cdc9d9-ddb5-4fa4-a97d-d965ccfc6d4b" outcome="Passed" testListId="8c84fa94-04c1-424b-9868-57a2d4851a1d" relativeResultsDirectory="adbaec09-b206-4ea1-8fb4-13467d7d50a6" />
    <UnitTestResult executionId="82a6ef6e-b49d-4310-8d9a-41bcd32666d3" testId="a9c8ab5f-5efc-e65e-5983-6be186726c95" testName="ExecuteAsync_Should_Validate_Required_Parameters" computerName="PPITM80-M0317" duration="00:00:00.0025690" startTime="2025-09-08T07:17:57.5124768-05:00" endTime="2025-09-08T07:17:57.5150457-05:00" testType="13cdc9d9-ddb5-4fa4-a97d-d965ccfc6d4b" outcome="Passed" testListId="8c84fa94-04c1-424b-9868-57a2d4851a1d" relativeResultsDirectory="82a6ef6e-b49d-4310-8d9a-41bcd32666d3" />
    <UnitTestResult executionId="501a6685-b482-4fc5-9f76-d212bb42a9f5" testId="c6bc7d85-8cf8-1fb5-051c-aa2eedea7cd6" testName="TypeContext_ShouldAlwaysBePopulated_ForTypeQueries" computerName="PPITM80-M0317" duration="00:00:00.0082460" startTime="2025-09-08T07:17:58.4766315-05:00" endTime="2025-09-08T07:17:58.4848762-05:00" testType="13cdc9d9-ddb5-4fa4-a97d-d965ccfc6d4b" outcome="Passed" testListId="8c84fa94-04c1-424b-9868-57a2d4851a1d" relativeResultsDirectory="501a6685-b482-4fc5-9f76-d212bb42a9f5" />
    <UnitTestResult executionId="dfaf2b7d-2cc9-46ab-997b-3723ac17bb03" testId="7a4bcd52-be30-bb94-f492-e2a0890765ce" testName="ExecuteAsync_ReplaceMultipleWithMultiple_ReplacesCorrectly" computerName="PPITM80-M0317" duration="00:00:00.0113110" startTime="2025-09-08T07:17:58.1107094-05:00" endTime="2025-09-08T07:17:58.1220201-05:00" testType="13cdc9d9-ddb5-4fa4-a97d-d965ccfc6d4b" outcome="Passed" testListId="8c84fa94-04c1-424b-9868-57a2d4851a1d" relativeResultsDirectory="dfaf2b7d-2cc9-46ab-997b-3723ac17bb03" />
    <UnitTestResult executionId="efea740d-2b52-46d4-b931-1293879e8a8e" testId="2b9abf8c-8593-6b56-f35d-aaff69acde28" testName="CalculateConfidence_WithNullQuery_ShouldReturnZero" computerName="PPITM80-M0317" duration="00:00:00.0006450" startTime="2025-09-08T07:17:56.5941039-05:00" endTime="2025-09-08T07:17:56.5947492-05:00" testType="13cdc9d9-ddb5-4fa4-a97d-d965ccfc6d4b" outcome="Passed" testListId="8c84fa94-04c1-424b-9868-57a2d4851a1d" relativeResultsDirectory="efea740d-2b52-46d4-b931-1293879e8a8e" />
    <UnitTestResult executionId="fdd40a3b-344f-4815-b0ad-a03c535c31cd" testId="8855cec8-8124-5938-d3b7-ec5dc2d4e474" testName="InsertAtLine_AtEndOfClass_ShouldDetectIndentationFromNearbyLines" computerName="PPITM80-M0317" duration="00:00:00.0081630" startTime="2025-09-08T07:17:57.8876654-05:00" endTime="2025-09-08T07:17:57.8958277-05:00" testType="13cdc9d9-ddb5-4fa4-a97d-d965ccfc6d4b" outcome="Passed" testListId="8c84fa94-04c1-424b-9868-57a2d4851a1d" relativeResultsDirectory="fdd40a3b-344f-4815-b0ad-a03c535c31cd" />
    <UnitTestResult executionId="04b5eb77-e1b8-4560-b02c-187859ecb67c" testId="be157e01-985e-688d-571b-0a70e8a4957c" testName="GenerateDiffReport_WithViolations_ShouldCreateDetailedReport" computerName="PPITM80-M0317" duration="00:00:00.0204300" startTime="2025-09-08T07:17:55.3442684-05:00" endTime="2025-09-08T07:17:55.3646975-05:00" testType="13cdc9d9-ddb5-4fa4-a97d-d965ccfc6d4b" outcome="Passed" testListId="8c84fa94-04c1-424b-9868-57a2d4851a1d" relativeResultsDirectory="04b5eb77-e1b8-4560-b02c-187859ecb67c">
      <Output>
        <StdOut>=== GENERATED DIFF REPORT ===&#xD;
=== DIFF VALIDATION REPORT ===&#xD;
Original: original.txt&#xD;
Modified: modified.txt&#xD;
Status: ❌ INVALID&#xD;
&#xD;
=== METRICS ===&#xD;
Original lines: 3&#xD;
Modified lines: 4&#xD;
Lines added: +2&#xD;
Lines removed: -1&#xD;
Lines changed: ~0&#xD;
Net change: +1&#xD;
&#xD;
=== VIOLATIONS ===&#xD;
\ud83d\udd24 EncodingMismatch: Encoding changed from Unicode (UTF-8) to Unicode&#xD;
   Context: Original: utf-8, Modified: utf-16&#xD;
\ud83d\udd04 UnexpectedChange: Unexpected Deletion at line 2&#xD;
   Context: Deleted: Line 2&#xD;
\ud83d\udd04 UnexpectedChange: Unexpected Addition at line 2&#xD;
   Context: Added: Modified Line 2&#xD;
\ud83d\udd04 UnexpectedChange: Unexpected Addition at line 4&#xD;
   Context: Added: Extra Line&#xD;
&#xD;
=== CHANGE SUMMARY ===&#xD;
- Line 2: Deleted: Line 2&#xD;
+ Line 2: Added: Modified Line 2&#xD;
+ Line 4: Added: Extra Line</StdOut>
      </Output>
    </UnitTestResult>
    <UnitTestResult executionId="1c71619d-fcb7-4cf0-a290-52a7d56a1cc5" testId="1b2024d7-53f3-0b2b-9619-eed3364080df" testName="ExecuteAsync_SearchForMethod_ReturnsMethodDefinition" computerName="PPITM80-M0317" duration="00:00:00.0128060" startTime="2025-09-08T07:17:58.2907885-05:00" endTime="2025-09-08T07:17:58.3035949-05:00" testType="13cdc9d9-ddb5-4fa4-a97d-d965ccfc6d4b" outcome="Passed" testListId="8c84fa94-04c1-424b-9868-57a2d4851a1d" relativeResultsDirectory="1c71619d-fcb7-4cf0-a290-52a7d56a1cc5" />
    <UnitTestResult executionId="3249037e-18ad-4c14-ae1e-6973a724df22" testId="11edbe62-8f83-8c3f-4458-b3f3e6ff0e75" testName="CalculateConfidence_WithRegexSpecialCharacters_ShouldEscapeProperly" computerName="PPITM80-M0317" duration="00:00:00.0378760" startTime="2025-09-08T07:17:56.6856249-05:00" endTime="2025-09-08T07:17:56.7235005-05:00" testType="13cdc9d9-ddb5-4fa4-a97d-d965ccfc6d4b" outcome="Passed" testListId="8c84fa94-04c1-424b-9868-57a2d4851a1d" relativeResultsDirectory="3249037e-18ad-4c14-ae1e-6973a724df22" />
    <UnitTestResult executionId="d876551b-bf6c-46a6-af0c-da777c981c12" testId="d6f88ad8-1148-c7e7-16b3-68ee06b4873c" testName="EdgeCase_FileWithoutTrailingNewline_HandlesCorrectly" computerName="PPITM80-M0317" duration="00:00:00.0070440" startTime="2025-09-08T07:17:55.8683421-05:00" endTime="2025-09-08T07:17:55.8753855-05:00" testType="13cdc9d9-ddb5-4fa4-a97d-d965ccfc6d4b" outcome="Passed" testListId="8c84fa94-04c1-424b-9868-57a2d4851a1d" relativeResultsDirectory="d876551b-bf6c-46a6-af0c-da777c981c12">
      <Output>
        <StdOut>Successfully handled file without trailing newline&#xD;
Original lines: 3&#xD;
Final lines: 6</StdOut>
      </Output>
    </UnitTestResult>
    <UnitTestResult executionId="2b203ed6-8956-42f3-beb2-4a1df4b4c71c" testId="e3253137-4084-c2cf-1249-549ade2ad9ab" testName="ExecuteAsync_Should_Use_Summary_Mode_MaxResults" computerName="PPITM80-M0317" duration="00:00:00.0060360" startTime="2025-09-08T07:17:58.4143023-05:00" endTime="2025-09-08T07:17:58.4203374-05:00" testType="13cdc9d9-ddb5-4fa4-a97d-d965ccfc6d4b" outcome="Passed" testListId="8c84fa94-04c1-424b-9868-57a2d4851a1d" relativeResultsDirectory="2b203ed6-8956-42f3-beb2-4a1df4b4c71c" />
    <UnitTestResult executionId="5d982e71-8095-4adf-adb4-ebdf5e95df55" testId="20bdfa7d-50f5-36be-b72b-d381bae27e03" testName="NullableDictionary_SafeOperations_NoWarnings" computerName="PPITM80-M0317" duration="00:00:00.0002920" startTime="2025-09-08T07:17:57.2025437-05:00" endTime="2025-09-08T07:17:57.2028360-05:00" testType="13cdc9d9-ddb5-4fa4-a97d-d965ccfc6d4b" outcome="Passed" testListId="8c84fa94-04c1-424b-9868-57a2d4851a1d" relativeResultsDirectory="5d982e71-8095-4adf-adb4-ebdf5e95df55" />
    <UnitTestResult executionId="a4d719f6-bb9a-4b40-b44d-955661a22f72" testId="7aa020b6-8e39-ea1c-b19f-6fec734b97ee" testName="ValidateEdit_SingleLineAddition_ShouldDetectCorrectly" computerName="PPITM80-M0317" duration="00:00:00.0040710" startTime="2025-09-08T07:17:55.3862856-05:00" endTime="2025-09-08T07:17:55.3903568-05:00" testType="13cdc9d9-ddb5-4fa4-a97d-d965ccfc6d4b" outcome="Passed" testListId="8c84fa94-04c1-424b-9868-57a2d4851a1d" relativeResultsDirectory="a4d719f6-bb9a-4b40-b44d-955661a22f72" />
    <UnitTestResult executionId="b2d65d64-13dc-4645-81b7-af54e7e9283a" testId="885f05b1-664d-79bd-cdac-3eb7ec14111e" testName="CalculateConfidence_WithWrongSymbolType_ShouldStillGiveReasonableScore" computerName="PPITM80-M0317" duration="00:00:00.0071060" startTime="2025-09-08T07:17:56.8482372-05:00" endTime="2025-09-08T07:17:56.8553428-05:00" testType="13cdc9d9-ddb5-4fa4-a97d-d965ccfc6d4b" outcome="Passed" testListId="8c84fa94-04c1-424b-9868-57a2d4851a1d" relativeResultsDirectory="b2d65d64-13dc-4645-81b7-af54e7e9283a" />
    <UnitTestResult executionId="f6483458-f558-4149-bad5-5bc9d585ed82" testId="c92a5998-3d01-3c96-05bc-87d2f0b7510a" testName="CalculateConfidence_RealWorldScenario_ClassDefinitionInCorrectFile" computerName="PPITM80-M0317" duration="00:00:00.0135070" startTime="2025-09-08T07:17:56.2055916-05:00" endTime="2025-09-08T07:17:56.2190981-05:00" testType="13cdc9d9-ddb5-4fa4-a97d-d965ccfc6d4b" outcome="Passed" testListId="8c84fa94-04c1-424b-9868-57a2d4851a1d" relativeResultsDirectory="f6483458-f558-4149-bad5-5bc9d585ed82" />
    <UnitTestResult executionId="e298d33b-7a05-47fd-a42c-51c51637e9c2" testId="bb3e078b-d385-fc3c-7d6f-238b06f1ba0d" testName="NullableCollections_SafeEnumeration_NoWarnings" computerName="PPITM80-M0317" duration="00:00:00.0003669" startTime="2025-09-08T07:17:57.2021647-05:00" endTime="2025-09-08T07:17:57.2025319-05:00" testType="13cdc9d9-ddb5-4fa4-a97d-d965ccfc6d4b" outcome="Passed" testListId="8c84fa94-04c1-424b-9868-57a2d4851a1d" relativeResultsDirectory="e298d33b-7a05-47fd-a42c-51c51637e9c2" />
    <UnitTestResult executionId="0730654d-110f-4056-b7ea-0cf84d23d64d" testId="811e2baf-06cc-71a8-e2f3-29e41d76086b" testName="ExecuteAsync_Should_Include_Inheritance_When_Requested" computerName="PPITM80-M0317" duration="00:00:00.0055930" startTime="2025-09-08T07:17:57.7481658-05:00" endTime="2025-09-08T07:17:57.7537583-05:00" testType="13cdc9d9-ddb5-4fa4-a97d-d965ccfc6d4b" outcome="Passed" testListId="8c84fa94-04c1-424b-9868-57a2d4851a1d" relativeResultsDirectory="0730654d-110f-4056-b7ea-0cf84d23d64d" />
    <UnitTestResult executionId="fd2f8e01-6f72-4069-abdc-9b8aaef807b3" testId="e6a08d27-4df8-86a9-296f-623999e304b6" testName="CalculateConfidence_WithClassDefinition_ShouldReturnHighConfidence" computerName="PPITM80-M0317" duration="00:00:00.0067420" startTime="2025-09-08T07:17:56.3759467-05:00" endTime="2025-09-08T07:17:56.3826883-05:00" testType="13cdc9d9-ddb5-4fa4-a97d-d965ccfc6d4b" outcome="Passed" testListId="8c84fa94-04c1-424b-9868-57a2d4851a1d" relativeResultsDirectory="fd2f8e01-6f72-4069-abdc-9b8aaef807b3" />
    <UnitTestResult executionId="d16b1801-0004-44dd-a3b7-90792652bf88" testId="7a557c51-e172-4f95-7efc-e28efa3b2655" testName="DiffValidator_MultiLanguageContent_ShouldValidateCorrectly" computerName="PPITM80-M0317" duration="00:00:00.0043689" startTime="2025-09-08T07:17:56.1826513-05:00" endTime="2025-09-08T07:17:56.1870205-05:00" testType="13cdc9d9-ddb5-4fa4-a97d-d965ccfc6d4b" outcome="Passed" testListId="8c84fa94-04c1-424b-9868-57a2d4851a1d" relativeResultsDirectory="d16b1801-0004-44dd-a3b7-90792652bf88" />
    <UnitTestResult executionId="e8198319-9688-4b53-93da-fe0b91452264" testId="1bf85714-7b66-ea07-32c9-473124bc5727" testName="CalculateConfidence_ShouldAlwaysReturnValueBetweenZeroAndOne" computerName="PPITM80-M0317" duration="00:00:00.0376470" startTime="2025-09-08T07:17:56.3295828-05:00" endTime="2025-09-08T07:17:56.3672295-05:00" testType="13cdc9d9-ddb5-4fa4-a97d-d965ccfc6d4b" outcome="Passed" testListId="8c84fa94-04c1-424b-9868-57a2d4851a1d" relativeResultsDirectory="e8198319-9688-4b53-93da-fe0b91452264" />
    <UnitTestResult executionId="e21ff6f5-4531-4863-b02a-2c39c2309fe5" testId="a7b3ab64-fc62-c210-2e83-ae9496a94697" testName="ExecuteAsync_WithoutIndentationPreservation_NoIndentation" computerName="PPITM80-M0317" duration="00:00:00.0053850" startTime="2025-09-08T07:17:57.9598455-05:00" endTime="2025-09-08T07:17:57.9652303-05:00" testType="13cdc9d9-ddb5-4fa4-a97d-d965ccfc6d4b" outcome="Passed" testListId="8c84fa94-04c1-424b-9868-57a2d4851a1d" relativeResultsDirectory="e21ff6f5-4531-4863-b02a-2c39c2309fe5" />
    <UnitTestResult executionId="2ce6c758-d062-491e-9196-b8f8a319417d" testId="e8617ad0-b59a-8564-2a05-563cfae538d0" testName="DiffValidator_MixedUnicodeContent_ShouldHandleCorrectly" computerName="PPITM80-M0317" duration="00:00:00.0036350" startTime="2025-09-08T07:17:55.4302052-05:00" endTime="2025-09-08T07:17:55.4338402-05:00" testType="13cdc9d9-ddb5-4fa4-a97d-d965ccfc6d4b" outcome="Passed" testListId="8c84fa94-04c1-424b-9868-57a2d4851a1d" relativeResultsDirectory="2ce6c758-d062-491e-9196-b8f8a319417d" />
    <UnitTestResult executionId="832e4011-3bec-456d-ad14-097647c4beed" testId="3cf5453c-cef2-2c2f-414d-9506eb8df816" testName="ExecuteAsync_NonExistentFile_ReturnsError" computerName="PPITM80-M0317" duration="00:00:00.0038240" startTime="2025-09-08T07:17:57.9484535-05:00" endTime="2025-09-08T07:17:57.9522772-05:00" testType="13cdc9d9-ddb5-4fa4-a97d-d965ccfc6d4b" outcome="Passed" testListId="8c84fa94-04c1-424b-9868-57a2d4851a1d" relativeResultsDirectory="832e4011-3bec-456d-ad14-097647c4beed" />
    <UnitTestResult executionId="3a55c53a-4219-4c7b-8abb-c6e24d24c0fc" testId="0398d120-5e42-4038-b5d7-aa1eb92be718" testName="ExecuteAsync_Should_Cache_Successful_Results" computerName="PPITM80-M0317" duration="00:00:00.0163740" startTime="2025-09-08T07:17:57.9951204-05:00" endTime="2025-09-08T07:17:58.0114938-05:00" testType="13cdc9d9-ddb5-4fa4-a97d-d965ccfc6d4b" outcome="Passed" testListId="8c84fa94-04c1-424b-9868-57a2d4851a1d" relativeResultsDirectory="3a55c53a-4219-4c7b-8abb-c6e24d24c0fc" />
    <UnitTestResult executionId="b267dbee-26d2-4cb9-8749-b352bbf9cab5" testId="5b966598-59eb-430e-ea26-6cec0c85e92f" testName="ExecuteAsync_Should_Sort_Files_By_Most_Recent_First" computerName="PPITM80-M0317" duration="00:00:00.0026830" startTime="2025-09-08T07:17:58.0376754-05:00" endTime="2025-09-08T07:17:58.0403583-05:00" testType="13cdc9d9-ddb5-4fa4-a97d-d965ccfc6d4b" outcome="Passed" testListId="8c84fa94-04c1-424b-9868-57a2d4851a1d" relativeResultsDirectory="b267dbee-26d2-4cb9-8749-b352bbf9cab5" />
    <UnitTestResult executionId="877c7861-98b9-475f-b347-bc06196ad40e" testId="76cd34e0-20c2-7029-f983-14de2f2c6109" testName="ExecuteAsync_EmptySymbolName_ReturnsError" computerName="PPITM80-M0317" duration="00:00:00.0079820" startTime="2025-09-08T07:17:57.6166753-05:00" endTime="2025-09-08T07:17:57.6246569-05:00" testType="13cdc9d9-ddb5-4fa4-a97d-d965ccfc6d4b" outcome="Passed" testListId="8c84fa94-04c1-424b-9868-57a2d4851a1d" relativeResultsDirectory="877c7861-98b9-475f-b347-bc06196ad40e" />
    <UnitTestResult executionId="6b63820c-d250-40b0-8d89-7f75e8c2a21f" testId="2d5f260f-2cc7-f8f7-b646-f9be3eb43dfb" testName="EnhanceWithSnippetsAsync_Should_Handle_FilenameFieldWildcardQuery_WithoutException" computerName="PPITM80-M0317" duration="00:00:00.0010330" startTime="2025-09-08T07:17:57.1544964-05:00" endTime="2025-09-08T07:17:57.1555290-05:00" testType="13cdc9d9-ddb5-4fa4-a97d-d965ccfc6d4b" outcome="Passed" testListId="8c84fa94-04c1-424b-9868-57a2d4851a1d" relativeResultsDirectory="6b63820c-d250-40b0-8d89-7f75e8c2a21f" />
    <UnitTestResult executionId="0f885e26-daa3-42b8-8ef5-f8088c4a1494" testId="a67e9eb8-8d1f-a396-1bbd-d09fa3036a2b" testName="NullableArgument_MethodCalls_SafeParameterPassing" computerName="PPITM80-M0317" duration="00:00:00.0003310" startTime="2025-09-08T07:17:56.2035477-05:00" endTime="2025-09-08T07:17:56.2038789-05:00" testType="13cdc9d9-ddb5-4fa4-a97d-d965ccfc6d4b" outcome="Passed" testListId="8c84fa94-04c1-424b-9868-57a2d4851a1d" relativeResultsDirectory="0f885e26-daa3-42b8-8ef5-f8088c4a1494" />
    <UnitTestResult executionId="fd4b3fab-d348-4cfd-afea-3eaf83202937" testId="bcde930a-acc3-7805-3291-ff3b14caf3b7" testName="EditCSharpClass_RefactorMethodToAsync_PreservesLogic" computerName="PPITM80-M0317" duration="00:00:00.0050340" startTime="2025-09-08T07:17:55.9438169-05:00" endTime="2025-09-08T07:17:55.9488506-05:00" testType="13cdc9d9-ddb5-4fa4-a97d-d965ccfc6d4b" outcome="Passed" testListId="8c84fa94-04c1-424b-9868-57a2d4851a1d" relativeResultsDirectory="fd4b3fab-d348-4cfd-afea-3eaf83202937" />
    <UnitTestResult executionId="8d6a563f-c78d-4c02-8c62-e98f7d2c9568" testId="59541ab7-bf50-7fea-dd15-1ed6bc93de02" testName="DiffValidator_WindowsCRLFPreservation_ShouldValidateCorrectly" computerName="PPITM80-M0317" duration="00:00:00.0029200" startTime="2025-09-08T07:17:55.4684192-05:00" endTime="2025-09-08T07:17:55.4713386-05:00" testType="13cdc9d9-ddb5-4fa4-a97d-d965ccfc6d4b" outcome="Passed" testListId="8c84fa94-04c1-424b-9868-57a2d4851a1d" relativeResultsDirectory="8d6a563f-c78d-4c02-8c62-e98f7d2c9568" />
    <UnitTestResult executionId="1ef0612f-7dec-4017-9491-07b9e0c341cc" testId="854a2a43-867f-e330-2e14-18f5294bbf84" testName="ExecuteAsync_EmptySearchResults_ReturnsEmptyResult" computerName="PPITM80-M0317" duration="00:00:00.0108770" startTime="2025-09-08T07:17:57.9776722-05:00" endTime="2025-09-08T07:17:57.9885492-05:00" testType="13cdc9d9-ddb5-4fa4-a97d-d965ccfc6d4b" outcome="Passed" testListId="8c84fa94-04c1-424b-9868-57a2d4851a1d" relativeResultsDirectory="1ef0612f-7dec-4017-9491-07b9e0c341cc" />
    <UnitTestResult executionId="34931bd1-aab7-4103-bbf6-2713f68a815d" testId="b8851efb-c901-3988-35d6-2f8cc864d993" testName="ExecuteAsync_ReplaceEntireFile_WorksCorrectly" computerName="PPITM80-M0317" duration="00:00:00.0051090" startTime="2025-09-08T07:17:58.0903005-05:00" endTime="2025-09-08T07:17:58.0954095-05:00" testType="13cdc9d9-ddb5-4fa4-a97d-d965ccfc6d4b" outcome="Passed" testListId="8c84fa94-04c1-424b-9868-57a2d4851a1d" relativeResultsDirectory="34931bd1-aab7-4103-bbf6-2713f68a815d" />
    <UnitTestResult executionId="85cc81df-ab53-4fdb-97ed-079ea694c1da" testId="8c8ea10f-836e-2969-cff2-cf17dcfad09d" testName="ExecuteAsync_ValidSymbolName_ReturnsSymbolResults" computerName="PPITM80-M0317" duration="00:00:00.0055950" startTime="2025-09-08T07:17:58.3036850-05:00" endTime="2025-09-08T07:17:58.3092801-05:00" testType="13cdc9d9-ddb5-4fa4-a97d-d965ccfc6d4b" outcome="Passed" testListId="8c84fa94-04c1-424b-9868-57a2d4851a1d" relativeResultsDirectory="85cc81df-ab53-4fdb-97ed-079ea694c1da" />
    <UnitTestResult executionId="a0e656d4-ae32-4d62-93d8-898d8c2d7c7c" testId="4f9bef5c-5e1f-a003-c7be-166117ae3856" testName="PerformanceBenchmark_MediumFileOperations_MeetsTargets" computerName="PPITM80-M0317" duration="00:00:00.0220160" startTime="2025-09-08T07:17:56.0176665-05:00" endTime="2025-09-08T07:17:56.0396820-05:00" testType="13cdc9d9-ddb5-4fa4-a97d-d965ccfc6d4b" outcome="Passed" testListId="8c84fa94-04c1-424b-9868-57a2d4851a1d" relativeResultsDirectory="a0e656d4-ae32-4d62-93d8-898d8c2d7c7c">
      <Output>
        <StdOut>Medium File Performance Results:&#xD;
  Insert: 4.77ms&#xD;
  Replace: 4.64ms&#xD;
  Delete: 3.64ms</StdOut>
      </Output>
    </UnitTestResult>
    <UnitTestResult executionId="338259e5-d91c-4a26-b98c-e4fbabbceb89" testId="a16c6aa5-5fdf-d0c4-70f0-fc684d4ae0cf" testName="ValidateEdit_ComplexMultiLineEdit_ShouldValidateAccurately" computerName="PPITM80-M0317" duration="00:00:00.0053790" startTime="2025-09-08T07:17:55.3647342-05:00" endTime="2025-09-08T07:17:55.3701129-05:00" testType="13cdc9d9-ddb5-4fa4-a97d-d965ccfc6d4b" outcome="Passed" testListId="8c84fa94-04c1-424b-9868-57a2d4851a1d" relativeResultsDirectory="338259e5-d91c-4a26-b98c-e4fbabbceb89">
      <Output>
        <StdOut>=== COMPLEX EDIT VALIDATION ===&#xD;
=== DIFF VALIDATION REPORT ===&#xD;
Original: TestClass_original.cs&#xD;
Modified: TestClass_modified.cs&#xD;
Status: ✅ VALID&#xD;
&#xD;
=== METRICS ===&#xD;
Original lines: 12&#xD;
Modified lines: 13&#xD;
Lines added: +3&#xD;
Lines removed: -2&#xD;
Lines changed: ~0&#xD;
Net change: +1&#xD;
&#xD;
=== CHANGE SUMMARY ===&#xD;
- Line 5: Deleted:         Console.WriteLine("Original");&#xD;
+ Line 5: Added:         Console.WriteLine("Modified");&#xD;
+ Line 6: Added:         Console.WriteLine("Additional line");&#xD;
- Line 11: Deleted:         // TODO: Implement&#xD;
+ Line 11: Added:         Console.WriteLine("Implemented!");</StdOut>
      </Output>
    </UnitTestResult>
    <UnitTestResult executionId="62dce613-13d4-435b-8553-b114316a7608" testId="44613f3c-91e8-83f2-ac36-f838ffe8d4ce" testName="TypeExtractionService_Should_Handle_Unknown_Extension" computerName="PPITM80-M0317" duration="00:00:00.0000910" startTime="2025-09-08T07:17:57.1915318-05:00" endTime="2025-09-08T07:17:57.1916232-05:00" testType="13cdc9d9-ddb5-4fa4-a97d-d965ccfc6d4b" outcome="Passed" testListId="8c84fa94-04c1-424b-9868-57a2d4851a1d" relativeResultsDirectory="62dce613-13d4-435b-8553-b114316a7608" />
    <UnitTestResult executionId="23731acf-1169-4b7c-a29b-98d7b6dbf348" testId="b36935b2-7bdf-5e05-caab-bd3254a1a7b6" testName="ExecuteAsync_Should_Support_Recursive_Glob_Patterns" computerName="PPITM80-M0317" duration="00:00:00.0164940" startTime="2025-09-08T07:17:57.4794508-05:00" endTime="2025-09-08T07:17:57.4959441-05:00" testType="13cdc9d9-ddb5-4fa4-a97d-d965ccfc6d4b" outcome="Failed" testListId="8c84fa94-04c1-424b-9868-57a2d4851a1d" relativeResultsDirectory="23731acf-1169-4b7c-a29b-98d7b6dbf348">
      <Output>
        <ErrorInfo>
          <Message>Moq.MockException : &#xD;
Expected invocation on the mock once, but was 0 times: x =&gt; x.SearchAsync(It.IsAny&lt;string&gt;(), It.Is&lt;Query&gt;(q =&gt; q.ToString().Contains("path")), It.IsAny&lt;int&gt;(), It.IsAny&lt;bool&gt;(), It.IsAny&lt;CancellationToken&gt;())&#xD;
&#xD;
Performed invocations:&#xD;
&#xD;
   Mock&lt;ILuceneIndexService:67&gt; (x):&#xD;
&#xD;
      ILuceneIndexService.IndexExistsAsync("C:\Users\CHS300372\AppData\Local\Temp\codesearch-test\bb5ac814-24d5-4d8c-abda-2280ae034b4f", CancellationToken)&#xD;
      ILuceneIndexService.SearchAsync("C:\Users\CHS300372\AppData\Local\Temp\codesearch-test\bb5ac814-24d5-4d8c-abda-2280ae034b4f", *:*, 1000, True, CancellationToken)&#xD;
</Message>
          <StackTrace>   at Moq.Mock.Verify(Mock mock, LambdaExpression expression, Times times, String failMessage) in /_/src/Moq/Mock.cs:line 332&#xD;
   at Moq.Mock`1.Verify[TResult](Expression`1 expression, Func`1 times) in /_/src/Moq/Mock`1.cs:line 840&#xD;
   at COA.CodeSearch.McpServer.Tests.Tools.FileSearchToolTests.ExecuteAsync_Should_Support_Recursive_Glob_Patterns() in C:\source\COA CodeSearch MCP\COA.CodeSearch.McpServer.Tests\Tools\FileSearchToolTests.cs:line 496&#xD;
   at NUnit.Framework.Internal.TaskAwaitAdapter.GenericAdapter`1.GetResult()&#xD;
   at NUnit.Framework.Internal.AsyncToSyncAdapter.Await[TResult](TestExecutionContext context, Func`1 invoke)&#xD;
   at NUnit.Framework.Internal.AsyncToSyncAdapter.Await(TestExecutionContext context, Func`1 invoke)&#xD;
   at NUnit.Framework.Internal.Commands.TestMethodCommand.RunTestMethod(TestExecutionContext context)&#xD;
   at NUnit.Framework.Internal.Commands.TestMethodCommand.Execute(TestExecutionContext context)&#xD;
   at NUnit.Framework.Internal.Commands.BeforeAndAfterTestCommand.&lt;&gt;c__DisplayClass1_0.&lt;Execute&gt;b__0()&#xD;
   at NUnit.Framework.Internal.Commands.DelegatingTestCommand.RunTestMethodInThreadAbortSafeZone(TestExecutionContext context, Action action)
</StackTrace>
        </ErrorInfo>
      </Output>
    </UnitTestResult>
    <UnitTestResult executionId="7a5f41de-9761-43ce-9cb7-35c8a165ac8a" testId="02b3d77d-9453-7d32-929c-884e115651dd" testName="RegressionTest_PreventLineHandlingInconsistency" computerName="PPITM80-M0317" duration="00:00:00.0010140" startTime="2025-09-08T07:17:56.9270209-05:00" endTime="2025-09-08T07:17:56.9280348-05:00" testType="13cdc9d9-ddb5-4fa4-a97d-d965ccfc6d4b" outcome="Passed" testListId="8c84fa94-04c1-424b-9868-57a2d4851a1d" relativeResultsDirectory="7a5f41de-9761-43ce-9cb7-35c8a165ac8a" />
    <UnitTestResult executionId="4cb70329-26b0-4640-86e7-b679f9af017f" testId="0ac8f794-11d5-db31-dc90-4316cb0722db" testName="ExecuteAsync_EmptySymbolName_ReturnsError" computerName="PPITM80-M0317" duration="00:00:00.0039610" startTime="2025-09-08T07:17:57.7825515-05:00" endTime="2025-09-08T07:17:57.7865120-05:00" testType="13cdc9d9-ddb5-4fa4-a97d-d965ccfc6d4b" outcome="Passed" testListId="8c84fa94-04c1-424b-9868-57a2d4851a1d" relativeResultsDirectory="4cb70329-26b0-4640-86e7-b679f9af017f" />
    <UnitTestResult executionId="f579395b-2128-437f-9ca4-51c132bf9195" testId="5fbe1123-9625-80a1-71e2-6e9b8d578175" testName="CalculateConfidence_WithStringLiteral_ShouldHaveLowerConfidence" computerName="PPITM80-M0317" duration="00:00:00.0385830" startTime="2025-09-08T07:17:56.7629172-05:00" endTime="2025-09-08T07:17:56.8014984-05:00" testType="13cdc9d9-ddb5-4fa4-a97d-d965ccfc6d4b" outcome="Passed" testListId="8c84fa94-04c1-424b-9868-57a2d4851a1d" relativeResultsDirectory="f579395b-2128-437f-9ca4-51c132bf9195" />
    <UnitTestResult executionId="4d8d4dd3-7354-4a85-af42-1dce862083fb" testId="fe096d1a-d158-3796-d8f2-3285f8b36f36" testName="EnhanceWithSnippetsAsync_Should_Add_Context_Lines_And_Snippets" computerName="PPITM80-M0317" duration="00:00:00.1752690" startTime="2025-09-08T07:17:56.9749235-05:00" endTime="2025-09-08T07:17:57.1501917-05:00" testType="13cdc9d9-ddb5-4fa4-a97d-d965ccfc6d4b" outcome="Passed" testListId="8c84fa94-04c1-424b-9868-57a2d4851a1d" relativeResultsDirectory="4d8d4dd3-7354-4a85-af42-1dce862083fb" />
    <UnitTestResult executionId="33a794c0-94b9-40b9-9ebe-16e259b77ff3" testId="e0d0ff42-40d3-7672-bbd4-a3e2b36dfb62" testName="EnhanceWithSnippetsAsync_Should_Handle_Invalid_Wildcard_Patterns(&quot;*&quot;)" computerName="PPITM80-M0317" duration="00:00:00.0005210" startTime="2025-09-08T07:17:57.1595830-05:00" endTime="2025-09-08T07:17:57.1601040-05:00" testType="13cdc9d9-ddb5-4fa4-a97d-d965ccfc6d4b" outcome="Passed" testListId="8c84fa94-04c1-424b-9868-57a2d4851a1d" relativeResultsDirectory="33a794c0-94b9-40b9-9ebe-16e259b77ff3" />
    <UnitTestResult executionId="da3b060b-b62e-4947-8b4b-94fcd2f66ed2" testId="cc961071-1eb6-9234-3380-05f09e03415a" testName="ExecuteAsync_Should_Convert_Relative_Path_To_Absolute" computerName="PPITM80-M0317" duration="00:00:00.0069870" startTime="2025-09-08T07:17:57.6980760-05:00" endTime="2025-09-08T07:17:57.7050626-05:00" testType="13cdc9d9-ddb5-4fa4-a97d-d965ccfc6d4b" outcome="Passed" testListId="8c84fa94-04c1-424b-9868-57a2d4851a1d" relativeResultsDirectory="da3b060b-b62e-4947-8b4b-94fcd2f66ed2" />
    <UnitTestResult executionId="ee87c099-5d1c-485f-8f51-f19ca7bf6fb6" testId="1cd8cb23-e96d-1f20-0ebf-8ebe7bc08ac8" testName="ExecuteAsync_Should_Parse_TimeFrame_Correctly(&quot;30min&quot;,0.02083d)" computerName="PPITM80-M0317" duration="00:00:00.0020280" startTime="2025-09-08T07:17:58.0239978-05:00" endTime="2025-09-08T07:17:58.0260255-05:00" testType="13cdc9d9-ddb5-4fa4-a97d-d965ccfc6d4b" outcome="Passed" testListId="8c84fa94-04c1-424b-9868-57a2d4851a1d" relativeResultsDirectory="ee87c099-5d1c-485f-8f51-f19ca7bf6fb6" />
    <UnitTestResult executionId="baf73580-1fbd-4a0d-8840-8d7350c5d6b2" testId="12902737-c6bb-b696-0484-0e60b86be4a0" testName="ExecuteAsync_Should_Store_Metadata_Multiple_Times_During_Workflow" computerName="PPITM80-M0317" duration="00:00:00.0068370" startTime="2025-09-08T07:17:57.8717965-05:00" endTime="2025-09-08T07:17:57.8786333-05:00" testType="13cdc9d9-ddb5-4fa4-a97d-d965ccfc6d4b" outcome="Passed" testListId="8c84fa94-04c1-424b-9868-57a2d4851a1d" relativeResultsDirectory="baf73580-1fbd-4a0d-8840-8d7350c5d6b2" />
    <UnitTestResult executionId="beee11e1-7f7c-4ffd-888c-c23a1823df7c" testId="f77e4a02-22e6-d2a2-29f9-d970ab8ee90f" testName="ExecuteAsync_InsertMultipleLines_InsertsCorrectly" computerName="PPITM80-M0317" duration="00:00:00.0051870" startTime="2025-09-08T07:17:57.9357658-05:00" endTime="2025-09-08T07:17:57.9409523-05:00" testType="13cdc9d9-ddb5-4fa4-a97d-d965ccfc6d4b" outcome="Passed" testListId="8c84fa94-04c1-424b-9868-57a2d4851a1d" relativeResultsDirectory="beee11e1-7f7c-4ffd-888c-c23a1823df7c" />
    <UnitTestResult executionId="8f38a4b5-2006-4898-ba11-03acf1f7b160" testId="7a8f82da-0cf3-069d-48de-8d0f29914d1e" testName="GetDirectoryName_Should_Extract_Directory_Path" computerName="PPITM80-M0317" duration="00:00:00.0007130" startTime="2025-09-08T07:17:56.9663635-05:00" endTime="2025-09-08T07:17:56.9670761-05:00" testType="13cdc9d9-ddb5-4fa4-a97d-d965ccfc6d4b" outcome="Passed" testListId="8c84fa94-04c1-424b-9868-57a2d4851a1d" relativeResultsDirectory="8f38a4b5-2006-4898-ba11-03acf1f7b160" />
    <UnitTestResult executionId="38efb04e-dc37-4dd7-8b6a-7f6441a9981d" testId="e23bbd1b-5696-b4bf-9f37-829a6d88daf7" testName="CreateEdgeCaseFiles_ShouldWork" computerName="PPITM80-M0317" duration="00:00:00.0076850" startTime="2025-09-08T07:17:55.4098382-05:00" endTime="2025-09-08T07:17:55.4175226-05:00" testType="13cdc9d9-ddb5-4fa4-a97d-d965ccfc6d4b" outcome="Passed" testListId="8c84fa94-04c1-424b-9868-57a2d4851a1d" relativeResultsDirectory="38efb04e-dc37-4dd7-8b6a-7f6441a9981d">
      <Output>
        <StdOut>=== Edge Case Files Created ===&#xD;
Test directory: C:\Users\CHS300372\AppData\Local\Temp\codesearch_test_2d3b38843b3d4499b1e3d0a83aacbeb2&#xD;
✅ no_trailing_newline.cs (42 bytes)&#xD;
✅ unicode_test.cs (53 bytes)&#xD;
✅ mixed_endings.txt (30 bytes)&#xD;
✅ long_line.cs (2022 bytes)&#xD;
\ud83e\uddf9 Cleaned up test directory</StdOut>
      </Output>
    </UnitTestResult>
    <UnitTestResult executionId="74dbd4dd-e07e-48d9-abb6-406d6230d26f" testId="37406336-def6-fc7c-189e-c2030604658e" testName="ExecuteAsync_Should_Handle_Invalid_TimeFrame_Format" computerName="PPITM80-M0317" duration="00:00:00.0016340" startTime="2025-09-08T07:17:58.0156329-05:00" endTime="2025-09-08T07:17:58.0172664-05:00" testType="13cdc9d9-ddb5-4fa4-a97d-d965ccfc6d4b" outcome="Passed" testListId="8c84fa94-04c1-424b-9868-57a2d4851a1d" relativeResultsDirectory="74dbd4dd-e07e-48d9-abb6-406d6230d26f" />
    <UnitTestResult executionId="19637d4c-1b21-4c9a-a8b6-93f637cb845f" testId="e830c9a2-0b7d-76d9-0434-a7ec37a581fc" testName="Tool_Should_Have_Correct_Metadata" computerName="PPITM80-M0317" duration="00:00:00.0016490" startTime="2025-09-08T07:17:58.0506132-05:00" endTime="2025-09-08T07:17:58.0522620-05:00" testType="13cdc9d9-ddb5-4fa4-a97d-d965ccfc6d4b" outcome="Passed" testListId="8c84fa94-04c1-424b-9868-57a2d4851a1d" relativeResultsDirectory="19637d4c-1b21-4c9a-a8b6-93f637cb845f" />
    <UnitTestResult executionId="d5f45fbf-4787-4ae0-997e-35a68da47078" testId="ec485ea5-9daa-a0d9-a9c8-f4b69700c81c" testName="Description_ReturnsCorrectDescription" computerName="PPITM80-M0317" duration="00:00:00.0016140" startTime="2025-09-08T07:17:58.2280936-05:00" endTime="2025-09-08T07:17:58.2297070-05:00" testType="13cdc9d9-ddb5-4fa4-a97d-d965ccfc6d4b" outcome="Passed" testListId="8c84fa94-04c1-424b-9868-57a2d4851a1d" relativeResultsDirectory="d5f45fbf-4787-4ae0-997e-35a68da47078" />
    <UnitTestResult executionId="d6367830-767b-41e0-958c-3f2c30fbf387" testId="2cb5cff5-ecda-91bd-22a2-50646abf0bf1" testName="EnumerateFiles_Should_Return_Files_In_Directory" computerName="PPITM80-M0317" duration="00:00:00.0035850" startTime="2025-09-08T07:17:56.9588538-05:00" endTime="2025-09-08T07:17:56.9624386-05:00" testType="13cdc9d9-ddb5-4fa4-a97d-d965ccfc6d4b" outcome="Passed" testListId="8c84fa94-04c1-424b-9868-57a2d4851a1d" relativeResultsDirectory="d6367830-767b-41e0-958c-3f2c30fbf387" />
    <UnitTestResult executionId="1392266b-4261-4153-92f5-003917d0f3e9" testId="0ab2e78f-df9e-ee65-c2fa-b6228220d9cd" testName="ExecuteAsync_Should_Cache_Results_By_Default" computerName="PPITM80-M0317" duration="00:00:00.0032470" startTime="2025-09-08T07:17:57.4183551-05:00" endTime="2025-09-08T07:17:57.4216017-05:00" testType="13cdc9d9-ddb5-4fa4-a97d-d965ccfc6d4b" outcome="Passed" testListId="8c84fa94-04c1-424b-9868-57a2d4851a1d" relativeResultsDirectory="1392266b-4261-4153-92f5-003917d0f3e9" />
    <UnitTestResult executionId="0a8be264-044b-4836-af3c-43d75f78d9ba" testId="49321e41-8407-7aa4-45b1-515098c73901" testName="DirectoryExists_Should_Return_False_For_NonExistent_Directory" computerName="PPITM80-M0317" duration="00:00:00.0004940" startTime="2025-09-08T07:17:56.9413874-05:00" endTime="2025-09-08T07:17:56.9418810-05:00" testType="13cdc9d9-ddb5-4fa4-a97d-d965ccfc6d4b" outcome="Passed" testListId="8c84fa94-04c1-424b-9868-57a2d4851a1d" relativeResultsDirectory="0a8be264-044b-4836-af3c-43d75f78d9ba" />
    <UnitTestResult executionId="51f76eae-17e9-45be-9361-455070cab1b7" testId="824d46d8-3bb8-ccc9-bd77-9559d8eb8b6f" testName="CalculateConfidence_WithPartialMatch_ShouldReturnLowConfidence" computerName="PPITM80-M0317" duration="00:00:00.0348260" startTime="2025-09-08T07:17:56.6092051-05:00" endTime="2025-09-08T07:17:56.6440303-05:00" testType="13cdc9d9-ddb5-4fa4-a97d-d965ccfc6d4b" outcome="Passed" testListId="8c84fa94-04c1-424b-9868-57a2d4851a1d" relativeResultsDirectory="51f76eae-17e9-45be-9361-455070cab1b7" />
    <UnitTestResult executionId="3ce08e25-b360-440b-b939-dc2bd1912229" testId="d95f425d-a404-06ff-55cc-918955ed0dd3" testName="ConvertGlobToRegex_Should_Handle_Recursive_Patterns_Correctly" computerName="PPITM80-M0317" duration="00:00:00.0138570" startTime="2025-09-08T07:17:57.3863903-05:00" endTime="2025-09-08T07:17:57.4002473-05:00" testType="13cdc9d9-ddb5-4fa4-a97d-d965ccfc6d4b" outcome="Passed" testListId="8c84fa94-04c1-424b-9868-57a2d4851a1d" relativeResultsDirectory="3ce08e25-b360-440b-b939-dc2bd1912229" />
    <UnitTestResult executionId="74dc6e31-92ad-474a-bbbf-e197209e1f4d" testId="c851a611-4c0a-ba81-12d8-417f8176c3ed" testName="EditFileWithUnicodeContent_PreservesSpecialCharacters" computerName="PPITM80-M0317" duration="00:00:00.0048060" startTime="2025-09-08T07:17:55.9577341-05:00" endTime="2025-09-08T07:17:55.9625401-05:00" testType="13cdc9d9-ddb5-4fa4-a97d-d965ccfc6d4b" outcome="Passed" testListId="8c84fa94-04c1-424b-9868-57a2d4851a1d" relativeResultsDirectory="74dc6e31-92ad-474a-bbbf-e197209e1f4d" />
    <UnitTestResult executionId="8bf28f4a-8693-4f06-9310-6412eadb405a" testId="332249a2-2736-2c50-b836-0d2a658a6444" testName="BuildValidation_SpecificWarningTypes_NotPresent" computerName="PPITM80-M0317" duration="00:00:01.5864180" startTime="2025-09-08T07:17:50.5793955-05:00" endTime="2025-09-08T07:17:52.1658128-05:00" testType="13cdc9d9-ddb5-4fa4-a97d-d965ccfc6d4b" outcome="Passed" testListId="8c84fa94-04c1-424b-9868-57a2d4851a1d" relativeResultsDirectory="8bf28f4a-8693-4f06-9310-6412eadb405a">
      <Output>
        <StdOut>No problematic warning types detected in build output.</StdOut>
      </Output>
    </UnitTestResult>
    <UnitTestResult executionId="055540a9-b057-461d-9602-190c750f73e8" testId="6993e581-86eb-182c-de5d-ea5f0a5def23" testName="ExecuteAsync_Should_Respect_MaxResults_Limit" computerName="PPITM80-M0317" duration="00:00:00.0036620" startTime="2025-09-08T07:17:57.4728346-05:00" endTime="2025-09-08T07:17:57.4764960-05:00" testType="13cdc9d9-ddb5-4fa4-a97d-d965ccfc6d4b" outcome="Passed" testListId="8c84fa94-04c1-424b-9868-57a2d4851a1d" relativeResultsDirectory="055540a9-b057-461d-9602-190c750f73e8" />
    <UnitTestResult executionId="81784683-335b-440a-a240-be0ce3cb1e78" testId="affcaea5-fc17-1749-de40-678d162823fe" testName="Tool_Should_Have_Correct_Metadata" computerName="PPITM80-M0317" duration="00:00:00.0025079" startTime="2025-09-08T07:17:58.4740900-05:00" endTime="2025-09-08T07:17:58.4765976-05:00" testType="13cdc9d9-ddb5-4fa4-a97d-d965ccfc6d4b" outcome="Passed" testListId="8c84fa94-04c1-424b-9868-57a2d4851a1d" relativeResultsDirectory="81784683-335b-440a-a240-be0ce3cb1e78" />
    <UnitTestResult executionId="58d4c19d-5433-48b9-b91a-38714b039543" testId="1b48cf27-1a1e-eda4-ff5f-7d22fcff0181" testName="ExecuteAsync_IndexNotFound_ReturnsError" computerName="PPITM80-M0317" duration="00:00:00.0026510" startTime="2025-09-08T07:17:58.1943197-05:00" endTime="2025-09-08T07:17:58.1969703-05:00" testType="13cdc9d9-ddb5-4fa4-a97d-d965ccfc6d4b" outcome="Passed" testListId="8c84fa94-04c1-424b-9868-57a2d4851a1d" relativeResultsDirectory="58d4c19d-5433-48b9-b91a-38714b039543" />
    <UnitTestResult executionId="6ad031fd-4fbf-4684-bac1-e3c6c5079ea6" testId="7eb5daed-f99c-4a37-6ed1-9ab1a9917404" testName="EditJsonConfiguration_PreservesFormatting" computerName="PPITM80-M0317" duration="00:00:00.0062780" startTime="2025-09-08T07:17:55.9625557-05:00" endTime="2025-09-08T07:17:55.9688336-05:00" testType="13cdc9d9-ddb5-4fa4-a97d-d965ccfc6d4b" outcome="Passed" testListId="8c84fa94-04c1-424b-9868-57a2d4851a1d" relativeResultsDirectory="6ad031fd-4fbf-4684-bac1-e3c6c5079ea6" />
    <UnitTestResult executionId="62cb982b-c16f-4b71-84df-0d8f151ff50b" testId="19387473-8f06-9e3f-eab9-436277ecd4fd" testName="NullableDereference_SearchHitContextLines_SafeAccess" computerName="PPITM80-M0317" duration="00:00:00.0004460" startTime="2025-09-08T07:17:56.2048511-05:00" endTime="2025-09-08T07:17:56.2052971-05:00" testType="13cdc9d9-ddb5-4fa4-a97d-d965ccfc6d4b" outcome="Passed" testListId="8c84fa94-04c1-424b-9868-57a2d4851a1d" relativeResultsDirectory="62cb982b-c16f-4b71-84df-0d8f151ff50b" />
  </Results>
  <TestDefinitions>
    <UnitTest name="Description_ContainsKeyPhrases" storage="c:\source\coa codesearch mcp\coa.codesearch.mcpserver.tests\bin\debug\net9.0\coa.codesearch.mcpserver.tests.dll" id="ea2ecd82-8e48-b7ef-0d3e-d585ac8573df">
      <Execution id="ae98df4e-4a2a-4c0a-832e-117f31208580" />
      <TestMethod codeBase="C:\source\COA CodeSearch MCP\COA.CodeSearch.McpServer.Tests\bin\Debug\net9.0\COA.CodeSearch.McpServer.Tests.dll" adapterTypeName="executor://nunit3testexecutor/" className="COA.CodeSearch.McpServer.Tests.Tools.DeleteLinesToolTests" name="Description_ContainsKeyPhrases" />
    </UnitTest>
    <UnitTest name="CalculateConfidence_WithExactWordMatch_ShouldReturnHighConfidence" storage="c:\source\coa codesearch mcp\coa.codesearch.mcpserver.tests\bin\debug\net9.0\coa.codesearch.mcpserver.tests.dll" id="4a87e8ad-04fb-a693-b697-a98f46f8aea8">
      <Execution id="95f1127a-d696-4f66-98d4-6913a2b780bb" />
      <TestMethod codeBase="C:\source\COA CodeSearch MCP\COA.CodeSearch.McpServer.Tests\bin\Debug\net9.0\COA.CodeSearch.McpServer.Tests.dll" adapterTypeName="executor://nunit3testexecutor/" className="COA.CodeSearch.McpServer.Tests.Services.ConfidenceCalculatorServiceTests" name="CalculateConfidence_WithExactWordMatch_ShouldReturnHighConfidence" />
    </UnitTest>
    <UnitTest name="CalculateConfidence_WithUnrelatedFileName_ShouldNotHaveBonus" storage="c:\source\coa codesearch mcp\coa.codesearch.mcpserver.tests\bin\debug\net9.0\coa.codesearch.mcpserver.tests.dll" id="189c1d6c-4269-4e9b-b46e-e156ef5f2dc2">
      <Execution id="e5ce5d31-6f06-434a-ac80-f181ee150f0e" />
      <TestMethod codeBase="C:\source\COA CodeSearch MCP\COA.CodeSearch.McpServer.Tests\bin\Debug\net9.0\COA.CodeSearch.McpServer.Tests.dll" adapterTypeName="executor://nunit3testexecutor/" className="COA.CodeSearch.McpServer.Tests.Services.ConfidenceCalculatorServiceTests" name="CalculateConfidence_WithUnrelatedFileName_ShouldNotHaveBonus" />
    </UnitTest>
    <UnitTest name="CalculateConfidence_RealWorldScenario_CommentVsCode" storage="c:\source\coa codesearch mcp\coa.codesearch.mcpserver.tests\bin\debug\net9.0\coa.codesearch.mcpserver.tests.dll" id="34072cc7-629b-2658-b50c-132bbec0e5ed">
      <Execution id="8762fe68-8576-46b0-950d-132dd9ab6d28" />
      <TestMethod codeBase="C:\source\COA CodeSearch MCP\COA.CodeSearch.McpServer.Tests\bin\Debug\net9.0\COA.CodeSearch.McpServer.Tests.dll" adapterTypeName="executor://nunit3testexecutor/" className="COA.CodeSearch.McpServer.Tests.Services.ConfidenceCalculatorServiceTests" name="CalculateConfidence_RealWorldScenario_CommentVsCode" />
    </UnitTest>
    <UnitTest name="ExecuteAsync_NullContent_ReturnsError" storage="c:\source\coa codesearch mcp\coa.codesearch.mcpserver.tests\bin\debug\net9.0\coa.codesearch.mcpserver.tests.dll" id="0e38c7ca-f665-38ef-667e-c0bba7830d0a">
      <Execution id="de8c151d-9e26-4569-aa5b-9f10b170c22f" />
      <TestMethod codeBase="C:\source\COA CodeSearch MCP\COA.CodeSearch.McpServer.Tests\bin\Debug\net9.0\COA.CodeSearch.McpServer.Tests.dll" adapterTypeName="executor://nunit3testexecutor/" className="COA.CodeSearch.McpServer.Tests.Tools.ReplaceLinesToolTests" name="ExecuteAsync_NullContent_ReturnsError" />
    </UnitTest>
    <UnitTest name="ExecuteAsync_Should_Cache_Successful_Results" storage="c:\source\coa codesearch mcp\coa.codesearch.mcpserver.tests\bin\debug\net9.0\coa.codesearch.mcpserver.tests.dll" id="d3e136b8-5a0a-a773-d9e9-8101eb1d6114">
      <Execution id="cb31bc3d-e7a1-408b-ae35-7ef91e1647cc" />
      <TestMethod codeBase="C:\source\COA CodeSearch MCP\COA.CodeSearch.McpServer.Tests\bin\Debug\net9.0\COA.CodeSearch.McpServer.Tests.dll" adapterTypeName="executor://nunit3testexecutor/" className="COA.CodeSearch.McpServer.Tests.Tools.TextSearchToolTests" name="ExecuteAsync_Should_Cache_Successful_Results" />
    </UnitTest>
    <UnitTest name="ExecuteAsync_Should_Not_Store_Metadata_When_Indexing_Fails" storage="c:\source\coa codesearch mcp\coa.codesearch.mcpserver.tests\bin\debug\net9.0\coa.codesearch.mcpserver.tests.dll" id="bfa6ab72-fad6-99b9-6055-3a00e10d1609">
      <Execution id="616964d7-d766-4195-b9c7-48badfd2bf1a" />
      <TestMethod codeBase="C:\source\COA CodeSearch MCP\COA.CodeSearch.McpServer.Tests\bin\Debug\net9.0\COA.CodeSearch.McpServer.Tests.dll" adapterTypeName="executor://nunit3testexecutor/" className="COA.CodeSearch.McpServer.Tests.Tools.IndexWorkspaceToolTests" name="ExecuteAsync_Should_Not_Store_Metadata_When_Indexing_Fails" />
    </UnitTest>
    <UnitTest name="Concurrency_MultipleSimultaneousOperations_HandlesGracefully" storage="c:\source\coa codesearch mcp\coa.codesearch.mcpserver.tests\bin\debug\net9.0\coa.codesearch.mcpserver.tests.dll" id="981b9e47-2d0d-bc71-3eaf-e869bbb85e93">
      <Execution id="7630e313-1b7c-4cc8-a4d1-a2616b71af5e" />
      <TestMethod codeBase="C:\source\COA CodeSearch MCP\COA.CodeSearch.McpServer.Tests\bin\Debug\net9.0\COA.CodeSearch.McpServer.Tests.dll" adapterTypeName="executor://nunit3testexecutor/" className="COA.CodeSearch.McpServer.Tests.Integration.RealWorldFileEditingTests" name="Concurrency_MultipleSimultaneousOperations_HandlesGracefully" />
    </UnitTest>
    <UnitTest name="IntegrationTest_SearchResultProcessing_NoWarnings" storage="c:\source\coa codesearch mcp\coa.codesearch.mcpserver.tests\bin\debug\net9.0\coa.codesearch.mcpserver.tests.dll" id="1f875262-2752-ffca-8a22-70fb87d03e65">
      <Execution id="66b9ecac-b36f-4ce1-8c70-473c27464055" />
      <TestMethod codeBase="C:\source\COA CodeSearch MCP\COA.CodeSearch.McpServer.Tests\bin\Debug\net9.0\COA.CodeSearch.McpServer.Tests.dll" adapterTypeName="executor://nunit3testexecutor/" className="COA.CodeSearch.McpServer.Tests.SimpleWarningValidationTests" name="IntegrationTest_SearchResultProcessing_NoWarnings" />
    </UnitTest>
    <UnitTest name="EnsureDirectoryExists_Should_Create_Nested_Directories" storage="c:\source\coa codesearch mcp\coa.codesearch.mcpserver.tests\bin\debug\net9.0\coa.codesearch.mcpserver.tests.dll" id="6c81ab54-0bec-8762-90d9-f28435852df7">
      <Execution id="023d794d-ae28-4a7c-b8f0-5075b66bd4d0" />
      <TestMethod codeBase="C:\source\COA CodeSearch MCP\COA.CodeSearch.McpServer.Tests\bin\Debug\net9.0\COA.CodeSearch.McpServer.Tests.dll" adapterTypeName="executor://nunit3testexecutor/" className="COA.CodeSearch.McpServer.Tests.Services.PathResolutionServiceTests" name="EnsureDirectoryExists_Should_Create_Nested_Directories" />
    </UnitTest>
    <UnitTest name="TypeContext_ShouldAlwaysBePopulated_ForTypeQueries" storage="c:\source\coa codesearch mcp\coa.codesearch.mcpserver.tests\bin\debug\net9.0\coa.codesearch.mcpserver.tests.dll" id="c6bc7d85-8cf8-1fb5-051c-aa2eedea7cd6">
      <Execution id="501a6685-b482-4fc5-9f76-d212bb42a9f5" />
      <TestMethod codeBase="C:\source\COA CodeSearch MCP\COA.CodeSearch.McpServer.Tests\bin\Debug\net9.0\COA.CodeSearch.McpServer.Tests.dll" adapterTypeName="executor://nunit3testexecutor/" className="COA.CodeSearch.McpServer.Tests.Tools.TextSearchToolTests" name="TypeContext_ShouldAlwaysBePopulated_ForTypeQueries" />
    </UnitTest>
    <UnitTest name="ExecuteAsync_SearchForMethod_ReturnsMethodDefinition" storage="c:\source\coa codesearch mcp\coa.codesearch.mcpserver.tests\bin\debug\net9.0\coa.codesearch.mcpserver.tests.dll" id="1b2024d7-53f3-0b2b-9619-eed3364080df">
      <Execution id="1c71619d-fcb7-4cf0-a290-52a7d56a1cc5" />
      <TestMethod codeBase="C:\source\COA CodeSearch MCP\COA.CodeSearch.McpServer.Tests\bin\Debug\net9.0\COA.CodeSearch.McpServer.Tests.dll" adapterTypeName="executor://nunit3testexecutor/" className="COA.CodeSearch.McpServer.Tests.Tools.SymbolSearchToolTests" name="ExecuteAsync_SearchForMethod_ReturnsMethodDefinition" />
    </UnitTest>
    <UnitTest name="ExecuteAsync_NonExistentFile_ReturnsError" storage="c:\source\coa codesearch mcp\coa.codesearch.mcpserver.tests\bin\debug\net9.0\coa.codesearch.mcpserver.tests.dll" id="fea87784-1f99-5827-a113-124955d284fa">
      <Execution id="59fa43fc-f705-4fd1-9183-0c96ea5306dd" />
      <TestMethod codeBase="C:\source\COA CodeSearch MCP\COA.CodeSearch.McpServer.Tests\bin\Debug\net9.0\COA.CodeSearch.McpServer.Tests.dll" adapterTypeName="executor://nunit3testexecutor/" className="COA.CodeSearch.McpServer.Tests.Tools.DeleteLinesToolTests" name="ExecuteAsync_NonExistentFile_ReturnsError" />
    </UnitTest>
    <UnitTest name="CalculateConfidence_WithContainsMatch_ShouldReturnMediumConfidence" storage="c:\source\coa codesearch mcp\coa.codesearch.mcpserver.tests\bin\debug\net9.0\coa.codesearch.mcpserver.tests.dll" id="e9dc951d-22d1-e2e6-2375-68c40bf14368">
      <Execution id="e7b67f66-ffa0-479c-b0ae-e06305808a53" />
      <TestMethod codeBase="C:\source\COA CodeSearch MCP\COA.CodeSearch.McpServer.Tests\bin\Debug\net9.0\COA.CodeSearch.McpServer.Tests.dll" adapterTypeName="executor://nunit3testexecutor/" className="COA.CodeSearch.McpServer.Tests.Services.ConfidenceCalculatorServiceTests" name="CalculateConfidence_WithContainsMatch_ShouldReturnMediumConfidence" />
    </UnitTest>
    <UnitTest name="ExecuteAsync_ReplaceLineRange_ReplacesCorrectRange" storage="c:\source\coa codesearch mcp\coa.codesearch.mcpserver.tests\bin\debug\net9.0\coa.codesearch.mcpserver.tests.dll" id="22a3245c-8cb4-74c9-db31-ee1f39e8557d">
      <Execution id="dc68ff2f-e6d1-4146-b77e-e58825300c2c" />
      <TestMethod codeBase="C:\source\COA CodeSearch MCP\COA.CodeSearch.McpServer.Tests\bin\Debug\net9.0\COA.CodeSearch.McpServer.Tests.dll" adapterTypeName="executor://nunit3testexecutor/" className="COA.CodeSearch.McpServer.Tests.Tools.ReplaceLinesToolTests" name="ExecuteAsync_ReplaceLineRange_ReplacesCorrectRange" />
    </UnitTest>
    <UnitTest name="TypeExtractionService_Should_Initialize" storage="c:\source\coa codesearch mcp\coa.codesearch.mcpserver.tests\bin\debug\net9.0\coa.codesearch.mcpserver.tests.dll" id="3eedc53e-4c04-cdaa-3c90-7824bfce322c">
      <Execution id="b020a454-b08a-4317-84f3-2001ba4eea61" />
      <TestMethod codeBase="C:\source\COA CodeSearch MCP\COA.CodeSearch.McpServer.Tests\bin\Debug\net9.0\COA.CodeSearch.McpServer.Tests.dll" adapterTypeName="executor://nunit3testexecutor/" className="COA.CodeSearch.McpServer.Tests.Services.TypeExtraction.MinimalTypeExtractionTest" name="TypeExtractionService_Should_Initialize" />
    </UnitTest>
    <UnitTest name="CalculateConfidence_WithMultiLineComment_ShouldHavePenalty" storage="c:\source\coa codesearch mcp\coa.codesearch.mcpserver.tests\bin\debug\net9.0\coa.codesearch.mcpserver.tests.dll" id="a3dd116a-32ea-3da7-9f78-87baa5939597">
      <Execution id="d073a432-547c-4b70-95ea-95b375fc1f27" />
      <TestMethod codeBase="C:\source\COA CodeSearch MCP\COA.CodeSearch.McpServer.Tests\bin\Debug\net9.0\COA.CodeSearch.McpServer.Tests.dll" adapterTypeName="executor://nunit3testexecutor/" className="COA.CodeSearch.McpServer.Tests.Services.ConfidenceCalculatorServiceTests" name="CalculateConfidence_WithMultiLineComment_ShouldHavePenalty" />
    </UnitTest>
    <UnitTest name="ExecuteAsync_LineNumberBeyondFile_ReturnsError" storage="c:\source\coa codesearch mcp\coa.codesearch.mcpserver.tests\bin\debug\net9.0\coa.codesearch.mcpserver.tests.dll" id="045daf24-03ff-197b-1cef-a9193cb7610e">
      <Execution id="73f88c57-03fa-407f-a292-c713033294b9" />
      <TestMethod codeBase="C:\source\COA CodeSearch MCP\COA.CodeSearch.McpServer.Tests\bin\Debug\net9.0\COA.CodeSearch.McpServer.Tests.dll" adapterTypeName="executor://nunit3testexecutor/" className="COA.CodeSearch.McpServer.Tests.Tools.InsertAtLineToolTests" name="ExecuteAsync_LineNumberBeyondFile_ReturnsError" />
    </UnitTest>
    <UnitTest name="ExecuteAsync_Should_Find_Files_Matching_Regex_Pattern" storage="c:\source\coa codesearch mcp\coa.codesearch.mcpserver.tests\bin\debug\net9.0\coa.codesearch.mcpserver.tests.dll" id="ff27a340-2752-6234-dd37-911015eaa47b">
      <Execution id="42238dc2-ffd0-4c5d-9939-347e4a7bc104" />
      <TestMethod codeBase="C:\source\COA CodeSearch MCP\COA.CodeSearch.McpServer.Tests\bin\Debug\net9.0\COA.CodeSearch.McpServer.Tests.dll" adapterTypeName="executor://nunit3testexecutor/" className="COA.CodeSearch.McpServer.Tests.Tools.FileSearchToolTests" name="ExecuteAsync_Should_Find_Files_Matching_Regex_Pattern" />
    </UnitTest>
    <UnitTest name="ExecuteAsync_WithContextLines_GeneratesCorrectContext" storage="c:\source\coa codesearch mcp\coa.codesearch.mcpserver.tests\bin\debug\net9.0\coa.codesearch.mcpserver.tests.dll" id="73651905-b1d3-1bb3-c32a-23411992705b">
      <Execution id="93e18713-bd1b-489d-a583-5eb5a70cced2" />
      <TestMethod codeBase="C:\source\COA CodeSearch MCP\COA.CodeSearch.McpServer.Tests\bin\Debug\net9.0\COA.CodeSearch.McpServer.Tests.dll" adapterTypeName="executor://nunit3testexecutor/" className="COA.CodeSearch.McpServer.Tests.Tools.DeleteLinesToolTests" name="ExecuteAsync_WithContextLines_GeneratesCorrectContext" />
    </UnitTest>
    <UnitTest name="CalculateConfidence_WithPartialFileNameMatch_ShouldHaveSmallBonus" storage="c:\source\coa codesearch mcp\coa.codesearch.mcpserver.tests\bin\debug\net9.0\coa.codesearch.mcpserver.tests.dll" id="a5c84b4a-9f54-559b-a7bf-5f80afbe74e5">
      <Execution id="fe698340-42c8-4980-a3fc-e8efddcb4205" />
      <TestMethod codeBase="C:\source\COA CodeSearch MCP\COA.CodeSearch.McpServer.Tests\bin\Debug\net9.0\COA.CodeSearch.McpServer.Tests.dll" adapterTypeName="executor://nunit3testexecutor/" className="COA.CodeSearch.McpServer.Tests.Services.ConfidenceCalculatorServiceTests" name="CalculateConfidence_WithPartialFileNameMatch_ShouldHaveSmallBonus" />
    </UnitTest>
    <UnitTest name="RegressionTest_WarningFixesIntact_NoRegressionDetected" storage="c:\source\coa codesearch mcp\coa.codesearch.mcpserver.tests\bin\debug\net9.0\coa.codesearch.mcpserver.tests.dll" id="5d5fb8b4-c2e5-6615-593f-fb4afc53ab6d">
      <Execution id="f72e7008-8ee9-48df-b90a-1181adc90c5c" />
      <TestMethod codeBase="C:\source\COA CodeSearch MCP\COA.CodeSearch.McpServer.Tests\bin\Debug\net9.0\COA.CodeSearch.McpServer.Tests.dll" adapterTypeName="executor://nunit3testexecutor/" className="COA.CodeSearch.McpServer.Tests.BuildTimeWarningValidationTests" name="RegressionTest_WarningFixesIntact_NoRegressionDetected" />
    </UnitTest>
    <UnitTest name="BatchOperationsResult_DefaultValues_AreCorrect" storage="c:\source\coa codesearch mcp\coa.codesearch.mcpserver.tests\bin\debug\net9.0\coa.codesearch.mcpserver.tests.dll" id="ccb08aa0-237e-292d-2297-8e3747d4cff5">
      <Execution id="76ec4d77-d23d-4777-b755-7ed27c6f8c93" />
      <TestMethod codeBase="C:\source\COA CodeSearch MCP\COA.CodeSearch.McpServer.Tests\bin\Debug\net9.0\COA.CodeSearch.McpServer.Tests.dll" adapterTypeName="executor://nunit3testexecutor/" className="COA.CodeSearch.McpServer.Tests.Tools.BatchOperationsModelTests" name="BatchOperationsResult_DefaultValues_AreCorrect" />
    </UnitTest>
    <UnitTest name="GetExtension_Should_Handle_File_Without_Extension" storage="c:\source\coa codesearch mcp\coa.codesearch.mcpserver.tests\bin\debug\net9.0\coa.codesearch.mcpserver.tests.dll" id="a36b2370-23ba-a55f-5486-a5e007b89c3d">
      <Execution id="4206047f-9b77-4777-8db2-ad57025db8d4" />
      <TestMethod codeBase="C:\source\COA CodeSearch MCP\COA.CodeSearch.McpServer.Tests\bin\Debug\net9.0\COA.CodeSearch.McpServer.Tests.dll" adapterTypeName="executor://nunit3testexecutor/" className="COA.CodeSearch.McpServer.Tests.Services.PathResolutionServiceTests" name="GetExtension_Should_Handle_File_Without_Extension" />
    </UnitTest>
    <UnitTest name="NullableCollections_SafeEnumeration_NoWarnings" storage="c:\source\coa codesearch mcp\coa.codesearch.mcpserver.tests\bin\debug\net9.0\coa.codesearch.mcpserver.tests.dll" id="bb3e078b-d385-fc3c-7d6f-238b06f1ba0d">
      <Execution id="e298d33b-7a05-47fd-a42c-51c51637e9c2" />
      <TestMethod codeBase="C:\source\COA CodeSearch MCP\COA.CodeSearch.McpServer.Tests\bin\Debug\net9.0\COA.CodeSearch.McpServer.Tests.dll" adapterTypeName="executor://nunit3testexecutor/" className="COA.CodeSearch.McpServer.Tests.SimpleWarningValidationTests" name="NullableCollections_SafeEnumeration_NoWarnings" />
    </UnitTest>
    <UnitTest name="ExecuteAsync_Should_Return_Error_When_Directory_Not_Found" storage="c:\source\coa codesearch mcp\coa.codesearch.mcpserver.tests\bin\debug\net9.0\coa.codesearch.mcpserver.tests.dll" id="9913925c-6c4b-8343-5be6-f836a949a47a">
      <Execution id="ca820f56-751e-4574-92ac-e9f9566bfcbb" />
      <TestMethod codeBase="C:\source\COA CodeSearch MCP\COA.CodeSearch.McpServer.Tests\bin\Debug\net9.0\COA.CodeSearch.McpServer.Tests.dll" adapterTypeName="executor://nunit3testexecutor/" className="COA.CodeSearch.McpServer.Tests.Tools.IndexWorkspaceToolTests" name="ExecuteAsync_Should_Return_Error_When_Directory_Not_Found" />
    </UnitTest>
    <UnitTest name="GetIndexPath_Should_Be_Deterministic" storage="c:\source\coa codesearch mcp\coa.codesearch.mcpserver.tests\bin\debug\net9.0\coa.codesearch.mcpserver.tests.dll" id="beb0b5b5-24dc-a8c2-882a-b3d0c6d92a7f">
      <Execution id="7d641075-6c8b-432c-889c-711cac7d4a18" />
      <TestMethod codeBase="C:\source\COA CodeSearch MCP\COA.CodeSearch.McpServer.Tests\bin\Debug\net9.0\COA.CodeSearch.McpServer.Tests.dll" adapterTypeName="executor://nunit3testexecutor/" className="COA.CodeSearch.McpServer.Tests.Services.PathResolutionServiceTests" name="GetIndexPath_Should_Be_Deterministic" />
    </UnitTest>
    <UnitTest name="NullableList_SafeOperations_NoWarnings" storage="c:\source\coa codesearch mcp\coa.codesearch.mcpserver.tests\bin\debug\net9.0\coa.codesearch.mcpserver.tests.dll" id="72170669-1a4b-b64d-93c5-3d45ab3b701a">
      <Execution id="77cc1573-1f8a-4c13-b104-9ecf266dea20" />
      <TestMethod codeBase="C:\source\COA CodeSearch MCP\COA.CodeSearch.McpServer.Tests\bin\Debug\net9.0\COA.CodeSearch.McpServer.Tests.dll" adapterTypeName="executor://nunit3testexecutor/" className="COA.CodeSearch.McpServer.Tests.SimpleWarningValidationTests" name="NullableList_SafeOperations_NoWarnings" />
    </UnitTest>
    <UnitTest name="DiffValidator_MultiLanguageContent_ShouldValidateCorrectly" storage="c:\source\coa codesearch mcp\coa.codesearch.mcpserver.tests\bin\debug\net9.0\coa.codesearch.mcpserver.tests.dll" id="7a557c51-e172-4f95-7efc-e28efa3b2655">
      <Execution id="d16b1801-0004-44dd-a3b7-90792652bf88" />
      <TestMethod codeBase="C:\source\COA CodeSearch MCP\COA.CodeSearch.McpServer.Tests\bin\Debug\net9.0\COA.CodeSearch.McpServer.Tests.dll" adapterTypeName="executor://nunit3testexecutor/" className="COA.CodeSearch.McpServer.Tests.Integration.UnicodeHandlingTests" name="DiffValidator_MultiLanguageContent_ShouldValidateCorrectly" />
    </UnitTest>
    <UnitTest name="ExecuteAsync_Should_Sort_Files_By_Most_Recent_First" storage="c:\source\coa codesearch mcp\coa.codesearch.mcpserver.tests\bin\debug\net9.0\coa.codesearch.mcpserver.tests.dll" id="5b966598-59eb-430e-ea26-6cec0c85e92f">
      <Execution id="b267dbee-26d2-4cb9-8749-b352bbf9cab5" />
      <TestMethod codeBase="C:\source\COA CodeSearch MCP\COA.CodeSearch.McpServer.Tests\bin\Debug\net9.0\COA.CodeSearch.McpServer.Tests.dll" adapterTypeName="executor://nunit3testexecutor/" className="COA.CodeSearch.McpServer.Tests.Tools.RecentFilesToolTests" name="ExecuteAsync_Should_Sort_Files_By_Most_Recent_First" />
    </UnitTest>
    <UnitTest name="DirectoryExists_Should_Handle_Null_Path" storage="c:\source\coa codesearch mcp\coa.codesearch.mcpserver.tests\bin\debug\net9.0\coa.codesearch.mcpserver.tests.dll" id="33547af0-d15f-7425-cd54-54e1bcc21ab6">
      <Execution id="084b1cc0-76f3-4ab2-9138-8d709cf4a567" />
      <TestMethod codeBase="C:\source\COA CodeSearch MCP\COA.CodeSearch.McpServer.Tests\bin\Debug\net9.0\COA.CodeSearch.McpServer.Tests.dll" adapterTypeName="executor://nunit3testexecutor/" className="COA.CodeSearch.McpServer.Tests.Services.PathResolutionServiceTests" name="DirectoryExists_Should_Handle_Null_Path" />
    </UnitTest>
    <UnitTest name="Tool_Should_Have_Correct_Metadata" storage="c:\source\coa codesearch mcp\coa.codesearch.mcpserver.tests\bin\debug\net9.0\coa.codesearch.mcpserver.tests.dll" id="b16c89a1-6a98-f79b-2a7e-f5eca5df70a8">
      <Execution id="8b5af02b-1863-4837-b9a9-8dd011994af7" />
      <TestMethod codeBase="C:\source\COA CodeSearch MCP\COA.CodeSearch.McpServer.Tests\bin\Debug\net9.0\COA.CodeSearch.McpServer.Tests.dll" adapterTypeName="executor://nunit3testexecutor/" className="COA.CodeSearch.McpServer.Tests.Tools.FileSearchToolTests" name="Tool_Should_Have_Correct_Metadata" />
    </UnitTest>
    <UnitTest name="Constructor_ShouldInitializeRegexPatternsCorrectly" storage="c:\source\coa codesearch mcp\coa.codesearch.mcpserver.tests\bin\debug\net9.0\coa.codesearch.mcpserver.tests.dll" id="326eb41d-b5f5-53f1-0d6f-0f5d466bccc1">
      <Execution id="c77ab097-3a12-4f2f-9a8c-db69f8196a4a" />
      <TestMethod codeBase="C:\source\COA CodeSearch MCP\COA.CodeSearch.McpServer.Tests\bin\Debug\net9.0\COA.CodeSearch.McpServer.Tests.dll" adapterTypeName="executor://nunit3testexecutor/" className="COA.CodeSearch.McpServer.Tests.Services.ConfidenceCalculatorServiceTests" name="Constructor_ShouldInitializeRegexPatternsCorrectly" />
    </UnitTest>
    <UnitTest name="ExecuteAsync_FilePatternFilter_RespectsFilter" storage="c:\source\coa codesearch mcp\coa.codesearch.mcpserver.tests\bin\debug\net9.0\coa.codesearch.mcpserver.tests.dll" id="3ae00c58-bce0-aae6-6277-df331731bcb4">
      <Execution id="dba0cde8-9928-411f-8b85-28ef5e1e8bdd" />
      <TestMethod codeBase="C:\source\COA CodeSearch MCP\COA.CodeSearch.McpServer.Tests\bin\Debug\net9.0\COA.CodeSearch.McpServer.Tests.dll" adapterTypeName="executor://nunit3testexecutor/" className="COA.CodeSearch.McpServer.Tests.Tools.SearchAndReplaceToolTests" name="ExecuteAsync_FilePatternFilter_RespectsFilter" />
    </UnitTest>
    <UnitTest name="CalculateConfidence_WithExactFileNameMatch_ShouldHaveBonus" storage="c:\source\coa codesearch mcp\coa.codesearch.mcpserver.tests\bin\debug\net9.0\coa.codesearch.mcpserver.tests.dll" id="a48bd2c4-ea8f-7724-f717-7c2e5483260c">
      <Execution id="90ecb55c-4425-4386-9ea7-2df08105e182" />
      <TestMethod codeBase="C:\source\COA CodeSearch MCP\COA.CodeSearch.McpServer.Tests\bin\Debug\net9.0\COA.CodeSearch.McpServer.Tests.dll" adapterTypeName="executor://nunit3testexecutor/" className="COA.CodeSearch.McpServer.Tests.Services.ConfidenceCalculatorServiceTests" name="CalculateConfidence_WithExactFileNameMatch_ShouldHaveBonus" />
    </UnitTest>
    <UnitTest name="ReplaceLines_WithMixedIndentation_ShouldPreserveConsistentStyle" storage="c:\source\coa codesearch mcp\coa.codesearch.mcpserver.tests\bin\debug\net9.0\coa.codesearch.mcpserver.tests.dll" id="3b6c7f8b-3025-2477-d3a9-0e98794ab613">
      <Execution id="d4b0ce8b-5b0b-4c5c-b0c1-b2f02ed31eb5" />
      <TestMethod codeBase="C:\source\COA CodeSearch MCP\COA.CodeSearch.McpServer.Tests\bin\Debug\net9.0\COA.CodeSearch.McpServer.Tests.dll" adapterTypeName="executor://nunit3testexecutor/" className="COA.CodeSearch.McpServer.Tests.Tools.IndentationBugTests" name="ReplaceLines_WithMixedIndentation_ShouldPreserveConsistentStyle" />
    </UnitTest>
    <UnitTest name="CalculateConfidence_WithPropertyDefinition_ShouldReturnHighConfidence" storage="c:\source\coa codesearch mcp\coa.codesearch.mcpserver.tests\bin\debug\net9.0\coa.codesearch.mcpserver.tests.dll" id="ebb47fc2-9cd0-b7d6-bdae-68701fcea13f">
      <Execution id="6d775055-45b3-411c-9ea7-9231532a83c0" />
      <TestMethod codeBase="C:\source\COA CodeSearch MCP\COA.CodeSearch.McpServer.Tests\bin\Debug\net9.0\COA.CodeSearch.McpServer.Tests.dll" adapterTypeName="executor://nunit3testexecutor/" className="COA.CodeSearch.McpServer.Tests.Services.ConfidenceCalculatorServiceTests" name="CalculateConfidence_WithPropertyDefinition_ShouldReturnHighConfidence" />
    </UnitTest>
    <UnitTest name="ExecuteAsync_Should_Use_Adaptive_Response_Mode_By_Default" storage="c:\source\coa codesearch mcp\coa.codesearch.mcpserver.tests\bin\debug\net9.0\coa.codesearch.mcpserver.tests.dll" id="e9863060-8236-3957-3f02-267d82bbb4bb">
      <Execution id="1fb373ee-a08f-44ae-8519-4aba4bfc5ce7" />
      <TestMethod codeBase="C:\source\COA CodeSearch MCP\COA.CodeSearch.McpServer.Tests\bin\Debug\net9.0\COA.CodeSearch.McpServer.Tests.dll" adapterTypeName="executor://nunit3testexecutor/" className="COA.CodeSearch.McpServer.Tests.Tools.TextSearchToolTests" name="ExecuteAsync_Should_Use_Adaptive_Response_Mode_By_Default" />
    </UnitTest>
    <UnitTest name="DiffValidator_UTF16EncodingMismatch_ShouldDetectViolation" storage="c:\source\coa codesearch mcp\coa.codesearch.mcpserver.tests\bin\debug\net9.0\coa.codesearch.mcpserver.tests.dll" id="81396a56-a99c-48cd-498d-9d93e711d17f">
      <Execution id="9bed2338-07b8-477b-98a6-c71b01c70a38" />
      <TestMethod codeBase="C:\source\COA CodeSearch MCP\COA.CodeSearch.McpServer.Tests\bin\Debug\net9.0\COA.CodeSearch.McpServer.Tests.dll" adapterTypeName="executor://nunit3testexecutor/" className="COA.CodeSearch.McpServer.Tests.Integration.EncodingPreservationTests" name="DiffValidator_UTF16EncodingMismatch_ShouldDetectViolation" />
    </UnitTest>
    <UnitTest name="ExecuteAsync_Should_Create_New_Index_When_None_Exists" storage="c:\source\coa codesearch mcp\coa.codesearch.mcpserver.tests\bin\debug\net9.0\coa.codesearch.mcpserver.tests.dll" id="2bd0d672-c2c5-aca9-dbd3-9ce7376f1b88">
      <Execution id="7f47669c-528a-49a1-a1a0-f14cf1b5a7e8" />
      <TestMethod codeBase="C:\source\COA CodeSearch MCP\COA.CodeSearch.McpServer.Tests\bin\Debug\net9.0\COA.CodeSearch.McpServer.Tests.dll" adapterTypeName="executor://nunit3testexecutor/" className="COA.CodeSearch.McpServer.Tests.Tools.IndexWorkspaceToolTests" name="ExecuteAsync_Should_Create_New_Index_When_None_Exists" />
    </UnitTest>
    <UnitTest name="BuildValidation_SpecificWarningTypes_NotPresent" storage="c:\source\coa codesearch mcp\coa.codesearch.mcpserver.tests\bin\debug\net9.0\coa.codesearch.mcpserver.tests.dll" id="332249a2-2736-2c50-b836-0d2a658a6444">
      <Execution id="8bf28f4a-8693-4f06-9310-6412eadb405a" />
      <TestMethod codeBase="C:\source\COA CodeSearch MCP\COA.CodeSearch.McpServer.Tests\bin\Debug\net9.0\COA.CodeSearch.McpServer.Tests.dll" adapterTypeName="executor://nunit3testexecutor/" className="COA.CodeSearch.McpServer.Tests.BuildTimeWarningValidationTests" name="BuildValidation_SpecificWarningTypes_NotPresent" />
    </UnitTest>
    <UnitTest name="CalculateConfidence_WithRegexSpecialCharacters_ShouldEscapeProperly" storage="c:\source\coa codesearch mcp\coa.codesearch.mcpserver.tests\bin\debug\net9.0\coa.codesearch.mcpserver.tests.dll" id="11edbe62-8f83-8c3f-4458-b3f3e6ff0e75">
      <Execution id="3249037e-18ad-4c14-ae1e-6973a724df22" />
      <TestMethod codeBase="C:\source\COA CodeSearch MCP\COA.CodeSearch.McpServer.Tests\bin\Debug\net9.0\COA.CodeSearch.McpServer.Tests.dll" adapterTypeName="executor://nunit3testexecutor/" className="COA.CodeSearch.McpServer.Tests.Services.ConfidenceCalculatorServiceTests" name="CalculateConfidence_WithRegexSpecialCharacters_ShouldEscapeProperly" />
    </UnitTest>
    <UnitTest name="ExecuteAsync_Should_Return_Error_When_File_Does_Not_Exist" storage="c:\source\coa codesearch mcp\coa.codesearch.mcpserver.tests\bin\debug\net9.0\coa.codesearch.mcpserver.tests.dll" id="81625e1c-5ad9-9fcf-ff27-6002b171e039">
      <Execution id="dba990cc-9227-4358-9efa-ee780bed04b2" />
      <TestMethod codeBase="C:\source\COA CodeSearch MCP\COA.CodeSearch.McpServer.Tests\bin\Debug\net9.0\COA.CodeSearch.McpServer.Tests.dll" adapterTypeName="executor://nunit3testexecutor/" className="COA.CodeSearch.McpServer.Tests.Tools.GetSymbolsOverviewToolTests" name="ExecuteAsync_Should_Return_Error_When_File_Does_Not_Exist" />
    </UnitTest>
    <UnitTest name="DirectoryExists_Should_Return_False_For_NonExistent_Directory" storage="c:\source\coa codesearch mcp\coa.codesearch.mcpserver.tests\bin\debug\net9.0\coa.codesearch.mcpserver.tests.dll" id="49321e41-8407-7aa4-45b1-515098c73901">
      <Execution id="0a8be264-044b-4836-af3c-43d75f78d9ba" />
      <TestMethod codeBase="C:\source\COA CodeSearch MCP\COA.CodeSearch.McpServer.Tests\bin\Debug\net9.0\COA.CodeSearch.McpServer.Tests.dll" adapterTypeName="executor://nunit3testexecutor/" className="COA.CodeSearch.McpServer.Tests.Services.PathResolutionServiceTests" name="DirectoryExists_Should_Return_False_For_NonExistent_Directory" />
    </UnitTest>
    <UnitTest name="InsertAtLine_AtEndOfClass_ShouldDetectIndentationFromNearbyLines" storage="c:\source\coa codesearch mcp\coa.codesearch.mcpserver.tests\bin\debug\net9.0\coa.codesearch.mcpserver.tests.dll" id="8855cec8-8124-5938-d3b7-ec5dc2d4e474">
      <Execution id="fdd40a3b-344f-4815-b0ad-a03c535c31cd" />
      <TestMethod codeBase="C:\source\COA CodeSearch MCP\COA.CodeSearch.McpServer.Tests\bin\Debug\net9.0\COA.CodeSearch.McpServer.Tests.dll" adapterTypeName="executor://nunit3testexecutor/" className="COA.CodeSearch.McpServer.Tests.Tools.InsertAtLineIndentationTests" name="InsertAtLine_AtEndOfClass_ShouldDetectIndentationFromNearbyLines" />
    </UnitTest>
    <UnitTest name="ExecuteAsync_WithoutIndentationPreservation_NoIndentation" storage="c:\source\coa codesearch mcp\coa.codesearch.mcpserver.tests\bin\debug\net9.0\coa.codesearch.mcpserver.tests.dll" id="a7b3ab64-fc62-c210-2e83-ae9496a94697">
      <Execution id="e21ff6f5-4531-4863-b02a-2c39c2309fe5" />
      <TestMethod codeBase="C:\source\COA CodeSearch MCP\COA.CodeSearch.McpServer.Tests\bin\Debug\net9.0\COA.CodeSearch.McpServer.Tests.dll" adapterTypeName="executor://nunit3testexecutor/" className="COA.CodeSearch.McpServer.Tests.Tools.InsertAtLineToolTests" name="ExecuteAsync_WithoutIndentationPreservation_NoIndentation" />
    </UnitTest>
    <UnitTest name="DiffValidator_UTF8FilesWithPreservation_ShouldValidateCorrectly" storage="c:\source\coa codesearch mcp\coa.codesearch.mcpserver.tests\bin\debug\net9.0\coa.codesearch.mcpserver.tests.dll" id="207fbdd4-eb64-f420-a5a8-2c9f3920b772">
      <Execution id="5fb17285-a404-433b-978a-217a917dc690" />
      <TestMethod codeBase="C:\source\COA CodeSearch MCP\COA.CodeSearch.McpServer.Tests\bin\Debug\net9.0\COA.CodeSearch.McpServer.Tests.dll" adapterTypeName="executor://nunit3testexecutor/" className="COA.CodeSearch.McpServer.Tests.Integration.EncodingPreservationTests" name="DiffValidator_UTF8FilesWithPreservation_ShouldValidateCorrectly" />
    </UnitTest>
    <UnitTest name="Description_ReturnsCorrectDescription" storage="c:\source\coa codesearch mcp\coa.codesearch.mcpserver.tests\bin\debug\net9.0\coa.codesearch.mcpserver.tests.dll" id="ec485ea5-9daa-a0d9-a9c8-f4b69700c81c">
      <Execution id="d5f45fbf-4787-4ae0-997e-35a68da47078" />
      <TestMethod codeBase="C:\source\COA CodeSearch MCP\COA.CodeSearch.McpServer.Tests\bin\Debug\net9.0\COA.CodeSearch.McpServer.Tests.dll" adapterTypeName="executor://nunit3testexecutor/" className="COA.CodeSearch.McpServer.Tests.Tools.SimilarFilesToolTests" name="Description_ReturnsCorrectDescription" />
    </UnitTest>
    <UnitTest name="ValidateAndResolvePath_NonExistentFile_ThrowsFileNotFoundException" storage="c:\source\coa codesearch mcp\coa.codesearch.mcpserver.tests\bin\debug\net9.0\coa.codesearch.mcpserver.tests.dll" id="24c63ba4-752f-fc12-fcd8-0ffd81cc4305">
      <Execution id="feab3699-d607-4e30-8107-02bf7d3a7333" />
      <TestMethod codeBase="C:\source\COA CodeSearch MCP\COA.CodeSearch.McpServer.Tests\bin\Debug\net9.0\COA.CodeSearch.McpServer.Tests.dll" adapterTypeName="executor://nunit3testexecutor/" className="COA.CodeSearch.McpServer.Tests.Services.FileLineUtilitiesTests" name="ValidateAndResolvePath_NonExistentFile_ThrowsFileNotFoundException" />
    </UnitTest>
    <UnitTest name="ExecuteAsync_EmptySymbolName_ReturnsError" storage="c:\source\coa codesearch mcp\coa.codesearch.mcpserver.tests\bin\debug\net9.0\coa.codesearch.mcpserver.tests.dll" id="0d896243-c614-5ded-5873-5abd0a986977">
      <Execution id="ca05deb4-0687-4736-9f54-974d76b64dd8" />
      <TestMethod codeBase="C:\source\COA CodeSearch MCP\COA.CodeSearch.McpServer.Tests\bin\Debug\net9.0\COA.CodeSearch.McpServer.Tests.dll" adapterTypeName="executor://nunit3testexecutor/" className="COA.CodeSearch.McpServer.Tests.Tools.SymbolSearchToolTests" name="ExecuteAsync_EmptySymbolName_ReturnsError" />
    </UnitTest>
    <UnitTest name="Should_Extract_Correct_Return_Types_For_Various_Method_Signatures" storage="c:\source\coa codesearch mcp\coa.codesearch.mcpserver.tests\bin\debug\net9.0\coa.codesearch.mcpserver.tests.dll" id="58ecfbb6-3219-1740-780d-2b68b5e2ecf5">
      <Execution id="d5072b32-b702-4670-8c44-8b943c7fdb8a" />
      <TestMethod codeBase="C:\source\COA CodeSearch MCP\COA.CodeSearch.McpServer.Tests\bin\Debug\net9.0\COA.CodeSearch.McpServer.Tests.dll" adapterTypeName="executor://nunit3testexecutor/" className="COA.CodeSearch.McpServer.Tests.Services.TypeExtraction.CSharpTypeExtractionTests" name="Should_Extract_Correct_Return_Types_For_Various_Method_Signatures" />
    </UnitTest>
    <UnitTest name="ValidateEdit_UnicodeContent_ShouldPreserveCorrectly" storage="c:\source\coa codesearch mcp\coa.codesearch.mcpserver.tests\bin\debug\net9.0\coa.codesearch.mcpserver.tests.dll" id="36a91bdd-c3d5-277c-3a6b-0394ec010faa">
      <Execution id="5ac2779f-9976-4d63-a9de-8f43309ae816" />
      <TestMethod codeBase="C:\source\COA CodeSearch MCP\COA.CodeSearch.McpServer.Tests\bin\Debug\net9.0\COA.CodeSearch.McpServer.Tests.dll" adapterTypeName="executor://nunit3testexecutor/" className="COA.CodeSearch.McpServer.Tests.Helpers.DiffValidatorTests" name="ValidateEdit_UnicodeContent_ShouldPreserveCorrectly" />
    </UnitTest>
    <UnitTest name="ExecuteAsync_Should_Detect_Unused_Usings" storage="c:\source\coa codesearch mcp\coa.codesearch.mcpserver.tests\bin\debug\net9.0\coa.codesearch.mcpserver.tests.dll" id="476a0108-afaf-fc13-c735-31cfe8dafc12">
      <Execution id="e03e9f71-5aec-44af-a138-1956fbf760ef" />
      <TestMethod codeBase="C:\source\COA CodeSearch MCP\COA.CodeSearch.McpServer.Tests\bin\Debug\net9.0\COA.CodeSearch.McpServer.Tests.dll" adapterTypeName="executor://nunit3testexecutor/" className="COA.CodeSearch.McpServer.Tests.Tools.FindPatternsToolTests" name="ExecuteAsync_Should_Detect_Unused_Usings" />
    </UnitTest>
    <UnitTest name="ExecuteAsync_Should_Validate_MaxResults_Range" storage="c:\source\coa codesearch mcp\coa.codesearch.mcpserver.tests\bin\debug\net9.0\coa.codesearch.mcpserver.tests.dll" id="8f660288-0753-7e10-75a7-dc3552b13a03">
      <Execution id="1e473177-f2d0-4761-a5c2-1a7d14841b06" />
      <TestMethod codeBase="C:\source\COA CodeSearch MCP\COA.CodeSearch.McpServer.Tests\bin\Debug\net9.0\COA.CodeSearch.McpServer.Tests.dll" adapterTypeName="executor://nunit3testexecutor/" className="COA.CodeSearch.McpServer.Tests.Tools.RecentFilesToolTests" name="ExecuteAsync_Should_Validate_MaxResults_Range" />
    </UnitTest>
    <UnitTest name="ExecuteAsync_FileNotInWorkspace_ReturnsError" storage="c:\source\coa codesearch mcp\coa.codesearch.mcpserver.tests\bin\debug\net9.0\coa.codesearch.mcpserver.tests.dll" id="4febb879-85fd-0a7d-8fb1-ed3b0f8987fb">
      <Execution id="5e4bc298-143b-4340-a2cb-0ff7ed69fd0a" />
      <TestMethod codeBase="C:\source\COA CodeSearch MCP\COA.CodeSearch.McpServer.Tests\bin\Debug\net9.0\COA.CodeSearch.McpServer.Tests.dll" adapterTypeName="executor://nunit3testexecutor/" className="COA.CodeSearch.McpServer.Tests.Tools.SimilarFilesToolTests" name="ExecuteAsync_FileNotInWorkspace_ReturnsError" />
    </UnitTest>
    <UnitTest name="ExecuteAsync_NonExistentFile_ReturnsError" storage="c:\source\coa codesearch mcp\coa.codesearch.mcpserver.tests\bin\debug\net9.0\coa.codesearch.mcpserver.tests.dll" id="3cf5453c-cef2-2c2f-414d-9506eb8df816">
      <Execution id="832e4011-3bec-456d-ad14-097647c4beed" />
      <TestMethod codeBase="C:\source\COA CodeSearch MCP\COA.CodeSearch.McpServer.Tests\bin\Debug\net9.0\COA.CodeSearch.McpServer.Tests.dll" adapterTypeName="executor://nunit3testexecutor/" className="COA.CodeSearch.McpServer.Tests.Tools.InsertAtLineToolTests" name="ExecuteAsync_NonExistentFile_ReturnsError" />
    </UnitTest>
    <UnitTest name="GetIndexPath_Should_Handle_Different_Cases_As_Same_Workspace" storage="c:\source\coa codesearch mcp\coa.codesearch.mcpserver.tests\bin\debug\net9.0\coa.codesearch.mcpserver.tests.dll" id="05d60b91-1e62-a9d6-329a-049913345597">
      <Execution id="2d6ed105-25c2-45d3-be74-74b27d7478b8" />
      <TestMethod codeBase="C:\source\COA CodeSearch MCP\COA.CodeSearch.McpServer.Tests\bin\Debug\net9.0\COA.CodeSearch.McpServer.Tests.dll" adapterTypeName="executor://nunit3testexecutor/" className="COA.CodeSearch.McpServer.Tests.Services.PathResolutionServiceTests" name="GetIndexPath_Should_Handle_Different_Cases_As_Same_Workspace" />
    </UnitTest>
    <UnitTest name="EnhanceWithSnippetsAsync_Should_Handle_FieldPrefixedWildcardQueries_WithoutException(&quot;filename:*Controller.cs&quot;)" storage="c:\source\coa codesearch mcp\coa.codesearch.mcpserver.tests\bin\debug\net9.0\coa.codesearch.mcpserver.tests.dll" id="c96e5d81-b256-f00e-b610-afd5c552d8ad">
      <Execution id="fbe3cba5-05bd-4e16-bfaa-cb1b71e5cec0" />
      <TestMethod codeBase="C:\source\COA CodeSearch MCP\COA.CodeSearch.McpServer.Tests\bin\Debug\net9.0\COA.CodeSearch.McpServer.Tests.dll" adapterTypeName="executor://nunit3testexecutor/" className="COA.CodeSearch.McpServer.Tests.Services.SmartSnippetServiceTests" name="EnhanceWithSnippetsAsync_Should_Handle_FieldPrefixedWildcardQueries_WithoutException(&quot;filename:*Controller.cs&quot;)" />
    </UnitTest>
    <UnitTest name="ExecuteAsync_EndLineBeforeStartLine_ReturnsError" storage="c:\source\coa codesearch mcp\coa.codesearch.mcpserver.tests\bin\debug\net9.0\coa.codesearch.mcpserver.tests.dll" id="336a5061-4247-7712-2200-ed245d122176">
      <Execution id="1df88d86-9875-4856-b6f0-76e2de317f30" />
      <TestMethod codeBase="C:\source\COA CodeSearch MCP\COA.CodeSearch.McpServer.Tests\bin\Debug\net9.0\COA.CodeSearch.McpServer.Tests.dll" adapterTypeName="executor://nunit3testexecutor/" className="COA.CodeSearch.McpServer.Tests.Tools.ReplaceLinesToolTests" name="ExecuteAsync_EndLineBeforeStartLine_ReturnsError" />
    </UnitTest>
    <UnitTest name="ExecuteAsync_EncodingPreservation_MaintainsOriginalEncoding" storage="c:\source\coa codesearch mcp\coa.codesearch.mcpserver.tests\bin\debug\net9.0\coa.codesearch.mcpserver.tests.dll" id="2646abdc-bf49-4e89-6a96-0bea5964eaad">
      <Execution id="772e1266-f4e6-47e3-b225-578f35a129a7" />
      <TestMethod codeBase="C:\source\COA CodeSearch MCP\COA.CodeSearch.McpServer.Tests\bin\Debug\net9.0\COA.CodeSearch.McpServer.Tests.dll" adapterTypeName="executor://nunit3testexecutor/" className="COA.CodeSearch.McpServer.Tests.Tools.ReplaceLinesToolTests" name="ExecuteAsync_EncodingPreservation_MaintainsOriginalEncoding" />
    </UnitTest>
    <UnitTest name="CreateEdgeCaseFiles_ShouldWork" storage="c:\source\coa codesearch mcp\coa.codesearch.mcpserver.tests\bin\debug\net9.0\coa.codesearch.mcpserver.tests.dll" id="e23bbd1b-5696-b4bf-9f37-829a6d88daf7">
      <Execution id="38efb04e-dc37-4dd7-8b6a-7f6441a9981d" />
      <TestMethod codeBase="C:\source\COA CodeSearch MCP\COA.CodeSearch.McpServer.Tests\bin\Debug\net9.0\COA.CodeSearch.McpServer.Tests.dll" adapterTypeName="executor://nunit3testexecutor/" className="COA.CodeSearch.McpServer.Tests.Helpers.SimpleTestFileValidationTest" name="CreateEdgeCaseFiles_ShouldWork" />
    </UnitTest>
    <UnitTest name="WhenSearchingForClassName_TypeDefinitionShouldBeFirst" storage="c:\source\coa codesearch mcp\coa.codesearch.mcpserver.tests\bin\debug\net9.0\coa.codesearch.mcpserver.tests.dll" id="654ff909-4e27-8a9e-bc29-4be280a61f94">
      <Execution id="93c22e06-036a-45fa-89c9-b5bedcbbcb24" />
      <TestMethod codeBase="C:\source\COA CodeSearch MCP\COA.CodeSearch.McpServer.Tests\bin\Debug\net9.0\COA.CodeSearch.McpServer.Tests.dll" adapterTypeName="executor://nunit3testexecutor/" className="COA.CodeSearch.McpServer.Tests.Tools.TextSearchToolTests" name="WhenSearchingForClassName_TypeDefinitionShouldBeFirst" />
    </UnitTest>
    <UnitTest name="NullableArguments_SafeMethodCalls_NoWarnings" storage="c:\source\coa codesearch mcp\coa.codesearch.mcpserver.tests\bin\debug\net9.0\coa.codesearch.mcpserver.tests.dll" id="22ae8358-e7fc-5ba2-5f0f-7069a8a56572">
      <Execution id="fd57220f-4d2b-4772-b82f-255080063333" />
      <TestMethod codeBase="C:\source\COA CodeSearch MCP\COA.CodeSearch.McpServer.Tests\bin\Debug\net9.0\COA.CodeSearch.McpServer.Tests.dll" adapterTypeName="executor://nunit3testexecutor/" className="COA.CodeSearch.McpServer.Tests.SimpleWarningValidationTests" name="NullableArguments_SafeMethodCalls_NoWarnings" />
    </UnitTest>
    <UnitTest name="Debug_Simple_String_Return_Method" storage="c:\source\coa codesearch mcp\coa.codesearch.mcpserver.tests\bin\debug\net9.0\coa.codesearch.mcpserver.tests.dll" id="01d9c56c-18d7-fdfe-f45f-91d5cc27387b">
      <Execution id="0f92a624-0739-453a-8b81-980ce1392918" />
      <TestMethod codeBase="C:\source\COA CodeSearch MCP\COA.CodeSearch.McpServer.Tests\bin\Debug\net9.0\COA.CodeSearch.McpServer.Tests.dll" adapterTypeName="executor://nunit3testexecutor/" className="COA.CodeSearch.McpServer.Tests.Services.TypeExtraction.CSharpTypeExtractionTests" name="Debug_Simple_String_Return_Method" />
    </UnitTest>
    <UnitTest name="ExecuteAsync_Should_Bypass_Cache_When_NoCache_Is_True" storage="c:\source\coa codesearch mcp\coa.codesearch.mcpserver.tests\bin\debug\net9.0\coa.codesearch.mcpserver.tests.dll" id="e3ace1cf-4bae-65a1-fc8d-b0e1853d6737">
      <Execution id="ad925bb7-fdb2-4c2a-ac47-01e2a03df3ba" />
      <TestMethod codeBase="C:\source\COA CodeSearch MCP\COA.CodeSearch.McpServer.Tests\bin\Debug\net9.0\COA.CodeSearch.McpServer.Tests.dll" adapterTypeName="executor://nunit3testexecutor/" className="COA.CodeSearch.McpServer.Tests.Tools.FileSearchToolTests" name="ExecuteAsync_Should_Bypass_Cache_When_NoCache_Is_True" />
    </UnitTest>
    <UnitTest name="GetLogsPath_Should_Return_Logs_Directory" storage="c:\source\coa codesearch mcp\coa.codesearch.mcpserver.tests\bin\debug\net9.0\coa.codesearch.mcpserver.tests.dll" id="d79b73c7-91e7-2a10-e650-22891b64b201">
      <Execution id="e4554598-2f7c-48e4-ba30-3c84d95f6fb9" />
      <TestMethod codeBase="C:\source\COA CodeSearch MCP\COA.CodeSearch.McpServer.Tests\bin\Debug\net9.0\COA.CodeSearch.McpServer.Tests.dll" adapterTypeName="executor://nunit3testexecutor/" className="COA.CodeSearch.McpServer.Tests.Services.PathResolutionServiceTests" name="GetLogsPath_Should_Return_Logs_Directory" />
    </UnitTest>
    <UnitTest name="ExecuteAsync_ShouldExcludeBuildDirectories" storage="c:\source\coa codesearch mcp\coa.codesearch.mcpserver.tests\bin\debug\net9.0\coa.codesearch.mcpserver.tests.dll" id="1333c975-a0fd-d2a9-0e05-f08c9a3733cb">
      <Execution id="05136f81-e483-452b-9bbf-7e16ef4f5c59" />
      <TestMethod codeBase="C:\source\COA CodeSearch MCP\COA.CodeSearch.McpServer.Tests\bin\Debug\net9.0\COA.CodeSearch.McpServer.Tests.dll" adapterTypeName="executor://nunit3testexecutor/" className="COA.CodeSearch.McpServer.Tests.Tools.DirectorySearchToolTests" name="ExecuteAsync_ShouldExcludeBuildDirectories" />
    </UnitTest>
    <UnitTest name="TypeExtractionService_Should_Handle_Empty_Content" storage="c:\source\coa codesearch mcp\coa.codesearch.mcpserver.tests\bin\debug\net9.0\coa.codesearch.mcpserver.tests.dll" id="55b7a186-6ad6-9eb4-c4dc-5206eb7b0fe3">
      <Execution id="d6c34637-4e1e-4ff5-bd8c-575660524bb5" />
      <TestMethod codeBase="C:\source\COA CodeSearch MCP\COA.CodeSearch.McpServer.Tests\bin\Debug\net9.0\COA.CodeSearch.McpServer.Tests.dll" adapterTypeName="executor://nunit3testexecutor/" className="COA.CodeSearch.McpServer.Tests.Services.TypeExtraction.MinimalTypeExtractionTest" name="TypeExtractionService_Should_Handle_Empty_Content" />
    </UnitTest>
    <UnitTest name="EnhanceWithSnippetsAsync_Should_Handle_Valid_Query_Without_Error" storage="c:\source\coa codesearch mcp\coa.codesearch.mcpserver.tests\bin\debug\net9.0\coa.codesearch.mcpserver.tests.dll" id="aa89e23a-3f8c-56b4-8c8d-47eb0b717bfa">
      <Execution id="72c47fe3-a1df-4480-af7e-efac125ffa74" />
      <TestMethod codeBase="C:\source\COA CodeSearch MCP\COA.CodeSearch.McpServer.Tests\bin\Debug\net9.0\COA.CodeSearch.McpServer.Tests.dll" adapterTypeName="executor://nunit3testexecutor/" className="COA.CodeSearch.McpServer.Tests.Services.SmartSnippetServiceTests" name="EnhanceWithSnippetsAsync_Should_Handle_Valid_Query_Without_Error" />
    </UnitTest>
    <UnitTest name="ExecuteAsync_Should_Return_Error_When_Workspace_Not_Indexed" storage="c:\source\coa codesearch mcp\coa.codesearch.mcpserver.tests\bin\debug\net9.0\coa.codesearch.mcpserver.tests.dll" id="0ee4eb4b-6b53-160e-fd6e-13587febf415">
      <Execution id="73d82c29-6672-434c-8f04-69fe6077e259" />
      <TestMethod codeBase="C:\source\COA CodeSearch MCP\COA.CodeSearch.McpServer.Tests\bin\Debug\net9.0\COA.CodeSearch.McpServer.Tests.dll" adapterTypeName="executor://nunit3testexecutor/" className="COA.CodeSearch.McpServer.Tests.Tools.RecentFilesToolTests" name="ExecuteAsync_Should_Return_Error_When_Workspace_Not_Indexed" />
    </UnitTest>
    <UnitTest name="CalculateConfidence_ShouldRoundToTwoDecimalPlaces" storage="c:\source\coa codesearch mcp\coa.codesearch.mcpserver.tests\bin\debug\net9.0\coa.codesearch.mcpserver.tests.dll" id="fa93fffd-8efb-880f-fee3-4653ea6df719">
      <Execution id="92c4a2de-96e9-45d0-99e5-ebf5a7465bfd" />
      <TestMethod codeBase="C:\source\COA CodeSearch MCP\COA.CodeSearch.McpServer.Tests\bin\Debug\net9.0\COA.CodeSearch.McpServer.Tests.dll" adapterTypeName="executor://nunit3testexecutor/" className="COA.CodeSearch.McpServer.Tests.Services.ConfidenceCalculatorServiceTests" name="CalculateConfidence_ShouldRoundToTwoDecimalPlaces" />
    </UnitTest>
    <UnitTest name="DirectoryExists_Should_Return_True_For_Existing_Directory" storage="c:\source\coa codesearch mcp\coa.codesearch.mcpserver.tests\bin\debug\net9.0\coa.codesearch.mcpserver.tests.dll" id="de5e07f6-1dde-b49c-e0bc-431e4d1b4244">
      <Execution id="6f0cec0e-1d0d-422d-ba24-cbfb9869dac4" />
      <TestMethod codeBase="C:\source\COA CodeSearch MCP\COA.CodeSearch.McpServer.Tests\bin\Debug\net9.0\COA.CodeSearch.McpServer.Tests.dll" adapterTypeName="executor://nunit3testexecutor/" className="COA.CodeSearch.McpServer.Tests.Services.PathResolutionServiceTests" name="DirectoryExists_Should_Return_True_For_Existing_Directory" />
    </UnitTest>
    <UnitTest name="CalculateConfidence_WithUnknownSymbolType_ShouldStillWork" storage="c:\source\coa codesearch mcp\coa.codesearch.mcpserver.tests\bin\debug\net9.0\coa.codesearch.mcpserver.tests.dll" id="da66ce0c-ee92-38d1-3250-0e465c55c251">
      <Execution id="0ee9a173-abf7-46b4-ad10-411b88a5d369" />
      <TestMethod codeBase="C:\source\COA CodeSearch MCP\COA.CodeSearch.McpServer.Tests\bin\Debug\net9.0\COA.CodeSearch.McpServer.Tests.dll" adapterTypeName="executor://nunit3testexecutor/" className="COA.CodeSearch.McpServer.Tests.Services.ConfidenceCalculatorServiceTests" name="CalculateConfidence_WithUnknownSymbolType_ShouldStillWork" />
    </UnitTest>
    <UnitTest name="ExecuteAsync_IndexNotFound_ReturnsError" storage="c:\source\coa codesearch mcp\coa.codesearch.mcpserver.tests\bin\debug\net9.0\coa.codesearch.mcpserver.tests.dll" id="1b48cf27-1a1e-eda4-ff5f-7d22fcff0181">
      <Execution id="58d4c19d-5433-48b9-b91a-38714b039543" />
      <TestMethod codeBase="C:\source\COA CodeSearch MCP\COA.CodeSearch.McpServer.Tests\bin\Debug\net9.0\COA.CodeSearch.McpServer.Tests.dll" adapterTypeName="executor://nunit3testexecutor/" className="COA.CodeSearch.McpServer.Tests.Tools.SearchAndReplaceToolTests" name="ExecuteAsync_IndexNotFound_ReturnsError" />
    </UnitTest>
    <UnitTest name="ExecuteAsync_NonExistentFile_ReturnsError" storage="c:\source\coa codesearch mcp\coa.codesearch.mcpserver.tests\bin\debug\net9.0\coa.codesearch.mcpserver.tests.dll" id="e4191209-378a-997a-f02e-aea14b87f30b">
      <Execution id="c5bb6983-818f-4a22-ba46-f739df9c01da" />
      <TestMethod codeBase="C:\source\COA CodeSearch MCP\COA.CodeSearch.McpServer.Tests\bin\Debug\net9.0\COA.CodeSearch.McpServer.Tests.dll" adapterTypeName="executor://nunit3testexecutor/" className="COA.CodeSearch.McpServer.Tests.Tools.ReplaceLinesToolTests" name="ExecuteAsync_NonExistentFile_ReturnsError" />
    </UnitTest>
    <UnitTest name="ExecuteAsync_Should_Respect_MaxResults_Limit" storage="c:\source\coa codesearch mcp\coa.codesearch.mcpserver.tests\bin\debug\net9.0\coa.codesearch.mcpserver.tests.dll" id="6993e581-86eb-182c-de5d-ea5f0a5def23">
      <Execution id="055540a9-b057-461d-9602-190c750f73e8" />
      <TestMethod codeBase="C:\source\COA CodeSearch MCP\COA.CodeSearch.McpServer.Tests\bin\Debug\net9.0\COA.CodeSearch.McpServer.Tests.dll" adapterTypeName="executor://nunit3testexecutor/" className="COA.CodeSearch.McpServer.Tests.Tools.FileSearchToolTests" name="ExecuteAsync_Should_Respect_MaxResults_Limit" />
    </UnitTest>
    <UnitTest name="ExecuteAsync_LineRange_DeletesCorrectRange" storage="c:\source\coa codesearch mcp\coa.codesearch.mcpserver.tests\bin\debug\net9.0\coa.codesearch.mcpserver.tests.dll" id="a1ff12d7-a827-39d6-04e6-2bfdba90bc71">
      <Execution id="24467463-0103-4ed1-99a8-11df25e9742d" />
      <TestMethod codeBase="C:\source\COA CodeSearch MCP\COA.CodeSearch.McpServer.Tests\bin\Debug\net9.0\COA.CodeSearch.McpServer.Tests.dll" adapterTypeName="executor://nunit3testexecutor/" className="COA.CodeSearch.McpServer.Tests.Tools.DeleteLinesToolTests" name="ExecuteAsync_LineRange_DeletesCorrectRange" />
    </UnitTest>
    <UnitTest name="Description_ShouldContainKeyFeatures" storage="c:\source\coa codesearch mcp\coa.codesearch.mcpserver.tests\bin\debug\net9.0\coa.codesearch.mcpserver.tests.dll" id="114fc7b6-e37e-0cd8-a271-1b0f6918971f">
      <Execution id="408b0279-042d-48d7-aa51-84d5efbdae5c" />
      <TestMethod codeBase="C:\source\COA CodeSearch MCP\COA.CodeSearch.McpServer.Tests\bin\Debug\net9.0\COA.CodeSearch.McpServer.Tests.dll" adapterTypeName="executor://nunit3testexecutor/" className="COA.CodeSearch.McpServer.Tests.Tools.SearchAndReplaceToolTests" name="Description_ShouldContainKeyFeatures" />
    </UnitTest>
    <UnitTest name="CalculateConfidence_WithEmptyMatchedLine_ShouldReturnZero" storage="c:\source\coa codesearch mcp\coa.codesearch.mcpserver.tests\bin\debug\net9.0\coa.codesearch.mcpserver.tests.dll" id="c3a7d5fa-2563-6d97-7b66-aea528fd14da">
      <Execution id="fbd0c732-10c2-4bbb-8c45-c3d947b46944" />
      <TestMethod codeBase="C:\source\COA CodeSearch MCP\COA.CodeSearch.McpServer.Tests\bin\Debug\net9.0\COA.CodeSearch.McpServer.Tests.dll" adapterTypeName="executor://nunit3testexecutor/" className="COA.CodeSearch.McpServer.Tests.Services.ConfidenceCalculatorServiceTests" name="CalculateConfidence_WithEmptyMatchedLine_ShouldReturnZero" />
    </UnitTest>
    <UnitTest name="DiffValidator_EmojiAndSymbolContent_ShouldValidateCorrectly" storage="c:\source\coa codesearch mcp\coa.codesearch.mcpserver.tests\bin\debug\net9.0\coa.codesearch.mcpserver.tests.dll" id="5d83f69f-f52c-6b14-11b6-f47e87a05aa7">
      <Execution id="1f7a6a83-b968-4a60-909b-88ee93990896" />
      <TestMethod codeBase="C:\source\COA CodeSearch MCP\COA.CodeSearch.McpServer.Tests\bin\Debug\net9.0\COA.CodeSearch.McpServer.Tests.dll" adapterTypeName="executor://nunit3testexecutor/" className="COA.CodeSearch.McpServer.Tests.Integration.UnicodeHandlingTests" name="DiffValidator_EmojiAndSymbolContent_ShouldValidateCorrectly" />
    </UnitTest>
    <UnitTest name="Category_ShouldBeQuery" storage="c:\source\coa codesearch mcp\coa.codesearch.mcpserver.tests\bin\debug\net9.0\coa.codesearch.mcpserver.tests.dll" id="ac5955ae-3076-629b-8575-02aacdfe5d01">
      <Execution id="908f1fad-f927-4c39-a5b3-6cf026b2a2a7" />
      <TestMethod codeBase="C:\source\COA CodeSearch MCP\COA.CodeSearch.McpServer.Tests\bin\Debug\net9.0\COA.CodeSearch.McpServer.Tests.dll" adapterTypeName="executor://nunit3testexecutor/" className="COA.CodeSearch.McpServer.Tests.Tools.LineSearchToolTests" name="Category_ShouldBeQuery" />
    </UnitTest>
    <UnitTest name="ExecuteAsync_Should_Extract_Symbols_Successfully" storage="c:\source\coa codesearch mcp\coa.codesearch.mcpserver.tests\bin\debug\net9.0\coa.codesearch.mcpserver.tests.dll" id="77273a27-6c99-f378-1b00-974f26b97bd0">
      <Execution id="3f7acc7f-21d0-47d3-8dfe-b6038151850a" />
      <TestMethod codeBase="C:\source\COA CodeSearch MCP\COA.CodeSearch.McpServer.Tests\bin\Debug\net9.0\COA.CodeSearch.McpServer.Tests.dll" adapterTypeName="executor://nunit3testexecutor/" className="COA.CodeSearch.McpServer.Tests.Tools.GetSymbolsOverviewToolTests" name="ExecuteAsync_Should_Extract_Symbols_Successfully" />
    </UnitTest>
    <UnitTest name="FileExists_Should_Return_False_For_NonExistent_File" storage="c:\source\coa codesearch mcp\coa.codesearch.mcpserver.tests\bin\debug\net9.0\coa.codesearch.mcpserver.tests.dll" id="dfd3a63c-e227-5332-c621-a8751babd1a4">
      <Execution id="1298c5d3-2786-4a94-b72d-1ddce3284aad" />
      <TestMethod codeBase="C:\source\COA CodeSearch MCP\COA.CodeSearch.McpServer.Tests\bin\Debug\net9.0\COA.CodeSearch.McpServer.Tests.dll" adapterTypeName="executor://nunit3testexecutor/" className="COA.CodeSearch.McpServer.Tests.Services.PathResolutionServiceTests" name="FileExists_Should_Return_False_For_NonExistent_File" />
    </UnitTest>
    <UnitTest name="ExecuteAsync_NoIndexExists_ReturnsError" storage="c:\source\coa codesearch mcp\coa.codesearch.mcpserver.tests\bin\debug\net9.0\coa.codesearch.mcpserver.tests.dll" id="49fa3b89-5d71-5009-3052-3331121d19d5">
      <Execution id="81718e36-77ea-49af-85f8-9ed8f5f1723a" />
      <TestMethod codeBase="C:\source\COA CodeSearch MCP\COA.CodeSearch.McpServer.Tests\bin\Debug\net9.0\COA.CodeSearch.McpServer.Tests.dll" adapterTypeName="executor://nunit3testexecutor/" className="COA.CodeSearch.McpServer.Tests.Tools.SymbolSearchToolTests" name="ExecuteAsync_NoIndexExists_ReturnsError" />
    </UnitTest>
    <UnitTest name="EnumerateFiles_Should_Return_Files_In_Directory" storage="c:\source\coa codesearch mcp\coa.codesearch.mcpserver.tests\bin\debug\net9.0\coa.codesearch.mcpserver.tests.dll" id="2cb5cff5-ecda-91bd-22a2-50646abf0bf1">
      <Execution id="d6367830-767b-41e0-958c-3f2c30fbf387" />
      <TestMethod codeBase="C:\source\COA CodeSearch MCP\COA.CodeSearch.McpServer.Tests\bin\Debug\net9.0\COA.CodeSearch.McpServer.Tests.dll" adapterTypeName="executor://nunit3testexecutor/" className="COA.CodeSearch.McpServer.Tests.Services.PathResolutionServiceTests" name="EnumerateFiles_Should_Return_Files_In_Directory" />
    </UnitTest>
    <UnitTest name="ExecuteAsync_Should_Handle_Initialization_Failure" storage="c:\source\coa codesearch mcp\coa.codesearch.mcpserver.tests\bin\debug\net9.0\coa.codesearch.mcpserver.tests.dll" id="8a165e3a-2840-cef6-75a4-28aa88375f44">
      <Execution id="4cb27e97-a7d2-41b8-87dd-400d56c4a025" />
      <TestMethod codeBase="C:\source\COA CodeSearch MCP\COA.CodeSearch.McpServer.Tests\bin\Debug\net9.0\COA.CodeSearch.McpServer.Tests.dll" adapterTypeName="executor://nunit3testexecutor/" className="COA.CodeSearch.McpServer.Tests.Tools.IndexWorkspaceToolTests" name="ExecuteAsync_Should_Handle_Initialization_Failure" />
    </UnitTest>
    <UnitTest name="ExecuteAsync_WithCaching_ReturnsCachedResult" storage="c:\source\coa codesearch mcp\coa.codesearch.mcpserver.tests\bin\debug\net9.0\coa.codesearch.mcpserver.tests.dll" id="0289a2e7-b4eb-8ae7-0d13-e964073eba07">
      <Execution id="573843f2-cd6c-4713-a640-4f560df2647d" />
      <TestMethod codeBase="C:\source\COA CodeSearch MCP\COA.CodeSearch.McpServer.Tests\bin\Debug\net9.0\COA.CodeSearch.McpServer.Tests.dll" adapterTypeName="executor://nunit3testexecutor/" className="COA.CodeSearch.McpServer.Tests.Tools.SimilarFilesToolTests" name="ExecuteAsync_WithCaching_ReturnsCachedResult" />
    </UnitTest>
    <UnitTest name="ExecuteAsync_WithIndentationPreservation_PreservesIndentation" storage="c:\source\coa codesearch mcp\coa.codesearch.mcpserver.tests\bin\debug\net9.0\coa.codesearch.mcpserver.tests.dll" id="04010612-46ee-f759-cdaf-6223770a153c">
      <Execution id="a78a33f6-7301-4fb3-8a34-dce330517a1f" />
      <TestMethod codeBase="C:\source\COA CodeSearch MCP\COA.CodeSearch.McpServer.Tests\bin\Debug\net9.0\COA.CodeSearch.McpServer.Tests.dll" adapterTypeName="executor://nunit3testexecutor/" className="COA.CodeSearch.McpServer.Tests.Tools.ReplaceLinesToolTests" name="ExecuteAsync_WithIndentationPreservation_PreservesIndentation" />
    </UnitTest>
    <UnitTest name="EditCSharpClass_ModifyConstructor_HandlesParameters" storage="c:\source\coa codesearch mcp\coa.codesearch.mcpserver.tests\bin\debug\net9.0\coa.codesearch.mcpserver.tests.dll" id="af638e53-7ced-ec35-5924-1326b1119cb1">
      <Execution id="b982ce73-4639-468c-932f-df238e1093e3" />
      <TestMethod codeBase="C:\source\COA CodeSearch MCP\COA.CodeSearch.McpServer.Tests\bin\Debug\net9.0\COA.CodeSearch.McpServer.Tests.dll" adapterTypeName="executor://nunit3testexecutor/" className="COA.CodeSearch.McpServer.Tests.Integration.RealWorldFileEditingTests" name="EditCSharpClass_ModifyConstructor_HandlesParameters" />
    </UnitTest>
    <UnitTest name="EnhanceWithSnippetsAsync_Should_Handle_FieldPrefixedWildcardQueries_WithoutException(&quot;filename_lower:*Service.cs&quot;)" storage="c:\source\coa codesearch mcp\coa.codesearch.mcpserver.tests\bin\debug\net9.0\coa.codesearch.mcpserver.tests.dll" id="b9b5e1e6-2f31-0f77-90dc-797d268a1f9e">
      <Execution id="bb02160f-1e71-4be9-a32c-61b0b8d03cbc" />
      <TestMethod codeBase="C:\source\COA CodeSearch MCP\COA.CodeSearch.McpServer.Tests\bin\Debug\net9.0\COA.CodeSearch.McpServer.Tests.dll" adapterTypeName="executor://nunit3testexecutor/" className="COA.CodeSearch.McpServer.Tests.Services.SmartSnippetServiceTests" name="EnhanceWithSnippetsAsync_Should_Handle_FieldPrefixedWildcardQueries_WithoutException(&quot;filename_lower:*Service.cs&quot;)" />
    </UnitTest>
    <UnitTest name="GetFullPath_Should_Handle_Relative_Path" storage="c:\source\coa codesearch mcp\coa.codesearch.mcpserver.tests\bin\debug\net9.0\coa.codesearch.mcpserver.tests.dll" id="9db8600d-9030-4fcc-0b7c-2880aaf6b24a">
      <Execution id="332d07db-02ac-4123-ab6a-20ed89646deb" />
      <TestMethod codeBase="C:\source\COA CodeSearch MCP\COA.CodeSearch.McpServer.Tests\bin\Debug\net9.0\COA.CodeSearch.McpServer.Tests.dll" adapterTypeName="executor://nunit3testexecutor/" className="COA.CodeSearch.McpServer.Tests.Services.PathResolutionServiceTests" name="GetFullPath_Should_Handle_Relative_Path" />
    </UnitTest>
    <UnitTest name="ValidateAndResolvePath_ValidPath_ReturnsAbsolutePath" storage="c:\source\coa codesearch mcp\coa.codesearch.mcpserver.tests\bin\debug\net9.0\coa.codesearch.mcpserver.tests.dll" id="e86d6d82-0ce0-d851-dd71-ebc98ec473ec">
      <Execution id="7c6e4693-90e7-49aa-b12b-dcde7fb2d3d0" />
      <TestMethod codeBase="C:\source\COA CodeSearch MCP\COA.CodeSearch.McpServer.Tests\bin\Debug\net9.0\COA.CodeSearch.McpServer.Tests.dll" adapterTypeName="executor://nunit3testexecutor/" className="COA.CodeSearch.McpServer.Tests.Services.FileLineUtilitiesTests" name="ValidateAndResolvePath_ValidPath_ReturnsAbsolutePath" />
    </UnitTest>
    <UnitTest name="ExecuteAsync_ShouldCalculateDepthCorrectly" storage="c:\source\coa codesearch mcp\coa.codesearch.mcpserver.tests\bin\debug\net9.0\coa.codesearch.mcpserver.tests.dll" id="c41b1d63-dd1b-5812-a822-5d35a364f148">
      <Execution id="0499bc6a-c4f3-4c1c-84eb-e178a09bc7eb" />
      <TestMethod codeBase="C:\source\COA CodeSearch MCP\COA.CodeSearch.McpServer.Tests\bin\Debug\net9.0\COA.CodeSearch.McpServer.Tests.dll" adapterTypeName="executor://nunit3testexecutor/" className="COA.CodeSearch.McpServer.Tests.Tools.DirectorySearchToolTests" name="ExecuteAsync_ShouldCalculateDepthCorrectly" />
    </UnitTest>
    <UnitTest name="Name_ReturnsCorrectValue" storage="c:\source\coa codesearch mcp\coa.codesearch.mcpserver.tests\bin\debug\net9.0\coa.codesearch.mcpserver.tests.dll" id="1b3e9202-1469-5cbe-6f19-15b3f0a96209">
      <Execution id="c53ce53f-c004-495b-9bb2-31609dc1b7c1" />
      <TestMethod codeBase="C:\source\COA CodeSearch MCP\COA.CodeSearch.McpServer.Tests\bin\Debug\net9.0\COA.CodeSearch.McpServer.Tests.dll" adapterTypeName="executor://nunit3testexecutor/" className="COA.CodeSearch.McpServer.Tests.Tools.DeleteLinesToolTests" name="Name_ReturnsCorrectValue" />
    </UnitTest>
    <UnitTest name="ExecuteAsync_Should_Detect_Large_Methods" storage="c:\source\coa codesearch mcp\coa.codesearch.mcpserver.tests\bin\debug\net9.0\coa.codesearch.mcpserver.tests.dll" id="5e4a8e81-44ad-86eb-ab92-6a71f1e8a5cc">
      <Execution id="550ce4c3-08c5-42ef-adf1-4ecf5df301c9" />
      <TestMethod codeBase="C:\source\COA CodeSearch MCP\COA.CodeSearch.McpServer.Tests\bin\Debug\net9.0\COA.CodeSearch.McpServer.Tests.dll" adapterTypeName="executor://nunit3testexecutor/" className="COA.CodeSearch.McpServer.Tests.Tools.FindPatternsToolTests" name="ExecuteAsync_Should_Detect_Large_Methods" />
    </UnitTest>
    <UnitTest name="ComputeWorkspaceHash_Should_Generate_8_Character_Hash" storage="c:\source\coa codesearch mcp\coa.codesearch.mcpserver.tests\bin\debug\net9.0\coa.codesearch.mcpserver.tests.dll" id="a90f6a83-4ab2-5198-0e57-89e320db99a6">
      <Execution id="ae889f43-7dac-4683-8dac-8f3084a53efc" />
      <TestMethod codeBase="C:\source\COA CodeSearch MCP\COA.CodeSearch.McpServer.Tests\bin\Debug\net9.0\COA.CodeSearch.McpServer.Tests.dll" adapterTypeName="executor://nunit3testexecutor/" className="COA.CodeSearch.McpServer.Tests.Services.PathResolutionServiceTests" name="ComputeWorkspaceHash_Should_Generate_8_Character_Hash" />
    </UnitTest>
    <UnitTest name="Description_ShouldContainGrepReferenceAndFeatures" storage="c:\source\coa codesearch mcp\coa.codesearch.mcpserver.tests\bin\debug\net9.0\coa.codesearch.mcpserver.tests.dll" id="30f15154-697f-538f-2c16-1d6308409c87">
      <Execution id="1e3d125d-611d-467a-ada6-435fd67097f5" />
      <TestMethod codeBase="C:\source\COA CodeSearch MCP\COA.CodeSearch.McpServer.Tests\bin\Debug\net9.0\COA.CodeSearch.McpServer.Tests.dll" adapterTypeName="executor://nunit3testexecutor/" className="COA.CodeSearch.McpServer.Tests.Tools.LineSearchToolTests" name="Description_ShouldContainGrepReferenceAndFeatures" />
    </UnitTest>
    <UnitTest name="ExecuteAsync_Should_Validate_Required_Parameters" storage="c:\source\coa codesearch mcp\coa.codesearch.mcpserver.tests\bin\debug\net9.0\coa.codesearch.mcpserver.tests.dll" id="6a0457b2-a3b5-f21c-34c9-5bd6c9262a88">
      <Execution id="432c3588-6b64-4906-a6e9-3e42143bb5f4" />
      <TestMethod codeBase="C:\source\COA CodeSearch MCP\COA.CodeSearch.McpServer.Tests\bin\Debug\net9.0\COA.CodeSearch.McpServer.Tests.dll" adapterTypeName="executor://nunit3testexecutor/" className="COA.CodeSearch.McpServer.Tests.Tools.IndexWorkspaceToolTests" name="ExecuteAsync_Should_Validate_Required_Parameters" />
    </UnitTest>
    <UnitTest name="Name_ShouldReturnCorrectToolName" storage="c:\source\coa codesearch mcp\coa.codesearch.mcpserver.tests\bin\debug\net9.0\coa.codesearch.mcpserver.tests.dll" id="4f113a90-76f3-7fec-f48b-f6094d069ee1">
      <Execution id="ccfacba2-42f0-4331-b9a0-bff364f073fb" />
      <TestMethod codeBase="C:\source\COA CodeSearch MCP\COA.CodeSearch.McpServer.Tests\bin\Debug\net9.0\COA.CodeSearch.McpServer.Tests.dll" adapterTypeName="executor://nunit3testexecutor/" className="COA.CodeSearch.McpServer.Tests.Tools.SearchAndReplaceToolTests" name="Name_ShouldReturnCorrectToolName" />
    </UnitTest>
    <UnitTest name="ExecuteAsync_ValidSymbolName_ReturnsDefinition" storage="c:\source\coa codesearch mcp\coa.codesearch.mcpserver.tests\bin\debug\net9.0\coa.codesearch.mcpserver.tests.dll" id="8abee6a6-94c6-2eab-4f04-f3aa86f43b78">
      <Execution id="06729663-5109-4f36-b911-c229d04d806a" />
      <TestMethod codeBase="C:\source\COA CodeSearch MCP\COA.CodeSearch.McpServer.Tests\bin\Debug\net9.0\COA.CodeSearch.McpServer.Tests.dll" adapterTypeName="executor://nunit3testexecutor/" className="COA.CodeSearch.McpServer.Tests.Tools.GoToDefinitionToolTests" name="ExecuteAsync_ValidSymbolName_ReturnsDefinition" />
    </UnitTest>
    <UnitTest name="CalculateConfidence_WithCommentLine_ShouldHavePenalty" storage="c:\source\coa codesearch mcp\coa.codesearch.mcpserver.tests\bin\debug\net9.0\coa.codesearch.mcpserver.tests.dll" id="cfa9bb7c-3da8-7ed4-7083-9603c6f639fd">
      <Execution id="bdaed77b-d33f-48bf-b520-87759bf9410e" />
      <TestMethod codeBase="C:\source\COA CodeSearch MCP\COA.CodeSearch.McpServer.Tests\bin\Debug\net9.0\COA.CodeSearch.McpServer.Tests.dll" adapterTypeName="executor://nunit3testexecutor/" className="COA.CodeSearch.McpServer.Tests.Services.ConfidenceCalculatorServiceTests" name="CalculateConfidence_WithCommentLine_ShouldHavePenalty" />
    </UnitTest>
    <UnitTest name="ExecuteAsync_ContextLines_GeneratesCorrectContext" storage="c:\source\coa codesearch mcp\coa.codesearch.mcpserver.tests\bin\debug\net9.0\coa.codesearch.mcpserver.tests.dll" id="b6645825-0e2d-b86c-d3eb-82a8c700376e">
      <Execution id="4bea0dd0-b038-44e5-ac7b-85070bb9df9b" />
      <TestMethod codeBase="C:\source\COA CodeSearch MCP\COA.CodeSearch.McpServer.Tests\bin\Debug\net9.0\COA.CodeSearch.McpServer.Tests.dll" adapterTypeName="executor://nunit3testexecutor/" className="COA.CodeSearch.McpServer.Tests.Tools.InsertAtLineToolTests" name="ExecuteAsync_ContextLines_GeneratesCorrectContext" />
    </UnitTest>
    <UnitTest name="Should_Extract_Class_And_Method_From_CSharp_Code" storage="c:\source\coa codesearch mcp\coa.codesearch.mcpserver.tests\bin\debug\net9.0\coa.codesearch.mcpserver.tests.dll" id="67928f42-e0e7-792e-610f-c8c54ef6ea08">
      <Execution id="919d79d6-9c99-4b47-9013-046c6f31e066" />
      <TestMethod codeBase="C:\source\COA CodeSearch MCP\COA.CodeSearch.McpServer.Tests\bin\Debug\net9.0\COA.CodeSearch.McpServer.Tests.dll" adapterTypeName="executor://nunit3testexecutor/" className="COA.CodeSearch.McpServer.Tests.Services.TypeExtraction.CSharpTypeExtractionTests" name="Should_Extract_Class_And_Method_From_CSharp_Code" />
    </UnitTest>
    <UnitTest name="ExecuteAsync_Should_Store_Workspace_Metadata_After_Successful_Indexing" storage="c:\source\coa codesearch mcp\coa.codesearch.mcpserver.tests\bin\debug\net9.0\coa.codesearch.mcpserver.tests.dll" id="8f14774a-cd75-6f8c-84d0-7bdcc9968328">
      <Execution id="33fe7343-53c0-4de3-98bd-b9ef03f8291f" />
      <TestMethod codeBase="C:\source\COA CodeSearch MCP\COA.CodeSearch.McpServer.Tests\bin\Debug\net9.0\COA.CodeSearch.McpServer.Tests.dll" adapterTypeName="executor://nunit3testexecutor/" className="COA.CodeSearch.McpServer.Tests.Tools.IndexWorkspaceToolTests" name="ExecuteAsync_Should_Store_Workspace_Metadata_After_Successful_Indexing" />
    </UnitTest>
    <UnitTest name="Tool_Should_Have_Correct_Metadata" storage="c:\source\coa codesearch mcp\coa.codesearch.mcpserver.tests\bin\debug\net9.0\coa.codesearch.mcpserver.tests.dll" id="de474172-f53b-37d4-a0d9-58e31ba08c58">
      <Execution id="ed063408-fa97-45e8-8858-d059a33fbfba" />
      <TestMethod codeBase="C:\source\COA CodeSearch MCP\COA.CodeSearch.McpServer.Tests\bin\Debug\net9.0\COA.CodeSearch.McpServer.Tests.dll" adapterTypeName="executor://nunit3testexecutor/" className="COA.CodeSearch.McpServer.Tests.Tools.DirectorySearchToolTests" name="Tool_Should_Have_Correct_Metadata" />
    </UnitTest>
    <UnitTest name="ExecuteAsync_InvalidStartLine_ReturnsError" storage="c:\source\coa codesearch mcp\coa.codesearch.mcpserver.tests\bin\debug\net9.0\coa.codesearch.mcpserver.tests.dll" id="7e268be7-07e0-df66-4f5a-188c961085a4">
      <Execution id="dc54be37-e8e1-400e-9678-3b9114ab2ab4" />
      <TestMethod codeBase="C:\source\COA CodeSearch MCP\COA.CodeSearch.McpServer.Tests\bin\Debug\net9.0\COA.CodeSearch.McpServer.Tests.dll" adapterTypeName="executor://nunit3testexecutor/" className="COA.CodeSearch.McpServer.Tests.Tools.DeleteLinesToolTests" name="ExecuteAsync_InvalidStartLine_ReturnsError" />
    </UnitTest>
    <UnitTest name="CalculateConfidence_WithMethodDefinition_ShouldReturnHighConfidence" storage="c:\source\coa codesearch mcp\coa.codesearch.mcpserver.tests\bin\debug\net9.0\coa.codesearch.mcpserver.tests.dll" id="bf98c7cb-9b7f-3ebb-41db-4438a45e9b06">
      <Execution id="038aa752-86d4-4a26-878c-559463274d39" />
      <TestMethod codeBase="C:\source\COA CodeSearch MCP\COA.CodeSearch.McpServer.Tests\bin\Debug\net9.0\COA.CodeSearch.McpServer.Tests.dll" adapterTypeName="executor://nunit3testexecutor/" className="COA.CodeSearch.McpServer.Tests.Services.ConfidenceCalculatorServiceTests" name="CalculateConfidence_WithMethodDefinition_ShouldReturnHighConfidence" />
    </UnitTest>
    <UnitTest name="CalculateConfidence_WithNullQuery_ShouldReturnZero" storage="c:\source\coa codesearch mcp\coa.codesearch.mcpserver.tests\bin\debug\net9.0\coa.codesearch.mcpserver.tests.dll" id="2b9abf8c-8593-6b56-f35d-aaff69acde28">
      <Execution id="efea740d-2b52-46d4-b931-1293879e8a8e" />
      <TestMethod codeBase="C:\source\COA CodeSearch MCP\COA.CodeSearch.McpServer.Tests\bin\Debug\net9.0\COA.CodeSearch.McpServer.Tests.dll" adapterTypeName="executor://nunit3testexecutor/" className="COA.CodeSearch.McpServer.Tests.Services.ConfidenceCalculatorServiceTests" name="CalculateConfidence_WithNullQuery_ShouldReturnZero" />
    </UnitTest>
    <UnitTest name="EnhanceWithSnippetsAsync_Should_Return_Original_Result_When_ForVisualization_False" storage="c:\source\coa codesearch mcp\coa.codesearch.mcpserver.tests\bin\debug\net9.0\coa.codesearch.mcpserver.tests.dll" id="60c054ec-394d-af66-9fc6-4b079662a259">
      <Execution id="86726727-7319-4546-acc7-802646321cf5" />
      <TestMethod codeBase="C:\source\COA CodeSearch MCP\COA.CodeSearch.McpServer.Tests\bin\Debug\net9.0\COA.CodeSearch.McpServer.Tests.dll" adapterTypeName="executor://nunit3testexecutor/" className="COA.CodeSearch.McpServer.Tests.Services.SmartSnippetServiceTests" name="EnhanceWithSnippetsAsync_Should_Return_Original_Result_When_ForVisualization_False" />
    </UnitTest>
    <UnitTest name="ExecuteAsync_ReplaceEntireFile_WorksCorrectly" storage="c:\source\coa codesearch mcp\coa.codesearch.mcpserver.tests\bin\debug\net9.0\coa.codesearch.mcpserver.tests.dll" id="b8851efb-c901-3988-35d6-2f8cc864d993">
      <Execution id="34931bd1-aab7-4103-bbf6-2713f68a815d" />
      <TestMethod codeBase="C:\source\COA CodeSearch MCP\COA.CodeSearch.McpServer.Tests\bin\Debug\net9.0\COA.CodeSearch.McpServer.Tests.dll" adapterTypeName="executor://nunit3testexecutor/" className="COA.CodeSearch.McpServer.Tests.Tools.ReplaceLinesToolTests" name="ExecuteAsync_ReplaceEntireFile_WorksCorrectly" />
    </UnitTest>
    <UnitTest name="ExecuteAsync_ContextLines_GeneratesCorrectContext" storage="c:\source\coa codesearch mcp\coa.codesearch.mcpserver.tests\bin\debug\net9.0\coa.codesearch.mcpserver.tests.dll" id="3fc4b763-9eae-1855-70e7-3bae1764f8be">
      <Execution id="aacf46f1-a075-4e9e-9b8c-1f2a1ba473ef" />
      <TestMethod codeBase="C:\source\COA CodeSearch MCP\COA.CodeSearch.McpServer.Tests\bin\Debug\net9.0\COA.CodeSearch.McpServer.Tests.dll" adapterTypeName="executor://nunit3testexecutor/" className="COA.CodeSearch.McpServer.Tests.Tools.ReplaceLinesToolTests" name="ExecuteAsync_ContextLines_GeneratesCorrectContext" />
    </UnitTest>
    <UnitTest name="CalculateConfidence_RealWorldScenario_MultipleQueries" storage="c:\source\coa codesearch mcp\coa.codesearch.mcpserver.tests\bin\debug\net9.0\coa.codesearch.mcpserver.tests.dll" id="8b155b4d-a580-439b-a45e-2bdf45aad182">
      <Execution id="a10f188c-6ae4-4618-9870-5dff36f5b5fe" />
      <TestMethod codeBase="C:\source\COA CodeSearch MCP\COA.CodeSearch.McpServer.Tests\bin\Debug\net9.0\COA.CodeSearch.McpServer.Tests.dll" adapterTypeName="executor://nunit3testexecutor/" className="COA.CodeSearch.McpServer.Tests.Services.ConfidenceCalculatorServiceTests" name="CalculateConfidence_RealWorldScenario_MultipleQueries" />
    </UnitTest>
    <UnitTest name="NonNullableField_ObjectInitialization_ProperInitialization" storage="c:\source\coa codesearch mcp\coa.codesearch.mcpserver.tests\bin\debug\net9.0\coa.codesearch.mcpserver.tests.dll" id="d9639a47-b934-e44a-f236-d0ccde0de455">
      <Execution id="5668b431-7c0a-48a1-859e-51faeacbbd80" />
      <TestMethod codeBase="C:\source\COA CodeSearch MCP\COA.CodeSearch.McpServer.Tests\bin\Debug\net9.0\COA.CodeSearch.McpServer.Tests.dll" adapterTypeName="executor://nunit3testexecutor/" className="COA.CodeSearch.McpServer.Tests.NullableReferenceValidationTests" name="NonNullableField_ObjectInitialization_ProperInitialization" />
    </UnitTest>
    <UnitTest name="BuildValidation_CriticalFiles_ExistAndAccessible" storage="c:\source\coa codesearch mcp\coa.codesearch.mcpserver.tests\bin\debug\net9.0\coa.codesearch.mcpserver.tests.dll" id="e80aa2f2-25f1-6aee-f6a5-d9e6140d1aa0">
      <Execution id="2a075923-8971-4d12-8432-f8d00902e652" />
      <TestMethod codeBase="C:\source\COA CodeSearch MCP\COA.CodeSearch.McpServer.Tests\bin\Debug\net9.0\COA.CodeSearch.McpServer.Tests.dll" adapterTypeName="executor://nunit3testexecutor/" className="COA.CodeSearch.McpServer.Tests.BuildTimeWarningValidationTests" name="BuildValidation_CriticalFiles_ExistAndAccessible" />
    </UnitTest>
    <UnitTest name="ExecuteAsync_Should_Use_ResponseMode_Based_MaxResults" storage="c:\source\coa codesearch mcp\coa.codesearch.mcpserver.tests\bin\debug\net9.0\coa.codesearch.mcpserver.tests.dll" id="88145d39-7c2b-475a-e6fd-804e9d2c5414">
      <Execution id="b9f341b1-ecea-48f0-bb76-022265ec8032" />
      <TestMethod codeBase="C:\source\COA CodeSearch MCP\COA.CodeSearch.McpServer.Tests\bin\Debug\net9.0\COA.CodeSearch.McpServer.Tests.dll" adapterTypeName="executor://nunit3testexecutor/" className="COA.CodeSearch.McpServer.Tests.Tools.TextSearchToolTests" name="ExecuteAsync_Should_Use_ResponseMode_Based_MaxResults" />
    </UnitTest>
    <UnitTest name="AccuracyMetrics_ComprehensiveTestSuiteAnalysis_GeneratesReport" storage="c:\source\coa codesearch mcp\coa.codesearch.mcpserver.tests\bin\debug\net9.0\coa.codesearch.mcpserver.tests.dll" id="d1c05ff9-9666-e927-2372-4cd4c25f8e52">
      <Execution id="2684a194-8f63-46bd-8682-f98d7592f03e" />
      <TestMethod codeBase="C:\source\COA CodeSearch MCP\COA.CodeSearch.McpServer.Tests\bin\Debug\net9.0\COA.CodeSearch.McpServer.Tests.dll" adapterTypeName="executor://nunit3testexecutor/" className="COA.CodeSearch.McpServer.Tests.Integration.RealWorldFileEditingTests" name="AccuracyMetrics_ComprehensiveTestSuiteAnalysis_GeneratesReport" />
    </UnitTest>
    <UnitTest name="ExecuteAsync_WithMinScore_FiltersResults" storage="c:\source\coa codesearch mcp\coa.codesearch.mcpserver.tests\bin\debug\net9.0\coa.codesearch.mcpserver.tests.dll" id="3b4bfb98-16ac-c2c8-b470-037ed1897690">
      <Execution id="f280eb8d-930e-4363-b3c0-724269470572" />
      <TestMethod codeBase="C:\source\COA CodeSearch MCP\COA.CodeSearch.McpServer.Tests\bin\Debug\net9.0\COA.CodeSearch.McpServer.Tests.dll" adapterTypeName="executor://nunit3testexecutor/" className="COA.CodeSearch.McpServer.Tests.Tools.SimilarFilesToolTests" name="ExecuteAsync_WithMinScore_FiltersResults" />
    </UnitTest>
    <UnitTest name="ExecuteAsync_Should_Populate_ModifiedAgo_TimeSpan" storage="c:\source\coa codesearch mcp\coa.codesearch.mcpserver.tests\bin\debug\net9.0\coa.codesearch.mcpserver.tests.dll" id="113f7348-1f99-f3af-5ae5-2b47fcfeabb6">
      <Execution id="dde3e62e-77e8-4b10-b885-88869f43f865" />
      <TestMethod codeBase="C:\source\COA CodeSearch MCP\COA.CodeSearch.McpServer.Tests\bin\Debug\net9.0\COA.CodeSearch.McpServer.Tests.dll" adapterTypeName="executor://nunit3testexecutor/" className="COA.CodeSearch.McpServer.Tests.Tools.RecentFilesToolTests" name="ExecuteAsync_Should_Populate_ModifiedAgo_TimeSpan" />
    </UnitTest>
    <UnitTest name="ExecuteAsync_Should_Filter_By_Severity_Levels" storage="c:\source\coa codesearch mcp\coa.codesearch.mcpserver.tests\bin\debug\net9.0\coa.codesearch.mcpserver.tests.dll" id="ca3d36e5-bfe9-de3b-fda4-c8ece247c5a2">
      <Execution id="0813269e-c355-46be-aa51-79dfb8ee2bd8" />
      <TestMethod codeBase="C:\source\COA CodeSearch MCP\COA.CodeSearch.McpServer.Tests\bin\Debug\net9.0\COA.CodeSearch.McpServer.Tests.dll" adapterTypeName="executor://nunit3testexecutor/" className="COA.CodeSearch.McpServer.Tests.Tools.FindPatternsToolTests" name="ExecuteAsync_Should_Filter_By_Severity_Levels" />
    </UnitTest>
    <UnitTest name="ExecuteAsync_Should_Use_Cache_When_Available" storage="c:\source\coa codesearch mcp\coa.codesearch.mcpserver.tests\bin\debug\net9.0\coa.codesearch.mcpserver.tests.dll" id="e74ca356-302c-d244-498c-021a1f823191">
      <Execution id="bc1b7461-4df6-4dac-8986-ce5b0a6826b6" />
      <TestMethod codeBase="C:\source\COA CodeSearch MCP\COA.CodeSearch.McpServer.Tests\bin\Debug\net9.0\COA.CodeSearch.McpServer.Tests.dll" adapterTypeName="executor://nunit3testexecutor/" className="COA.CodeSearch.McpServer.Tests.Tools.RecentFilesToolTests" name="ExecuteAsync_Should_Use_Cache_When_Available" />
    </UnitTest>
    <UnitTest name="ExecuteAsync_DeleteLastLine_WorksCorrectly" storage="c:\source\coa codesearch mcp\coa.codesearch.mcpserver.tests\bin\debug\net9.0\coa.codesearch.mcpserver.tests.dll" id="ce06ba38-12e2-bfe6-fb43-78086f861f86">
      <Execution id="40fee806-366e-4a8d-adce-d5e035d21fec" />
      <TestMethod codeBase="C:\source\COA CodeSearch MCP\COA.CodeSearch.McpServer.Tests\bin\Debug\net9.0\COA.CodeSearch.McpServer.Tests.dll" adapterTypeName="executor://nunit3testexecutor/" className="COA.CodeSearch.McpServer.Tests.Tools.DeleteLinesToolTests" name="ExecuteAsync_DeleteLastLine_WorksCorrectly" />
    </UnitTest>
    <UnitTest name="CalculateConfidence_WithWhitespaceMatchedLine_ShouldReturnZero" storage="c:\source\coa codesearch mcp\coa.codesearch.mcpserver.tests\bin\debug\net9.0\coa.codesearch.mcpserver.tests.dll" id="6e0417db-69d3-bf89-9fbc-8140fb464450">
      <Execution id="9117b552-8d31-4775-895c-ee78be808f71" />
      <TestMethod codeBase="C:\source\COA CodeSearch MCP\COA.CodeSearch.McpServer.Tests\bin\Debug\net9.0\COA.CodeSearch.McpServer.Tests.dll" adapterTypeName="executor://nunit3testexecutor/" className="COA.CodeSearch.McpServer.Tests.Services.ConfidenceCalculatorServiceTests" name="CalculateConfidence_WithWhitespaceMatchedLine_ShouldReturnZero" />
    </UnitTest>
    <UnitTest name="InsertAtLine_WithMixedTabSpaceContext_ShouldNormalizeToSpaces" storage="c:\source\coa codesearch mcp\coa.codesearch.mcpserver.tests\bin\debug\net9.0\coa.codesearch.mcpserver.tests.dll" id="187f8fa2-06fd-dcc6-51c8-7347ccebd7e5">
      <Execution id="1d4c990e-b85b-45d3-afd2-fd23b1f96696" />
      <TestMethod codeBase="C:\source\COA CodeSearch MCP\COA.CodeSearch.McpServer.Tests\bin\Debug\net9.0\COA.CodeSearch.McpServer.Tests.dll" adapterTypeName="executor://nunit3testexecutor/" className="COA.CodeSearch.McpServer.Tests.Tools.InsertAtLineIndentationTests" name="InsertAtLine_WithMixedTabSpaceContext_ShouldNormalizeToSpaces" />
    </UnitTest>
    <UnitTest name="ExecuteAsync_NoDuplicateLines_FixesCarriageReturnBug" storage="c:\source\coa codesearch mcp\coa.codesearch.mcpserver.tests\bin\debug\net9.0\coa.codesearch.mcpserver.tests.dll" id="b2f947a9-5ebd-89e8-5f9c-55078a1bde5c">
      <Execution id="3a2bec64-a11d-452d-94f8-861b9f334a68" />
      <TestMethod codeBase="C:\source\COA CodeSearch MCP\COA.CodeSearch.McpServer.Tests\bin\Debug\net9.0\COA.CodeSearch.McpServer.Tests.dll" adapterTypeName="executor://nunit3testexecutor/" className="COA.CodeSearch.McpServer.Tests.Tools.SearchAndReplaceToolTests" name="ExecuteAsync_NoDuplicateLines_FixesCarriageReturnBug" />
    </UnitTest>
    <UnitTest name="ExecuteAsync_Should_Use_Cache_When_Available" storage="c:\source\coa codesearch mcp\coa.codesearch.mcpserver.tests\bin\debug\net9.0\coa.codesearch.mcpserver.tests.dll" id="66043dc8-527f-e3c8-75cc-54ba4ab46e71">
      <Execution id="9052fcbb-3cd7-40ec-a31d-c5246065b865" />
      <TestMethod codeBase="C:\source\COA CodeSearch MCP\COA.CodeSearch.McpServer.Tests\bin\Debug\net9.0\COA.CodeSearch.McpServer.Tests.dll" adapterTypeName="executor://nunit3testexecutor/" className="COA.CodeSearch.McpServer.Tests.Tools.GetSymbolsOverviewToolTests" name="ExecuteAsync_Should_Use_Cache_When_Available" />
    </UnitTest>
    <UnitTest name="ExecuteAsync_Should_Start_File_Watcher_When_Available" storage="c:\source\coa codesearch mcp\coa.codesearch.mcpserver.tests\bin\debug\net9.0\coa.codesearch.mcpserver.tests.dll" id="d11800b1-7076-5599-655a-9c8af7056c0d">
      <Execution id="c9fb238d-29e6-4f04-b55f-9bc71eba77b0" />
      <TestMethod codeBase="C:\source\COA CodeSearch MCP\COA.CodeSearch.McpServer.Tests\bin\Debug\net9.0\COA.CodeSearch.McpServer.Tests.dll" adapterTypeName="executor://nunit3testexecutor/" className="COA.CodeSearch.McpServer.Tests.Tools.IndexWorkspaceToolTests" name="ExecuteAsync_Should_Start_File_Watcher_When_Available" />
    </UnitTest>
    <UnitTest name="CalculateConfidence_WithXmlDocComment_ShouldHavePenalty" storage="c:\source\coa codesearch mcp\coa.codesearch.mcpserver.tests\bin\debug\net9.0\coa.codesearch.mcpserver.tests.dll" id="a7717790-3d51-7752-0b58-bdf55d681a24">
      <Execution id="f35af53a-a784-4843-bff9-3f657ad5bb8a" />
      <TestMethod codeBase="C:\source\COA CodeSearch MCP\COA.CodeSearch.McpServer.Tests\bin\Debug\net9.0\COA.CodeSearch.McpServer.Tests.dll" adapterTypeName="executor://nunit3testexecutor/" className="COA.CodeSearch.McpServer.Tests.Services.ConfidenceCalculatorServiceTests" name="CalculateConfidence_WithXmlDocComment_ShouldHavePenalty" />
    </UnitTest>
    <UnitTest name="ConvertGlobToRegex_Should_Handle_Recursive_Patterns_Correctly" storage="c:\source\coa codesearch mcp\coa.codesearch.mcpserver.tests\bin\debug\net9.0\coa.codesearch.mcpserver.tests.dll" id="d95f425d-a404-06ff-55cc-918955ed0dd3">
      <Execution id="3ce08e25-b360-440b-b939-dc2bd1912229" />
      <TestMethod codeBase="C:\source\COA CodeSearch MCP\COA.CodeSearch.McpServer.Tests\bin\Debug\net9.0\COA.CodeSearch.McpServer.Tests.dll" adapterTypeName="executor://nunit3testexecutor/" className="COA.CodeSearch.McpServer.Tests.Tools.FileSearchToolTests" name="ConvertGlobToRegex_Should_Handle_Recursive_Patterns_Correctly" />
    </UnitTest>
    <UnitTest name="ReplaceLines_ReproducesToolNamesIndentationBug_ShouldNotCreateDuplicatesOrBadIndentation" storage="c:\source\coa codesearch mcp\coa.codesearch.mcpserver.tests\bin\debug\net9.0\coa.codesearch.mcpserver.tests.dll" id="313f1450-0286-0926-7515-7079060e98c0">
      <Execution id="cad1e4f4-de2d-4801-9e58-5b6e78b40538" />
      <TestMethod codeBase="C:\source\COA CodeSearch MCP\COA.CodeSearch.McpServer.Tests\bin\Debug\net9.0\COA.CodeSearch.McpServer.Tests.dll" adapterTypeName="executor://nunit3testexecutor/" className="COA.CodeSearch.McpServer.Tests.Tools.IndentationBugTests" name="ReplaceLines_ReproducesToolNamesIndentationBug_ShouldNotCreateDuplicatesOrBadIndentation" />
    </UnitTest>
    <UnitTest name="NullableDictionary_SafeOperations_NoWarnings" storage="c:\source\coa codesearch mcp\coa.codesearch.mcpserver.tests\bin\debug\net9.0\coa.codesearch.mcpserver.tests.dll" id="20bdfa7d-50f5-36be-b72b-d381bae27e03">
      <Execution id="5d982e71-8095-4adf-adb4-ebdf5e95df55" />
      <TestMethod codeBase="C:\source\COA CodeSearch MCP\COA.CodeSearch.McpServer.Tests\bin\Debug\net9.0\COA.CodeSearch.McpServer.Tests.dll" adapterTypeName="executor://nunit3testexecutor/" className="COA.CodeSearch.McpServer.Tests.SimpleWarningValidationTests" name="NullableDictionary_SafeOperations_NoWarnings" />
    </UnitTest>
    <UnitTest name="ExecuteAsync_Should_Use_Path_Field_For_Directory_Patterns" storage="c:\source\coa codesearch mcp\coa.codesearch.mcpserver.tests\bin\debug\net9.0\coa.codesearch.mcpserver.tests.dll" id="d9d28982-e7e6-1198-6c71-c1d67ee88205">
      <Execution id="7b58f87f-d5d1-4551-88d9-eb5a3386f137" />
      <TestMethod codeBase="C:\source\COA CodeSearch MCP\COA.CodeSearch.McpServer.Tests\bin\Debug\net9.0\COA.CodeSearch.McpServer.Tests.dll" adapterTypeName="executor://nunit3testexecutor/" className="COA.CodeSearch.McpServer.Tests.Tools.FileSearchToolTests" name="ExecuteAsync_Should_Use_Path_Field_For_Directory_Patterns" />
    </UnitTest>
    <UnitTest name="ValidateEdit_FileWithoutTrailingNewline_ShouldHandleCorrectly" storage="c:\source\coa codesearch mcp\coa.codesearch.mcpserver.tests\bin\debug\net9.0\coa.codesearch.mcpserver.tests.dll" id="02ae6d7c-eb83-871f-6572-a3160312ced6">
      <Execution id="33ef3a68-6296-4cdb-8061-1a481056b2ad" />
      <TestMethod codeBase="C:\source\COA CodeSearch MCP\COA.CodeSearch.McpServer.Tests\bin\Debug\net9.0\COA.CodeSearch.McpServer.Tests.dll" adapterTypeName="executor://nunit3testexecutor/" className="COA.CodeSearch.McpServer.Tests.Helpers.DiffValidatorTests" name="ValidateEdit_FileWithoutTrailingNewline_ShouldHandleCorrectly" />
    </UnitTest>
    <UnitTest name="ExecuteAsync_Should_Perform_Search_And_Return_Results" storage="c:\source\coa codesearch mcp\coa.codesearch.mcpserver.tests\bin\debug\net9.0\coa.codesearch.mcpserver.tests.dll" id="25211c2a-1548-93dd-2ce0-1c8ef9938476">
      <Execution id="a92166a4-b18f-49b4-94be-4e6e6419799e" />
      <TestMethod codeBase="C:\source\COA CodeSearch MCP\COA.CodeSearch.McpServer.Tests\bin\Debug\net9.0\COA.CodeSearch.McpServer.Tests.dll" adapterTypeName="executor://nunit3testexecutor/" className="COA.CodeSearch.McpServer.Tests.Tools.TextSearchToolTests" name="ExecuteAsync_Should_Perform_Search_And_Return_Results" />
    </UnitTest>
    <UnitTest name="ExecuteAsync_StartLineGreaterThanEndLine_ReturnsError" storage="c:\source\coa codesearch mcp\coa.codesearch.mcpserver.tests\bin\debug\net9.0\coa.codesearch.mcpserver.tests.dll" id="9c0b05bf-f5e7-7c8d-2fb8-c8f6375a2eb1">
      <Execution id="91854ebb-b7ec-4165-8cda-008e041bfe41" />
      <TestMethod codeBase="C:\source\COA CodeSearch MCP\COA.CodeSearch.McpServer.Tests\bin\Debug\net9.0\COA.CodeSearch.McpServer.Tests.dll" adapterTypeName="executor://nunit3testexecutor/" className="COA.CodeSearch.McpServer.Tests.Tools.DeleteLinesToolTests" name="ExecuteAsync_StartLineGreaterThanEndLine_ReturnsError" />
    </UnitTest>
    <UnitTest name="DiffValidator_MixedLineEndingsConsistency_ShouldValidateCorrectly" storage="c:\source\coa codesearch mcp\coa.codesearch.mcpserver.tests\bin\debug\net9.0\coa.codesearch.mcpserver.tests.dll" id="507cb46e-cb05-9c7d-742b-d2d660f1d588">
      <Execution id="88abd601-9147-4997-be1a-957dfbdfaba8" />
      <TestMethod codeBase="C:\source\COA CodeSearch MCP\COA.CodeSearch.McpServer.Tests\bin\Debug\net9.0\COA.CodeSearch.McpServer.Tests.dll" adapterTypeName="executor://nunit3testexecutor/" className="COA.CodeSearch.McpServer.Tests.Integration.LineEndingPreservationTests" name="DiffValidator_MixedLineEndingsConsistency_ShouldValidateCorrectly" />
    </UnitTest>
    <UnitTest name="ExecuteAsync_Should_Exclude_Inheritance_When_Not_Requested" storage="c:\source\coa codesearch mcp\coa.codesearch.mcpserver.tests\bin\debug\net9.0\coa.codesearch.mcpserver.tests.dll" id="45987928-ca77-d223-443f-59cc06c11a50">
      <Execution id="a03c413d-6bd9-4699-9751-39057522f93c" />
      <TestMethod codeBase="C:\source\COA CodeSearch MCP\COA.CodeSearch.McpServer.Tests\bin\Debug\net9.0\COA.CodeSearch.McpServer.Tests.dll" adapterTypeName="executor://nunit3testexecutor/" className="COA.CodeSearch.McpServer.Tests.Tools.GetSymbolsOverviewToolTests" name="ExecuteAsync_Should_Exclude_Inheritance_When_Not_Requested" />
    </UnitTest>
    <UnitTest name="EnhanceWithSnippetsAsync_Should_Handle_FilenameFieldWildcardQuery_WithoutException" storage="c:\source\coa codesearch mcp\coa.codesearch.mcpserver.tests\bin\debug\net9.0\coa.codesearch.mcpserver.tests.dll" id="2d5f260f-2cc7-f8f7-b646-f9be3eb43dfb">
      <Execution id="6b63820c-d250-40b0-8d89-7f75e8c2a21f" />
      <TestMethod codeBase="C:\source\COA CodeSearch MCP\COA.CodeSearch.McpServer.Tests\bin\Debug\net9.0\COA.CodeSearch.McpServer.Tests.dll" adapterTypeName="executor://nunit3testexecutor/" className="COA.CodeSearch.McpServer.Tests.Services.SmartSnippetServiceTests" name="EnhanceWithSnippetsAsync_Should_Handle_FilenameFieldWildcardQuery_WithoutException" />
    </UnitTest>
    <UnitTest name="PerformanceBenchmark_VeryLargeFileOperations_RemainsUsable" storage="c:\source\coa codesearch mcp\coa.codesearch.mcpserver.tests\bin\debug\net9.0\coa.codesearch.mcpserver.tests.dll" id="a082c3ce-e2d1-200c-cdba-112b0003326f">
      <Execution id="da2bedaa-3c6d-46d5-8794-3a035f02c411" />
      <TestMethod codeBase="C:\source\COA CodeSearch MCP\COA.CodeSearch.McpServer.Tests\bin\Debug\net9.0\COA.CodeSearch.McpServer.Tests.dll" adapterTypeName="executor://nunit3testexecutor/" className="COA.CodeSearch.McpServer.Tests.Integration.RealWorldFileEditingTests" name="PerformanceBenchmark_VeryLargeFileOperations_RemainsUsable" />
    </UnitTest>
    <UnitTest name="EdgeCase_FileWithoutTrailingNewline_HandlesCorrectly" storage="c:\source\coa codesearch mcp\coa.codesearch.mcpserver.tests\bin\debug\net9.0\coa.codesearch.mcpserver.tests.dll" id="d6f88ad8-1148-c7e7-16b3-68ee06b4873c">
      <Execution id="d876551b-bf6c-46a6-af0c-da777c981c12" />
      <TestMethod codeBase="C:\source\COA CodeSearch MCP\COA.CodeSearch.McpServer.Tests\bin\Debug\net9.0\COA.CodeSearch.McpServer.Tests.dll" adapterTypeName="executor://nunit3testexecutor/" className="COA.CodeSearch.McpServer.Tests.Integration.RealWorldFileEditingTests" name="EdgeCase_FileWithoutTrailingNewline_HandlesCorrectly" />
    </UnitTest>
    <UnitTest name="CalculateConfidence_WithEnumDefinition_ShouldReturnHighConfidence" storage="c:\source\coa codesearch mcp\coa.codesearch.mcpserver.tests\bin\debug\net9.0\coa.codesearch.mcpserver.tests.dll" id="ffe22006-d59e-d5b9-594d-2f2c99f21f4e">
      <Execution id="e9295f4c-94d9-439d-8159-7097df1bd9cf" />
      <TestMethod codeBase="C:\source\COA CodeSearch MCP\COA.CodeSearch.McpServer.Tests\bin\Debug\net9.0\COA.CodeSearch.McpServer.Tests.dll" adapterTypeName="executor://nunit3testexecutor/" className="COA.CodeSearch.McpServer.Tests.Services.ConfidenceCalculatorServiceTests" name="CalculateConfidence_WithEnumDefinition_ShouldReturnHighConfidence" />
    </UnitTest>
    <UnitTest name="ExecuteAsync_Should_Rebuild_Index_When_Force_Rebuild_Is_True" storage="c:\source\coa codesearch mcp\coa.codesearch.mcpserver.tests\bin\debug\net9.0\coa.codesearch.mcpserver.tests.dll" id="b206608e-3d29-9a6f-bc01-53c268ea4241">
      <Execution id="9cc63d5d-5caa-40ab-94e3-6a3a54ccdfe1" />
      <TestMethod codeBase="C:\source\COA CodeSearch MCP\COA.CodeSearch.McpServer.Tests\bin\Debug\net9.0\COA.CodeSearch.McpServer.Tests.dll" adapterTypeName="executor://nunit3testexecutor/" className="COA.CodeSearch.McpServer.Tests.Tools.IndexWorkspaceToolTests" name="ExecuteAsync_Should_Rebuild_Index_When_Force_Rebuild_Is_True" />
    </UnitTest>
    <UnitTest name="ExecuteAsync_EmptyContent_ReturnsError" storage="c:\source\coa codesearch mcp\coa.codesearch.mcpserver.tests\bin\debug\net9.0\coa.codesearch.mcpserver.tests.dll" id="700958b8-cf2b-f6fa-44ad-db1d832d032c">
      <Execution id="cc8b009d-0f65-404a-9302-adf35e4e4473" />
      <TestMethod codeBase="C:\source\COA CodeSearch MCP\COA.CodeSearch.McpServer.Tests\bin\Debug\net9.0\COA.CodeSearch.McpServer.Tests.dll" adapterTypeName="executor://nunit3testexecutor/" className="COA.CodeSearch.McpServer.Tests.Tools.InsertAtLineToolTests" name="ExecuteAsync_EmptyContent_ReturnsError" />
    </UnitTest>
    <UnitTest name="CalculateConfidence_WithWhitespaceQuery_ShouldReturnZero" storage="c:\source\coa codesearch mcp\coa.codesearch.mcpserver.tests\bin\debug\net9.0\coa.codesearch.mcpserver.tests.dll" id="21b53016-2dd4-875f-1a22-977b3ac956fe">
      <Execution id="ddd83f0a-455a-4ab3-b89d-3698d3297a0c" />
      <TestMethod codeBase="C:\source\COA CodeSearch MCP\COA.CodeSearch.McpServer.Tests\bin\Debug\net9.0\COA.CodeSearch.McpServer.Tests.dll" adapterTypeName="executor://nunit3testexecutor/" className="COA.CodeSearch.McpServer.Tests.Services.ConfidenceCalculatorServiceTests" name="CalculateConfidence_WithWhitespaceQuery_ShouldReturnZero" />
    </UnitTest>
    <UnitTest name="ToolProperties_HaveCorrectValues" storage="c:\source\coa codesearch mcp\coa.codesearch.mcpserver.tests\bin\debug\net9.0\coa.codesearch.mcpserver.tests.dll" id="e5ec02cd-e55d-3c73-d8b6-50965793b334">
      <Execution id="3e35a925-2bd4-453f-b665-6ccd843b0ce1" />
      <TestMethod codeBase="C:\source\COA CodeSearch MCP\COA.CodeSearch.McpServer.Tests\bin\Debug\net9.0\COA.CodeSearch.McpServer.Tests.dll" adapterTypeName="executor://nunit3testexecutor/" className="COA.CodeSearch.McpServer.Tests.Tools.BatchOperationsToolTests" name="ToolProperties_HaveCorrectValues" />
    </UnitTest>
    <UnitTest name="DiffValidator_AccentsAndDiacritics_ShouldValidateCorrectly" storage="c:\source\coa codesearch mcp\coa.codesearch.mcpserver.tests\bin\debug\net9.0\coa.codesearch.mcpserver.tests.dll" id="00239f6f-5b50-bd99-c2ab-76919c45753b">
      <Execution id="36e831a6-c5fa-4f31-96c4-1be119468f47" />
      <TestMethod codeBase="C:\source\COA CodeSearch MCP\COA.CodeSearch.McpServer.Tests\bin\Debug\net9.0\COA.CodeSearch.McpServer.Tests.dll" adapterTypeName="executor://nunit3testexecutor/" className="COA.CodeSearch.McpServer.Tests.Integration.UnicodeHandlingTests" name="DiffValidator_AccentsAndDiacritics_ShouldValidateCorrectly" />
    </UnitTest>
    <UnitTest name="TestGlobPatternMatching" storage="c:\source\coa codesearch mcp\coa.codesearch.mcpserver.tests\bin\debug\net9.0\coa.codesearch.mcpserver.tests.dll" id="1db6a257-3d49-dc8a-db0e-7d6b298bc39e">
      <Execution id="9bc848d5-0640-4cca-85ac-5467e4c5177b" />
      <TestMethod codeBase="C:\source\COA CodeSearch MCP\COA.CodeSearch.McpServer.Tests\bin\Debug\net9.0\COA.CodeSearch.McpServer.Tests.dll" adapterTypeName="executor://nunit3testexecutor/" className="COA.CodeSearch.McpServer.Tests.Tools.DirectorySearchToolTests" name="TestGlobPatternMatching" />
    </UnitTest>
    <UnitTest name="ExecuteAsync_WithoutIndentationPreservation_NoIndentation" storage="c:\source\coa codesearch mcp\coa.codesearch.mcpserver.tests\bin\debug\net9.0\coa.codesearch.mcpserver.tests.dll" id="101fcbac-e23e-6f19-a8b9-dced6321cc05">
      <Execution id="1ee86c29-8c91-4406-acc7-869fbbab8223" />
      <TestMethod codeBase="C:\source\COA CodeSearch MCP\COA.CodeSearch.McpServer.Tests\bin\Debug\net9.0\COA.CodeSearch.McpServer.Tests.dll" adapterTypeName="executor://nunit3testexecutor/" className="COA.CodeSearch.McpServer.Tests.Tools.ReplaceLinesToolTests" name="ExecuteAsync_WithoutIndentationPreservation_NoIndentation" />
    </UnitTest>
    <UnitTest name="ExecuteAsync_SearchForMethod_ReturnsMethodDefinition" storage="c:\source\coa codesearch mcp\coa.codesearch.mcpserver.tests\bin\debug\net9.0\coa.codesearch.mcpserver.tests.dll" id="81130f8b-48ae-419b-15fb-a870943c43b7">
      <Execution id="1d086efd-7517-4fdd-b7ac-832b610ea908" />
      <TestMethod codeBase="C:\source\COA CodeSearch MCP\COA.CodeSearch.McpServer.Tests\bin\Debug\net9.0\COA.CodeSearch.McpServer.Tests.dll" adapterTypeName="executor://nunit3testexecutor/" className="COA.CodeSearch.McpServer.Tests.Tools.GoToDefinitionToolTests" name="ExecuteAsync_SearchForMethod_ReturnsMethodDefinition" />
    </UnitTest>
    <UnitTest name="ExecuteAsync_Should_Validate_Required_Parameters" storage="c:\source\coa codesearch mcp\coa.codesearch.mcpserver.tests\bin\debug\net9.0\coa.codesearch.mcpserver.tests.dll" id="366b5e3b-b844-6c31-0173-287d410b7439">
      <Execution id="5c928e61-a23f-47ed-a297-92d61afe1645" />
      <TestMethod codeBase="C:\source\COA CodeSearch MCP\COA.CodeSearch.McpServer.Tests\bin\Debug\net9.0\COA.CodeSearch.McpServer.Tests.dll" adapterTypeName="executor://nunit3testexecutor/" className="COA.CodeSearch.McpServer.Tests.Tools.RecentFilesToolTests" name="ExecuteAsync_Should_Validate_Required_Parameters" />
    </UnitTest>
    <UnitTest name="EdgeCase_SingleCharacterFile_HandlesCorrectly" storage="c:\source\coa codesearch mcp\coa.codesearch.mcpserver.tests\bin\debug\net9.0\coa.codesearch.mcpserver.tests.dll" id="fbe36bc5-ef2c-ef9c-6d5d-459f2e687717">
      <Execution id="98773bab-cb31-409b-923f-e27a1e0f14d3" />
      <TestMethod codeBase="C:\source\COA CodeSearch MCP\COA.CodeSearch.McpServer.Tests\bin\Debug\net9.0\COA.CodeSearch.McpServer.Tests.dll" adapterTypeName="executor://nunit3testexecutor/" className="COA.CodeSearch.McpServer.Tests.Integration.RealWorldFileEditingTests" name="EdgeCase_SingleCharacterFile_HandlesCorrectly" />
    </UnitTest>
    <UnitTest name="GetFileName_Should_Handle_Invalid_Path" storage="c:\source\coa codesearch mcp\coa.codesearch.mcpserver.tests\bin\debug\net9.0\coa.codesearch.mcpserver.tests.dll" id="c936982d-018f-b326-642f-539f6e345e91">
      <Execution id="3ccad38a-0d97-440e-8ab9-87781165baf8" />
      <TestMethod codeBase="C:\source\COA CodeSearch MCP\COA.CodeSearch.McpServer.Tests\bin\Debug\net9.0\COA.CodeSearch.McpServer.Tests.dll" adapterTypeName="executor://nunit3testexecutor/" className="COA.CodeSearch.McpServer.Tests.Services.PathResolutionServiceTests" name="GetFileName_Should_Handle_Invalid_Path" />
    </UnitTest>
    <UnitTest name="ExecuteAsync_WithRegexPattern_ShouldMatchCorrectly" storage="c:\source\coa codesearch mcp\coa.codesearch.mcpserver.tests\bin\debug\net9.0\coa.codesearch.mcpserver.tests.dll" id="3218e2d1-fd33-a329-dc48-180ea7d0cd0e">
      <Execution id="dcdb8b36-e30d-4914-903b-d5113e5aceec" />
      <TestMethod codeBase="C:\source\COA CodeSearch MCP\COA.CodeSearch.McpServer.Tests\bin\Debug\net9.0\COA.CodeSearch.McpServer.Tests.dll" adapterTypeName="executor://nunit3testexecutor/" className="COA.CodeSearch.McpServer.Tests.Tools.DirectorySearchToolTests" name="ExecuteAsync_WithRegexPattern_ShouldMatchCorrectly" />
    </UnitTest>
    <UnitTest name="ExecuteAsync_NoIndexExists_ReturnsError" storage="c:\source\coa codesearch mcp\coa.codesearch.mcpserver.tests\bin\debug\net9.0\coa.codesearch.mcpserver.tests.dll" id="4cfc9d4d-2caa-d5be-2f93-cbcca2518011">
      <Execution id="45e77950-1849-4ddc-b3a5-69cde417e3b1" />
      <TestMethod codeBase="C:\source\COA CodeSearch MCP\COA.CodeSearch.McpServer.Tests\bin\Debug\net9.0\COA.CodeSearch.McpServer.Tests.dll" adapterTypeName="executor://nunit3testexecutor/" className="COA.CodeSearch.McpServer.Tests.Tools.SimilarFilesToolTests" name="ExecuteAsync_NoIndexExists_ReturnsError" />
    </UnitTest>
    <UnitTest name="ExecuteAsync_InvalidLineNumber_ReturnsError" storage="c:\source\coa codesearch mcp\coa.codesearch.mcpserver.tests\bin\debug\net9.0\coa.codesearch.mcpserver.tests.dll" id="831c1e55-6e64-04a9-2fab-a7fba60fbbd9">
      <Execution id="beecf2df-2683-4330-a0d0-4629c36c67c7" />
      <TestMethod codeBase="C:\source\COA CodeSearch MCP\COA.CodeSearch.McpServer.Tests\bin\Debug\net9.0\COA.CodeSearch.McpServer.Tests.dll" adapterTypeName="executor://nunit3testexecutor/" className="COA.CodeSearch.McpServer.Tests.Tools.InsertAtLineToolTests" name="ExecuteAsync_InvalidLineNumber_ReturnsError" />
    </UnitTest>
    <UnitTest name="FileExists_Should_Return_True_For_Existing_File" storage="c:\source\coa codesearch mcp\coa.codesearch.mcpserver.tests\bin\debug\net9.0\coa.codesearch.mcpserver.tests.dll" id="e7e96ba6-37ce-6c9e-8536-2567f17f6580">
      <Execution id="90880543-c230-418e-8f90-f5ad244c442c" />
      <TestMethod codeBase="C:\source\COA CodeSearch MCP\COA.CodeSearch.McpServer.Tests\bin\Debug\net9.0\COA.CodeSearch.McpServer.Tests.dll" adapterTypeName="executor://nunit3testexecutor/" className="COA.CodeSearch.McpServer.Tests.Services.PathResolutionServiceTests" name="FileExists_Should_Return_True_For_Existing_File" />
    </UnitTest>
    <UnitTest name="Name_ShouldReturnCorrectToolName" storage="c:\source\coa codesearch mcp\coa.codesearch.mcpserver.tests\bin\debug\net9.0\coa.codesearch.mcpserver.tests.dll" id="29bd3670-5518-af4d-a10d-c558d9a8adba">
      <Execution id="40193174-fcaf-41a3-b209-6e79331ec10f" />
      <TestMethod codeBase="C:\source\COA CodeSearch MCP\COA.CodeSearch.McpServer.Tests\bin\Debug\net9.0\COA.CodeSearch.McpServer.Tests.dll" adapterTypeName="executor://nunit3testexecutor/" className="COA.CodeSearch.McpServer.Tests.Tools.LineSearchToolTests" name="Name_ShouldReturnCorrectToolName" />
    </UnitTest>
    <UnitTest name="Should_Extract_Method_Modifiers" storage="c:\source\coa codesearch mcp\coa.codesearch.mcpserver.tests\bin\debug\net9.0\coa.codesearch.mcpserver.tests.dll" id="d78b518d-d2f6-8423-c397-e55b87f3ea1e">
      <Execution id="63e387bd-290a-49de-8ac3-494f1844e6d3" />
      <TestMethod codeBase="C:\source\COA CodeSearch MCP\COA.CodeSearch.McpServer.Tests\bin\Debug\net9.0\COA.CodeSearch.McpServer.Tests.dll" adapterTypeName="executor://nunit3testexecutor/" className="COA.CodeSearch.McpServer.Tests.Services.TypeExtraction.CSharpTypeExtractionTests" name="Should_Extract_Method_Modifiers" />
    </UnitTest>
    <UnitTest name="ExecuteAsync_CaseSensitiveSearch_RespectsCase" storage="c:\source\coa codesearch mcp\coa.codesearch.mcpserver.tests\bin\debug\net9.0\coa.codesearch.mcpserver.tests.dll" id="06b7d2a6-b8e2-4436-fb5b-bac2ab8a5cf0">
      <Execution id="28fb03be-315f-411c-b0a3-72fe0e88f69e" />
      <TestMethod codeBase="C:\source\COA CodeSearch MCP\COA.CodeSearch.McpServer.Tests\bin\Debug\net9.0\COA.CodeSearch.McpServer.Tests.dll" adapterTypeName="executor://nunit3testexecutor/" className="COA.CodeSearch.McpServer.Tests.Tools.SearchAndReplaceToolTests" name="ExecuteAsync_CaseSensitiveSearch_RespectsCase" />
    </UnitTest>
    <UnitTest name="ExecuteAsync_Should_Store_Metadata_Multiple_Times_During_Workflow" storage="c:\source\coa codesearch mcp\coa.codesearch.mcpserver.tests\bin\debug\net9.0\coa.codesearch.mcpserver.tests.dll" id="12902737-c6bb-b696-0484-0e60b86be4a0">
      <Execution id="baf73580-1fbd-4a0d-8840-8d7350c5d6b2" />
      <TestMethod codeBase="C:\source\COA CodeSearch MCP\COA.CodeSearch.McpServer.Tests\bin\Debug\net9.0\COA.CodeSearch.McpServer.Tests.dll" adapterTypeName="executor://nunit3testexecutor/" className="COA.CodeSearch.McpServer.Tests.Tools.IndexWorkspaceToolTests" name="ExecuteAsync_Should_Store_Metadata_Multiple_Times_During_Workflow" />
    </UnitTest>
    <UnitTest name="ExecuteAsync_Should_Use_Filename_Field_For_Simple_Patterns" storage="c:\source\coa codesearch mcp\coa.codesearch.mcpserver.tests\bin\debug\net9.0\coa.codesearch.mcpserver.tests.dll" id="f0627e7e-06c4-29fc-7e58-648962318c89">
      <Execution id="441c71c3-a6c7-43d8-a031-e70562a74a62" />
      <TestMethod codeBase="C:\source\COA CodeSearch MCP\COA.CodeSearch.McpServer.Tests\bin\Debug\net9.0\COA.CodeSearch.McpServer.Tests.dll" adapterTypeName="executor://nunit3testexecutor/" className="COA.CodeSearch.McpServer.Tests.Tools.FileSearchToolTests" name="ExecuteAsync_Should_Use_Filename_Field_For_Simple_Patterns" />
    </UnitTest>
    <UnitTest name="TypeExtractionService_Should_Handle_Unknown_Extension" storage="c:\source\coa codesearch mcp\coa.codesearch.mcpserver.tests\bin\debug\net9.0\coa.codesearch.mcpserver.tests.dll" id="44613f3c-91e8-83f2-ac36-f838ffe8d4ce">
      <Execution id="62dce613-13d4-435b-8553-b114316a7608" />
      <TestMethod codeBase="C:\source\COA CodeSearch MCP\COA.CodeSearch.McpServer.Tests\bin\Debug\net9.0\COA.CodeSearch.McpServer.Tests.dll" adapterTypeName="executor://nunit3testexecutor/" className="COA.CodeSearch.McpServer.Tests.Services.TypeExtraction.MinimalTypeExtractionTest" name="TypeExtractionService_Should_Handle_Unknown_Extension" />
    </UnitTest>
    <UnitTest name="EnhanceWithSnippetsAsync_Should_Handle_QueryParser_Exception_Gracefully" storage="c:\source\coa codesearch mcp\coa.codesearch.mcpserver.tests\bin\debug\net9.0\coa.codesearch.mcpserver.tests.dll" id="20bd5a90-1aca-554c-f334-3cf5e0c2c1a8">
      <Execution id="c41d89be-abb9-4888-a3a8-5084e89241ff" />
      <TestMethod codeBase="C:\source\COA CodeSearch MCP\COA.CodeSearch.McpServer.Tests\bin\Debug\net9.0\COA.CodeSearch.McpServer.Tests.dll" adapterTypeName="executor://nunit3testexecutor/" className="COA.CodeSearch.McpServer.Tests.Services.SmartSnippetServiceTests" name="EnhanceWithSnippetsAsync_Should_Handle_QueryParser_Exception_Gracefully" />
    </UnitTest>
    <UnitTest name="ExecuteAsync_OriginalContentCapture_StoresCorrectContent" storage="c:\source\coa codesearch mcp\coa.codesearch.mcpserver.tests\bin\debug\net9.0\coa.codesearch.mcpserver.tests.dll" id="4558bb5d-5889-8718-6567-8aa2e363bd16">
      <Execution id="5231cfac-6276-447b-84a0-9d40c183ce0d" />
      <TestMethod codeBase="C:\source\COA CodeSearch MCP\COA.CodeSearch.McpServer.Tests\bin\Debug\net9.0\COA.CodeSearch.McpServer.Tests.dll" adapterTypeName="executor://nunit3testexecutor/" className="COA.CodeSearch.McpServer.Tests.Tools.ReplaceLinesToolTests" name="ExecuteAsync_OriginalContentCapture_StoresCorrectContent" />
    </UnitTest>
    <UnitTest name="ValidateEdit_UnexpectedChangeOutsideTargetRange_ShouldDetectViolation" storage="c:\source\coa codesearch mcp\coa.codesearch.mcpserver.tests\bin\debug\net9.0\coa.codesearch.mcpserver.tests.dll" id="bf3ca3fc-82d9-be68-f3f5-048ccf351095">
      <Execution id="f1d06740-490b-488a-929c-b55ad6be31c5" />
      <TestMethod codeBase="C:\source\COA CodeSearch MCP\COA.CodeSearch.McpServer.Tests\bin\Debug\net9.0\COA.CodeSearch.McpServer.Tests.dll" adapterTypeName="executor://nunit3testexecutor/" className="COA.CodeSearch.McpServer.Tests.Helpers.DiffValidatorTests" name="ValidateEdit_UnexpectedChangeOutsideTargetRange_ShouldDetectViolation" />
    </UnitTest>
    <UnitTest name="CalculateConfidence_WithSpecialCharacters_ShouldHandleGracefully" storage="c:\source\coa codesearch mcp\coa.codesearch.mcpserver.tests\bin\debug\net9.0\coa.codesearch.mcpserver.tests.dll" id="03d55e09-c812-968a-3bad-cc1204204990">
      <Execution id="85b8a3c4-a618-4033-8f87-90edec08e677" />
      <TestMethod codeBase="C:\source\COA CodeSearch MCP\COA.CodeSearch.McpServer.Tests\bin\Debug\net9.0\COA.CodeSearch.McpServer.Tests.dll" adapterTypeName="executor://nunit3testexecutor/" className="COA.CodeSearch.McpServer.Tests.Services.ConfidenceCalculatorServiceTests" name="CalculateConfidence_WithSpecialCharacters_ShouldHandleGracefully" />
    </UnitTest>
    <UnitTest name="NullableDereference_SearchHitContextLines_SafeAccess" storage="c:\source\coa codesearch mcp\coa.codesearch.mcpserver.tests\bin\debug\net9.0\coa.codesearch.mcpserver.tests.dll" id="19387473-8f06-9e3f-eab9-436277ecd4fd">
      <Execution id="62cb982b-c16f-4b71-84df-0d8f151ff50b" />
      <TestMethod codeBase="C:\source\COA CodeSearch MCP\COA.CodeSearch.McpServer.Tests\bin\Debug\net9.0\COA.CodeSearch.McpServer.Tests.dll" adapterTypeName="executor://nunit3testexecutor/" className="COA.CodeSearch.McpServer.Tests.NullableReferenceValidationTests" name="NullableDereference_SearchHitContextLines_SafeAccess" />
    </UnitTest>
    <UnitTest name="ExecuteAsync_Should_Return_Error_When_File_Does_Not_Exist" storage="c:\source\coa codesearch mcp\coa.codesearch.mcpserver.tests\bin\debug\net9.0\coa.codesearch.mcpserver.tests.dll" id="fab978dc-046d-4e0c-321a-b4162e9d195e">
      <Execution id="d13b2859-e057-4cf8-9345-d6e87495d652" />
      <TestMethod codeBase="C:\source\COA CodeSearch MCP\COA.CodeSearch.McpServer.Tests\bin\Debug\net9.0\COA.CodeSearch.McpServer.Tests.dll" adapterTypeName="executor://nunit3testexecutor/" className="COA.CodeSearch.McpServer.Tests.Tools.FindPatternsToolTests" name="ExecuteAsync_Should_Return_Error_When_File_Does_Not_Exist" />
    </UnitTest>
    <UnitTest name="DiffValidator_SurrogatePairs_ShouldValidateCorrectly" storage="c:\source\coa codesearch mcp\coa.codesearch.mcpserver.tests\bin\debug\net9.0\coa.codesearch.mcpserver.tests.dll" id="5a144eb6-ced2-c75e-c77f-5faf9dbab6d3">
      <Execution id="7d410016-3bac-4c99-95a0-c87a3cb176cc" />
      <TestMethod codeBase="C:\source\COA CodeSearch MCP\COA.CodeSearch.McpServer.Tests\bin\Debug\net9.0\COA.CodeSearch.McpServer.Tests.dll" adapterTypeName="executor://nunit3testexecutor/" className="COA.CodeSearch.McpServer.Tests.Integration.UnicodeHandlingTests" name="DiffValidator_SurrogatePairs_ShouldValidateCorrectly" />
    </UnitTest>
    <UnitTest name="ExecuteAsync_ReplaceMultipleWithMultiple_ReplacesCorrectly" storage="c:\source\coa codesearch mcp\coa.codesearch.mcpserver.tests\bin\debug\net9.0\coa.codesearch.mcpserver.tests.dll" id="7a4bcd52-be30-bb94-f492-e2a0890765ce">
      <Execution id="dfaf2b7d-2cc9-46ab-997b-3723ac17bb03" />
      <TestMethod codeBase="C:\source\COA CodeSearch MCP\COA.CodeSearch.McpServer.Tests\bin\Debug\net9.0\COA.CodeSearch.McpServer.Tests.dll" adapterTypeName="executor://nunit3testexecutor/" className="COA.CodeSearch.McpServer.Tests.Tools.ReplaceLinesToolTests" name="ExecuteAsync_ReplaceMultipleWithMultiple_ReplacesCorrectly" />
    </UnitTest>
    <UnitTest name="ExecuteAsync_Should_Validate_Required_Parameters" storage="c:\source\coa codesearch mcp\coa.codesearch.mcpserver.tests\bin\debug\net9.0\coa.codesearch.mcpserver.tests.dll" id="a9c8ab5f-5efc-e65e-5983-6be186726c95">
      <Execution id="82a6ef6e-b49d-4310-8d9a-41bcd32666d3" />
      <TestMethod codeBase="C:\source\COA CodeSearch MCP\COA.CodeSearch.McpServer.Tests\bin\Debug\net9.0\COA.CodeSearch.McpServer.Tests.dll" adapterTypeName="executor://nunit3testexecutor/" className="COA.CodeSearch.McpServer.Tests.Tools.FileSearchToolTests" name="ExecuteAsync_Should_Validate_Required_Parameters" />
    </UnitTest>
    <UnitTest name="SplitLines_ConsistentEmptyLineHandling_ReturnsConsistentResults" storage="c:\source\coa codesearch mcp\coa.codesearch.mcpserver.tests\bin\debug\net9.0\coa.codesearch.mcpserver.tests.dll" id="de647e1e-4bc0-49d6-887d-65ed4daad473">
      <Execution id="d550b026-5322-4e8b-a5bc-adcdf50f722e" />
      <TestMethod codeBase="C:\source\COA CodeSearch MCP\COA.CodeSearch.McpServer.Tests\bin\Debug\net9.0\COA.CodeSearch.McpServer.Tests.dll" adapterTypeName="executor://nunit3testexecutor/" className="COA.CodeSearch.McpServer.Tests.Services.FileLineUtilitiesTests" name="SplitLines_ConsistentEmptyLineHandling_ReturnsConsistentResults" />
    </UnitTest>
    <UnitTest name="ExecuteAsync_EdgeCaseIndentation_HandlesTabsAndSpaces" storage="c:\source\coa codesearch mcp\coa.codesearch.mcpserver.tests\bin\debug\net9.0\coa.codesearch.mcpserver.tests.dll" id="785814fe-dcbc-30c4-7d8c-7ed2f30ead9b">
      <Execution id="3493ed0c-2428-475f-a4fa-c6d572b5b218" />
      <TestMethod codeBase="C:\source\COA CodeSearch MCP\COA.CodeSearch.McpServer.Tests\bin\Debug\net9.0\COA.CodeSearch.McpServer.Tests.dll" adapterTypeName="executor://nunit3testexecutor/" className="COA.CodeSearch.McpServer.Tests.Tools.InsertAtLineToolTests" name="ExecuteAsync_EdgeCaseIndentation_HandlesTabsAndSpaces" />
    </UnitTest>
    <UnitTest name="ExecuteAsync_RegexPattern_HandlesRegex" storage="c:\source\coa codesearch mcp\coa.codesearch.mcpserver.tests\bin\debug\net9.0\coa.codesearch.mcpserver.tests.dll" id="09cea5f4-f732-1d4e-9bb2-954f155f4594">
      <Execution id="d0a1bb4b-f4d5-4e49-9d66-628b31945285" />
      <TestMethod codeBase="C:\source\COA CodeSearch MCP\COA.CodeSearch.McpServer.Tests\bin\Debug\net9.0\COA.CodeSearch.McpServer.Tests.dll" adapterTypeName="executor://nunit3testexecutor/" className="COA.CodeSearch.McpServer.Tests.Tools.SearchAndReplaceToolTests" name="ExecuteAsync_RegexPattern_HandlesRegex" />
    </UnitTest>
    <UnitTest name="ExecuteAsync_Should_Include_Statistics_In_Response" storage="c:\source\coa codesearch mcp\coa.codesearch.mcpserver.tests\bin\debug\net9.0\coa.codesearch.mcpserver.tests.dll" id="a870daab-bd6c-368a-ec73-9dcd3316463b">
      <Execution id="8cbc9ae2-9d69-4523-9341-59cb1f925814" />
      <TestMethod codeBase="C:\source\COA CodeSearch MCP\COA.CodeSearch.McpServer.Tests\bin\Debug\net9.0\COA.CodeSearch.McpServer.Tests.dll" adapterTypeName="executor://nunit3testexecutor/" className="COA.CodeSearch.McpServer.Tests.Tools.IndexWorkspaceToolTests" name="ExecuteAsync_Should_Include_Statistics_In_Response" />
    </UnitTest>
    <UnitTest name="ExecuteAsync_WithFullContext_IncludesSnippet" storage="c:\source\coa codesearch mcp\coa.codesearch.mcpserver.tests\bin\debug\net9.0\coa.codesearch.mcpserver.tests.dll" id="6fbc4280-c107-0f5f-1e78-82fa85ec326d">
      <Execution id="3c6c7306-3ea7-46d1-8420-9798f8ad3dbf" />
      <TestMethod codeBase="C:\source\COA CodeSearch MCP\COA.CodeSearch.McpServer.Tests\bin\Debug\net9.0\COA.CodeSearch.McpServer.Tests.dll" adapterTypeName="executor://nunit3testexecutor/" className="COA.CodeSearch.McpServer.Tests.Tools.GoToDefinitionToolTests" name="ExecuteAsync_WithFullContext_IncludesSnippet" />
    </UnitTest>
    <UnitTest name="ReadFileWithEncodingAsync_ConsistentLineCounts_MatchesSplitLines" storage="c:\source\coa codesearch mcp\coa.codesearch.mcpserver.tests\bin\debug\net9.0\coa.codesearch.mcpserver.tests.dll" id="30a031d6-13bf-4af7-5783-84702af45522">
      <Execution id="2f02a265-150e-4cd9-99ee-ea9ff3a4e99b" />
      <TestMethod codeBase="C:\source\COA CodeSearch MCP\COA.CodeSearch.McpServer.Tests\bin\Debug\net9.0\COA.CodeSearch.McpServer.Tests.dll" adapterTypeName="executor://nunit3testexecutor/" className="COA.CodeSearch.McpServer.Tests.Services.FileLineUtilitiesTests" name="ReadFileWithEncodingAsync_ConsistentLineCounts_MatchesSplitLines" />
    </UnitTest>
    <UnitTest name="ExecuteAsync_Should_Parse_TimeFrame_Correctly(&quot;1w&quot;,7)" storage="c:\source\coa codesearch mcp\coa.codesearch.mcpserver.tests\bin\debug\net9.0\coa.codesearch.mcpserver.tests.dll" id="f08f1d24-ac21-aabb-874f-af933b9dc232">
      <Execution id="c13e2996-89ee-4a7d-b344-0951470695ef" />
      <TestMethod codeBase="C:\source\COA CodeSearch MCP\COA.CodeSearch.McpServer.Tests\bin\Debug\net9.0\COA.CodeSearch.McpServer.Tests.dll" adapterTypeName="executor://nunit3testexecutor/" className="COA.CodeSearch.McpServer.Tests.Tools.RecentFilesToolTests" name="ExecuteAsync_Should_Parse_TimeFrame_Correctly(&quot;1w&quot;,7)" />
    </UnitTest>
    <UnitTest name="ExecuteAsync_Should_Parse_TimeFrame_Correctly(&quot;2d&quot;,2)" storage="c:\source\coa codesearch mcp\coa.codesearch.mcpserver.tests\bin\debug\net9.0\coa.codesearch.mcpserver.tests.dll" id="2c56d30c-a374-c58e-e93b-b09a90625bd9">
      <Execution id="a0cf7319-7361-42bf-99a2-bb8bed56839a" />
      <TestMethod codeBase="C:\source\COA CodeSearch MCP\COA.CodeSearch.McpServer.Tests\bin\Debug\net9.0\COA.CodeSearch.McpServer.Tests.dll" adapterTypeName="executor://nunit3testexecutor/" className="COA.CodeSearch.McpServer.Tests.Tools.RecentFilesToolTests" name="ExecuteAsync_Should_Parse_TimeFrame_Correctly(&quot;2d&quot;,2)" />
    </UnitTest>
    <UnitTest name="TestPathProcessing" storage="c:\source\coa codesearch mcp\coa.codesearch.mcpserver.tests\bin\debug\net9.0\coa.codesearch.mcpserver.tests.dll" id="2c6048a3-0e46-c805-9760-cb341a85318a">
      <Execution id="d688ee54-8024-44f0-9fa1-b0a95bc72002" />
      <TestMethod codeBase="C:\source\COA CodeSearch MCP\COA.CodeSearch.McpServer.Tests\bin\Debug\net9.0\COA.CodeSearch.McpServer.Tests.dll" adapterTypeName="executor://nunit3testexecutor/" className="COA.CodeSearch.McpServer.Tests.Tools.DirectorySearchToolTests" name="TestPathProcessing" />
    </UnitTest>
    <UnitTest name="CalculateConfidence_WithClassDefinition_ShouldReturnHighConfidence" storage="c:\source\coa codesearch mcp\coa.codesearch.mcpserver.tests\bin\debug\net9.0\coa.codesearch.mcpserver.tests.dll" id="e6a08d27-4df8-86a9-296f-623999e304b6">
      <Execution id="fd2f8e01-6f72-4069-abdc-9b8aaef807b3" />
      <TestMethod codeBase="C:\source\COA CodeSearch MCP\COA.CodeSearch.McpServer.Tests\bin\Debug\net9.0\COA.CodeSearch.McpServer.Tests.dll" adapterTypeName="executor://nunit3testexecutor/" className="COA.CodeSearch.McpServer.Tests.Services.ConfidenceCalculatorServiceTests" name="CalculateConfidence_WithClassDefinition_ShouldReturnHighConfidence" />
    </UnitTest>
    <UnitTest name="ExecuteAsync_Should_Filter_By_Extension_When_Specified" storage="c:\source\coa codesearch mcp\coa.codesearch.mcpserver.tests\bin\debug\net9.0\coa.codesearch.mcpserver.tests.dll" id="e324d320-e3d3-c088-35aa-a58ee7a7e89b">
      <Execution id="f62ae19c-636c-4b00-8097-28b288937f5b" />
      <TestMethod codeBase="C:\source\COA CodeSearch MCP\COA.CodeSearch.McpServer.Tests\bin\Debug\net9.0\COA.CodeSearch.McpServer.Tests.dll" adapterTypeName="executor://nunit3testexecutor/" className="COA.CodeSearch.McpServer.Tests.Tools.RecentFilesToolTests" name="ExecuteAsync_Should_Filter_By_Extension_When_Specified" />
    </UnitTest>
    <UnitTest name="CalculateConfidence_ShouldAlwaysReturnValueBetweenZeroAndOne" storage="c:\source\coa codesearch mcp\coa.codesearch.mcpserver.tests\bin\debug\net9.0\coa.codesearch.mcpserver.tests.dll" id="1bf85714-7b66-ea07-32c9-473124bc5727">
      <Execution id="e8198319-9688-4b53-93da-fe0b91452264" />
      <TestMethod codeBase="C:\source\COA CodeSearch MCP\COA.CodeSearch.McpServer.Tests\bin\Debug\net9.0\COA.CodeSearch.McpServer.Tests.dll" adapterTypeName="executor://nunit3testexecutor/" className="COA.CodeSearch.McpServer.Tests.Services.ConfidenceCalculatorServiceTests" name="CalculateConfidence_ShouldAlwaysReturnValueBetweenZeroAndOne" />
    </UnitTest>
    <UnitTest name="ExecuteAsync_Should_Convert_Relative_Path_To_Absolute" storage="c:\source\coa codesearch mcp\coa.codesearch.mcpserver.tests\bin\debug\net9.0\coa.codesearch.mcpserver.tests.dll" id="cc961071-1eb6-9234-3380-05f09e03415a">
      <Execution id="da3b060b-b62e-4947-8b4b-94fcd2f66ed2" />
      <TestMethod codeBase="C:\source\COA CodeSearch MCP\COA.CodeSearch.McpServer.Tests\bin\Debug\net9.0\COA.CodeSearch.McpServer.Tests.dll" adapterTypeName="executor://nunit3testexecutor/" className="COA.CodeSearch.McpServer.Tests.Tools.GetSymbolsOverviewToolTests" name="ExecuteAsync_Should_Convert_Relative_Path_To_Absolute" />
    </UnitTest>
    <UnitTest name="EnhanceWithSnippetsAsync_Should_Handle_Invalid_Wildcard_Patterns(&quot;?&quot;)" storage="c:\source\coa codesearch mcp\coa.codesearch.mcpserver.tests\bin\debug\net9.0\coa.codesearch.mcpserver.tests.dll" id="06fb3c90-84f0-cb36-dcc1-910263b49158">
      <Execution id="716e4b8a-d5b2-4c23-be8a-633d78ae50be" />
      <TestMethod codeBase="C:\source\COA CodeSearch MCP\COA.CodeSearch.McpServer.Tests\bin\Debug\net9.0\COA.CodeSearch.McpServer.Tests.dll" adapterTypeName="executor://nunit3testexecutor/" className="COA.CodeSearch.McpServer.Tests.Services.SmartSnippetServiceTests" name="EnhanceWithSnippetsAsync_Should_Handle_Invalid_Wildcard_Patterns(&quot;?&quot;)" />
    </UnitTest>
    <UnitTest name="CalculateConfidence_WithPartialWordMatch_ShouldNotGetExactBonus" storage="c:\source\coa codesearch mcp\coa.codesearch.mcpserver.tests\bin\debug\net9.0\coa.codesearch.mcpserver.tests.dll" id="37e8be23-ac0e-3b93-d012-15085cad5135">
      <Execution id="026f5498-6def-4fd0-b193-36dec0f92d3c" />
      <TestMethod codeBase="C:\source\COA CodeSearch MCP\COA.CodeSearch.McpServer.Tests\bin\Debug\net9.0\COA.CodeSearch.McpServer.Tests.dll" adapterTypeName="executor://nunit3testexecutor/" className="COA.CodeSearch.McpServer.Tests.Services.ConfidenceCalculatorServiceTests" name="CalculateConfidence_WithPartialWordMatch_ShouldNotGetExactBonus" />
    </UnitTest>
    <UnitTest name="ExecuteAsync_Should_Use_Summary_Mode_MaxResults" storage="c:\source\coa codesearch mcp\coa.codesearch.mcpserver.tests\bin\debug\net9.0\coa.codesearch.mcpserver.tests.dll" id="e3253137-4084-c2cf-1249-549ade2ad9ab">
      <Execution id="2b203ed6-8956-42f3-beb2-4a1df4b4c71c" />
      <TestMethod codeBase="C:\source\COA CodeSearch MCP\COA.CodeSearch.McpServer.Tests\bin\Debug\net9.0\COA.CodeSearch.McpServer.Tests.dll" adapterTypeName="executor://nunit3testexecutor/" className="COA.CodeSearch.McpServer.Tests.Tools.TextSearchToolTests" name="ExecuteAsync_Should_Use_Summary_Mode_MaxResults" />
    </UnitTest>
    <UnitTest name="ExecuteAsync_InsertAtBeginning_InsertsCorrectly" storage="c:\source\coa codesearch mcp\coa.codesearch.mcpserver.tests\bin\debug\net9.0\coa.codesearch.mcpserver.tests.dll" id="e3f3d1a3-00e0-986a-903b-e4b218f256b9">
      <Execution id="d8730d80-c2a7-4913-a221-1c3fe39f0733" />
      <TestMethod codeBase="C:\source\COA CodeSearch MCP\COA.CodeSearch.McpServer.Tests\bin\Debug\net9.0\COA.CodeSearch.McpServer.Tests.dll" adapterTypeName="executor://nunit3testexecutor/" className="COA.CodeSearch.McpServer.Tests.Tools.InsertAtLineToolTests" name="ExecuteAsync_InsertAtBeginning_InsertsCorrectly" />
    </UnitTest>
    <UnitTest name="Should_Handle_Interface_Methods" storage="c:\source\coa codesearch mcp\coa.codesearch.mcpserver.tests\bin\debug\net9.0\coa.codesearch.mcpserver.tests.dll" id="630e9802-3830-6ab7-b2a2-da3bc6b08053">
      <Execution id="04f77ca6-20d8-4932-ad7f-9cb4d4bdbd54" />
      <TestMethod codeBase="C:\source\COA CodeSearch MCP\COA.CodeSearch.McpServer.Tests\bin\Debug\net9.0\COA.CodeSearch.McpServer.Tests.dll" adapterTypeName="executor://nunit3testexecutor/" className="COA.CodeSearch.McpServer.Tests.Services.TypeExtraction.CSharpTypeExtractionTests" name="Should_Handle_Interface_Methods" />
    </UnitTest>
    <UnitTest name="FindPatternsResult_Should_Calculate_Summaries_Correctly" storage="c:\source\coa codesearch mcp\coa.codesearch.mcpserver.tests\bin\debug\net9.0\coa.codesearch.mcpserver.tests.dll" id="246ad3e6-71bc-61fc-c8ba-ee2627d04cda">
      <Execution id="2ed082b1-7b1d-4a2a-8e43-594d37f415cb" />
      <TestMethod codeBase="C:\source\COA CodeSearch MCP\COA.CodeSearch.McpServer.Tests\bin\Debug\net9.0\COA.CodeSearch.McpServer.Tests.dll" adapterTypeName="executor://nunit3testexecutor/" className="COA.CodeSearch.McpServer.Tests.Tools.FindPatternsToolTests" name="FindPatternsResult_Should_Calculate_Summaries_Correctly" />
    </UnitTest>
    <UnitTest name="DiffValidator_UnicodeNormalization_ShouldPreserveOriginalForm" storage="c:\source\coa codesearch mcp\coa.codesearch.mcpserver.tests\bin\debug\net9.0\coa.codesearch.mcpserver.tests.dll" id="a60937a1-c011-bdcb-934e-62440d204a5a">
      <Execution id="4f3d85ce-9671-4a71-b1e2-b5c98941663f" />
      <TestMethod codeBase="C:\source\COA CodeSearch MCP\COA.CodeSearch.McpServer.Tests\bin\Debug\net9.0\COA.CodeSearch.McpServer.Tests.dll" adapterTypeName="executor://nunit3testexecutor/" className="COA.CodeSearch.McpServer.Tests.Integration.UnicodeHandlingTests" name="DiffValidator_UnicodeNormalization_ShouldPreserveOriginalForm" />
    </UnitTest>
    <UnitTest name="ExecuteAsync_Should_Include_Inheritance_When_Requested" storage="c:\source\coa codesearch mcp\coa.codesearch.mcpserver.tests\bin\debug\net9.0\coa.codesearch.mcpserver.tests.dll" id="811e2baf-06cc-71a8-e2f3-29e41d76086b">
      <Execution id="0730654d-110f-4056-b7ea-0cf84d23d64d" />
      <TestMethod codeBase="C:\source\COA CodeSearch MCP\COA.CodeSearch.McpServer.Tests\bin\Debug\net9.0\COA.CodeSearch.McpServer.Tests.dll" adapterTypeName="executor://nunit3testexecutor/" className="COA.CodeSearch.McpServer.Tests.Tools.GetSymbolsOverviewToolTests" name="ExecuteAsync_Should_Include_Inheritance_When_Requested" />
    </UnitTest>
    <UnitTest name="EditLargeFile_MaintainsPerformance" storage="c:\source\coa codesearch mcp\coa.codesearch.mcpserver.tests\bin\debug\net9.0\coa.codesearch.mcpserver.tests.dll" id="d983592f-04d6-4124-4e25-d6b7d8e18942">
      <Execution id="1f93308c-7ede-4947-b9b9-56a50299bd02" />
      <TestMethod codeBase="C:\source\COA CodeSearch MCP\COA.CodeSearch.McpServer.Tests\bin\Debug\net9.0\COA.CodeSearch.McpServer.Tests.dll" adapterTypeName="executor://nunit3testexecutor/" className="COA.CodeSearch.McpServer.Tests.Integration.RealWorldFileEditingTests" name="EditLargeFile_MaintainsPerformance" />
    </UnitTest>
    <UnitTest name="BinaryFile_ExecutableFile_CurrentBehaviorDocumentation" storage="c:\source\coa codesearch mcp\coa.codesearch.mcpserver.tests\bin\debug\net9.0\coa.codesearch.mcpserver.tests.dll" id="cb350a8e-4533-be92-fa42-b5e366dad1f0">
      <Execution id="7915c551-f927-4aed-926c-0f73cf43f4c4" />
      <TestMethod codeBase="C:\source\COA CodeSearch MCP\COA.CodeSearch.McpServer.Tests\bin\Debug\net9.0\COA.CodeSearch.McpServer.Tests.dll" adapterTypeName="executor://nunit3testexecutor/" className="COA.CodeSearch.McpServer.Tests.Integration.RealWorldFileEditingTests" name="BinaryFile_ExecutableFile_CurrentBehaviorDocumentation" />
    </UnitTest>
    <UnitTest name="EditCSharpClass_RefactorMethodToAsync_PreservesLogic" storage="c:\source\coa codesearch mcp\coa.codesearch.mcpserver.tests\bin\debug\net9.0\coa.codesearch.mcpserver.tests.dll" id="bcde930a-acc3-7805-3291-ff3b14caf3b7">
      <Execution id="fd4b3fab-d348-4cfd-afea-3eaf83202937" />
      <TestMethod codeBase="C:\source\COA CodeSearch MCP\COA.CodeSearch.McpServer.Tests\bin\Debug\net9.0\COA.CodeSearch.McpServer.Tests.dll" adapterTypeName="executor://nunit3testexecutor/" className="COA.CodeSearch.McpServer.Tests.Integration.RealWorldFileEditingTests" name="EditCSharpClass_RefactorMethodToAsync_PreservesLogic" />
    </UnitTest>
    <UnitTest name="EnumerateFiles_Should_Handle_Invalid_Directory" storage="c:\source\coa codesearch mcp\coa.codesearch.mcpserver.tests\bin\debug\net9.0\coa.codesearch.mcpserver.tests.dll" id="9aca1734-6ac3-5996-24dc-7a80ebd8184f">
      <Execution id="ec963f13-ee0d-48a7-a00f-5c71e1ba6ffe" />
      <TestMethod codeBase="C:\source\COA CodeSearch MCP\COA.CodeSearch.McpServer.Tests\bin\Debug\net9.0\COA.CodeSearch.McpServer.Tests.dll" adapterTypeName="executor://nunit3testexecutor/" className="COA.CodeSearch.McpServer.Tests.Services.PathResolutionServiceTests" name="EnumerateFiles_Should_Handle_Invalid_Directory" />
    </UnitTest>
    <UnitTest name="GetIndexRootPath_Should_Return_Root_Index_Directory" storage="c:\source\coa codesearch mcp\coa.codesearch.mcpserver.tests\bin\debug\net9.0\coa.codesearch.mcpserver.tests.dll" id="3584615f-3ae7-d54d-b4c2-849830fc0196">
      <Execution id="46d7eaba-7364-4d45-a1fd-61a4ee2fb60d" />
      <TestMethod codeBase="C:\source\COA CodeSearch MCP\COA.CodeSearch.McpServer.Tests\bin\Debug\net9.0\COA.CodeSearch.McpServer.Tests.dll" adapterTypeName="executor://nunit3testexecutor/" className="COA.CodeSearch.McpServer.Tests.Services.PathResolutionServiceTests" name="GetIndexRootPath_Should_Return_Root_Index_Directory" />
    </UnitTest>
    <UnitTest name="ExecuteAsync_Should_Skip_Cache_When_NoCache_Is_True" storage="c:\source\coa codesearch mcp\coa.codesearch.mcpserver.tests\bin\debug\net9.0\coa.codesearch.mcpserver.tests.dll" id="12d0a302-d042-3ba4-3a7d-7f53121c6757">
      <Execution id="3fd2a386-9e4f-4c5d-8ae7-8958aebeb0a1" />
      <TestMethod codeBase="C:\source\COA CodeSearch MCP\COA.CodeSearch.McpServer.Tests\bin\Debug\net9.0\COA.CodeSearch.McpServer.Tests.dll" adapterTypeName="executor://nunit3testexecutor/" className="COA.CodeSearch.McpServer.Tests.Tools.GetSymbolsOverviewToolTests" name="ExecuteAsync_Should_Skip_Cache_When_NoCache_Is_True" />
    </UnitTest>
    <UnitTest name="RegressionTest_PreventLineHandlingInconsistency" storage="c:\source\coa codesearch mcp\coa.codesearch.mcpserver.tests\bin\debug\net9.0\coa.codesearch.mcpserver.tests.dll" id="02b3d77d-9453-7d32-929c-884e115651dd">
      <Execution id="7a5f41de-9761-43ce-9cb7-35c8a165ac8a" />
      <TestMethod codeBase="C:\source\COA CodeSearch MCP\COA.CodeSearch.McpServer.Tests\bin\Debug\net9.0\COA.CodeSearch.McpServer.Tests.dll" adapterTypeName="executor://nunit3testexecutor/" className="COA.CodeSearch.McpServer.Tests.Services.FileLineUtilitiesTests" name="RegressionTest_PreventLineHandlingInconsistency" />
    </UnitTest>
    <UnitTest name="Category_ReturnsQueryCategory" storage="c:\source\coa codesearch mcp\coa.codesearch.mcpserver.tests\bin\debug\net9.0\coa.codesearch.mcpserver.tests.dll" id="6d350cc0-3b63-9f42-1109-cf1df9afcb45">
      <Execution id="54d5d525-0dd2-4e4a-bc95-f1550f6870c7" />
      <TestMethod codeBase="C:\source\COA CodeSearch MCP\COA.CodeSearch.McpServer.Tests\bin\Debug\net9.0\COA.CodeSearch.McpServer.Tests.dll" adapterTypeName="executor://nunit3testexecutor/" className="COA.CodeSearch.McpServer.Tests.Tools.SimilarFilesToolTests" name="Category_ReturnsQueryCategory" />
    </UnitTest>
    <UnitTest name="CalculateConfidence_WithPartialMatch_ShouldReturnLowConfidence" storage="c:\source\coa codesearch mcp\coa.codesearch.mcpserver.tests\bin\debug\net9.0\coa.codesearch.mcpserver.tests.dll" id="824d46d8-3bb8-ccc9-bd77-9559d8eb8b6f">
      <Execution id="51f76eae-17e9-45be-9361-455070cab1b7" />
      <TestMethod codeBase="C:\source\COA CodeSearch MCP\COA.CodeSearch.McpServer.Tests\bin\Debug\net9.0\COA.CodeSearch.McpServer.Tests.dll" adapterTypeName="executor://nunit3testexecutor/" className="COA.CodeSearch.McpServer.Tests.Services.ConfidenceCalculatorServiceTests" name="CalculateConfidence_WithPartialMatch_ShouldReturnLowConfidence" />
    </UnitTest>
    <UnitTest name="ExecuteAsync_GroupByFileEnabled_GroupsResultsByFile" storage="c:\source\coa codesearch mcp\coa.codesearch.mcpserver.tests\bin\debug\net9.0\coa.codesearch.mcpserver.tests.dll" id="6231a3f1-7b08-83ec-5532-335dc2b26f1d">
      <Execution id="e2004df2-7a39-4e01-b64b-fbaa5bdf6cdd" />
      <TestMethod codeBase="C:\source\COA CodeSearch MCP\COA.CodeSearch.McpServer.Tests\bin\Debug\net9.0\COA.CodeSearch.McpServer.Tests.dll" adapterTypeName="executor://nunit3testexecutor/" className="COA.CodeSearch.McpServer.Tests.Tools.FindReferencesToolTests" name="ExecuteAsync_GroupByFileEnabled_GroupsResultsByFile" />
    </UnitTest>
    <UnitTest name="ExecuteAsync_Should_Handle_Indexing_Failure" storage="c:\source\coa codesearch mcp\coa.codesearch.mcpserver.tests\bin\debug\net9.0\coa.codesearch.mcpserver.tests.dll" id="a7c88a6a-fde8-12e9-433b-e91055519590">
      <Execution id="51eae0f1-2e5f-402e-be45-bf3ae0efd7f9" />
      <TestMethod codeBase="C:\source\COA CodeSearch MCP\COA.CodeSearch.McpServer.Tests\bin\Debug\net9.0\COA.CodeSearch.McpServer.Tests.dll" adapterTypeName="executor://nunit3testexecutor/" className="COA.CodeSearch.McpServer.Tests.Tools.IndexWorkspaceToolTests" name="ExecuteAsync_Should_Handle_Indexing_Failure" />
    </UnitTest>
    <UnitTest name="ExecuteAsync_Should_Skip_Cache_When_NoCache_Is_True" storage="c:\source\coa codesearch mcp\coa.codesearch.mcpserver.tests\bin\debug\net9.0\coa.codesearch.mcpserver.tests.dll" id="e1dc1fb8-c131-bfac-35bb-827b770d4634">
      <Execution id="8afb270e-8bbd-4b93-8acc-bf1620cea581" />
      <TestMethod codeBase="C:\source\COA CodeSearch MCP\COA.CodeSearch.McpServer.Tests\bin\Debug\net9.0\COA.CodeSearch.McpServer.Tests.dll" adapterTypeName="executor://nunit3testexecutor/" className="COA.CodeSearch.McpServer.Tests.Tools.RecentFilesToolTests" name="ExecuteAsync_Should_Skip_Cache_When_NoCache_Is_True" />
    </UnitTest>
    <UnitTest name="NullableString_SafeOperations_NoWarnings" storage="c:\source\coa codesearch mcp\coa.codesearch.mcpserver.tests\bin\debug\net9.0\coa.codesearch.mcpserver.tests.dll" id="53c196cc-1dd5-931b-3fad-178da16e285a">
      <Execution id="df38b76a-34f7-4102-8e45-1303e92cf5f2" />
      <TestMethod codeBase="C:\source\COA CodeSearch MCP\COA.CodeSearch.McpServer.Tests\bin\Debug\net9.0\COA.CodeSearch.McpServer.Tests.dll" adapterTypeName="executor://nunit3testexecutor/" className="COA.CodeSearch.McpServer.Tests.SimpleWarningValidationTests" name="NullableString_SafeOperations_NoWarnings" />
    </UnitTest>
    <UnitTest name="ExecuteAsync_Should_Respect_MaxResults_Parameter" storage="c:\source\coa codesearch mcp\coa.codesearch.mcpserver.tests\bin\debug\net9.0\coa.codesearch.mcpserver.tests.dll" id="9e707cf2-925b-add6-f601-cd1abdd8662b">
      <Execution id="3d58b3ef-566b-4c75-bd4c-65c3a2d80105" />
      <TestMethod codeBase="C:\source\COA CodeSearch MCP\COA.CodeSearch.McpServer.Tests\bin\Debug\net9.0\COA.CodeSearch.McpServer.Tests.dll" adapterTypeName="executor://nunit3testexecutor/" className="COA.CodeSearch.McpServer.Tests.Tools.FindPatternsToolTests" name="ExecuteAsync_Should_Respect_MaxResults_Parameter" />
    </UnitTest>
    <UnitTest name="ValidateEdit_SingleLineDeletion_ShouldDetectCorrectly" storage="c:\source\coa codesearch mcp\coa.codesearch.mcpserver.tests\bin\debug\net9.0\coa.codesearch.mcpserver.tests.dll" id="4b54ff79-2b2a-ae61-fefa-927693f42c9e">
      <Execution id="69252f0d-2a11-4a72-9e01-d5325eaaa3f5" />
      <TestMethod codeBase="C:\source\COA CodeSearch MCP\COA.CodeSearch.McpServer.Tests\bin\Debug\net9.0\COA.CodeSearch.McpServer.Tests.dll" adapterTypeName="executor://nunit3testexecutor/" className="COA.CodeSearch.McpServer.Tests.Helpers.DiffValidatorTests" name="ValidateEdit_SingleLineDeletion_ShouldDetectCorrectly" />
    </UnitTest>
    <UnitTest name="GetFullPath_Should_Return_Absolute_Path" storage="c:\source\coa codesearch mcp\coa.codesearch.mcpserver.tests\bin\debug\net9.0\coa.codesearch.mcpserver.tests.dll" id="33f0c61d-3d45-8a2b-4853-f23039402d4e">
      <Execution id="0ec8ac08-f6bc-4469-84c1-4eb2163b16f7" />
      <TestMethod codeBase="C:\source\COA CodeSearch MCP\COA.CodeSearch.McpServer.Tests\bin\Debug\net9.0\COA.CodeSearch.McpServer.Tests.dll" adapterTypeName="executor://nunit3testexecutor/" className="COA.CodeSearch.McpServer.Tests.Services.PathResolutionServiceTests" name="GetFullPath_Should_Return_Absolute_Path" />
    </UnitTest>
    <UnitTest name="ExecuteAsync_WorkspaceNotFound_ReturnsError" storage="c:\source\coa codesearch mcp\coa.codesearch.mcpserver.tests\bin\debug\net9.0\coa.codesearch.mcpserver.tests.dll" id="0885c1dc-f384-fc32-a7bb-77246dd68117">
      <Execution id="1c4656f9-5c32-4978-8cb8-f8b7c6aa6715" />
      <TestMethod codeBase="C:\source\COA CodeSearch MCP\COA.CodeSearch.McpServer.Tests\bin\Debug\net9.0\COA.CodeSearch.McpServer.Tests.dll" adapterTypeName="executor://nunit3testexecutor/" className="COA.CodeSearch.McpServer.Tests.Tools.LineSearchToolTests" name="ExecuteAsync_WorkspaceNotFound_ReturnsError" />
    </UnitTest>
    <UnitTest name="DiffValidator_UnixLFPreservation_ShouldValidateCorrectly" storage="c:\source\coa codesearch mcp\coa.codesearch.mcpserver.tests\bin\debug\net9.0\coa.codesearch.mcpserver.tests.dll" id="30dc8060-afd6-3b40-8152-960c12345ec6">
      <Execution id="4a87c546-80a0-45b8-a69d-457bf7dfc299" />
      <TestMethod codeBase="C:\source\COA CodeSearch MCP\COA.CodeSearch.McpServer.Tests\bin\Debug\net9.0\COA.CodeSearch.McpServer.Tests.dll" adapterTypeName="executor://nunit3testexecutor/" className="COA.CodeSearch.McpServer.Tests.Integration.LineEndingPreservationTests" name="DiffValidator_UnixLFPreservation_ShouldValidateCorrectly" />
    </UnitTest>
    <UnitTest name="ExecuteAsync_ShouldCalculateFileCounts" storage="c:\source\coa codesearch mcp\coa.codesearch.mcpserver.tests\bin\debug\net9.0\coa.codesearch.mcpserver.tests.dll" id="ac09df77-c344-062f-53a9-7c78d1199a22">
      <Execution id="9f545e79-01d8-45b8-be98-6fbe374e4efe" />
      <TestMethod codeBase="C:\source\COA CodeSearch MCP\COA.CodeSearch.McpServer.Tests\bin\Debug\net9.0\COA.CodeSearch.McpServer.Tests.dll" adapterTypeName="executor://nunit3testexecutor/" className="COA.CodeSearch.McpServer.Tests.Tools.DirectorySearchToolTests" name="ExecuteAsync_ShouldCalculateFileCounts" />
    </UnitTest>
    <UnitTest name="CalculateConfidence_WithNoMatch_ShouldReturnMinimalConfidence" storage="c:\source\coa codesearch mcp\coa.codesearch.mcpserver.tests\bin\debug\net9.0\coa.codesearch.mcpserver.tests.dll" id="1aa7279c-8a67-9c39-8baf-9ea59ed49bd7">
      <Execution id="a35811b8-bf78-4501-956f-2322bc11e493" />
      <TestMethod codeBase="C:\source\COA CodeSearch MCP\COA.CodeSearch.McpServer.Tests\bin\Debug\net9.0\COA.CodeSearch.McpServer.Tests.dll" adapterTypeName="executor://nunit3testexecutor/" className="COA.CodeSearch.McpServer.Tests.Services.ConfidenceCalculatorServiceTests" name="CalculateConfidence_WithNoMatch_ShouldReturnMinimalConfidence" />
    </UnitTest>
    <UnitTest name="ExecuteAsync_EdgeCaseIndentation_HandlesTabsAndSpaces" storage="c:\source\coa codesearch mcp\coa.codesearch.mcpserver.tests\bin\debug\net9.0\coa.codesearch.mcpserver.tests.dll" id="e2d9e28b-1238-7e2e-962d-cfac413c8263">
      <Execution id="a7f0809f-1bba-410b-91bc-06e7139a7cd3" />
      <TestMethod codeBase="C:\source\COA CodeSearch MCP\COA.CodeSearch.McpServer.Tests\bin\Debug\net9.0\COA.CodeSearch.McpServer.Tests.dll" adapterTypeName="executor://nunit3testexecutor/" className="COA.CodeSearch.McpServer.Tests.Tools.ReplaceLinesToolTests" name="ExecuteAsync_EdgeCaseIndentation_HandlesTabsAndSpaces" />
    </UnitTest>
    <UnitTest name="EditCSharpClass_AddUsingStatements_PreservesOrder" storage="c:\source\coa codesearch mcp\coa.codesearch.mcpserver.tests\bin\debug\net9.0\coa.codesearch.mcpserver.tests.dll" id="4c8ef48e-75cc-341a-e3dc-793efb6435c2">
      <Execution id="8346d6cd-9893-4712-90a1-7af3ff9013c9" />
      <TestMethod codeBase="C:\source\COA CodeSearch MCP\COA.CodeSearch.McpServer.Tests\bin\Debug\net9.0\COA.CodeSearch.McpServer.Tests.dll" adapterTypeName="executor://nunit3testexecutor/" className="COA.CodeSearch.McpServer.Tests.Integration.RealWorldFileEditingTests" name="EditCSharpClass_AddUsingStatements_PreservesOrder" />
    </UnitTest>
    <UnitTest name="ExecuteAsync_Should_Detect_Async_Without_ConfigureAwait" storage="c:\source\coa codesearch mcp\coa.codesearch.mcpserver.tests\bin\debug\net9.0\coa.codesearch.mcpserver.tests.dll" id="1844aff1-5129-cdc0-e8f8-17d8c715d865">
      <Execution id="34f85652-ded6-4c93-b2d5-76197ffa59c3" />
      <TestMethod codeBase="C:\source\COA CodeSearch MCP\COA.CodeSearch.McpServer.Tests\bin\Debug\net9.0\COA.CodeSearch.McpServer.Tests.dll" adapterTypeName="executor://nunit3testexecutor/" className="COA.CodeSearch.McpServer.Tests.Tools.FindPatternsToolTests" name="ExecuteAsync_Should_Detect_Async_Without_ConfigureAwait" />
    </UnitTest>
    <UnitTest name="ExecuteAsync_ValidFilePath_ReturnsSimilarFiles" storage="c:\source\coa codesearch mcp\coa.codesearch.mcpserver.tests\bin\debug\net9.0\coa.codesearch.mcpserver.tests.dll" id="77d07cd0-babe-a442-f286-fa3ce5a4f058">
      <Execution id="36528d49-de22-43a5-a04c-e1ce076c2961" />
      <TestMethod codeBase="C:\source\COA CodeSearch MCP\COA.CodeSearch.McpServer.Tests\bin\Debug\net9.0\COA.CodeSearch.McpServer.Tests.dll" adapterTypeName="executor://nunit3testexecutor/" className="COA.CodeSearch.McpServer.Tests.Tools.SimilarFilesToolTests" name="ExecuteAsync_ValidFilePath_ReturnsSimilarFiles" />
    </UnitTest>
    <UnitTest name="EnumerateFiles_Should_Filter_By_Pattern" storage="c:\source\coa codesearch mcp\coa.codesearch.mcpserver.tests\bin\debug\net9.0\coa.codesearch.mcpserver.tests.dll" id="30d51d7b-593c-8954-727d-42d42ac93e2d">
      <Execution id="0eebe0a2-007c-4657-bdde-3000d7cb3342" />
      <TestMethod codeBase="C:\source\COA CodeSearch MCP\COA.CodeSearch.McpServer.Tests\bin\Debug\net9.0\COA.CodeSearch.McpServer.Tests.dll" adapterTypeName="executor://nunit3testexecutor/" className="COA.CodeSearch.McpServer.Tests.Services.PathResolutionServiceTests" name="EnumerateFiles_Should_Filter_By_Pattern" />
    </UnitTest>
    <UnitTest name="BuildValidation_ProjectCompiles_WithoutWarnings" storage="c:\source\coa codesearch mcp\coa.codesearch.mcpserver.tests\bin\debug\net9.0\coa.codesearch.mcpserver.tests.dll" id="5942facf-bcc2-e09a-d3d5-3a9d91228a22">
      <Execution id="d2d1e33b-cb3f-4246-8db1-62e727768f28" />
      <TestMethod codeBase="C:\source\COA CodeSearch MCP\COA.CodeSearch.McpServer.Tests\bin\Debug\net9.0\COA.CodeSearch.McpServer.Tests.dll" adapterTypeName="executor://nunit3testexecutor/" className="COA.CodeSearch.McpServer.Tests.BuildTimeWarningValidationTests" name="BuildValidation_ProjectCompiles_WithoutWarnings" />
    </UnitTest>
    <UnitTest name="ExecuteAsync_Should_Parse_TimeFrame_Correctly(&quot;30min&quot;,0.02083d)" storage="c:\source\coa codesearch mcp\coa.codesearch.mcpserver.tests\bin\debug\net9.0\coa.codesearch.mcpserver.tests.dll" id="1cd8cb23-e96d-1f20-0ebf-8ebe7bc08ac8">
      <Execution id="ee87c099-5d1c-485f-8f51-f19ca7bf6fb6" />
      <TestMethod codeBase="C:\source\COA CodeSearch MCP\COA.CodeSearch.McpServer.Tests\bin\Debug\net9.0\COA.CodeSearch.McpServer.Tests.dll" adapterTypeName="executor://nunit3testexecutor/" className="COA.CodeSearch.McpServer.Tests.Tools.RecentFilesToolTests" name="ExecuteAsync_Should_Parse_TimeFrame_Correctly(&quot;30min&quot;,0.02083d)" />
    </UnitTest>
    <UnitTest name="Tool_Should_Have_Correct_Metadata" storage="c:\source\coa codesearch mcp\coa.codesearch.mcpserver.tests\bin\debug\net9.0\coa.codesearch.mcpserver.tests.dll" id="c491b78e-5e66-36f0-be47-7ad42f7f11f7">
      <Execution id="da3cfd67-ad65-4601-ad9c-f1af5eb700e3" />
      <TestMethod codeBase="C:\source\COA CodeSearch MCP\COA.CodeSearch.McpServer.Tests\bin\Debug\net9.0\COA.CodeSearch.McpServer.Tests.dll" adapterTypeName="executor://nunit3testexecutor/" className="COA.CodeSearch.McpServer.Tests.Tools.IndexWorkspaceToolTests" name="Tool_Should_Have_Correct_Metadata" />
    </UnitTest>
    <UnitTest name="EnhanceWithSnippetsAsync_Should_Handle_FieldPrefixedWildcardQueries_WithoutException(&quot;extension:*.json&quot;)" storage="c:\source\coa codesearch mcp\coa.codesearch.mcpserver.tests\bin\debug\net9.0\coa.codesearch.mcpserver.tests.dll" id="840ca367-019a-4b49-bbb9-877852e06204">
      <Execution id="1b881e84-5194-46ea-9a2e-f4e500d5ed73" />
      <TestMethod codeBase="C:\source\COA CodeSearch MCP\COA.CodeSearch.McpServer.Tests\bin\Debug\net9.0\COA.CodeSearch.McpServer.Tests.dll" adapterTypeName="executor://nunit3testexecutor/" className="COA.CodeSearch.McpServer.Tests.Services.SmartSnippetServiceTests" name="EnhanceWithSnippetsAsync_Should_Handle_FieldPrefixedWildcardQueries_WithoutException(&quot;extension:*.json&quot;)" />
    </UnitTest>
    <UnitTest name="ExecuteAsync_Should_Bypass_Cache_When_NoCache_Is_True" storage="c:\source\coa codesearch mcp\coa.codesearch.mcpserver.tests\bin\debug\net9.0\coa.codesearch.mcpserver.tests.dll" id="9d0da409-94ac-6a8a-e640-cd59d7bb110a">
      <Execution id="4d7bf613-f660-4231-b6ce-6d673235dc01" />
      <TestMethod codeBase="C:\source\COA CodeSearch MCP\COA.CodeSearch.McpServer.Tests\bin\Debug\net9.0\COA.CodeSearch.McpServer.Tests.dll" adapterTypeName="executor://nunit3testexecutor/" className="COA.CodeSearch.McpServer.Tests.Tools.TextSearchToolTests" name="ExecuteAsync_Should_Bypass_Cache_When_NoCache_Is_True" />
    </UnitTest>
    <UnitTest name="ExecuteAsync_Should_Cache_Successful_Results" storage="c:\source\coa codesearch mcp\coa.codesearch.mcpserver.tests\bin\debug\net9.0\coa.codesearch.mcpserver.tests.dll" id="0398d120-5e42-4038-b5d7-aa1eb92be718">
      <Execution id="3a55c53a-4219-4c7b-8abb-c6e24d24c0fc" />
      <TestMethod codeBase="C:\source\COA CodeSearch MCP\COA.CodeSearch.McpServer.Tests\bin\Debug\net9.0\COA.CodeSearch.McpServer.Tests.dll" adapterTypeName="executor://nunit3testexecutor/" className="COA.CodeSearch.McpServer.Tests.Tools.RecentFilesToolTests" name="ExecuteAsync_Should_Cache_Successful_Results" />
    </UnitTest>
    <UnitTest name="PerformanceBenchmark_MediumFileOperations_MeetsTargets" storage="c:\source\coa codesearch mcp\coa.codesearch.mcpserver.tests\bin\debug\net9.0\coa.codesearch.mcpserver.tests.dll" id="4f9bef5c-5e1f-a003-c7be-166117ae3856">
      <Execution id="a0e656d4-ae32-4d62-93d8-898d8c2d7c7c" />
      <TestMethod codeBase="C:\source\COA CodeSearch MCP\COA.CodeSearch.McpServer.Tests\bin\Debug\net9.0\COA.CodeSearch.McpServer.Tests.dll" adapterTypeName="executor://nunit3testexecutor/" className="COA.CodeSearch.McpServer.Tests.Integration.RealWorldFileEditingTests" name="PerformanceBenchmark_MediumFileOperations_MeetsTargets" />
    </UnitTest>
    <UnitTest name="ExecuteAsync_NoSimilarFilesFound_ReturnsEmptyResult" storage="c:\source\coa codesearch mcp\coa.codesearch.mcpserver.tests\bin\debug\net9.0\coa.codesearch.mcpserver.tests.dll" id="31769117-32da-d390-1e8a-ff55d181993d">
      <Execution id="2ac3c16d-d8ee-4d70-94a8-c6c1bcd0f4f4" />
      <TestMethod codeBase="C:\source\COA CodeSearch MCP\COA.CodeSearch.McpServer.Tests\bin\Debug\net9.0\COA.CodeSearch.McpServer.Tests.dll" adapterTypeName="executor://nunit3testexecutor/" className="COA.CodeSearch.McpServer.Tests.Tools.SimilarFilesToolTests" name="ExecuteAsync_NoSimilarFilesFound_ReturnsEmptyResult" />
    </UnitTest>
    <UnitTest name="ValidateEdit_LineEndingChange_ShouldDetectViolation" storage="c:\source\coa codesearch mcp\coa.codesearch.mcpserver.tests\bin\debug\net9.0\coa.codesearch.mcpserver.tests.dll" id="db053bd8-bcc3-4b4a-35e4-8046a2b1b9f3">
      <Execution id="7cf14ade-39ff-4cb1-8b75-2c5a7fe7fe03" />
      <TestMethod codeBase="C:\source\COA CodeSearch MCP\COA.CodeSearch.McpServer.Tests\bin\Debug\net9.0\COA.CodeSearch.McpServer.Tests.dll" adapterTypeName="executor://nunit3testexecutor/" className="COA.CodeSearch.McpServer.Tests.Helpers.DiffValidatorTests" name="ValidateEdit_LineEndingChange_ShouldDetectViolation" />
    </UnitTest>
    <UnitTest name="ExecuteAsync_EmptySearchResults_ReturnsEmptyResult" storage="c:\source\coa codesearch mcp\coa.codesearch.mcpserver.tests\bin\debug\net9.0\coa.codesearch.mcpserver.tests.dll" id="854a2a43-867f-e330-2e14-18f5294bbf84">
      <Execution id="1ef0612f-7dec-4017-9491-07b9e0c341cc" />
      <TestMethod codeBase="C:\source\COA CodeSearch MCP\COA.CodeSearch.McpServer.Tests\bin\Debug\net9.0\COA.CodeSearch.McpServer.Tests.dll" adapterTypeName="executor://nunit3testexecutor/" className="COA.CodeSearch.McpServer.Tests.Tools.LineSearchToolTests" name="ExecuteAsync_EmptySearchResults_ReturnsEmptyResult" />
    </UnitTest>
    <UnitTest name="ExecuteAsync_Should_Support_Recursive_Glob_Patterns" storage="c:\source\coa codesearch mcp\coa.codesearch.mcpserver.tests\bin\debug\net9.0\coa.codesearch.mcpserver.tests.dll" id="b36935b2-7bdf-5e05-caab-bd3254a1a7b6">
      <Execution id="23731acf-1169-4b7c-a29b-98d7b6dbf348" />
      <TestMethod codeBase="C:\source\COA CodeSearch MCP\COA.CodeSearch.McpServer.Tests\bin\Debug\net9.0\COA.CodeSearch.McpServer.Tests.dll" adapterTypeName="executor://nunit3testexecutor/" className="COA.CodeSearch.McpServer.Tests.Tools.FileSearchToolTests" name="ExecuteAsync_Should_Support_Recursive_Glob_Patterns" />
    </UnitTest>
    <UnitTest name="ExecuteAsync_Should_Handle_Type_Extraction_Failure" storage="c:\source\coa codesearch mcp\coa.codesearch.mcpserver.tests\bin\debug\net9.0\coa.codesearch.mcpserver.tests.dll" id="6f53bf7e-541f-a5ff-9b16-0830ed486e02">
      <Execution id="975c9868-79d2-4582-926b-473cde16b053" />
      <TestMethod codeBase="C:\source\COA CodeSearch MCP\COA.CodeSearch.McpServer.Tests\bin\Debug\net9.0\COA.CodeSearch.McpServer.Tests.dll" adapterTypeName="executor://nunit3testexecutor/" className="COA.CodeSearch.McpServer.Tests.Tools.GetSymbolsOverviewToolTests" name="ExecuteAsync_Should_Handle_Type_Extraction_Failure" />
    </UnitTest>
    <UnitTest name="ExecuteAsync_WithUTF8BOM_PreservesEncoding" storage="c:\source\coa codesearch mcp\coa.codesearch.mcpserver.tests\bin\debug\net9.0\coa.codesearch.mcpserver.tests.dll" id="44cffc5d-7a1b-a768-fd8e-e08e0f0d296a">
      <Execution id="ecd42247-5ab0-4019-ad2a-2102131b64de" />
      <TestMethod codeBase="C:\source\COA CodeSearch MCP\COA.CodeSearch.McpServer.Tests\bin\Debug\net9.0\COA.CodeSearch.McpServer.Tests.dll" adapterTypeName="executor://nunit3testexecutor/" className="COA.CodeSearch.McpServer.Tests.Tools.DeleteLinesToolTests" name="ExecuteAsync_WithUTF8BOM_PreservesEncoding" />
    </UnitTest>
    <UnitTest name="ExecuteAsync_EmptySymbolName_ReturnsError" storage="c:\source\coa codesearch mcp\coa.codesearch.mcpserver.tests\bin\debug\net9.0\coa.codesearch.mcpserver.tests.dll" id="0ac8f794-11d5-db31-dc90-4316cb0722db">
      <Execution id="4cb70329-26b0-4640-86e7-b679f9af017f" />
      <TestMethod codeBase="C:\source\COA CodeSearch MCP\COA.CodeSearch.McpServer.Tests\bin\Debug\net9.0\COA.CodeSearch.McpServer.Tests.dll" adapterTypeName="executor://nunit3testexecutor/" className="COA.CodeSearch.McpServer.Tests.Tools.GoToDefinitionToolTests" name="ExecuteAsync_EmptySymbolName_ReturnsError" />
    </UnitTest>
    <UnitTest name="GetRelativePath_Should_Calculate_Relative_Path" storage="c:\source\coa codesearch mcp\coa.codesearch.mcpserver.tests\bin\debug\net9.0\coa.codesearch.mcpserver.tests.dll" id="4c58b71a-ac72-d6c1-76f3-f24cbe6f496a">
      <Execution id="f74ab582-b6a2-4b66-a573-5fcc2f2cf6ea" />
      <TestMethod codeBase="C:\source\COA CodeSearch MCP\COA.CodeSearch.McpServer.Tests\bin\Debug\net9.0\COA.CodeSearch.McpServer.Tests.dll" adapterTypeName="executor://nunit3testexecutor/" className="COA.CodeSearch.McpServer.Tests.Services.PathResolutionServiceTests" name="GetRelativePath_Should_Calculate_Relative_Path" />
    </UnitTest>
    <UnitTest name="Name_ReturnsCorrectToolName" storage="c:\source\coa codesearch mcp\coa.codesearch.mcpserver.tests\bin\debug\net9.0\coa.codesearch.mcpserver.tests.dll" id="c40a1f24-94d7-62f6-d1b5-dcc1e2a509df">
      <Execution id="58626dfe-d51a-4bb9-9331-6a4f3c57f1f6" />
      <TestMethod codeBase="C:\source\COA CodeSearch MCP\COA.CodeSearch.McpServer.Tests\bin\Debug\net9.0\COA.CodeSearch.McpServer.Tests.dll" adapterTypeName="executor://nunit3testexecutor/" className="COA.CodeSearch.McpServer.Tests.Tools.SimilarFilesToolTests" name="Name_ReturnsCorrectToolName" />
    </UnitTest>
    <UnitTest name="EdgeCase_EmptyLines_HandlesConsistently" storage="c:\source\coa codesearch mcp\coa.codesearch.mcpserver.tests\bin\debug\net9.0\coa.codesearch.mcpserver.tests.dll" id="012b4478-39b3-ade7-7c74-e2b0e7d2442e">
      <Execution id="88fdd95d-1b1c-4f0b-a0ed-c295089d8655" />
      <TestMethod codeBase="C:\source\COA CodeSearch MCP\COA.CodeSearch.McpServer.Tests\bin\Debug\net9.0\COA.CodeSearch.McpServer.Tests.dll" adapterTypeName="executor://nunit3testexecutor/" className="COA.CodeSearch.McpServer.Tests.Integration.RealWorldFileEditingTests" name="EdgeCase_EmptyLines_HandlesConsistently" />
    </UnitTest>
    <UnitTest name="EnhanceWithSnippetsAsync_Should_Handle_FieldPrefixedWildcardQueries_WithoutException(&quot;path:*/tests/*&quot;)" storage="c:\source\coa codesearch mcp\coa.codesearch.mcpserver.tests\bin\debug\net9.0\coa.codesearch.mcpserver.tests.dll" id="fce89d34-df26-a45d-7d95-ac060018a5ba">
      <Execution id="b36d6ced-18bc-4f49-a202-38c5ca31c2af" />
      <TestMethod codeBase="C:\source\COA CodeSearch MCP\COA.CodeSearch.McpServer.Tests\bin\Debug\net9.0\COA.CodeSearch.McpServer.Tests.dll" adapterTypeName="executor://nunit3testexecutor/" className="COA.CodeSearch.McpServer.Tests.Services.SmartSnippetServiceTests" name="EnhanceWithSnippetsAsync_Should_Handle_FieldPrefixedWildcardQueries_WithoutException(&quot;path:*/tests/*&quot;)" />
    </UnitTest>
    <UnitTest name="NullableArgument_MethodCalls_SafeParameterPassing" storage="c:\source\coa codesearch mcp\coa.codesearch.mcpserver.tests\bin\debug\net9.0\coa.codesearch.mcpserver.tests.dll" id="a67e9eb8-8d1f-a396-1bbd-d09fa3036a2b">
      <Execution id="0f885e26-daa3-42b8-8ef5-f8088c4a1494" />
      <TestMethod codeBase="C:\source\COA CodeSearch MCP\COA.CodeSearch.McpServer.Tests\bin\Debug\net9.0\COA.CodeSearch.McpServer.Tests.dll" adapterTypeName="executor://nunit3testexecutor/" className="COA.CodeSearch.McpServer.Tests.NullableReferenceValidationTests" name="NullableArgument_MethodCalls_SafeParameterPassing" />
    </UnitTest>
    <UnitTest name="ExecuteAsync_Should_Detect_Empty_Catch_Blocks" storage="c:\source\coa codesearch mcp\coa.codesearch.mcpserver.tests\bin\debug\net9.0\coa.codesearch.mcpserver.tests.dll" id="c47498ed-68a9-571c-51c2-a0fdf3a01d98">
      <Execution id="f8bfa28b-2711-4708-b812-35a00af00bbb" />
      <TestMethod codeBase="C:\source\COA CodeSearch MCP\COA.CodeSearch.McpServer.Tests\bin\Debug\net9.0\COA.CodeSearch.McpServer.Tests.dll" adapterTypeName="executor://nunit3testexecutor/" className="COA.CodeSearch.McpServer.Tests.Tools.FindPatternsToolTests" name="ExecuteAsync_Should_Detect_Empty_Catch_Blocks" />
    </UnitTest>
    <UnitTest name="ValidateRequired_NullWorkspacePath_ThrowsToolExecutionException" storage="c:\source\coa codesearch mcp\coa.codesearch.mcpserver.tests\bin\debug\net9.0\coa.codesearch.mcpserver.tests.dll" id="1636785a-249b-321f-8f2e-2033f39cebcb">
      <Execution id="b1c9bd85-03e1-4d0d-bb69-bc852aa0dcd8" />
      <TestMethod codeBase="C:\source\COA CodeSearch MCP\COA.CodeSearch.McpServer.Tests\bin\Debug\net9.0\COA.CodeSearch.McpServer.Tests.dll" adapterTypeName="executor://nunit3testexecutor/" className="COA.CodeSearch.McpServer.Tests.Tools.BatchOperationsToolTests" name="ValidateRequired_NullWorkspacePath_ThrowsToolExecutionException" />
    </UnitTest>
    <UnitTest name="CalculateConfidence_WithNullSymbolType_ShouldStillWork" storage="c:\source\coa codesearch mcp\coa.codesearch.mcpserver.tests\bin\debug\net9.0\coa.codesearch.mcpserver.tests.dll" id="2c558657-5185-db7a-ef86-89fb7d7353ae">
      <Execution id="519baa44-040c-4590-894f-8f05ffb720ad" />
      <TestMethod codeBase="C:\source\COA CodeSearch MCP\COA.CodeSearch.McpServer.Tests\bin\Debug\net9.0\COA.CodeSearch.McpServer.Tests.dll" adapterTypeName="executor://nunit3testexecutor/" className="COA.CodeSearch.McpServer.Tests.Services.ConfidenceCalculatorServiceTests" name="CalculateConfidence_WithNullSymbolType_ShouldStillWork" />
    </UnitTest>
    <UnitTest name="EdgeCase_VeryLongLines_HandlesEfficiently" storage="c:\source\coa codesearch mcp\coa.codesearch.mcpserver.tests\bin\debug\net9.0\coa.codesearch.mcpserver.tests.dll" id="13fa4ef9-9f72-2cfa-829c-4b3953a5712d">
      <Execution id="5465e0e6-b43c-4ad5-85e4-0e7b0a73d98e" />
      <TestMethod codeBase="C:\source\COA CodeSearch MCP\COA.CodeSearch.McpServer.Tests\bin\Debug\net9.0\COA.CodeSearch.McpServer.Tests.dll" adapterTypeName="executor://nunit3testexecutor/" className="COA.CodeSearch.McpServer.Tests.Integration.RealWorldFileEditingTests" name="EdgeCase_VeryLongLines_HandlesEfficiently" />
    </UnitTest>
    <UnitTest name="CalculateConfidence_WithStringLiteral_ShouldHaveLowerConfidence" storage="c:\source\coa codesearch mcp\coa.codesearch.mcpserver.tests\bin\debug\net9.0\coa.codesearch.mcpserver.tests.dll" id="5fbe1123-9625-80a1-71e2-6e9b8d578175">
      <Execution id="f579395b-2128-437f-9ca4-51c132bf9195" />
      <TestMethod codeBase="C:\source\COA CodeSearch MCP\COA.CodeSearch.McpServer.Tests\bin\Debug\net9.0\COA.CodeSearch.McpServer.Tests.dll" adapterTypeName="executor://nunit3testexecutor/" className="COA.CodeSearch.McpServer.Tests.Services.ConfidenceCalculatorServiceTests" name="CalculateConfidence_WithStringLiteral_ShouldHaveLowerConfidence" />
    </UnitTest>
    <UnitTest name="GetExtension_Should_Extract_File_Extension" storage="c:\source\coa codesearch mcp\coa.codesearch.mcpserver.tests\bin\debug\net9.0\coa.codesearch.mcpserver.tests.dll" id="87f395f8-a8ed-890d-e556-dfd2cec00790">
      <Execution id="f9a1d352-786d-4fbb-b0e7-6f78673beb52" />
      <TestMethod codeBase="C:\source\COA CodeSearch MCP\COA.CodeSearch.McpServer.Tests\bin\Debug\net9.0\COA.CodeSearch.McpServer.Tests.dll" adapterTypeName="executor://nunit3testexecutor/" className="COA.CodeSearch.McpServer.Tests.Services.PathResolutionServiceTests" name="GetExtension_Should_Extract_File_Extension" />
    </UnitTest>
    <UnitTest name="EnsureDirectoryExists_Should_Handle_Existing_Directory" storage="c:\source\coa codesearch mcp\coa.codesearch.mcpserver.tests\bin\debug\net9.0\coa.codesearch.mcpserver.tests.dll" id="03e8a148-5228-142b-a5ab-9830c360b760">
      <Execution id="ac6c8113-fe8c-4be0-80fd-00502169e6ed" />
      <TestMethod codeBase="C:\source\COA CodeSearch MCP\COA.CodeSearch.McpServer.Tests\bin\Debug\net9.0\COA.CodeSearch.McpServer.Tests.dll" adapterTypeName="executor://nunit3testexecutor/" className="COA.CodeSearch.McpServer.Tests.Services.PathResolutionServiceTests" name="EnsureDirectoryExists_Should_Handle_Existing_Directory" />
    </UnitTest>
    <UnitTest name="ExecuteAsync_Should_Include_Methods_When_Requested" storage="c:\source\coa codesearch mcp\coa.codesearch.mcpserver.tests\bin\debug\net9.0\coa.codesearch.mcpserver.tests.dll" id="ba2caedd-b39b-61b3-baa9-c85ee514f5ee">
      <Execution id="5ed21200-5ea1-4870-a236-3dda62bc6fd5" />
      <TestMethod codeBase="C:\source\COA CodeSearch MCP\COA.CodeSearch.McpServer.Tests\bin\Debug\net9.0\COA.CodeSearch.McpServer.Tests.dll" adapterTypeName="executor://nunit3testexecutor/" className="COA.CodeSearch.McpServer.Tests.Tools.GetSymbolsOverviewToolTests" name="ExecuteAsync_Should_Include_Methods_When_Requested" />
    </UnitTest>
    <UnitTest name="DiffValidator_WindowsCRLFPreservation_ShouldValidateCorrectly" storage="c:\source\coa codesearch mcp\coa.codesearch.mcpserver.tests\bin\debug\net9.0\coa.codesearch.mcpserver.tests.dll" id="59541ab7-bf50-7fea-dd15-1ed6bc93de02">
      <Execution id="8d6a563f-c78d-4c02-8c62-e98f7d2c9568" />
      <TestMethod codeBase="C:\source\COA CodeSearch MCP\COA.CodeSearch.McpServer.Tests\bin\Debug\net9.0\COA.CodeSearch.McpServer.Tests.dll" adapterTypeName="executor://nunit3testexecutor/" className="COA.CodeSearch.McpServer.Tests.Integration.LineEndingPreservationTests" name="DiffValidator_WindowsCRLFPreservation_ShouldValidateCorrectly" />
    </UnitTest>
    <UnitTest name="Tool_Should_Have_Correct_Metadata" storage="c:\source\coa codesearch mcp\coa.codesearch.mcpserver.tests\bin\debug\net9.0\coa.codesearch.mcpserver.tests.dll" id="e830c9a2-0b7d-76d9-0434-a7ec37a581fc">
      <Execution id="19637d4c-1b21-4c9a-a8b6-93f637cb845f" />
      <TestMethod codeBase="C:\source\COA CodeSearch MCP\COA.CodeSearch.McpServer.Tests\bin\Debug\net9.0\COA.CodeSearch.McpServer.Tests.dll" adapterTypeName="executor://nunit3testexecutor/" className="COA.CodeSearch.McpServer.Tests.Tools.RecentFilesToolTests" name="Tool_Should_Have_Correct_Metadata" />
    </UnitTest>
    <UnitTest name="EnsureDirectoryExists_Should_Create_Directory_If_Not_Exists" storage="c:\source\coa codesearch mcp\coa.codesearch.mcpserver.tests\bin\debug\net9.0\coa.codesearch.mcpserver.tests.dll" id="4dfda5f5-3fea-e107-6811-cad8623ee176">
      <Execution id="2f8ec32f-57ff-4bbb-b028-a841356b29be" />
      <TestMethod codeBase="C:\source\COA CodeSearch MCP\COA.CodeSearch.McpServer.Tests\bin\Debug\net9.0\COA.CodeSearch.McpServer.Tests.dll" adapterTypeName="executor://nunit3testexecutor/" className="COA.CodeSearch.McpServer.Tests.Services.PathResolutionServiceTests" name="EnsureDirectoryExists_Should_Create_Directory_If_Not_Exists" />
    </UnitTest>
    <UnitTest name="Debug_Task_Return_Method" storage="c:\source\coa codesearch mcp\coa.codesearch.mcpserver.tests\bin\debug\net9.0\coa.codesearch.mcpserver.tests.dll" id="8725f3d7-c329-cfac-aa7c-a6e1820e7979">
      <Execution id="83cb6120-9d67-4191-94c3-4c0173ba10ff" />
      <TestMethod codeBase="C:\source\COA CodeSearch MCP\COA.CodeSearch.McpServer.Tests\bin\Debug\net9.0\COA.CodeSearch.McpServer.Tests.dll" adapterTypeName="executor://nunit3testexecutor/" className="COA.CodeSearch.McpServer.Tests.Services.TypeExtraction.CSharpTypeExtractionTests" name="Debug_Task_Return_Method" />
    </UnitTest>
    <UnitTest name="ExecuteAsync_Should_Handle_Mixed_Path_Separators" storage="c:\source\coa codesearch mcp\coa.codesearch.mcpserver.tests\bin\debug\net9.0\coa.codesearch.mcpserver.tests.dll" id="03f10ceb-8c61-5203-a7c0-b1256a0a5c2f">
      <Execution id="048013f9-f7ba-4036-b2ed-e4b4c987d130" />
      <TestMethod codeBase="C:\source\COA CodeSearch MCP\COA.CodeSearch.McpServer.Tests\bin\Debug\net9.0\COA.CodeSearch.McpServer.Tests.dll" adapterTypeName="executor://nunit3testexecutor/" className="COA.CodeSearch.McpServer.Tests.Tools.FileSearchToolTests" name="ExecuteAsync_Should_Handle_Mixed_Path_Separators" />
    </UnitTest>
    <UnitTest name="CalculateConfidence_WithNullMatchedLine_ShouldReturnZero" storage="c:\source\coa codesearch mcp\coa.codesearch.mcpserver.tests\bin\debug\net9.0\coa.codesearch.mcpserver.tests.dll" id="8a1a5481-1047-5d08-155b-1c1e6d4f09bd">
      <Execution id="adbaec09-b206-4ea1-8fb4-13467d7d50a6" />
      <TestMethod codeBase="C:\source\COA CodeSearch MCP\COA.CodeSearch.McpServer.Tests\bin\Debug\net9.0\COA.CodeSearch.McpServer.Tests.dll" adapterTypeName="executor://nunit3testexecutor/" className="COA.CodeSearch.McpServer.Tests.Services.ConfidenceCalculatorServiceTests" name="CalculateConfidence_WithNullMatchedLine_ShouldReturnZero" />
    </UnitTest>
    <UnitTest name="TestFileCollection_ShouldFindFiles" storage="c:\source\coa codesearch mcp\coa.codesearch.mcpserver.tests\bin\debug\net9.0\coa.codesearch.mcpserver.tests.dll" id="b616e551-8d77-1cd3-7d6a-d578e82d0744">
      <Execution id="641d23ce-82c3-458e-a363-1eec9a394620" />
      <TestMethod codeBase="C:\source\COA CodeSearch MCP\COA.CodeSearch.McpServer.Tests\bin\Debug\net9.0\COA.CodeSearch.McpServer.Tests.dll" adapterTypeName="executor://nunit3testexecutor/" className="COA.CodeSearch.McpServer.Tests.Helpers.SimpleTestFileValidationTest" name="TestFileCollection_ShouldFindFiles" />
    </UnitTest>
    <UnitTest name="CalculateConfidence_WithEmptyQuery_ShouldReturnZero" storage="c:\source\coa codesearch mcp\coa.codesearch.mcpserver.tests\bin\debug\net9.0\coa.codesearch.mcpserver.tests.dll" id="cee38744-169c-f64b-0ed0-b2f6db3a9da1">
      <Execution id="6129050f-068f-43be-a17b-ddae6468ea89" />
      <TestMethod codeBase="C:\source\COA CodeSearch MCP\COA.CodeSearch.McpServer.Tests\bin\Debug\net9.0\COA.CodeSearch.McpServer.Tests.dll" adapterTypeName="executor://nunit3testexecutor/" className="COA.CodeSearch.McpServer.Tests.Services.ConfidenceCalculatorServiceTests" name="CalculateConfidence_WithEmptyQuery_ShouldReturnZero" />
    </UnitTest>
    <UnitTest name="ValidateEdit_EncodingChange_ShouldDetectViolation" storage="c:\source\coa codesearch mcp\coa.codesearch.mcpserver.tests\bin\debug\net9.0\coa.codesearch.mcpserver.tests.dll" id="4d6e7b7e-5391-116c-74e3-4f7efab7b719">
      <Execution id="7c1f40e9-a52b-4561-bff0-9376b3190edf" />
      <TestMethod codeBase="C:\source\COA CodeSearch MCP\COA.CodeSearch.McpServer.Tests\bin\Debug\net9.0\COA.CodeSearch.McpServer.Tests.dll" adapterTypeName="executor://nunit3testexecutor/" className="COA.CodeSearch.McpServer.Tests.Helpers.DiffValidatorTests" name="ValidateEdit_EncodingChange_ShouldDetectViolation" />
    </UnitTest>
    <UnitTest name="IntegrationTest_SearchHitProcessing_FullPipeline" storage="c:\source\coa codesearch mcp\coa.codesearch.mcpserver.tests\bin\debug\net9.0\coa.codesearch.mcpserver.tests.dll" id="21cde39f-b612-6ef0-0d36-40c508419484">
      <Execution id="3412385a-83ae-41f3-a844-2af233987b32" />
      <TestMethod codeBase="C:\source\COA CodeSearch MCP\COA.CodeSearch.McpServer.Tests\bin\Debug\net9.0\COA.CodeSearch.McpServer.Tests.dll" adapterTypeName="executor://nunit3testexecutor/" className="COA.CodeSearch.McpServer.Tests.NullableReferenceValidationTests" name="IntegrationTest_SearchHitProcessing_FullPipeline" />
    </UnitTest>
    <UnitTest name="ExecuteAsync_Should_Return_Error_When_FilePath_Is_Missing" storage="c:\source\coa codesearch mcp\coa.codesearch.mcpserver.tests\bin\debug\net9.0\coa.codesearch.mcpserver.tests.dll" id="bfd3c89a-6e46-0090-981a-0c23d83c682f">
      <Execution id="6a7b240f-c5c5-4b12-8fcc-18d79d2538b3" />
      <TestMethod codeBase="C:\source\COA CodeSearch MCP\COA.CodeSearch.McpServer.Tests\bin\Debug\net9.0\COA.CodeSearch.McpServer.Tests.dll" adapterTypeName="executor://nunit3testexecutor/" className="COA.CodeSearch.McpServer.Tests.Tools.FindPatternsToolTests" name="ExecuteAsync_Should_Return_Error_When_FilePath_Is_Missing" />
    </UnitTest>
    <UnitTest name="ExecuteAsync_DeleteFirstLine_WorksCorrectly" storage="c:\source\coa codesearch mcp\coa.codesearch.mcpserver.tests\bin\debug\net9.0\coa.codesearch.mcpserver.tests.dll" id="96ed2a8c-630c-0612-03fb-0814a1a0e6e9">
      <Execution id="e927527e-91f8-4bfa-8847-54303759dc3b" />
      <TestMethod codeBase="C:\source\COA CodeSearch MCP\COA.CodeSearch.McpServer.Tests\bin\Debug\net9.0\COA.CodeSearch.McpServer.Tests.dll" adapterTypeName="executor://nunit3testexecutor/" className="COA.CodeSearch.McpServer.Tests.Tools.DeleteLinesToolTests" name="ExecuteAsync_DeleteFirstLine_WorksCorrectly" />
    </UnitTest>
    <UnitTest name="EnumerateDirectories_Should_Handle_Invalid_Directory" storage="c:\source\coa codesearch mcp\coa.codesearch.mcpserver.tests\bin\debug\net9.0\coa.codesearch.mcpserver.tests.dll" id="b77d6b3b-d007-061b-469a-caff9e8bb15d">
      <Execution id="2a172d4f-2214-4a02-8898-81688875a5af" />
      <TestMethod codeBase="C:\source\COA CodeSearch MCP\COA.CodeSearch.McpServer.Tests\bin\Debug\net9.0\COA.CodeSearch.McpServer.Tests.dll" adapterTypeName="executor://nunit3testexecutor/" className="COA.CodeSearch.McpServer.Tests.Services.PathResolutionServiceTests" name="EnumerateDirectories_Should_Handle_Invalid_Directory" />
    </UnitTest>
    <UnitTest name="Concurrency_AtomicOperations_EitherSucceedOrFailCompletely" storage="c:\source\coa codesearch mcp\coa.codesearch.mcpserver.tests\bin\debug\net9.0\coa.codesearch.mcpserver.tests.dll" id="4bd1fbf2-7e29-35b7-fa5f-173a43e3f08f">
      <Execution id="e522b667-8277-4f73-939c-82418cd22ad7" />
      <TestMethod codeBase="C:\source\COA CodeSearch MCP\COA.CodeSearch.McpServer.Tests\bin\Debug\net9.0\COA.CodeSearch.McpServer.Tests.dll" adapterTypeName="executor://nunit3testexecutor/" className="COA.CodeSearch.McpServer.Tests.Integration.RealWorldFileEditingTests" name="Concurrency_AtomicOperations_EitherSucceedOrFailCompletely" />
    </UnitTest>
    <UnitTest name="CalculateConfidence_WithWrongSymbolType_ShouldStillGiveReasonableScore" storage="c:\source\coa codesearch mcp\coa.codesearch.mcpserver.tests\bin\debug\net9.0\coa.codesearch.mcpserver.tests.dll" id="885f05b1-664d-79bd-cdac-3eb7ec14111e">
      <Execution id="b2d65d64-13dc-4645-81b7-af54e7e9283a" />
      <TestMethod codeBase="C:\source\COA CodeSearch MCP\COA.CodeSearch.McpServer.Tests\bin\Debug\net9.0\COA.CodeSearch.McpServer.Tests.dll" adapterTypeName="executor://nunit3testexecutor/" className="COA.CodeSearch.McpServer.Tests.Services.ConfidenceCalculatorServiceTests" name="CalculateConfidence_WithWrongSymbolType_ShouldStillGiveReasonableScore" />
    </UnitTest>
    <UnitTest name="EnhanceWithSnippetsAsync_Should_Handle_Pure_Wildcard_Query_Gracefully" storage="c:\source\coa codesearch mcp\coa.codesearch.mcpserver.tests\bin\debug\net9.0\coa.codesearch.mcpserver.tests.dll" id="f9ea410a-5571-7183-c6c1-34a19ba9c237">
      <Execution id="2c56a497-986d-4a45-90ce-da866e7a415f" />
      <TestMethod codeBase="C:\source\COA CodeSearch MCP\COA.CodeSearch.McpServer.Tests\bin\Debug\net9.0\COA.CodeSearch.McpServer.Tests.dll" adapterTypeName="executor://nunit3testexecutor/" className="COA.CodeSearch.McpServer.Tests.Services.SmartSnippetServiceTests" name="EnhanceWithSnippetsAsync_Should_Handle_Pure_Wildcard_Query_Gracefully" />
    </UnitTest>
    <UnitTest name="ExecuteAsync_StartLineBeyondFile_ReturnsError" storage="c:\source\coa codesearch mcp\coa.codesearch.mcpserver.tests\bin\debug\net9.0\coa.codesearch.mcpserver.tests.dll" id="3d3e396c-0afe-9f78-4e51-2d818dd14e00">
      <Execution id="39589fef-2bd5-42f8-9f3d-ca627922cb18" />
      <TestMethod codeBase="C:\source\COA CodeSearch MCP\COA.CodeSearch.McpServer.Tests\bin\Debug\net9.0\COA.CodeSearch.McpServer.Tests.dll" adapterTypeName="executor://nunit3testexecutor/" className="COA.CodeSearch.McpServer.Tests.Tools.ReplaceLinesToolTests" name="ExecuteAsync_StartLineBeyondFile_ReturnsError" />
    </UnitTest>
    <UnitTest name="ValidateEdit_SingleLineAddition_ShouldDetectCorrectly" storage="c:\source\coa codesearch mcp\coa.codesearch.mcpserver.tests\bin\debug\net9.0\coa.codesearch.mcpserver.tests.dll" id="7aa020b6-8e39-ea1c-b19f-6fec734b97ee">
      <Execution id="a4d719f6-bb9a-4b40-b44d-955661a22f72" />
      <TestMethod codeBase="C:\source\COA CodeSearch MCP\COA.CodeSearch.McpServer.Tests\bin\Debug\net9.0\COA.CodeSearch.McpServer.Tests.dll" adapterTypeName="executor://nunit3testexecutor/" className="COA.CodeSearch.McpServer.Tests.Helpers.DiffValidatorTests" name="ValidateEdit_SingleLineAddition_ShouldDetectCorrectly" />
    </UnitTest>
    <UnitTest name="EnhanceWithSnippetsAsync_Should_Return_Original_Result_When_No_Hits" storage="c:\source\coa codesearch mcp\coa.codesearch.mcpserver.tests\bin\debug\net9.0\coa.codesearch.mcpserver.tests.dll" id="8c1ceda2-a3b3-d3d7-2a13-66643477dea3">
      <Execution id="93564016-00f2-43af-8d24-9b81100e5e2f" />
      <TestMethod codeBase="C:\source\COA CodeSearch MCP\COA.CodeSearch.McpServer.Tests\bin\Debug\net9.0\COA.CodeSearch.McpServer.Tests.dll" adapterTypeName="executor://nunit3testexecutor/" className="COA.CodeSearch.McpServer.Tests.Services.SmartSnippetServiceTests" name="EnhanceWithSnippetsAsync_Should_Return_Original_Result_When_No_Hits" />
    </UnitTest>
    <UnitTest name="ExecuteAsync_WithIndentationPreservation_PreservesIndentation" storage="c:\source\coa codesearch mcp\coa.codesearch.mcpserver.tests\bin\debug\net9.0\coa.codesearch.mcpserver.tests.dll" id="6808b8dc-b448-e0b2-d22c-0c66085fdfdf">
      <Execution id="a18b1999-167d-4db7-89f7-02f2c14de696" />
      <TestMethod codeBase="C:\source\COA CodeSearch MCP\COA.CodeSearch.McpServer.Tests\bin\Debug\net9.0\COA.CodeSearch.McpServer.Tests.dll" adapterTypeName="executor://nunit3testexecutor/" className="COA.CodeSearch.McpServer.Tests.Tools.InsertAtLineToolTests" name="ExecuteAsync_WithIndentationPreservation_PreservesIndentation" />
    </UnitTest>
    <UnitTest name="BinaryFile_ImageFile_CurrentBehaviorDocumentation" storage="c:\source\coa codesearch mcp\coa.codesearch.mcpserver.tests\bin\debug\net9.0\coa.codesearch.mcpserver.tests.dll" id="d2be8f3a-31d2-ef68-8bab-7c07e4c72232">
      <Execution id="47a94ca5-43f8-4a02-8ab4-917574cdbda6" />
      <TestMethod codeBase="C:\source\COA CodeSearch MCP\COA.CodeSearch.McpServer.Tests\bin\Debug\net9.0\COA.CodeSearch.McpServer.Tests.dll" adapterTypeName="executor://nunit3testexecutor/" className="COA.CodeSearch.McpServer.Tests.Integration.RealWorldFileEditingTests" name="BinaryFile_ImageFile_CurrentBehaviorDocumentation" />
    </UnitTest>
    <UnitTest name="BatchOperation_DefaultValues_AreCorrect" storage="c:\source\coa codesearch mcp\coa.codesearch.mcpserver.tests\bin\debug\net9.0\coa.codesearch.mcpserver.tests.dll" id="b9887160-2dad-c1b1-dd8f-54011f1dd3d4">
      <Execution id="844712a1-34d7-47b5-9a16-393f48b1e5ff" />
      <TestMethod codeBase="C:\source\COA CodeSearch MCP\COA.CodeSearch.McpServer.Tests\bin\Debug\net9.0\COA.CodeSearch.McpServer.Tests.dll" adapterTypeName="executor://nunit3testexecutor/" className="COA.CodeSearch.McpServer.Tests.Tools.BatchOperationsModelTests" name="BatchOperation_DefaultValues_AreCorrect" />
    </UnitTest>
    <UnitTest name="DiffValidator_RightToLeftText_ShouldValidateCorrectly" storage="c:\source\coa codesearch mcp\coa.codesearch.mcpserver.tests\bin\debug\net9.0\coa.codesearch.mcpserver.tests.dll" id="1131870c-8fea-1f32-8a7c-dcb61ec50b9d">
      <Execution id="d9a881b7-1685-4f39-a826-1bd66ee181a6" />
      <TestMethod codeBase="C:\source\COA CodeSearch MCP\COA.CodeSearch.McpServer.Tests\bin\Debug\net9.0\COA.CodeSearch.McpServer.Tests.dll" adapterTypeName="executor://nunit3testexecutor/" className="COA.CodeSearch.McpServer.Tests.Integration.UnicodeHandlingTests" name="DiffValidator_RightToLeftText_ShouldValidateCorrectly" />
    </UnitTest>
    <UnitTest name="NullableDereference_DictionaryValues_SafeAccess" storage="c:\source\coa codesearch mcp\coa.codesearch.mcpserver.tests\bin\debug\net9.0\coa.codesearch.mcpserver.tests.dll" id="9796d5e0-1095-4ab6-88f8-3d8e2a604d5b">
      <Execution id="dcfdc866-3730-476d-a61e-55bdfd8113d1" />
      <TestMethod codeBase="C:\source\COA CodeSearch MCP\COA.CodeSearch.McpServer.Tests\bin\Debug\net9.0\COA.CodeSearch.McpServer.Tests.dll" adapterTypeName="executor://nunit3testexecutor/" className="COA.CodeSearch.McpServer.Tests.NullableReferenceValidationTests" name="NullableDereference_DictionaryValues_SafeAccess" />
    </UnitTest>
    <UnitTest name="ExecuteAsync_WithCacheEnabled_ShouldUseCachedResults" storage="c:\source\coa codesearch mcp\coa.codesearch.mcpserver.tests\bin\debug\net9.0\coa.codesearch.mcpserver.tests.dll" id="b6a2ae4a-18ec-d713-ebb7-3990ce6b8ee1">
      <Execution id="114767f2-54a4-451d-93e2-f65d98afb4ea" />
      <TestMethod codeBase="C:\source\COA CodeSearch MCP\COA.CodeSearch.McpServer.Tests\bin\Debug\net9.0\COA.CodeSearch.McpServer.Tests.dll" adapterTypeName="executor://nunit3testexecutor/" className="COA.CodeSearch.McpServer.Tests.Tools.DirectorySearchToolTests" name="ExecuteAsync_WithCacheEnabled_ShouldUseCachedResults" />
    </UnitTest>
    <UnitTest name="Tool_Should_Have_Correct_Metadata" storage="c:\source\coa codesearch mcp\coa.codesearch.mcpserver.tests\bin\debug\net9.0\coa.codesearch.mcpserver.tests.dll" id="c4551258-4c82-1521-e027-e441b7bf927a">
      <Execution id="cdf6fd98-0ecc-4051-aa28-bfa8d8e5c1b0" />
      <TestMethod codeBase="C:\source\COA CodeSearch MCP\COA.CodeSearch.McpServer.Tests\bin\Debug\net9.0\COA.CodeSearch.McpServer.Tests.dll" adapterTypeName="executor://nunit3testexecutor/" className="COA.CodeSearch.McpServer.Tests.Tools.GetSymbolsOverviewToolTests" name="Tool_Should_Have_Correct_Metadata" />
    </UnitTest>
    <UnitTest name="NullableArgument_CollectionOperations_SafeParameterPassing" storage="c:\source\coa codesearch mcp\coa.codesearch.mcpserver.tests\bin\debug\net9.0\coa.codesearch.mcpserver.tests.dll" id="a12f6951-769b-7989-1daa-0c854ad89e29">
      <Execution id="57989958-6ad5-4367-9872-4e0bcfa89db2" />
      <TestMethod codeBase="C:\source\COA CodeSearch MCP\COA.CodeSearch.McpServer.Tests\bin\Debug\net9.0\COA.CodeSearch.McpServer.Tests.dll" adapterTypeName="executor://nunit3testexecutor/" className="COA.CodeSearch.McpServer.Tests.NullableReferenceValidationTests" name="NullableArgument_CollectionOperations_SafeParameterPassing" />
    </UnitTest>
    <UnitTest name="BinaryFile_CompressedArchive_CurrentBehaviorDocumentation" storage="c:\source\coa codesearch mcp\coa.codesearch.mcpserver.tests\bin\debug\net9.0\coa.codesearch.mcpserver.tests.dll" id="4698e87b-2824-9d96-7b61-3c159e79c28b">
      <Execution id="50d574da-4d60-4823-86fb-8eaf6467713a" />
      <TestMethod codeBase="C:\source\COA CodeSearch MCP\COA.CodeSearch.McpServer.Tests\bin\Debug\net9.0\COA.CodeSearch.McpServer.Tests.dll" adapterTypeName="executor://nunit3testexecutor/" className="COA.CodeSearch.McpServer.Tests.Integration.RealWorldFileEditingTests" name="BinaryFile_CompressedArchive_CurrentBehaviorDocumentation" />
    </UnitTest>
    <UnitTest name="CalculateConfidence_WithExactWordMatchCaseInsensitive_ShouldReturnHighConfidence" storage="c:\source\coa codesearch mcp\coa.codesearch.mcpserver.tests\bin\debug\net9.0\coa.codesearch.mcpserver.tests.dll" id="c6546776-bd84-4ce0-098d-51bfe2316ad8">
      <Execution id="5760b761-ac41-4553-9c3d-4fa8157e6065" />
      <TestMethod codeBase="C:\source\COA CodeSearch MCP\COA.CodeSearch.McpServer.Tests\bin\Debug\net9.0\COA.CodeSearch.McpServer.Tests.dll" adapterTypeName="executor://nunit3testexecutor/" className="COA.CodeSearch.McpServer.Tests.Services.ConfidenceCalculatorServiceTests" name="CalculateConfidence_WithExactWordMatchCaseInsensitive_ShouldReturnHighConfidence" />
    </UnitTest>
    <UnitTest name="ExecuteAsync_EmptySymbolName_ReturnsError" storage="c:\source\coa codesearch mcp\coa.codesearch.mcpserver.tests\bin\debug\net9.0\coa.codesearch.mcpserver.tests.dll" id="76cd34e0-20c2-7029-f983-14de2f2c6109">
      <Execution id="877c7861-98b9-475f-b347-bc06196ad40e" />
      <TestMethod codeBase="C:\source\COA CodeSearch MCP\COA.CodeSearch.McpServer.Tests\bin\Debug\net9.0\COA.CodeSearch.McpServer.Tests.dll" adapterTypeName="executor://nunit3testexecutor/" className="COA.CodeSearch.McpServer.Tests.Tools.FindReferencesToolTests" name="ExecuteAsync_EmptySymbolName_ReturnsError" />
    </UnitTest>
    <UnitTest name="ExecuteAsync_Should_Exclude_Line_Numbers_When_Not_Requested" storage="c:\source\coa codesearch mcp\coa.codesearch.mcpserver.tests\bin\debug\net9.0\coa.codesearch.mcpserver.tests.dll" id="988ffa7f-3064-3484-177e-dbe1c7328854">
      <Execution id="807a89ff-6276-4485-bf0a-fdac60d51934" />
      <TestMethod codeBase="C:\source\COA CodeSearch MCP\COA.CodeSearch.McpServer.Tests\bin\Debug\net9.0\COA.CodeSearch.McpServer.Tests.dll" adapterTypeName="executor://nunit3testexecutor/" className="COA.CodeSearch.McpServer.Tests.Tools.GetSymbolsOverviewToolTests" name="ExecuteAsync_Should_Exclude_Line_Numbers_When_Not_Requested" />
    </UnitTest>
    <UnitTest name="GetDirectoryName_Should_Extract_Directory_Path" storage="c:\source\coa codesearch mcp\coa.codesearch.mcpserver.tests\bin\debug\net9.0\coa.codesearch.mcpserver.tests.dll" id="7a8f82da-0cf3-069d-48de-8d0f29914d1e">
      <Execution id="8f38a4b5-2006-4898-ba11-03acf1f7b160" />
      <TestMethod codeBase="C:\source\COA CodeSearch MCP\COA.CodeSearch.McpServer.Tests\bin\Debug\net9.0\COA.CodeSearch.McpServer.Tests.dll" adapterTypeName="executor://nunit3testexecutor/" className="COA.CodeSearch.McpServer.Tests.Services.PathResolutionServiceTests" name="GetDirectoryName_Should_Extract_Directory_Path" />
    </UnitTest>
    <UnitTest name="ExecuteAsync_DeleteAllLines_WorksCorrectly" storage="c:\source\coa codesearch mcp\coa.codesearch.mcpserver.tests\bin\debug\net9.0\coa.codesearch.mcpserver.tests.dll" id="2526fdb1-d921-770e-521f-d9dd9ebeef1a">
      <Execution id="7f5cf70f-54f1-4e7f-b685-103d06a39e65" />
      <TestMethod codeBase="C:\source\COA CodeSearch MCP\COA.CodeSearch.McpServer.Tests\bin\Debug\net9.0\COA.CodeSearch.McpServer.Tests.dll" adapterTypeName="executor://nunit3testexecutor/" className="COA.CodeSearch.McpServer.Tests.Tools.DeleteLinesToolTests" name="ExecuteAsync_DeleteAllLines_WorksCorrectly" />
    </UnitTest>
    <UnitTest name="ExecuteAsync_Should_Not_Detect_Acceptable_Numbers" storage="c:\source\coa codesearch mcp\coa.codesearch.mcpserver.tests\bin\debug\net9.0\coa.codesearch.mcpserver.tests.dll" id="a809a78b-26be-b9bf-8d07-fb39672da280">
      <Execution id="5574d819-03ae-44df-b7d2-ee6a5c08bf91" />
      <TestMethod codeBase="C:\source\COA CodeSearch MCP\COA.CodeSearch.McpServer.Tests\bin\Debug\net9.0\COA.CodeSearch.McpServer.Tests.dll" adapterTypeName="executor://nunit3testexecutor/" className="COA.CodeSearch.McpServer.Tests.Tools.FindPatternsToolTests" name="ExecuteAsync_Should_Not_Detect_Acceptable_Numbers" />
    </UnitTest>
    <UnitTest name="ExecuteAsync_InsertMultipleLines_InsertsCorrectly" storage="c:\source\coa codesearch mcp\coa.codesearch.mcpserver.tests\bin\debug\net9.0\coa.codesearch.mcpserver.tests.dll" id="f77e4a02-22e6-d2a2-29f9-d970ab8ee90f">
      <Execution id="beee11e1-7f7c-4ffd-888c-c23a1823df7c" />
      <TestMethod codeBase="C:\source\COA CodeSearch MCP\COA.CodeSearch.McpServer.Tests\bin\Debug\net9.0\COA.CodeSearch.McpServer.Tests.dll" adapterTypeName="executor://nunit3testexecutor/" className="COA.CodeSearch.McpServer.Tests.Tools.InsertAtLineToolTests" name="ExecuteAsync_InsertMultipleLines_InsertsCorrectly" />
    </UnitTest>
    <UnitTest name="EditCSharpClass_AddProperties_PreservesStructure" storage="c:\source\coa codesearch mcp\coa.codesearch.mcpserver.tests\bin\debug\net9.0\coa.codesearch.mcpserver.tests.dll" id="3a8f31e8-6c87-f81c-421c-5c3352191657">
      <Execution id="080e741d-62b1-4b6d-8606-2320b48a3801" />
      <TestMethod codeBase="C:\source\COA CodeSearch MCP\COA.CodeSearch.McpServer.Tests\bin\Debug\net9.0\COA.CodeSearch.McpServer.Tests.dll" adapterTypeName="executor://nunit3testexecutor/" className="COA.CodeSearch.McpServer.Tests.Integration.RealWorldFileEditingTests" name="EditCSharpClass_AddProperties_PreservesStructure" />
    </UnitTest>
    <UnitTest name="ValidateEdit_IdenticalFiles_ShouldBeValid" storage="c:\source\coa codesearch mcp\coa.codesearch.mcpserver.tests\bin\debug\net9.0\coa.codesearch.mcpserver.tests.dll" id="641c634e-4606-fd53-623b-3c984bfc61aa">
      <Execution id="95709ee5-77d0-45ea-87db-7caba539c457" />
      <TestMethod codeBase="C:\source\COA CodeSearch MCP\COA.CodeSearch.McpServer.Tests\bin\Debug\net9.0\COA.CodeSearch.McpServer.Tests.dll" adapterTypeName="executor://nunit3testexecutor/" className="COA.CodeSearch.McpServer.Tests.Helpers.DiffValidatorTests" name="ValidateEdit_IdenticalFiles_ShouldBeValid" />
    </UnitTest>
    <UnitTest name="CalculateConfidence_WithFieldDefinition_ShouldReturnHighConfidence" storage="c:\source\coa codesearch mcp\coa.codesearch.mcpserver.tests\bin\debug\net9.0\coa.codesearch.mcpserver.tests.dll" id="cb77d9ca-7498-f7ac-1878-23baa5d37d3c">
      <Execution id="9fa0a164-c582-4f53-830c-8f74a80d16aa" />
      <TestMethod codeBase="C:\source\COA CodeSearch MCP\COA.CodeSearch.McpServer.Tests\bin\Debug\net9.0\COA.CodeSearch.McpServer.Tests.dll" adapterTypeName="executor://nunit3testexecutor/" className="COA.CodeSearch.McpServer.Tests.Services.ConfidenceCalculatorServiceTests" name="CalculateConfidence_WithFieldDefinition_ShouldReturnHighConfidence" />
    </UnitTest>
    <UnitTest name="CalculateConfidence_WithVeryLongQuery_ShouldHandleGracefully" storage="c:\source\coa codesearch mcp\coa.codesearch.mcpserver.tests\bin\debug\net9.0\coa.codesearch.mcpserver.tests.dll" id="b9c310f0-baf7-9474-e47c-10c22c803cff">
      <Execution id="1cae4eb6-7a7b-4fa1-b029-5c7215d2d393" />
      <TestMethod codeBase="C:\source\COA CodeSearch MCP\COA.CodeSearch.McpServer.Tests\bin\Debug\net9.0\COA.CodeSearch.McpServer.Tests.dll" adapterTypeName="executor://nunit3testexecutor/" className="COA.CodeSearch.McpServer.Tests.Services.ConfidenceCalculatorServiceTests" name="CalculateConfidence_WithVeryLongQuery_ShouldHandleGracefully" />
    </UnitTest>
    <UnitTest name="Concurrency_FileLockedByAnotherProcess_HandlesGracefully" storage="c:\source\coa codesearch mcp\coa.codesearch.mcpserver.tests\bin\debug\net9.0\coa.codesearch.mcpserver.tests.dll" id="f7270f64-5f9c-70db-c262-ebf57259aafb">
      <Execution id="36e2ccd8-ea12-4d00-ac3f-db6f29c3454b" />
      <TestMethod codeBase="C:\source\COA CodeSearch MCP\COA.CodeSearch.McpServer.Tests\bin\Debug\net9.0\COA.CodeSearch.McpServer.Tests.dll" adapterTypeName="executor://nunit3testexecutor/" className="COA.CodeSearch.McpServer.Tests.Integration.RealWorldFileEditingTests" name="Concurrency_FileLockedByAnotherProcess_HandlesGracefully" />
    </UnitTest>
    <UnitTest name="ObjectInitialization_ProperNonNullableFields_NoWarnings" storage="c:\source\coa codesearch mcp\coa.codesearch.mcpserver.tests\bin\debug\net9.0\coa.codesearch.mcpserver.tests.dll" id="2fafc078-2867-30f8-00bf-d16df72c938d">
      <Execution id="12538fb6-e9ab-4968-9c45-e79972bdb125" />
      <TestMethod codeBase="C:\source\COA CodeSearch MCP\COA.CodeSearch.McpServer.Tests\bin\Debug\net9.0\COA.CodeSearch.McpServer.Tests.dll" adapterTypeName="executor://nunit3testexecutor/" className="COA.CodeSearch.McpServer.Tests.SimpleWarningValidationTests" name="ObjectInitialization_ProperNonNullableFields_NoWarnings" />
    </UnitTest>
    <UnitTest name="ExecuteAsync_Should_Detect_Magic_Numbers" storage="c:\source\coa codesearch mcp\coa.codesearch.mcpserver.tests\bin\debug\net9.0\coa.codesearch.mcpserver.tests.dll" id="96261fef-b9d6-8199-56f9-e440b6eb0eab">
      <Execution id="4a2a9763-285d-4330-8474-67a94c1231f5" />
      <TestMethod codeBase="C:\source\COA CodeSearch MCP\COA.CodeSearch.McpServer.Tests\bin\Debug\net9.0\COA.CodeSearch.McpServer.Tests.dll" adapterTypeName="executor://nunit3testexecutor/" className="COA.CodeSearch.McpServer.Tests.Tools.FindPatternsToolTests" name="ExecuteAsync_Should_Detect_Magic_Numbers" />
    </UnitTest>
    <UnitTest name="ExecuteAsync_Should_Parse_TimeFrame_Correctly(&quot;1h&quot;,0.04167d)" storage="c:\source\coa codesearch mcp\coa.codesearch.mcpserver.tests\bin\debug\net9.0\coa.codesearch.mcpserver.tests.dll" id="8c229d53-8022-24e1-a75b-9eebad5fcce6">
      <Execution id="c08cf9d9-1ec5-41b5-8ce0-c0c46d739f9c" />
      <TestMethod codeBase="C:\source\COA CodeSearch MCP\COA.CodeSearch.McpServer.Tests\bin\Debug\net9.0\COA.CodeSearch.McpServer.Tests.dll" adapterTypeName="executor://nunit3testexecutor/" className="COA.CodeSearch.McpServer.Tests.Tools.RecentFilesToolTests" name="ExecuteAsync_Should_Parse_TimeFrame_Correctly(&quot;1h&quot;,0.04167d)" />
    </UnitTest>
    <UnitTest name="EnhanceWithSnippetsAsync_Should_Handle_Invalid_Wildcard_Patterns(&quot;*&quot;)" storage="c:\source\coa codesearch mcp\coa.codesearch.mcpserver.tests\bin\debug\net9.0\coa.codesearch.mcpserver.tests.dll" id="e0d0ff42-40d3-7672-bbd4-a3e2b36dfb62">
      <Execution id="33a794c0-94b9-40b9-9ebe-16e259b77ff3" />
      <TestMethod codeBase="C:\source\COA CodeSearch MCP\COA.CodeSearch.McpServer.Tests\bin\Debug\net9.0\COA.CodeSearch.McpServer.Tests.dll" adapterTypeName="executor://nunit3testexecutor/" className="COA.CodeSearch.McpServer.Tests.Services.SmartSnippetServiceTests" name="EnhanceWithSnippetsAsync_Should_Handle_Invalid_Wildcard_Patterns(&quot;*&quot;)" />
    </UnitTest>
    <UnitTest name="EnhanceWithSnippetsAsync_Should_Handle_Invalid_Wildcard_Patterns(&quot;*test&quot;)" storage="c:\source\coa codesearch mcp\coa.codesearch.mcpserver.tests\bin\debug\net9.0\coa.codesearch.mcpserver.tests.dll" id="bed99d7e-a80e-6e92-46cb-8a690d6c823d">
      <Execution id="31ae46d1-4715-4d39-814a-32d2105f0bd8" />
      <TestMethod codeBase="C:\source\COA CodeSearch MCP\COA.CodeSearch.McpServer.Tests\bin\Debug\net9.0\COA.CodeSearch.McpServer.Tests.dll" adapterTypeName="executor://nunit3testexecutor/" className="COA.CodeSearch.McpServer.Tests.Services.SmartSnippetServiceTests" name="EnhanceWithSnippetsAsync_Should_Handle_Invalid_Wildcard_Patterns(&quot;*test&quot;)" />
    </UnitTest>
    <UnitTest name="EditJsonConfiguration_PreservesFormatting" storage="c:\source\coa codesearch mcp\coa.codesearch.mcpserver.tests\bin\debug\net9.0\coa.codesearch.mcpserver.tests.dll" id="7eb5daed-f99c-4a37-6ed1-9ab1a9917404">
      <Execution id="6ad031fd-4fbf-4684-bac1-e3c6c5079ea6" />
      <TestMethod codeBase="C:\source\COA CodeSearch MCP\COA.CodeSearch.McpServer.Tests\bin\Debug\net9.0\COA.CodeSearch.McpServer.Tests.dll" adapterTypeName="executor://nunit3testexecutor/" className="COA.CodeSearch.McpServer.Tests.Integration.RealWorldFileEditingTests" name="EditJsonConfiguration_PreservesFormatting" />
    </UnitTest>
    <UnitTest name="ExecuteAsync_Should_Handle_File_Read_Error" storage="c:\source\coa codesearch mcp\coa.codesearch.mcpserver.tests\bin\debug\net9.0\coa.codesearch.mcpserver.tests.dll" id="cd73938c-ec85-d716-8919-2daacbf8d510">
      <Execution id="cdfca20e-6af6-43b8-ac1c-911d8d9efd5b" />
      <TestMethod codeBase="C:\source\COA CodeSearch MCP\COA.CodeSearch.McpServer.Tests\bin\Debug\net9.0\COA.CodeSearch.McpServer.Tests.dll" adapterTypeName="executor://nunit3testexecutor/" className="COA.CodeSearch.McpServer.Tests.Tools.GetSymbolsOverviewToolTests" name="ExecuteAsync_Should_Handle_File_Read_Error" />
    </UnitTest>
    <UnitTest name="ExecuteAsync_Should_Include_Directories_When_Requested" storage="c:\source\coa codesearch mcp\coa.codesearch.mcpserver.tests\bin\debug\net9.0\coa.codesearch.mcpserver.tests.dll" id="5a7358ad-0de1-e151-10c6-8a60449e3631">
      <Execution id="395a7a77-71a7-45d0-80f1-d06742f5901a" />
      <TestMethod codeBase="C:\source\COA CodeSearch MCP\COA.CodeSearch.McpServer.Tests\bin\Debug\net9.0\COA.CodeSearch.McpServer.Tests.dll" adapterTypeName="executor://nunit3testexecutor/" className="COA.CodeSearch.McpServer.Tests.Tools.FileSearchToolTests" name="ExecuteAsync_Should_Include_Directories_When_Requested" />
    </UnitTest>
    <UnitTest name="ExecuteAsync_Should_Return_Error_When_Workspace_Not_Indexed" storage="c:\source\coa codesearch mcp\coa.codesearch.mcpserver.tests\bin\debug\net9.0\coa.codesearch.mcpserver.tests.dll" id="3c754275-dd5c-c5a1-00ea-c44d22195e34">
      <Execution id="f5a40f1e-fd4d-4b51-a710-01630b9bfd2d" />
      <TestMethod codeBase="C:\source\COA CodeSearch MCP\COA.CodeSearch.McpServer.Tests\bin\Debug\net9.0\COA.CodeSearch.McpServer.Tests.dll" adapterTypeName="executor://nunit3testexecutor/" className="COA.CodeSearch.McpServer.Tests.Tools.FileSearchToolTests" name="ExecuteAsync_Should_Return_Error_When_Workspace_Not_Indexed" />
    </UnitTest>
    <UnitTest name="ExecuteAsync_EncodingPreservation_MaintainsOriginalEncoding" storage="c:\source\coa codesearch mcp\coa.codesearch.mcpserver.tests\bin\debug\net9.0\coa.codesearch.mcpserver.tests.dll" id="54d8571e-6a01-ce32-d565-e72d698f01a3">
      <Execution id="16403d99-cd0a-483c-928a-9bba77b7fc27" />
      <TestMethod codeBase="C:\source\COA CodeSearch MCP\COA.CodeSearch.McpServer.Tests\bin\Debug\net9.0\COA.CodeSearch.McpServer.Tests.dll" adapterTypeName="executor://nunit3testexecutor/" className="COA.CodeSearch.McpServer.Tests.Tools.InsertAtLineToolTests" name="ExecuteAsync_EncodingPreservation_MaintainsOriginalEncoding" />
    </UnitTest>
    <UnitTest name="Category_ShouldBeQuery" storage="c:\source\coa codesearch mcp\coa.codesearch.mcpserver.tests\bin\debug\net9.0\coa.codesearch.mcpserver.tests.dll" id="8dfad606-9d2a-4a27-fd8d-4d2ee6f173aa">
      <Execution id="fd67ce9b-170b-4757-acfd-2e1e32ed45ca" />
      <TestMethod codeBase="C:\source\COA CodeSearch MCP\COA.CodeSearch.McpServer.Tests\bin\Debug\net9.0\COA.CodeSearch.McpServer.Tests.dll" adapterTypeName="executor://nunit3testexecutor/" className="COA.CodeSearch.McpServer.Tests.Tools.SearchAndReplaceToolTests" name="Category_ShouldBeQuery" />
    </UnitTest>
    <UnitTest name="EnumerateDirectories_Should_Return_Subdirectories" storage="c:\source\coa codesearch mcp\coa.codesearch.mcpserver.tests\bin\debug\net9.0\coa.codesearch.mcpserver.tests.dll" id="15c48608-d196-d3c3-c14a-1ee4ed65a96b">
      <Execution id="eb741655-6999-4816-acfd-5b3ad92eddaf" />
      <TestMethod codeBase="C:\source\COA CodeSearch MCP\COA.CodeSearch.McpServer.Tests\bin\Debug\net9.0\COA.CodeSearch.McpServer.Tests.dll" adapterTypeName="executor://nunit3testexecutor/" className="COA.CodeSearch.McpServer.Tests.Services.PathResolutionServiceTests" name="EnumerateDirectories_Should_Return_Subdirectories" />
    </UnitTest>
    <UnitTest name="EdgeCase_OnlyEmptyLinesFile_HandlesGracefully" storage="c:\source\coa codesearch mcp\coa.codesearch.mcpserver.tests\bin\debug\net9.0\coa.codesearch.mcpserver.tests.dll" id="115d073d-323e-5c4d-1b89-4f45db9420cc">
      <Execution id="cd36d79a-9368-4dfc-b5b5-c828c30f9b39" />
      <TestMethod codeBase="C:\source\COA CodeSearch MCP\COA.CodeSearch.McpServer.Tests\bin\Debug\net9.0\COA.CodeSearch.McpServer.Tests.dll" adapterTypeName="executor://nunit3testexecutor/" className="COA.CodeSearch.McpServer.Tests.Integration.RealWorldFileEditingTests" name="EdgeCase_OnlyEmptyLinesFile_HandlesGracefully" />
    </UnitTest>
    <UnitTest name="FileSystemOperations_NullSafePatterns_NoWarnings" storage="c:\source\coa codesearch mcp\coa.codesearch.mcpserver.tests\bin\debug\net9.0\coa.codesearch.mcpserver.tests.dll" id="822d575c-063c-8256-e5c3-5aaf7cd9adad">
      <Execution id="6350e1c4-0fc1-422d-978b-438554150219" />
      <TestMethod codeBase="C:\source\COA CodeSearch MCP\COA.CodeSearch.McpServer.Tests\bin\Debug\net9.0\COA.CodeSearch.McpServer.Tests.dll" adapterTypeName="executor://nunit3testexecutor/" className="COA.CodeSearch.McpServer.Tests.SimpleWarningValidationTests" name="FileSystemOperations_NullSafePatterns_NoWarnings" />
    </UnitTest>
    <UnitTest name="Concurrency_RapidSuccessiveOperations_MaintainsConsistency" storage="c:\source\coa codesearch mcp\coa.codesearch.mcpserver.tests\bin\debug\net9.0\coa.codesearch.mcpserver.tests.dll" id="71d0ea7b-0946-271c-ac1a-5651081c8972">
      <Execution id="56ea5cfa-7673-43e4-949b-b87fe1d9ab85" />
      <TestMethod codeBase="C:\source\COA CodeSearch MCP\COA.CodeSearch.McpServer.Tests\bin\Debug\net9.0\COA.CodeSearch.McpServer.Tests.dll" adapterTypeName="executor://nunit3testexecutor/" className="COA.CodeSearch.McpServer.Tests.Integration.RealWorldFileEditingTests" name="Concurrency_RapidSuccessiveOperations_MaintainsConsistency" />
    </UnitTest>
    <UnitTest name="ExecuteAsync_Should_Handle_Search_Errors_Gracefully" storage="c:\source\coa codesearch mcp\coa.codesearch.mcpserver.tests\bin\debug\net9.0\coa.codesearch.mcpserver.tests.dll" id="d1bc1e95-83d0-d8b9-cbfd-56bf29d413cb">
      <Execution id="4702bd65-b94b-4437-8d46-bc8afb361697" />
      <TestMethod codeBase="C:\source\COA CodeSearch MCP\COA.CodeSearch.McpServer.Tests\bin\Debug\net9.0\COA.CodeSearch.McpServer.Tests.dll" adapterTypeName="executor://nunit3testexecutor/" className="COA.CodeSearch.McpServer.Tests.Tools.TextSearchToolTests" name="ExecuteAsync_Should_Handle_Search_Errors_Gracefully" />
    </UnitTest>
    <UnitTest name="ExecuteAsync_EmptyOperations_ReturnsError" storage="c:\source\coa codesearch mcp\coa.codesearch.mcpserver.tests\bin\debug\net9.0\coa.codesearch.mcpserver.tests.dll" id="fc640a26-8f16-183f-4e88-2199c00abff9">
      <Execution id="68ee6d64-aaf2-46b6-9539-3fb056ca86cb" />
      <TestMethod codeBase="C:\source\COA CodeSearch MCP\COA.CodeSearch.McpServer.Tests\bin\Debug\net9.0\COA.CodeSearch.McpServer.Tests.dll" adapterTypeName="executor://nunit3testexecutor/" className="COA.CodeSearch.McpServer.Tests.Tools.BatchOperationsToolTests" name="ExecuteAsync_EmptyOperations_ReturnsError" />
    </UnitTest>
    <UnitTest name="Tool_Should_Have_Correct_Metadata" storage="c:\source\coa codesearch mcp\coa.codesearch.mcpserver.tests\bin\debug\net9.0\coa.codesearch.mcpserver.tests.dll" id="bb7f2f6d-893a-5f2f-17af-a240af79b640">
      <Execution id="9cdffd6a-845f-45de-a05e-57414f6f9de9" />
      <TestMethod codeBase="C:\source\COA CodeSearch MCP\COA.CodeSearch.McpServer.Tests\bin\Debug\net9.0\COA.CodeSearch.McpServer.Tests.dll" adapterTypeName="executor://nunit3testexecutor/" className="COA.CodeSearch.McpServer.Tests.Tools.FindPatternsToolTests" name="Tool_Should_Have_Correct_Metadata" />
    </UnitTest>
    <UnitTest name="CalculateConfidence_RealWorldScenario_ClassDefinitionInCorrectFile" storage="c:\source\coa codesearch mcp\coa.codesearch.mcpserver.tests\bin\debug\net9.0\coa.codesearch.mcpserver.tests.dll" id="c92a5998-3d01-3c96-05bc-87d2f0b7510a">
      <Execution id="f6483458-f558-4149-bad5-5bc9d585ed82" />
      <TestMethod codeBase="C:\source\COA CodeSearch MCP\COA.CodeSearch.McpServer.Tests\bin\Debug\net9.0\COA.CodeSearch.McpServer.Tests.dll" adapterTypeName="executor://nunit3testexecutor/" className="COA.CodeSearch.McpServer.Tests.Services.ConfidenceCalculatorServiceTests" name="CalculateConfidence_RealWorldScenario_ClassDefinitionInCorrectFile" />
    </UnitTest>
    <UnitTest name="GetIndexPath_Should_Return_Hashed_Directory_Name" storage="c:\source\coa codesearch mcp\coa.codesearch.mcpserver.tests\bin\debug\net9.0\coa.codesearch.mcpserver.tests.dll" id="07078b4b-51c8-42f8-1af8-af9098a00313">
      <Execution id="6ffd208e-389a-4cc7-8c31-7d22fdfdb7a3" />
      <TestMethod codeBase="C:\source\COA CodeSearch MCP\COA.CodeSearch.McpServer.Tests\bin\Debug\net9.0\COA.CodeSearch.McpServer.Tests.dll" adapterTypeName="executor://nunit3testexecutor/" className="COA.CodeSearch.McpServer.Tests.Services.PathResolutionServiceTests" name="GetIndexPath_Should_Return_Hashed_Directory_Name" />
    </UnitTest>
    <UnitTest name="EditFileWithBOM_PreservesBOMAndEncoding" storage="c:\source\coa codesearch mcp\coa.codesearch.mcpserver.tests\bin\debug\net9.0\coa.codesearch.mcpserver.tests.dll" id="43d03285-e528-5b85-750b-dea3aba320ce">
      <Execution id="38cc3635-fa84-49ca-8454-a7d827c65c1c" />
      <TestMethod codeBase="C:\source\COA CodeSearch MCP\COA.CodeSearch.McpServer.Tests\bin\Debug\net9.0\COA.CodeSearch.McpServer.Tests.dll" adapterTypeName="executor://nunit3testexecutor/" className="COA.CodeSearch.McpServer.Tests.Integration.RealWorldFileEditingTests" name="EditFileWithBOM_PreservesBOMAndEncoding" />
    </UnitTest>
    <UnitTest name="ExecuteAsync_Should_Use_Existing_Index_When_Not_Force_Rebuild" storage="c:\source\coa codesearch mcp\coa.codesearch.mcpserver.tests\bin\debug\net9.0\coa.codesearch.mcpserver.tests.dll" id="14ab1410-34c7-ceec-2e9f-26dfa0408cb6">
      <Execution id="9f9e39b7-2ba3-4a97-b7e8-ce21e883b06a" />
      <TestMethod codeBase="C:\source\COA CodeSearch MCP\COA.CodeSearch.McpServer.Tests\bin\Debug\net9.0\COA.CodeSearch.McpServer.Tests.dll" adapterTypeName="executor://nunit3testexecutor/" className="COA.CodeSearch.McpServer.Tests.Tools.IndexWorkspaceToolTests" name="ExecuteAsync_Should_Use_Existing_Index_When_Not_Force_Rebuild" />
    </UnitTest>
    <UnitTest name="EnhanceWithSnippetsAsync_Should_Add_Context_Lines_And_Snippets" storage="c:\source\coa codesearch mcp\coa.codesearch.mcpserver.tests\bin\debug\net9.0\coa.codesearch.mcpserver.tests.dll" id="fe096d1a-d158-3796-d8f2-3285f8b36f36">
      <Execution id="4d8d4dd3-7354-4a85-af42-1dce862083fb" />
      <TestMethod codeBase="C:\source\COA CodeSearch MCP\COA.CodeSearch.McpServer.Tests\bin\Debug\net9.0\COA.CodeSearch.McpServer.Tests.dll" adapterTypeName="executor://nunit3testexecutor/" className="COA.CodeSearch.McpServer.Tests.Services.SmartSnippetServiceTests" name="EnhanceWithSnippetsAsync_Should_Add_Context_Lines_And_Snippets" />
    </UnitTest>
    <UnitTest name="GetFileName_Should_Extract_File_Name" storage="c:\source\coa codesearch mcp\coa.codesearch.mcpserver.tests\bin\debug\net9.0\coa.codesearch.mcpserver.tests.dll" id="eed83322-98cb-a81b-359f-d05a5291974b">
      <Execution id="6b6e0ccd-133a-4f55-a306-5e3e12bdacd8" />
      <TestMethod codeBase="C:\source\COA CodeSearch MCP\COA.CodeSearch.McpServer.Tests\bin\Debug\net9.0\COA.CodeSearch.McpServer.Tests.dll" adapterTypeName="executor://nunit3testexecutor/" className="COA.CodeSearch.McpServer.Tests.Services.PathResolutionServiceTests" name="GetFileName_Should_Extract_File_Name" />
    </UnitTest>
    <UnitTest name="PerformanceBenchmark_SmallFileOperations_MeetsTargets" storage="c:\source\coa codesearch mcp\coa.codesearch.mcpserver.tests\bin\debug\net9.0\coa.codesearch.mcpserver.tests.dll" id="6af1a919-9426-36d8-9470-e0412397491c">
      <Execution id="a22ad3c8-d0c4-4035-80e1-88c03c7f18c5" />
      <TestMethod codeBase="C:\source\COA CodeSearch MCP\COA.CodeSearch.McpServer.Tests\bin\Debug\net9.0\COA.CodeSearch.McpServer.Tests.dll" adapterTypeName="executor://nunit3testexecutor/" className="COA.CodeSearch.McpServer.Tests.Integration.RealWorldFileEditingTests" name="PerformanceBenchmark_SmallFileOperations_MeetsTargets" />
    </UnitTest>
    <UnitTest name="Category_ReturnsCorrectValue" storage="c:\source\coa codesearch mcp\coa.codesearch.mcpserver.tests\bin\debug\net9.0\coa.codesearch.mcpserver.tests.dll" id="029ccf19-f030-341f-6553-1dc734c38a1d">
      <Execution id="38e28610-8c5d-4657-84e6-efc737e0b065" />
      <TestMethod codeBase="C:\source\COA CodeSearch MCP\COA.CodeSearch.McpServer.Tests\bin\Debug\net9.0\COA.CodeSearch.McpServer.Tests.dll" adapterTypeName="executor://nunit3testexecutor/" className="COA.CodeSearch.McpServer.Tests.Tools.DeleteLinesToolTests" name="Category_ReturnsCorrectValue" />
    </UnitTest>
    <UnitTest name="ExecuteAsync_Should_Handle_Search_Errors_Gracefully" storage="c:\source\coa codesearch mcp\coa.codesearch.mcpserver.tests\bin\debug\net9.0\coa.codesearch.mcpserver.tests.dll" id="0e44b9f9-b451-2c31-955c-2ed8c3e63498">
      <Execution id="ce621696-a8da-444a-bfd1-c349bbca385d" />
      <TestMethod codeBase="C:\source\COA CodeSearch MCP\COA.CodeSearch.McpServer.Tests\bin\Debug\net9.0\COA.CodeSearch.McpServer.Tests.dll" adapterTypeName="executor://nunit3testexecutor/" className="COA.CodeSearch.McpServer.Tests.Tools.FileSearchToolTests" name="ExecuteAsync_Should_Handle_Search_Errors_Gracefully" />
    </UnitTest>
    <UnitTest name="ExecuteAsync_WithIndexedFiles_ShouldExtractDirectories" storage="c:\source\coa codesearch mcp\coa.codesearch.mcpserver.tests\bin\debug\net9.0\coa.codesearch.mcpserver.tests.dll" id="b7c32585-29ed-8590-7dd4-52055f81162f">
      <Execution id="d1452d1b-933b-4d35-860e-572f20a10864" />
      <TestMethod codeBase="C:\source\COA CodeSearch MCP\COA.CodeSearch.McpServer.Tests\bin\Debug\net9.0\COA.CodeSearch.McpServer.Tests.dll" adapterTypeName="executor://nunit3testexecutor/" className="COA.CodeSearch.McpServer.Tests.Tools.DirectorySearchToolTests" name="ExecuteAsync_WithIndexedFiles_ShouldExtractDirectories" />
    </UnitTest>
    <UnitTest name="ExecuteAsync_InvalidEndLine_ReturnsError" storage="c:\source\coa codesearch mcp\coa.codesearch.mcpserver.tests\bin\debug\net9.0\coa.codesearch.mcpserver.tests.dll" id="3dba743f-1dfa-642a-f863-d8cd5566b6a0">
      <Execution id="02cd6a2f-91c9-4fba-a7b2-cddbf92fccbe" />
      <TestMethod codeBase="C:\source\COA CodeSearch MCP\COA.CodeSearch.McpServer.Tests\bin\Debug\net9.0\COA.CodeSearch.McpServer.Tests.dll" adapterTypeName="executor://nunit3testexecutor/" className="COA.CodeSearch.McpServer.Tests.Tools.DeleteLinesToolTests" name="ExecuteAsync_InvalidEndLine_ReturnsError" />
    </UnitTest>
    <UnitTest name="ExecuteAsync_Should_Not_Detect_ConfigureAwait_In_Console_App" storage="c:\source\coa codesearch mcp\coa.codesearch.mcpserver.tests\bin\debug\net9.0\coa.codesearch.mcpserver.tests.dll" id="adead643-4667-edbb-19dd-4ef520bce0a6">
      <Execution id="04efe87f-6258-4417-af2b-8515847df931" />
      <TestMethod codeBase="C:\source\COA CodeSearch MCP\COA.CodeSearch.McpServer.Tests\bin\Debug\net9.0\COA.CodeSearch.McpServer.Tests.dll" adapterTypeName="executor://nunit3testexecutor/" className="COA.CodeSearch.McpServer.Tests.Tools.FindPatternsToolTests" name="ExecuteAsync_Should_Not_Detect_ConfigureAwait_In_Console_App" />
    </UnitTest>
    <UnitTest name="TextFile_WithNullBytes_HandlesAppropriately" storage="c:\source\coa codesearch mcp\coa.codesearch.mcpserver.tests\bin\debug\net9.0\coa.codesearch.mcpserver.tests.dll" id="d7c80310-c213-638c-40f2-d550d8e04b93">
      <Execution id="8cb482a3-e035-40d5-a725-45a166a2eb92" />
      <TestMethod codeBase="C:\source\COA CodeSearch MCP\COA.CodeSearch.McpServer.Tests\bin\Debug\net9.0\COA.CodeSearch.McpServer.Tests.dll" adapterTypeName="executor://nunit3testexecutor/" className="COA.CodeSearch.McpServer.Tests.Integration.RealWorldFileEditingTests" name="TextFile_WithNullBytes_HandlesAppropriately" />
    </UnitTest>
    <UnitTest name="ExecuteAsync_InvalidJson_ReturnsError" storage="c:\source\coa codesearch mcp\coa.codesearch.mcpserver.tests\bin\debug\net9.0\coa.codesearch.mcpserver.tests.dll" id="9b0c71cb-b156-596b-3243-55ebe09ed2b6">
      <Execution id="e46db36e-09a3-4e81-b15b-ebdb37301587" />
      <TestMethod codeBase="C:\source\COA CodeSearch MCP\COA.CodeSearch.McpServer.Tests\bin\Debug\net9.0\COA.CodeSearch.McpServer.Tests.dll" adapterTypeName="executor://nunit3testexecutor/" className="COA.CodeSearch.McpServer.Tests.Tools.BatchOperationsToolTests" name="ExecuteAsync_InvalidJson_ReturnsError" />
    </UnitTest>
    <UnitTest name="ExecuteAsync_ValidSymbolName_ReturnsSymbolResults" storage="c:\source\coa codesearch mcp\coa.codesearch.mcpserver.tests\bin\debug\net9.0\coa.codesearch.mcpserver.tests.dll" id="8c8ea10f-836e-2969-cff2-cf17dcfad09d">
      <Execution id="85cc81df-ab53-4fdb-97ed-079ea694c1da" />
      <TestMethod codeBase="C:\source\COA CodeSearch MCP\COA.CodeSearch.McpServer.Tests\bin\Debug\net9.0\COA.CodeSearch.McpServer.Tests.dll" adapterTypeName="executor://nunit3testexecutor/" className="COA.CodeSearch.McpServer.Tests.Tools.SymbolSearchToolTests" name="ExecuteAsync_ValidSymbolName_ReturnsSymbolResults" />
    </UnitTest>
    <UnitTest name="ExtractIndentation_VariousWhitespace_ExtractsCorrectly" storage="c:\source\coa codesearch mcp\coa.codesearch.mcpserver.tests\bin\debug\net9.0\coa.codesearch.mcpserver.tests.dll" id="018ebbcd-6355-0126-db30-75204f88f30c">
      <Execution id="9e55fa83-9aee-4a82-ab9e-e96efe65e3e1" />
      <TestMethod codeBase="C:\source\COA CodeSearch MCP\COA.CodeSearch.McpServer.Tests\bin\Debug\net9.0\COA.CodeSearch.McpServer.Tests.dll" adapterTypeName="executor://nunit3testexecutor/" className="COA.CodeSearch.McpServer.Tests.Services.FileLineUtilitiesTests" name="ExtractIndentation_VariousWhitespace_ExtractsCorrectly" />
    </UnitTest>
    <UnitTest name="ExecuteAsync_Should_Find_Files_Matching_Glob_Pattern" storage="c:\source\coa codesearch mcp\coa.codesearch.mcpserver.tests\bin\debug\net9.0\coa.codesearch.mcpserver.tests.dll" id="4cef428c-d6ca-2c9f-778f-20b38d83cc86">
      <Execution id="d8149e74-3888-47b0-85a3-f6f05896cfba" />
      <TestMethod codeBase="C:\source\COA CodeSearch MCP\COA.CodeSearch.McpServer.Tests\bin\Debug\net9.0\COA.CodeSearch.McpServer.Tests.dll" adapterTypeName="executor://nunit3testexecutor/" className="COA.CodeSearch.McpServer.Tests.Tools.FileSearchToolTests" name="ExecuteAsync_Should_Find_Files_Matching_Glob_Pattern" />
    </UnitTest>
    <UnitTest name="ExecuteAsync_SymbolNotFound_ReturnsNoResults" storage="c:\source\coa codesearch mcp\coa.codesearch.mcpserver.tests\bin\debug\net9.0\coa.codesearch.mcpserver.tests.dll" id="824e5e41-c053-1da1-4b96-4d4f01dca91e">
      <Execution id="4c787fc5-c818-4394-93f4-1f8d553f434b" />
      <TestMethod codeBase="C:\source\COA CodeSearch MCP\COA.CodeSearch.McpServer.Tests\bin\Debug\net9.0\COA.CodeSearch.McpServer.Tests.dll" adapterTypeName="executor://nunit3testexecutor/" className="COA.CodeSearch.McpServer.Tests.Tools.GoToDefinitionToolTests" name="ExecuteAsync_SymbolNotFound_ReturnsNoResults" />
    </UnitTest>
    <UnitTest name="BuildValidation_TestProject_CompilesCleanly" storage="c:\source\coa codesearch mcp\coa.codesearch.mcpserver.tests\bin\debug\net9.0\coa.codesearch.mcpserver.tests.dll" id="68516648-4a86-408d-b0bf-e8823cf08007">
      <Execution id="a1826bc9-bd5a-4e95-981e-11b1ba9742a0" />
      <TestMethod codeBase="C:\source\COA CodeSearch MCP\COA.CodeSearch.McpServer.Tests\bin\Debug\net9.0\COA.CodeSearch.McpServer.Tests.dll" adapterTypeName="executor://nunit3testexecutor/" className="COA.CodeSearch.McpServer.Tests.BuildTimeWarningValidationTests" name="BuildValidation_TestProject_CompilesCleanly" />
    </UnitTest>
    <UnitTest name="ExecuteAsync_Should_Categorize_Types_Correctly" storage="c:\source\coa codesearch mcp\coa.codesearch.mcpserver.tests\bin\debug\net9.0\coa.codesearch.mcpserver.tests.dll" id="3c48b6a3-dfe8-5c7d-18e5-fc87939e890a">
      <Execution id="55cb56da-0f6b-4e6c-a382-0b440ded1b24" />
      <TestMethod codeBase="C:\source\COA CodeSearch MCP\COA.CodeSearch.McpServer.Tests\bin\Debug\net9.0\COA.CodeSearch.McpServer.Tests.dll" adapterTypeName="executor://nunit3testexecutor/" className="COA.CodeSearch.McpServer.Tests.Tools.GetSymbolsOverviewToolTests" name="ExecuteAsync_Should_Categorize_Types_Correctly" />
    </UnitTest>
    <UnitTest name="GenerateDiffReport_WithViolations_ShouldCreateDetailedReport" storage="c:\source\coa codesearch mcp\coa.codesearch.mcpserver.tests\bin\debug\net9.0\coa.codesearch.mcpserver.tests.dll" id="be157e01-985e-688d-571b-0a70e8a4957c">
      <Execution id="04b5eb77-e1b8-4560-b02c-187859ecb67c" />
      <TestMethod codeBase="C:\source\COA CodeSearch MCP\COA.CodeSearch.McpServer.Tests\bin\Debug\net9.0\COA.CodeSearch.McpServer.Tests.dll" adapterTypeName="executor://nunit3testexecutor/" className="COA.CodeSearch.McpServer.Tests.Helpers.DiffValidatorTests" name="GenerateDiffReport_WithViolations_ShouldCreateDetailedReport" />
    </UnitTest>
    <UnitTest name="NonNullableField_ResponseModels_ProperlyInitialized" storage="c:\source\coa codesearch mcp\coa.codesearch.mcpserver.tests\bin\debug\net9.0\coa.codesearch.mcpserver.tests.dll" id="14486798-a952-d07f-4588-3340efe4b5a4">
      <Execution id="f3922dcb-352b-4d9d-80e7-d7bcf31d9eec" />
      <TestMethod codeBase="C:\source\COA CodeSearch MCP\COA.CodeSearch.McpServer.Tests\bin\Debug\net9.0\COA.CodeSearch.McpServer.Tests.dll" adapterTypeName="executor://nunit3testexecutor/" className="COA.CodeSearch.McpServer.Tests.NullableReferenceValidationTests" name="NonNullableField_ResponseModels_ProperlyInitialized" />
    </UnitTest>
    <UnitTest name="ExecuteAsync_IndexNotFound_ReturnsError" storage="c:\source\coa codesearch mcp\coa.codesearch.mcpserver.tests\bin\debug\net9.0\coa.codesearch.mcpserver.tests.dll" id="2266f8d1-c07a-4157-2a09-e13f5a3ebdf9">
      <Execution id="c447b22f-ee02-49d8-b195-8bc02dccfefa" />
      <TestMethod codeBase="C:\source\COA CodeSearch MCP\COA.CodeSearch.McpServer.Tests\bin\Debug\net9.0\COA.CodeSearch.McpServer.Tests.dll" adapterTypeName="executor://nunit3testexecutor/" className="COA.CodeSearch.McpServer.Tests.Tools.LineSearchToolTests" name="ExecuteAsync_IndexNotFound_ReturnsError" />
    </UnitTest>
    <UnitTest name="QueryTypeDetector_ShouldCatchClaudePatterns" storage="c:\source\coa codesearch mcp\coa.codesearch.mcpserver.tests\bin\debug\net9.0\coa.codesearch.mcpserver.tests.dll" id="0602473d-5866-8e4d-4f94-570f7e7c2237">
      <Execution id="a19d1a99-c429-42be-90a0-f894d57fc887" />
      <TestMethod codeBase="C:\source\COA CodeSearch MCP\COA.CodeSearch.McpServer.Tests\bin\Debug\net9.0\COA.CodeSearch.McpServer.Tests.dll" adapterTypeName="executor://nunit3testexecutor/" className="COA.CodeSearch.McpServer.Tests.Tools.TextSearchToolTests" name="QueryTypeDetector_ShouldCatchClaudePatterns" />
    </UnitTest>
    <UnitTest name="ExecuteAsync_Should_Return_Error_When_FilePath_Is_Missing" storage="c:\source\coa codesearch mcp\coa.codesearch.mcpserver.tests\bin\debug\net9.0\coa.codesearch.mcpserver.tests.dll" id="3900264b-2cb3-b232-f26d-4523cbbedbd5">
      <Execution id="f607469f-1dbb-4b4f-8065-bdc95374a3ff" />
      <TestMethod codeBase="C:\source\COA CodeSearch MCP\COA.CodeSearch.McpServer.Tests\bin\Debug\net9.0\COA.CodeSearch.McpServer.Tests.dll" adapterTypeName="executor://nunit3testexecutor/" className="COA.CodeSearch.McpServer.Tests.Tools.GetSymbolsOverviewToolTests" name="ExecuteAsync_Should_Return_Error_When_FilePath_Is_Missing" />
    </UnitTest>
    <UnitTest name="DiffValidator_NoTrailingNewlinePreservation_ShouldValidateCorrectly" storage="c:\source\coa codesearch mcp\coa.codesearch.mcpserver.tests\bin\debug\net9.0\coa.codesearch.mcpserver.tests.dll" id="a5c90eb6-6d18-bae3-3ebd-1cd0ea3b995b">
      <Execution id="a796b642-1e20-4193-9def-cd4f649a5d74" />
      <TestMethod codeBase="C:\source\COA CodeSearch MCP\COA.CodeSearch.McpServer.Tests\bin\Debug\net9.0\COA.CodeSearch.McpServer.Tests.dll" adapterTypeName="executor://nunit3testexecutor/" className="COA.CodeSearch.McpServer.Tests.Integration.LineEndingPreservationTests" name="DiffValidator_NoTrailingNewlinePreservation_ShouldValidateCorrectly" />
    </UnitTest>
    <UnitTest name="EnhanceWithSnippetsAsync_Should_Handle_Invalid_Wildcard_Patterns(&quot;***&quot;)" storage="c:\source\coa codesearch mcp\coa.codesearch.mcpserver.tests\bin\debug\net9.0\coa.codesearch.mcpserver.tests.dll" id="f20cf19a-e862-061b-cf70-432700f8b23d">
      <Execution id="a11c200d-0d79-4df5-a8cd-5fe4ae6ff0b0" />
      <TestMethod codeBase="C:\source\COA CodeSearch MCP\COA.CodeSearch.McpServer.Tests\bin\Debug\net9.0\COA.CodeSearch.McpServer.Tests.dll" adapterTypeName="executor://nunit3testexecutor/" className="COA.CodeSearch.McpServer.Tests.Services.SmartSnippetServiceTests" name="EnhanceWithSnippetsAsync_Should_Handle_Invalid_Wildcard_Patterns(&quot;***&quot;)" />
    </UnitTest>
    <UnitTest name="ExecuteAsync_WorkspaceNotFound_ReturnsError" storage="c:\source\coa codesearch mcp\coa.codesearch.mcpserver.tests\bin\debug\net9.0\coa.codesearch.mcpserver.tests.dll" id="15a72174-ebeb-2f2c-0cdd-551d10bb4ddc">
      <Execution id="d0025256-10da-4262-9245-2db09fa7dd23" />
      <TestMethod codeBase="C:\source\COA CodeSearch MCP\COA.CodeSearch.McpServer.Tests\bin\Debug\net9.0\COA.CodeSearch.McpServer.Tests.dll" adapterTypeName="executor://nunit3testexecutor/" className="COA.CodeSearch.McpServer.Tests.Tools.SearchAndReplaceToolTests" name="ExecuteAsync_WorkspaceNotFound_ReturnsError" />
    </UnitTest>
    <UnitTest name="ExecuteAsync_Should_Handle_Invalid_TimeFrame_Format" storage="c:\source\coa codesearch mcp\coa.codesearch.mcpserver.tests\bin\debug\net9.0\coa.codesearch.mcpserver.tests.dll" id="37406336-def6-fc7c-189e-c2030604658e">
      <Execution id="74dbd4dd-e07e-48d9-abb6-406d6230d26f" />
      <TestMethod codeBase="C:\source\COA CodeSearch MCP\COA.CodeSearch.McpServer.Tests\bin\Debug\net9.0\COA.CodeSearch.McpServer.Tests.dll" adapterTypeName="executor://nunit3testexecutor/" className="COA.CodeSearch.McpServer.Tests.Tools.RecentFilesToolTests" name="ExecuteAsync_Should_Handle_Invalid_TimeFrame_Format" />
    </UnitTest>
    <UnitTest name="ExecuteAsync_Should_Apply_Extension_Filter" storage="c:\source\coa codesearch mcp\coa.codesearch.mcpserver.tests\bin\debug\net9.0\coa.codesearch.mcpserver.tests.dll" id="374660f0-1cc7-f8b1-68ab-dc07bae98193">
      <Execution id="a85cdcdf-3c18-4aec-bb1b-e0ff8d23ab52" />
      <TestMethod codeBase="C:\source\COA CodeSearch MCP\COA.CodeSearch.McpServer.Tests\bin\Debug\net9.0\COA.CodeSearch.McpServer.Tests.dll" adapterTypeName="executor://nunit3testexecutor/" className="COA.CodeSearch.McpServer.Tests.Tools.FileSearchToolTests" name="ExecuteAsync_Should_Apply_Extension_Filter" />
    </UnitTest>
    <UnitTest name="ComputeWorkspaceHash_Should_Be_Deterministic" storage="c:\source\coa codesearch mcp\coa.codesearch.mcpserver.tests\bin\debug\net9.0\coa.codesearch.mcpserver.tests.dll" id="00326768-0d79-bb1c-d72a-a3b937cd3e7c">
      <Execution id="5d5c4950-8ae1-42c1-82de-9c99f0b819ad" />
      <TestMethod codeBase="C:\source\COA CodeSearch MCP\COA.CodeSearch.McpServer.Tests\bin\Debug\net9.0\COA.CodeSearch.McpServer.Tests.dll" adapterTypeName="executor://nunit3testexecutor/" className="COA.CodeSearch.McpServer.Tests.Services.PathResolutionServiceTests" name="ComputeWorkspaceHash_Should_Be_Deterministic" />
    </UnitTest>
    <UnitTest name="ExecuteAsync_Should_Validate_Required_Parameters" storage="c:\source\coa codesearch mcp\coa.codesearch.mcpserver.tests\bin\debug\net9.0\coa.codesearch.mcpserver.tests.dll" id="75df59d1-a393-9e0d-ba4a-bb2ffc775a87">
      <Execution id="c81e5da1-0268-41c5-a673-6db9510596f5" />
      <TestMethod codeBase="C:\source\COA CodeSearch MCP\COA.CodeSearch.McpServer.Tests\bin\Debug\net9.0\COA.CodeSearch.McpServer.Tests.dll" adapterTypeName="executor://nunit3testexecutor/" className="COA.CodeSearch.McpServer.Tests.Tools.TextSearchToolTests" name="ExecuteAsync_Should_Validate_Required_Parameters" />
    </UnitTest>
    <UnitTest name="ExecuteAsync_Should_Handle_Unexpected_Exceptions" storage="c:\source\coa codesearch mcp\coa.codesearch.mcpserver.tests\bin\debug\net9.0\coa.codesearch.mcpserver.tests.dll" id="0f757c72-1179-de8d-a9b4-a8095c376440">
      <Execution id="049dca3d-82c7-4a32-a4be-3a79f21d73cd" />
      <TestMethod codeBase="C:\source\COA CodeSearch MCP\COA.CodeSearch.McpServer.Tests\bin\Debug\net9.0\COA.CodeSearch.McpServer.Tests.dll" adapterTypeName="executor://nunit3testexecutor/" className="COA.CodeSearch.McpServer.Tests.Tools.IndexWorkspaceToolTests" name="ExecuteAsync_Should_Handle_Unexpected_Exceptions" />
    </UnitTest>
    <UnitTest name="AsyncPatterns_ProperUsage_NoWarnings" storage="c:\source\coa codesearch mcp\coa.codesearch.mcpserver.tests\bin\debug\net9.0\coa.codesearch.mcpserver.tests.dll" id="5d84348a-4728-f743-fb4d-aa4f4b1cd017">
      <Execution id="4cd9c018-42c9-442e-b70d-ecde839204d0" />
      <TestMethod codeBase="C:\source\COA CodeSearch MCP\COA.CodeSearch.McpServer.Tests\bin\Debug\net9.0\COA.CodeSearch.McpServer.Tests.dll" adapterTypeName="executor://nunit3testexecutor/" className="COA.CodeSearch.McpServer.Tests.SimpleWarningValidationTests" name="AsyncPatterns_ProperUsage_NoWarnings" />
    </UnitTest>
    <UnitTest name="GetBasePath_Should_Return_Consistent_Path" storage="c:\source\coa codesearch mcp\coa.codesearch.mcpserver.tests\bin\debug\net9.0\coa.codesearch.mcpserver.tests.dll" id="0d29fa0b-c2e9-f69d-31c9-d9b22d38e871">
      <Execution id="18cbbe68-a1aa-440f-87ff-8c683af118b2" />
      <TestMethod codeBase="C:\source\COA CodeSearch MCP\COA.CodeSearch.McpServer.Tests\bin\Debug\net9.0\COA.CodeSearch.McpServer.Tests.dll" adapterTypeName="executor://nunit3testexecutor/" className="COA.CodeSearch.McpServer.Tests.Services.PathResolutionServiceTests" name="GetBasePath_Should_Return_Consistent_Path" />
    </UnitTest>
    <UnitTest name="CalculateConfidence_WithInterfaceDefinition_ShouldReturnHighConfidence" storage="c:\source\coa codesearch mcp\coa.codesearch.mcpserver.tests\bin\debug\net9.0\coa.codesearch.mcpserver.tests.dll" id="aac13105-6bba-4068-36af-e95ad7b826ba">
      <Execution id="81eae522-a36b-497b-a481-363ba7a43c1d" />
      <TestMethod codeBase="C:\source\COA CodeSearch MCP\COA.CodeSearch.McpServer.Tests\bin\Debug\net9.0\COA.CodeSearch.McpServer.Tests.dll" adapterTypeName="executor://nunit3testexecutor/" className="COA.CodeSearch.McpServer.Tests.Services.ConfidenceCalculatorServiceTests" name="CalculateConfidence_WithInterfaceDefinition_ShouldReturnHighConfidence" />
    </UnitTest>
    <UnitTest name="ExecuteAsync_NoReferencesFound_ReturnsEmptyResults" storage="c:\source\coa codesearch mcp\coa.codesearch.mcpserver.tests\bin\debug\net9.0\coa.codesearch.mcpserver.tests.dll" id="1977d3aa-09f7-de3d-61bc-5bfde8841759">
      <Execution id="91843b33-0cba-4987-a834-c75021f900d7" />
      <TestMethod codeBase="C:\source\COA CodeSearch MCP\COA.CodeSearch.McpServer.Tests\bin\Debug\net9.0\COA.CodeSearch.McpServer.Tests.dll" adapterTypeName="executor://nunit3testexecutor/" className="COA.CodeSearch.McpServer.Tests.Tools.FindReferencesToolTests" name="ExecuteAsync_NoReferencesFound_ReturnsEmptyResults" />
    </UnitTest>
    <UnitTest name="EnhanceWithSnippetsAsync_Should_Handle_Invalid_Wildcard_Patterns(&quot;?test&quot;)" storage="c:\source\coa codesearch mcp\coa.codesearch.mcpserver.tests\bin\debug\net9.0\coa.codesearch.mcpserver.tests.dll" id="e26d7ccf-cee0-62d1-b931-abf14357b0bb">
      <Execution id="b513ed6e-f668-428d-9d83-6a5d3b21185e" />
      <TestMethod codeBase="C:\source\COA CodeSearch MCP\COA.CodeSearch.McpServer.Tests\bin\Debug\net9.0\COA.CodeSearch.McpServer.Tests.dll" adapterTypeName="executor://nunit3testexecutor/" className="COA.CodeSearch.McpServer.Tests.Services.SmartSnippetServiceTests" name="EnhanceWithSnippetsAsync_Should_Handle_Invalid_Wildcard_Patterns(&quot;?test&quot;)" />
    </UnitTest>
    <UnitTest name="CalculateConfidence_RealWorldScenario_MethodCallVsDefinition" storage="c:\source\coa codesearch mcp\coa.codesearch.mcpserver.tests\bin\debug\net9.0\coa.codesearch.mcpserver.tests.dll" id="c6b65c98-ccbc-7df3-e37f-f4694a6d7677">
      <Execution id="3c29685d-0d24-46a9-90c1-97fe06b05519" />
      <TestMethod codeBase="C:\source\COA CodeSearch MCP\COA.CodeSearch.McpServer.Tests\bin\Debug\net9.0\COA.CodeSearch.McpServer.Tests.dll" adapterTypeName="executor://nunit3testexecutor/" className="COA.CodeSearch.McpServer.Tests.Services.ConfidenceCalculatorServiceTests" name="CalculateConfidence_RealWorldScenario_MethodCallVsDefinition" />
    </UnitTest>
    <UnitTest name="ExecuteAsync_WithPattern_ShouldFilterDirectories" storage="c:\source\coa codesearch mcp\coa.codesearch.mcpserver.tests\bin\debug\net9.0\coa.codesearch.mcpserver.tests.dll" id="788e6d6b-e6ab-66cd-f33e-99e77d27f96c">
      <Execution id="4522c149-c628-44d4-9da7-64a6330c9364" />
      <TestMethod codeBase="C:\source\COA CodeSearch MCP\COA.CodeSearch.McpServer.Tests\bin\Debug\net9.0\COA.CodeSearch.McpServer.Tests.dll" adapterTypeName="executor://nunit3testexecutor/" className="COA.CodeSearch.McpServer.Tests.Tools.DirectorySearchToolTests" name="ExecuteAsync_WithPattern_ShouldFilterDirectories" />
    </UnitTest>
    <UnitTest name="ExecuteAsync_Should_Exclude_Methods_When_Not_Requested" storage="c:\source\coa codesearch mcp\coa.codesearch.mcpserver.tests\bin\debug\net9.0\coa.codesearch.mcpserver.tests.dll" id="e7439c92-81ae-b32d-400b-a027ab4c6efe">
      <Execution id="a3b888ea-59a7-48e2-93e6-a42b6e831da3" />
      <TestMethod codeBase="C:\source\COA CodeSearch MCP\COA.CodeSearch.McpServer.Tests\bin\Debug\net9.0\COA.CodeSearch.McpServer.Tests.dll" adapterTypeName="executor://nunit3testexecutor/" className="COA.CodeSearch.McpServer.Tests.Tools.GetSymbolsOverviewToolTests" name="ExecuteAsync_Should_Exclude_Methods_When_Not_Requested" />
    </UnitTest>
    <UnitTest name="EnhanceWithSnippetsAsync_Should_Handle_Leading_Wildcard_Query_Gracefully" storage="c:\source\coa codesearch mcp\coa.codesearch.mcpserver.tests\bin\debug\net9.0\coa.codesearch.mcpserver.tests.dll" id="08183f80-42fa-c064-54ec-87dd489f1eb0">
      <Execution id="80e3e8f9-e8fb-4d82-aff8-75cbb6dac8f2" />
      <TestMethod codeBase="C:\source\COA CodeSearch MCP\COA.CodeSearch.McpServer.Tests\bin\Debug\net9.0\COA.CodeSearch.McpServer.Tests.dll" adapterTypeName="executor://nunit3testexecutor/" className="COA.CodeSearch.McpServer.Tests.Services.SmartSnippetServiceTests" name="EnhanceWithSnippetsAsync_Should_Handle_Leading_Wildcard_Query_Gracefully" />
    </UnitTest>
    <UnitTest name="IntegrationTest_FileOperations_SafeNullHandling" storage="c:\source\coa codesearch mcp\coa.codesearch.mcpserver.tests\bin\debug\net9.0\coa.codesearch.mcpserver.tests.dll" id="ca885716-fd01-6799-df3f-dfe8148df324">
      <Execution id="edc6638d-d281-483e-af05-f84244af9b02" />
      <TestMethod codeBase="C:\source\COA CodeSearch MCP\COA.CodeSearch.McpServer.Tests\bin\Debug\net9.0\COA.CodeSearch.McpServer.Tests.dll" adapterTypeName="executor://nunit3testexecutor/" className="COA.CodeSearch.McpServer.Tests.NullableReferenceValidationTests" name="IntegrationTest_FileOperations_SafeNullHandling" />
    </UnitTest>
    <UnitTest name="ExecuteAsync_ReplaceWithMinimalContent_ReplacesCorrectly" storage="c:\source\coa codesearch mcp\coa.codesearch.mcpserver.tests\bin\debug\net9.0\coa.codesearch.mcpserver.tests.dll" id="484b8c1d-4df6-b62b-b60c-57a9dfa12014">
      <Execution id="72ed0401-98e1-428f-9623-458792a07b7e" />
      <TestMethod codeBase="C:\source\COA CodeSearch MCP\COA.CodeSearch.McpServer.Tests\bin\Debug\net9.0\COA.CodeSearch.McpServer.Tests.dll" adapterTypeName="executor://nunit3testexecutor/" className="COA.CodeSearch.McpServer.Tests.Tools.ReplaceLinesToolTests" name="ExecuteAsync_ReplaceWithMinimalContent_ReplacesCorrectly" />
    </UnitTest>
    <UnitTest name="ExecuteAsync_InvalidStartLine_ReturnsError" storage="c:\source\coa codesearch mcp\coa.codesearch.mcpserver.tests\bin\debug\net9.0\coa.codesearch.mcpserver.tests.dll" id="be4b1344-9069-5b47-a319-2e4cc8a32ac3">
      <Execution id="18b01ea5-01a5-444b-b8f4-d8d95f76e696" />
      <TestMethod codeBase="C:\source\COA CodeSearch MCP\COA.CodeSearch.McpServer.Tests\bin\Debug\net9.0\COA.CodeSearch.McpServer.Tests.dll" adapterTypeName="executor://nunit3testexecutor/" className="COA.CodeSearch.McpServer.Tests.Tools.ReplaceLinesToolTests" name="ExecuteAsync_InvalidStartLine_ReturnsError" />
    </UnitTest>
    <UnitTest name="ExecuteAsync_ReplaceSingleLine_ReplacesCorrectly" storage="c:\source\coa codesearch mcp\coa.codesearch.mcpserver.tests\bin\debug\net9.0\coa.codesearch.mcpserver.tests.dll" id="9b546aeb-4f70-6fbd-f238-892a7751c263">
      <Execution id="72e90d4f-5013-4270-bd9b-f976c99dd70b" />
      <TestMethod codeBase="C:\source\COA CodeSearch MCP\COA.CodeSearch.McpServer.Tests\bin\Debug\net9.0\COA.CodeSearch.McpServer.Tests.dll" adapterTypeName="executor://nunit3testexecutor/" className="COA.CodeSearch.McpServer.Tests.Tools.ReplaceLinesToolTests" name="ExecuteAsync_ReplaceSingleLine_ReplacesCorrectly" />
    </UnitTest>
    <UnitTest name="ApplyIndentation_ConsistentBehavior_PreservesLogic" storage="c:\source\coa codesearch mcp\coa.codesearch.mcpserver.tests\bin\debug\net9.0\coa.codesearch.mcpserver.tests.dll" id="dc053fd2-ff23-067f-a296-e7998a2cbbbf">
      <Execution id="311fde19-f2a8-4a3c-a516-a1e9212548cc" />
      <TestMethod codeBase="C:\source\COA CodeSearch MCP\COA.CodeSearch.McpServer.Tests\bin\Debug\net9.0\COA.CodeSearch.McpServer.Tests.dll" adapterTypeName="executor://nunit3testexecutor/" className="COA.CodeSearch.McpServer.Tests.Services.FileLineUtilitiesTests" name="ApplyIndentation_ConsistentBehavior_PreservesLogic" />
    </UnitTest>
    <UnitTest name="ExecuteAsync_ResponseModes_AffectOutput" storage="c:\source\coa codesearch mcp\coa.codesearch.mcpserver.tests\bin\debug\net9.0\coa.codesearch.mcpserver.tests.dll" id="3ed00cc3-78ca-6608-eef7-d88390abe48c">
      <Execution id="42f1e133-a440-4632-aa01-8a4c3dfe1d70" />
      <TestMethod codeBase="C:\source\COA CodeSearch MCP\COA.CodeSearch.McpServer.Tests\bin\Debug\net9.0\COA.CodeSearch.McpServer.Tests.dll" adapterTypeName="executor://nunit3testexecutor/" className="COA.CodeSearch.McpServer.Tests.Tools.SimilarFilesToolTests" name="ExecuteAsync_ResponseModes_AffectOutput" />
    </UnitTest>
    <UnitTest name="ExecuteAsync_EmptySearchResults_ReturnsNoMatches" storage="c:\source\coa codesearch mcp\coa.codesearch.mcpserver.tests\bin\debug\net9.0\coa.codesearch.mcpserver.tests.dll" id="cb96603a-b6c5-2087-2ba7-4ed2f241e41d">
      <Execution id="e78b4676-0b03-4186-8be6-0be2b24200a6" />
      <TestMethod codeBase="C:\source\COA CodeSearch MCP\COA.CodeSearch.McpServer.Tests\bin\Debug\net9.0\COA.CodeSearch.McpServer.Tests.dll" adapterTypeName="executor://nunit3testexecutor/" className="COA.CodeSearch.McpServer.Tests.Tools.SearchAndReplaceToolTests" name="ExecuteAsync_EmptySearchResults_ReturnsNoMatches" />
    </UnitTest>
    <UnitTest name="ExecuteAsync_Should_Cache_Results_By_Default" storage="c:\source\coa codesearch mcp\coa.codesearch.mcpserver.tests\bin\debug\net9.0\coa.codesearch.mcpserver.tests.dll" id="0ab2e78f-df9e-ee65-c2fa-b6228220d9cd">
      <Execution id="1392266b-4261-4153-92f5-003917d0f3e9" />
      <TestMethod codeBase="C:\source\COA CodeSearch MCP\COA.CodeSearch.McpServer.Tests\bin\Debug\net9.0\COA.CodeSearch.McpServer.Tests.dll" adapterTypeName="executor://nunit3testexecutor/" className="COA.CodeSearch.McpServer.Tests.Tools.FileSearchToolTests" name="ExecuteAsync_Should_Cache_Results_By_Default" />
    </UnitTest>
    <UnitTest name="ExecuteAsync_ValidSymbolName_ReturnsReferences" storage="c:\source\coa codesearch mcp\coa.codesearch.mcpserver.tests\bin\debug\net9.0\coa.codesearch.mcpserver.tests.dll" id="94fe149f-c924-a2f8-62a2-d566a776459a">
      <Execution id="85701cab-708d-41ac-b113-bdde0655daf8" />
      <TestMethod codeBase="C:\source\COA CodeSearch MCP\COA.CodeSearch.McpServer.Tests\bin\Debug\net9.0\COA.CodeSearch.McpServer.Tests.dll" adapterTypeName="executor://nunit3testexecutor/" className="COA.CodeSearch.McpServer.Tests.Tools.FindReferencesToolTests" name="ExecuteAsync_ValidSymbolName_ReturnsReferences" />
    </UnitTest>
    <UnitTest name="DiffValidator_MixedUnicodeContent_ShouldHandleCorrectly" storage="c:\source\coa codesearch mcp\coa.codesearch.mcpserver.tests\bin\debug\net9.0\coa.codesearch.mcpserver.tests.dll" id="e8617ad0-b59a-8564-2a05-563cfae538d0">
      <Execution id="2ce6c758-d062-491e-9196-b8f8a319417d" />
      <TestMethod codeBase="C:\source\COA CodeSearch MCP\COA.CodeSearch.McpServer.Tests\bin\Debug\net9.0\COA.CodeSearch.McpServer.Tests.dll" adapterTypeName="executor://nunit3testexecutor/" className="COA.CodeSearch.McpServer.Tests.Integration.EncodingPreservationTests" name="DiffValidator_MixedUnicodeContent_ShouldHandleCorrectly" />
    </UnitTest>
    <UnitTest name="DiffValidator_LineEndingMismatch_ShouldDetectViolation" storage="c:\source\coa codesearch mcp\coa.codesearch.mcpserver.tests\bin\debug\net9.0\coa.codesearch.mcpserver.tests.dll" id="7f1ec652-7354-8da4-7555-762e11c8f4b3">
      <Execution id="f07eea76-62ea-4971-b9bb-0b42a91b0b55" />
      <TestMethod codeBase="C:\source\COA CodeSearch MCP\COA.CodeSearch.McpServer.Tests\bin\Debug\net9.0\COA.CodeSearch.McpServer.Tests.dll" adapterTypeName="executor://nunit3testexecutor/" className="COA.CodeSearch.McpServer.Tests.Integration.LineEndingPreservationTests" name="DiffValidator_LineEndingMismatch_ShouldDetectViolation" />
    </UnitTest>
    <UnitTest name="InsertAtLine_PrioritizesSurroundingContext_ShouldNotUseInconsistentTargetLineIndentation" storage="c:\source\coa codesearch mcp\coa.codesearch.mcpserver.tests\bin\debug\net9.0\coa.codesearch.mcpserver.tests.dll" id="c85b8a97-5946-3d73-4b40-c2b28fa6df80">
      <Execution id="5ddaed02-303c-4f70-b630-65a09fe2de6c" />
      <TestMethod codeBase="C:\source\COA CodeSearch MCP\COA.CodeSearch.McpServer.Tests\bin\Debug\net9.0\COA.CodeSearch.McpServer.Tests.dll" adapterTypeName="executor://nunit3testexecutor/" className="COA.CodeSearch.McpServer.Tests.Tools.InsertAtLineIndentationTests" name="InsertAtLine_PrioritizesSurroundingContext_ShouldNotUseInconsistentTargetLineIndentation" />
    </UnitTest>
    <UnitTest name="ExecuteAsync_Should_Return_Recent_Files_When_Found" storage="c:\source\coa codesearch mcp\coa.codesearch.mcpserver.tests\bin\debug\net9.0\coa.codesearch.mcpserver.tests.dll" id="d975f63f-5e92-66d2-a4f7-4775138e65da">
      <Execution id="2fc88e1a-96dc-4cf9-909e-67e9076c036a" />
      <TestMethod codeBase="C:\source\COA CodeSearch MCP\COA.CodeSearch.McpServer.Tests\bin\Debug\net9.0\COA.CodeSearch.McpServer.Tests.dll" adapterTypeName="executor://nunit3testexecutor/" className="COA.CodeSearch.McpServer.Tests.Tools.RecentFilesToolTests" name="ExecuteAsync_Should_Return_Recent_Files_When_Found" />
    </UnitTest>
    <UnitTest name="ValidateEdit_ComplexMultiLineEdit_ShouldValidateAccurately" storage="c:\source\coa codesearch mcp\coa.codesearch.mcpserver.tests\bin\debug\net9.0\coa.codesearch.mcpserver.tests.dll" id="a16c6aa5-5fdf-d0c4-70f0-fc684d4ae0cf">
      <Execution id="338259e5-d91c-4a26-b98c-e4fbabbceb89" />
      <TestMethod codeBase="C:\source\COA CodeSearch MCP\COA.CodeSearch.McpServer.Tests\bin\Debug\net9.0\COA.CodeSearch.McpServer.Tests.dll" adapterTypeName="executor://nunit3testexecutor/" className="COA.CodeSearch.McpServer.Tests.Helpers.DiffValidatorTests" name="ValidateEdit_ComplexMultiLineEdit_ShouldValidateAccurately" />
    </UnitTest>
    <UnitTest name="Tool_Should_Have_Correct_Metadata" storage="c:\source\coa codesearch mcp\coa.codesearch.mcpserver.tests\bin\debug\net9.0\coa.codesearch.mcpserver.tests.dll" id="affcaea5-fc17-1749-de40-678d162823fe">
      <Execution id="81784683-335b-440a-a240-be0ce3cb1e78" />
      <TestMethod codeBase="C:\source\COA CodeSearch MCP\COA.CodeSearch.McpServer.Tests\bin\Debug\net9.0\COA.CodeSearch.McpServer.Tests.dll" adapterTypeName="executor://nunit3testexecutor/" className="COA.CodeSearch.McpServer.Tests.Tools.TextSearchToolTests" name="Tool_Should_Have_Correct_Metadata" />
    </UnitTest>
    <UnitTest name="EditCSharpClass_MethodReplacement_PreservesCodeStructure" storage="c:\source\coa codesearch mcp\coa.codesearch.mcpserver.tests\bin\debug\net9.0\coa.codesearch.mcpserver.tests.dll" id="5546c84b-ef2a-f0ad-6bbe-24837ab08b8f">
      <Execution id="06c99e9b-9fb7-4936-84db-fe6d4c41d923" />
      <TestMethod codeBase="C:\source\COA CodeSearch MCP\COA.CodeSearch.McpServer.Tests\bin\Debug\net9.0\COA.CodeSearch.McpServer.Tests.dll" adapterTypeName="executor://nunit3testexecutor/" className="COA.CodeSearch.McpServer.Tests.Integration.RealWorldFileEditingTests" name="EditCSharpClass_MethodReplacement_PreservesCodeStructure" />
    </UnitTest>
    <UnitTest name="DiffValidator_UTF8BOMPreservation_ShouldValidateCorrectly" storage="c:\source\coa codesearch mcp\coa.codesearch.mcpserver.tests\bin\debug\net9.0\coa.codesearch.mcpserver.tests.dll" id="7a16c79c-6845-354d-9577-016988f18c85">
      <Execution id="e7052d26-9c1c-4675-bbba-abc4d38e65e5" />
      <TestMethod codeBase="C:\source\COA CodeSearch MCP\COA.CodeSearch.McpServer.Tests\bin\Debug\net9.0\COA.CodeSearch.McpServer.Tests.dll" adapterTypeName="executor://nunit3testexecutor/" className="COA.CodeSearch.McpServer.Tests.Integration.EncodingPreservationTests" name="DiffValidator_UTF8BOMPreservation_ShouldValidateCorrectly" />
    </UnitTest>
    <UnitTest name="ExecuteAsync_Should_Store_Full_Results_When_Truncated" storage="c:\source\coa codesearch mcp\coa.codesearch.mcpserver.tests\bin\debug\net9.0\coa.codesearch.mcpserver.tests.dll" id="b64cf354-e98d-fe23-aa89-f2a43d219dd8">
      <Execution id="682257b7-7b8f-4834-ada7-3387b0038eaf" />
      <TestMethod codeBase="C:\source\COA CodeSearch MCP\COA.CodeSearch.McpServer.Tests\bin\Debug\net9.0\COA.CodeSearch.McpServer.Tests.dll" adapterTypeName="executor://nunit3testexecutor/" className="COA.CodeSearch.McpServer.Tests.Tools.TextSearchToolTests" name="ExecuteAsync_Should_Store_Full_Results_When_Truncated" />
    </UnitTest>
    <UnitTest name="ExecuteAsync_Should_Store_Metadata_Even_When_Reindexing" storage="c:\source\coa codesearch mcp\coa.codesearch.mcpserver.tests\bin\debug\net9.0\coa.codesearch.mcpserver.tests.dll" id="82ad39dc-0184-3b21-9add-a730ae927107">
      <Execution id="88bc7a64-cb27-44b1-a95e-a67d4e9c60df" />
      <TestMethod codeBase="C:\source\COA CodeSearch MCP\COA.CodeSearch.McpServer.Tests\bin\Debug\net9.0\COA.CodeSearch.McpServer.Tests.dll" adapterTypeName="executor://nunit3testexecutor/" className="COA.CodeSearch.McpServer.Tests.Tools.IndexWorkspaceToolTests" name="ExecuteAsync_Should_Store_Metadata_Even_When_Reindexing" />
    </UnitTest>
    <UnitTest name="ExecuteAsync_PreviewMode_NoFilesModified" storage="c:\source\coa codesearch mcp\coa.codesearch.mcpserver.tests\bin\debug\net9.0\coa.codesearch.mcpserver.tests.dll" id="951faa32-bfb9-0f48-7dcf-8c4b81b70939">
      <Execution id="927cb6c7-8983-49a4-a280-24a836a26fe9" />
      <TestMethod codeBase="C:\source\COA CodeSearch MCP\COA.CodeSearch.McpServer.Tests\bin\Debug\net9.0\COA.CodeSearch.McpServer.Tests.dll" adapterTypeName="executor://nunit3testexecutor/" className="COA.CodeSearch.McpServer.Tests.Tools.SearchAndReplaceToolTests" name="ExecuteAsync_PreviewMode_NoFilesModified" />
    </UnitTest>
    <UnitTest name="NullableDereference_LineDataOperations_SafeAccess" storage="c:\source\coa codesearch mcp\coa.codesearch.mcpserver.tests\bin\debug\net9.0\coa.codesearch.mcpserver.tests.dll" id="64192cf5-0f47-c89f-33f9-510f4a3eb54e">
      <Execution id="63ce9670-8e40-49f0-b89a-d4ac1d1edef9" />
      <TestMethod codeBase="C:\source\COA CodeSearch MCP\COA.CodeSearch.McpServer.Tests\bin\Debug\net9.0\COA.CodeSearch.McpServer.Tests.dll" adapterTypeName="executor://nunit3testexecutor/" className="COA.CodeSearch.McpServer.Tests.NullableReferenceValidationTests" name="NullableDereference_LineDataOperations_SafeAccess" />
    </UnitTest>
    <UnitTest name="ExecuteAsync_Should_Return_Error_When_Workspace_Not_Indexed" storage="c:\source\coa codesearch mcp\coa.codesearch.mcpserver.tests\bin\debug\net9.0\coa.codesearch.mcpserver.tests.dll" id="61e4a80c-0dab-fe3f-1d1f-21e3d7caa899">
      <Execution id="07fa1c1d-cd32-45b5-b4d0-92832320ab28" />
      <TestMethod codeBase="C:\source\COA CodeSearch MCP\COA.CodeSearch.McpServer.Tests\bin\Debug\net9.0\COA.CodeSearch.McpServer.Tests.dll" adapterTypeName="executor://nunit3testexecutor/" className="COA.CodeSearch.McpServer.Tests.Tools.TextSearchToolTests" name="ExecuteAsync_Should_Return_Error_When_Workspace_Not_Indexed" />
    </UnitTest>
    <UnitTest name="ExecuteAsync_WithNoIndex_ShouldReturnIndexNotFoundError" storage="c:\source\coa codesearch mcp\coa.codesearch.mcpserver.tests\bin\debug\net9.0\coa.codesearch.mcpserver.tests.dll" id="7281b73a-557a-a394-84fe-16d1ffda6257">
      <Execution id="da9be683-1fa1-43c3-b038-3a9f19e7b49a" />
      <TestMethod codeBase="C:\source\COA CodeSearch MCP\COA.CodeSearch.McpServer.Tests\bin\Debug\net9.0\COA.CodeSearch.McpServer.Tests.dll" adapterTypeName="executor://nunit3testexecutor/" className="COA.CodeSearch.McpServer.Tests.Tools.DirectorySearchToolTests" name="ExecuteAsync_WithNoIndex_ShouldReturnIndexNotFoundError" />
    </UnitTest>
    <UnitTest name="ExecuteAsync_SingleLine_DeletesCorrectLine" storage="c:\source\coa codesearch mcp\coa.codesearch.mcpserver.tests\bin\debug\net9.0\coa.codesearch.mcpserver.tests.dll" id="24f2e201-f85f-9eb7-f5d2-36095b3f4e2f">
      <Execution id="b5c5d8d5-5eb2-4b75-92be-8ac93d896e8e" />
      <TestMethod codeBase="C:\source\COA CodeSearch MCP\COA.CodeSearch.McpServer.Tests\bin\Debug\net9.0\COA.CodeSearch.McpServer.Tests.dll" adapterTypeName="executor://nunit3testexecutor/" className="COA.CodeSearch.McpServer.Tests.Tools.DeleteLinesToolTests" name="ExecuteAsync_SingleLine_DeletesCorrectLine" />
    </UnitTest>
    <UnitTest name="ExecuteAsync_InsertAtEnd_InsertsCorrectly" storage="c:\source\coa codesearch mcp\coa.codesearch.mcpserver.tests\bin\debug\net9.0\coa.codesearch.mcpserver.tests.dll" id="feb1363a-0943-d89e-e5f1-d7d186e0e225">
      <Execution id="86e45059-e28b-49e1-9c5b-0900f2caa217" />
      <TestMethod codeBase="C:\source\COA CodeSearch MCP\COA.CodeSearch.McpServer.Tests\bin\Debug\net9.0\COA.CodeSearch.McpServer.Tests.dll" adapterTypeName="executor://nunit3testexecutor/" className="COA.CodeSearch.McpServer.Tests.Tools.InsertAtLineToolTests" name="ExecuteAsync_InsertAtEnd_InsertsCorrectly" />
    </UnitTest>
    <UnitTest name="ExecuteAsync_Should_Handle_Type_Extraction_Failure" storage="c:\source\coa codesearch mcp\coa.codesearch.mcpserver.tests\bin\debug\net9.0\coa.codesearch.mcpserver.tests.dll" id="4beb2aec-8c4b-e06f-a1f7-915f7a881505">
      <Execution id="b8b319fb-726e-4aa6-a1df-64adbaf0e41a" />
      <TestMethod codeBase="C:\source\COA CodeSearch MCP\COA.CodeSearch.McpServer.Tests\bin\Debug\net9.0\COA.CodeSearch.McpServer.Tests.dll" adapterTypeName="executor://nunit3testexecutor/" className="COA.CodeSearch.McpServer.Tests.Tools.FindPatternsToolTests" name="ExecuteAsync_Should_Handle_Type_Extraction_Failure" />
    </UnitTest>
    <UnitTest name="ExecuteAsync_Should_Return_Cached_Results_When_Available" storage="c:\source\coa codesearch mcp\coa.codesearch.mcpserver.tests\bin\debug\net9.0\coa.codesearch.mcpserver.tests.dll" id="b9239865-81ea-25a3-e27a-8564f519f23d">
      <Execution id="e5203e83-9527-4547-9749-6ec7bd3c63b6" />
      <TestMethod codeBase="C:\source\COA CodeSearch MCP\COA.CodeSearch.McpServer.Tests\bin\Debug\net9.0\COA.CodeSearch.McpServer.Tests.dll" adapterTypeName="executor://nunit3testexecutor/" className="COA.CodeSearch.McpServer.Tests.Tools.TextSearchToolTests" name="ExecuteAsync_Should_Return_Cached_Results_When_Available" />
    </UnitTest>
    <UnitTest name="EditFileWithUnicodeContent_PreservesSpecialCharacters" storage="c:\source\coa codesearch mcp\coa.codesearch.mcpserver.tests\bin\debug\net9.0\coa.codesearch.mcpserver.tests.dll" id="c851a611-4c0a-ba81-12d8-417f8176c3ed">
      <Execution id="74dc6e31-92ad-474a-bbbf-e197209e1f4d" />
      <TestMethod codeBase="C:\source\COA CodeSearch MCP\COA.CodeSearch.McpServer.Tests\bin\Debug\net9.0\COA.CodeSearch.McpServer.Tests.dll" adapterTypeName="executor://nunit3testexecutor/" className="COA.CodeSearch.McpServer.Tests.Integration.RealWorldFileEditingTests" name="EditFileWithUnicodeContent_PreservesSpecialCharacters" />
    </UnitTest>
  </TestDefinitions>
  <TestEntries>
    <TestEntry testId="0289a2e7-b4eb-8ae7-0d13-e964073eba07" executionId="573843f2-cd6c-4713-a640-4f560df2647d" testListId="8c84fa94-04c1-424b-9868-57a2d4851a1d" />
    <TestEntry testId="7e268be7-07e0-df66-4f5a-188c961085a4" executionId="dc54be37-e8e1-400e-9678-3b9114ab2ab4" testListId="8c84fa94-04c1-424b-9868-57a2d4851a1d" />
    <TestEntry testId="cb77d9ca-7498-f7ac-1878-23baa5d37d3c" executionId="9fa0a164-c582-4f53-830c-8f74a80d16aa" testListId="8c84fa94-04c1-424b-9868-57a2d4851a1d" />
    <TestEntry testId="1131870c-8fea-1f32-8a7c-dcb61ec50b9d" executionId="d9a881b7-1685-4f39-a826-1bd66ee181a6" testListId="8c84fa94-04c1-424b-9868-57a2d4851a1d" />
    <TestEntry testId="5a7358ad-0de1-e151-10c6-8a60449e3631" executionId="395a7a77-71a7-45d0-80f1-d06742f5901a" testListId="8c84fa94-04c1-424b-9868-57a2d4851a1d" />
    <TestEntry testId="36a91bdd-c3d5-277c-3a6b-0394ec010faa" executionId="5ac2779f-9976-4d63-a9de-8f43309ae816" testListId="8c84fa94-04c1-424b-9868-57a2d4851a1d" />
    <TestEntry testId="e7e96ba6-37ce-6c9e-8536-2567f17f6580" executionId="90880543-c230-418e-8f90-f5ad244c442c" testListId="8c84fa94-04c1-424b-9868-57a2d4851a1d" />
    <TestEntry testId="08183f80-42fa-c064-54ec-87dd489f1eb0" executionId="80e3e8f9-e8fb-4d82-aff8-75cbb6dac8f2" testListId="8c84fa94-04c1-424b-9868-57a2d4851a1d" />
    <TestEntry testId="1977d3aa-09f7-de3d-61bc-5bfde8841759" executionId="91843b33-0cba-4987-a834-c75021f900d7" testListId="8c84fa94-04c1-424b-9868-57a2d4851a1d" />
    <TestEntry testId="a5c90eb6-6d18-bae3-3ebd-1cd0ea3b995b" executionId="a796b642-1e20-4193-9def-cd4f649a5d74" testListId="8c84fa94-04c1-424b-9868-57a2d4851a1d" />
    <TestEntry testId="a082c3ce-e2d1-200c-cdba-112b0003326f" executionId="da2bedaa-3c6d-46d5-8794-3a035f02c411" testListId="8c84fa94-04c1-424b-9868-57a2d4851a1d" />
    <TestEntry testId="21b53016-2dd4-875f-1a22-977b3ac956fe" executionId="ddd83f0a-455a-4ab3-b89d-3698d3297a0c" testListId="8c84fa94-04c1-424b-9868-57a2d4851a1d" />
    <TestEntry testId="4c58b71a-ac72-d6c1-76f3-f24cbe6f496a" executionId="f74ab582-b6a2-4b66-a573-5fcc2f2cf6ea" testListId="8c84fa94-04c1-424b-9868-57a2d4851a1d" />
    <TestEntry testId="68516648-4a86-408d-b0bf-e8823cf08007" executionId="a1826bc9-bd5a-4e95-981e-11b1ba9742a0" testListId="8c84fa94-04c1-424b-9868-57a2d4851a1d" />
    <TestEntry testId="1aa7279c-8a67-9c39-8baf-9ea59ed49bd7" executionId="a35811b8-bf78-4501-956f-2322bc11e493" testListId="8c84fa94-04c1-424b-9868-57a2d4851a1d" />
    <TestEntry testId="30a031d6-13bf-4af7-5783-84702af45522" executionId="2f02a265-150e-4cd9-99ee-ea9ff3a4e99b" testListId="8c84fa94-04c1-424b-9868-57a2d4851a1d" />
    <TestEntry testId="1f875262-2752-ffca-8a22-70fb87d03e65" executionId="66b9ecac-b36f-4ce1-8c70-473c27464055" testListId="8c84fa94-04c1-424b-9868-57a2d4851a1d" />
    <TestEntry testId="bfa6ab72-fad6-99b9-6055-3a00e10d1609" executionId="616964d7-d766-4195-b9c7-48badfd2bf1a" testListId="8c84fa94-04c1-424b-9868-57a2d4851a1d" />
    <TestEntry testId="b7c32585-29ed-8590-7dd4-52055f81162f" executionId="d1452d1b-933b-4d35-860e-572f20a10864" testListId="8c84fa94-04c1-424b-9868-57a2d4851a1d" />
    <TestEntry testId="115d073d-323e-5c4d-1b89-4f45db9420cc" executionId="cd36d79a-9368-4dfc-b5b5-c828c30f9b39" testListId="8c84fa94-04c1-424b-9868-57a2d4851a1d" />
    <TestEntry testId="b6645825-0e2d-b86c-d3eb-82a8c700376e" executionId="4bea0dd0-b038-44e5-ac7b-85070bb9df9b" testListId="8c84fa94-04c1-424b-9868-57a2d4851a1d" />
    <TestEntry testId="c85b8a97-5946-3d73-4b40-c2b28fa6df80" executionId="5ddaed02-303c-4f70-b630-65a09fe2de6c" testListId="8c84fa94-04c1-424b-9868-57a2d4851a1d" />
    <TestEntry testId="58ecfbb6-3219-1740-780d-2b68b5e2ecf5" executionId="d5072b32-b702-4670-8c44-8b943c7fdb8a" testListId="8c84fa94-04c1-424b-9868-57a2d4851a1d" />
    <TestEntry testId="29bd3670-5518-af4d-a10d-c558d9a8adba" executionId="40193174-fcaf-41a3-b209-6e79331ec10f" testListId="8c84fa94-04c1-424b-9868-57a2d4851a1d" />
    <TestEntry testId="feb1363a-0943-d89e-e5f1-d7d186e0e225" executionId="86e45059-e28b-49e1-9c5b-0900f2caa217" testListId="8c84fa94-04c1-424b-9868-57a2d4851a1d" />
    <TestEntry testId="b9b5e1e6-2f31-0f77-90dc-797d268a1f9e" executionId="bb02160f-1e71-4be9-a32c-61b0b8d03cbc" testListId="8c84fa94-04c1-424b-9868-57a2d4851a1d" />
    <TestEntry testId="54d8571e-6a01-ce32-d565-e72d698f01a3" executionId="16403d99-cd0a-483c-928a-9bba77b7fc27" testListId="8c84fa94-04c1-424b-9868-57a2d4851a1d" />
    <TestEntry testId="c4551258-4c82-1521-e027-e441b7bf927a" executionId="cdf6fd98-0ecc-4051-aa28-bfa8d8e5c1b0" testListId="8c84fa94-04c1-424b-9868-57a2d4851a1d" />
    <TestEntry testId="988ffa7f-3064-3484-177e-dbe1c7328854" executionId="807a89ff-6276-4485-bf0a-fdac60d51934" testListId="8c84fa94-04c1-424b-9868-57a2d4851a1d" />
    <TestEntry testId="641c634e-4606-fd53-623b-3c984bfc61aa" executionId="95709ee5-77d0-45ea-87db-7caba539c457" testListId="8c84fa94-04c1-424b-9868-57a2d4851a1d" />
    <TestEntry testId="c491b78e-5e66-36f0-be47-7ad42f7f11f7" executionId="da3cfd67-ad65-4601-ad9c-f1af5eb700e3" testListId="8c84fa94-04c1-424b-9868-57a2d4851a1d" />
    <TestEntry testId="336a5061-4247-7712-2200-ed245d122176" executionId="1df88d86-9875-4856-b6f0-76e2de317f30" testListId="8c84fa94-04c1-424b-9868-57a2d4851a1d" />
    <TestEntry testId="e2d9e28b-1238-7e2e-962d-cfac413c8263" executionId="a7f0809f-1bba-410b-91bc-06e7139a7cd3" testListId="8c84fa94-04c1-424b-9868-57a2d4851a1d" />
    <TestEntry testId="3a8f31e8-6c87-f81c-421c-5c3352191657" executionId="080e741d-62b1-4b6d-8606-2320b48a3801" testListId="8c84fa94-04c1-424b-9868-57a2d4851a1d" />
    <TestEntry testId="45987928-ca77-d223-443f-59cc06c11a50" executionId="a03c413d-6bd9-4699-9751-39057522f93c" testListId="8c84fa94-04c1-424b-9868-57a2d4851a1d" />
    <TestEntry testId="cb96603a-b6c5-2087-2ba7-4ed2f241e41d" executionId="e78b4676-0b03-4186-8be6-0be2b24200a6" testListId="8c84fa94-04c1-424b-9868-57a2d4851a1d" />
    <TestEntry testId="4febb879-85fd-0a7d-8fb1-ed3b0f8987fb" executionId="5e4bc298-143b-4340-a2cb-0ff7ed69fd0a" testListId="8c84fa94-04c1-424b-9868-57a2d4851a1d" />
    <TestEntry testId="b9c310f0-baf7-9474-e47c-10c22c803cff" executionId="1cae4eb6-7a7b-4fa1-b029-5c7215d2d393" testListId="8c84fa94-04c1-424b-9868-57a2d4851a1d" />
    <TestEntry testId="14ab1410-34c7-ceec-2e9f-26dfa0408cb6" executionId="9f9e39b7-2ba3-4a97-b7e8-ce21e883b06a" testListId="8c84fa94-04c1-424b-9868-57a2d4851a1d" />
    <TestEntry testId="a7717790-3d51-7752-0b58-bdf55d681a24" executionId="f35af53a-a784-4843-bff9-3f657ad5bb8a" testListId="8c84fa94-04c1-424b-9868-57a2d4851a1d" />
    <TestEntry testId="bed99d7e-a80e-6e92-46cb-8a690d6c823d" executionId="31ae46d1-4715-4d39-814a-32d2105f0bd8" testListId="8c84fa94-04c1-424b-9868-57a2d4851a1d" />
    <TestEntry testId="02ae6d7c-eb83-871f-6572-a3160312ced6" executionId="33ef3a68-6296-4cdb-8061-1a481056b2ad" testListId="8c84fa94-04c1-424b-9868-57a2d4851a1d" />
    <TestEntry testId="0d896243-c614-5ded-5873-5abd0a986977" executionId="ca05deb4-0687-4736-9f54-974d76b64dd8" testListId="8c84fa94-04c1-424b-9868-57a2d4851a1d" />
    <TestEntry testId="82ad39dc-0184-3b21-9add-a730ae927107" executionId="88bc7a64-cb27-44b1-a95e-a67d4e9c60df" testListId="8c84fa94-04c1-424b-9868-57a2d4851a1d" />
    <TestEntry testId="e26d7ccf-cee0-62d1-b931-abf14357b0bb" executionId="b513ed6e-f668-428d-9d83-6a5d3b21185e" testListId="8c84fa94-04c1-424b-9868-57a2d4851a1d" />
    <TestEntry testId="1333c975-a0fd-d2a9-0e05-f08c9a3733cb" executionId="05136f81-e483-452b-9bbf-7e16ef4f5c59" testListId="8c84fa94-04c1-424b-9868-57a2d4851a1d" />
    <TestEntry testId="c40a1f24-94d7-62f6-d1b5-dcc1e2a509df" executionId="58626dfe-d51a-4bb9-9331-6a4f3c57f1f6" testListId="8c84fa94-04c1-424b-9868-57a2d4851a1d" />
    <TestEntry testId="831c1e55-6e64-04a9-2fab-a7fba60fbbd9" executionId="beecf2df-2683-4330-a0d0-4629c36c67c7" testListId="8c84fa94-04c1-424b-9868-57a2d4851a1d" />
    <TestEntry testId="4d6e7b7e-5391-116c-74e3-4f7efab7b719" executionId="7c1f40e9-a52b-4561-bff0-9376b3190edf" testListId="8c84fa94-04c1-424b-9868-57a2d4851a1d" />
    <TestEntry testId="3c754275-dd5c-c5a1-00ea-c44d22195e34" executionId="f5a40f1e-fd4d-4b51-a710-01630b9bfd2d" testListId="8c84fa94-04c1-424b-9868-57a2d4851a1d" />
    <TestEntry testId="fbe36bc5-ef2c-ef9c-6d5d-459f2e687717" executionId="98773bab-cb31-409b-923f-e27a1e0f14d3" testListId="8c84fa94-04c1-424b-9868-57a2d4851a1d" />
    <TestEntry testId="30f15154-697f-538f-2c16-1d6308409c87" executionId="1e3d125d-611d-467a-ada6-435fd67097f5" testListId="8c84fa94-04c1-424b-9868-57a2d4851a1d" />
    <TestEntry testId="20bd5a90-1aca-554c-f334-3cf5e0c2c1a8" executionId="c41d89be-abb9-4888-a3a8-5084e89241ff" testListId="8c84fa94-04c1-424b-9868-57a2d4851a1d" />
    <TestEntry testId="de647e1e-4bc0-49d6-887d-65ed4daad473" executionId="d550b026-5322-4e8b-a5bc-adcdf50f722e" testListId="8c84fa94-04c1-424b-9868-57a2d4851a1d" />
    <TestEntry testId="cee38744-169c-f64b-0ed0-b2f6db3a9da1" executionId="6129050f-068f-43be-a17b-ddae6468ea89" testListId="8c84fa94-04c1-424b-9868-57a2d4851a1d" />
    <TestEntry testId="b6a2ae4a-18ec-d713-ebb7-3990ce6b8ee1" executionId="114767f2-54a4-451d-93e2-f65d98afb4ea" testListId="8c84fa94-04c1-424b-9868-57a2d4851a1d" />
    <TestEntry testId="5942facf-bcc2-e09a-d3d5-3a9d91228a22" executionId="d2d1e33b-cb3f-4246-8db1-62e727768f28" testListId="8c84fa94-04c1-424b-9868-57a2d4851a1d" />
    <TestEntry testId="4a87e8ad-04fb-a693-b697-a98f46f8aea8" executionId="95f1127a-d696-4f66-98d4-6913a2b780bb" testListId="8c84fa94-04c1-424b-9868-57a2d4851a1d" />
    <TestEntry testId="77d07cd0-babe-a442-f286-fa3ce5a4f058" executionId="36528d49-de22-43a5-a04c-e1ce076c2961" testListId="8c84fa94-04c1-424b-9868-57a2d4851a1d" />
    <TestEntry testId="0d29fa0b-c2e9-f69d-31c9-d9b22d38e871" executionId="18cbbe68-a1aa-440f-87ff-8c683af118b2" testListId="8c84fa94-04c1-424b-9868-57a2d4851a1d" />
    <TestEntry testId="e324d320-e3d3-c088-35aa-a58ee7a7e89b" executionId="f62ae19c-636c-4b00-8097-28b288937f5b" testListId="8c84fa94-04c1-424b-9868-57a2d4851a1d" />
    <TestEntry testId="e86d6d82-0ce0-d851-dd71-ebc98ec473ec" executionId="7c6e4693-90e7-49aa-b12b-dcde7fb2d3d0" testListId="8c84fa94-04c1-424b-9868-57a2d4851a1d" />
    <TestEntry testId="09cea5f4-f732-1d4e-9bb2-954f155f4594" executionId="d0a1bb4b-f4d5-4e49-9d66-628b31945285" testListId="8c84fa94-04c1-424b-9868-57a2d4851a1d" />
    <TestEntry testId="15c48608-d196-d3c3-c14a-1ee4ed65a96b" executionId="eb741655-6999-4816-acfd-5b3ad92eddaf" testListId="8c84fa94-04c1-424b-9868-57a2d4851a1d" />
    <TestEntry testId="5d84348a-4728-f743-fb4d-aa4f4b1cd017" executionId="4cd9c018-42c9-442e-b70d-ecde839204d0" testListId="8c84fa94-04c1-424b-9868-57a2d4851a1d" />
    <TestEntry testId="3900264b-2cb3-b232-f26d-4523cbbedbd5" executionId="f607469f-1dbb-4b4f-8065-bdc95374a3ff" testListId="8c84fa94-04c1-424b-9868-57a2d4851a1d" />
    <TestEntry testId="07078b4b-51c8-42f8-1af8-af9098a00313" executionId="6ffd208e-389a-4cc7-8c31-7d22fdfdb7a3" testListId="8c84fa94-04c1-424b-9868-57a2d4851a1d" />
    <TestEntry testId="f7270f64-5f9c-70db-c262-ebf57259aafb" executionId="36e2ccd8-ea12-4d00-ac3f-db6f29c3454b" testListId="8c84fa94-04c1-424b-9868-57a2d4851a1d" />
    <TestEntry testId="8b155b4d-a580-439b-a45e-2bdf45aad182" executionId="a10f188c-6ae4-4618-9870-5dff36f5b5fe" testListId="8c84fa94-04c1-424b-9868-57a2d4851a1d" />
    <TestEntry testId="30dc8060-afd6-3b40-8152-960c12345ec6" executionId="4a87c546-80a0-45b8-a69d-457bf7dfc299" testListId="8c84fa94-04c1-424b-9868-57a2d4851a1d" />
    <TestEntry testId="484b8c1d-4df6-b62b-b60c-57a9dfa12014" executionId="72ed0401-98e1-428f-9623-458792a07b7e" testListId="8c84fa94-04c1-424b-9868-57a2d4851a1d" />
    <TestEntry testId="326eb41d-b5f5-53f1-0d6f-0f5d466bccc1" executionId="c77ab097-3a12-4f2f-9a8c-db69f8196a4a" testListId="8c84fa94-04c1-424b-9868-57a2d4851a1d" />
    <TestEntry testId="c41b1d63-dd1b-5812-a822-5d35a364f148" executionId="0499bc6a-c4f3-4c1c-84eb-e178a09bc7eb" testListId="8c84fa94-04c1-424b-9868-57a2d4851a1d" />
    <TestEntry testId="d9639a47-b934-e44a-f236-d0ccde0de455" executionId="5668b431-7c0a-48a1-859e-51faeacbbd80" testListId="8c84fa94-04c1-424b-9868-57a2d4851a1d" />
    <TestEntry testId="5e4a8e81-44ad-86eb-ab92-6a71f1e8a5cc" executionId="550ce4c3-08c5-42ef-adf1-4ecf5df301c9" testListId="8c84fa94-04c1-424b-9868-57a2d4851a1d" />
    <TestEntry testId="66043dc8-527f-e3c8-75cc-54ba4ab46e71" executionId="9052fcbb-3cd7-40ec-a31d-c5246065b865" testListId="8c84fa94-04c1-424b-9868-57a2d4851a1d" />
    <TestEntry testId="81130f8b-48ae-419b-15fb-a870943c43b7" executionId="1d086efd-7517-4fdd-b7ac-832b610ea908" testListId="8c84fa94-04c1-424b-9868-57a2d4851a1d" />
    <TestEntry testId="507cb46e-cb05-9c7d-742b-d2d660f1d588" executionId="88abd601-9147-4997-be1a-957dfbdfaba8" testListId="8c84fa94-04c1-424b-9868-57a2d4851a1d" />
    <TestEntry testId="1636785a-249b-321f-8f2e-2033f39cebcb" executionId="b1c9bd85-03e1-4d0d-bb69-bc852aa0dcd8" testListId="8c84fa94-04c1-424b-9868-57a2d4851a1d" />
    <TestEntry testId="53c196cc-1dd5-931b-3fad-178da16e285a" executionId="df38b76a-34f7-4102-8e45-1303e92cf5f2" testListId="8c84fa94-04c1-424b-9868-57a2d4851a1d" />
    <TestEntry testId="03f10ceb-8c61-5203-a7c0-b1256a0a5c2f" executionId="048013f9-f7ba-4036-b2ed-e4b4c987d130" testListId="8c84fa94-04c1-424b-9868-57a2d4851a1d" />
    <TestEntry testId="313f1450-0286-0926-7515-7079060e98c0" executionId="cad1e4f4-de2d-4801-9e58-5b6e78b40538" testListId="8c84fa94-04c1-424b-9868-57a2d4851a1d" />
    <TestEntry testId="0f757c72-1179-de8d-a9b4-a8095c376440" executionId="049dca3d-82c7-4a32-a4be-3a79f21d73cd" testListId="8c84fa94-04c1-424b-9868-57a2d4851a1d" />
    <TestEntry testId="a60937a1-c011-bdcb-934e-62440d204a5a" executionId="4f3d85ce-9671-4a71-b1e2-b5c98941663f" testListId="8c84fa94-04c1-424b-9868-57a2d4851a1d" />
    <TestEntry testId="72170669-1a4b-b64d-93c5-3d45ab3b701a" executionId="77cc1573-1f8a-4c13-b104-9ecf266dea20" testListId="8c84fa94-04c1-424b-9868-57a2d4851a1d" />
    <TestEntry testId="61e4a80c-0dab-fe3f-1d1f-21e3d7caa899" executionId="07fa1c1d-cd32-45b5-b4d0-92832320ab28" testListId="8c84fa94-04c1-424b-9868-57a2d4851a1d" />
    <TestEntry testId="a48bd2c4-ea8f-7724-f717-7c2e5483260c" executionId="90ecb55c-4425-4386-9ea7-2df08105e182" testListId="8c84fa94-04c1-424b-9868-57a2d4851a1d" />
    <TestEntry testId="a809a78b-26be-b9bf-8d07-fb39672da280" executionId="5574d819-03ae-44df-b7d2-ee6a5c08bf91" testListId="8c84fa94-04c1-424b-9868-57a2d4851a1d" />
    <TestEntry testId="31769117-32da-d390-1e8a-ff55d181993d" executionId="2ac3c16d-d8ee-4d70-94a8-c6c1bcd0f4f4" testListId="8c84fa94-04c1-424b-9868-57a2d4851a1d" />
    <TestEntry testId="fab978dc-046d-4e0c-321a-b4162e9d195e" executionId="d13b2859-e057-4cf8-9345-d6e87495d652" testListId="8c84fa94-04c1-424b-9868-57a2d4851a1d" />
    <TestEntry testId="dc053fd2-ff23-067f-a296-e7998a2cbbbf" executionId="311fde19-f2a8-4a3c-a516-a1e9212548cc" testListId="8c84fa94-04c1-424b-9868-57a2d4851a1d" />
    <TestEntry testId="2c6048a3-0e46-c805-9760-cb341a85318a" executionId="d688ee54-8024-44f0-9fa1-b0a95bc72002" testListId="8c84fa94-04c1-424b-9868-57a2d4851a1d" />
    <TestEntry testId="8dfad606-9d2a-4a27-fd8d-4d2ee6f173aa" executionId="fd67ce9b-170b-4757-acfd-2e1e32ed45ca" testListId="8c84fa94-04c1-424b-9868-57a2d4851a1d" />
    <TestEntry testId="f08f1d24-ac21-aabb-874f-af933b9dc232" executionId="c13e2996-89ee-4a7d-b344-0951470695ef" testListId="8c84fa94-04c1-424b-9868-57a2d4851a1d" />
    <TestEntry testId="a870daab-bd6c-368a-ec73-9dcd3316463b" executionId="8cbc9ae2-9d69-4523-9341-59cb1f925814" testListId="8c84fa94-04c1-424b-9868-57a2d4851a1d" />
    <TestEntry testId="9b0c71cb-b156-596b-3243-55ebe09ed2b6" executionId="e46db36e-09a3-4e81-b15b-ebdb37301587" testListId="8c84fa94-04c1-424b-9868-57a2d4851a1d" />
    <TestEntry testId="bfd3c89a-6e46-0090-981a-0c23d83c682f" executionId="6a7b240f-c5c5-4b12-8fcc-18d79d2538b3" testListId="8c84fa94-04c1-424b-9868-57a2d4851a1d" />
    <TestEntry testId="9913925c-6c4b-8343-5be6-f836a949a47a" executionId="ca820f56-751e-4574-92ac-e9f9566bfcbb" testListId="8c84fa94-04c1-424b-9868-57a2d4851a1d" />
    <TestEntry testId="f20cf19a-e862-061b-cf70-432700f8b23d" executionId="a11c200d-0d79-4df5-a8cd-5fe4ae6ff0b0" testListId="8c84fa94-04c1-424b-9868-57a2d4851a1d" />
    <TestEntry testId="6fbc4280-c107-0f5f-1e78-82fa85ec326d" executionId="3c6c7306-3ea7-46d1-8420-9798f8ad3dbf" testListId="8c84fa94-04c1-424b-9868-57a2d4851a1d" />
    <TestEntry testId="101fcbac-e23e-6f19-a8b9-dced6321cc05" executionId="1ee86c29-8c91-4406-acc7-869fbbab8223" testListId="8c84fa94-04c1-424b-9868-57a2d4851a1d" />
    <TestEntry testId="ff27a340-2752-6234-dd37-911015eaa47b" executionId="42238dc2-ffd0-4c5d-9939-347e4a7bc104" testListId="8c84fa94-04c1-424b-9868-57a2d4851a1d" />
    <TestEntry testId="71d0ea7b-0946-271c-ac1a-5651081c8972" executionId="56ea5cfa-7673-43e4-949b-b87fe1d9ab85" testListId="8c84fa94-04c1-424b-9868-57a2d4851a1d" />
    <TestEntry testId="3d3e396c-0afe-9f78-4e51-2d818dd14e00" executionId="39589fef-2bd5-42f8-9f3d-ca627922cb18" testListId="8c84fa94-04c1-424b-9868-57a2d4851a1d" />
    <TestEntry testId="c3a7d5fa-2563-6d97-7b66-aea528fd14da" executionId="fbd0c732-10c2-4bbb-8c45-c3d947b46944" testListId="8c84fa94-04c1-424b-9868-57a2d4851a1d" />
    <TestEntry testId="44cffc5d-7a1b-a768-fd8e-e08e0f0d296a" executionId="ecd42247-5ab0-4019-ad2a-2102131b64de" testListId="8c84fa94-04c1-424b-9868-57a2d4851a1d" />
    <TestEntry testId="0e44b9f9-b451-2c31-955c-2ed8c3e63498" executionId="ce621696-a8da-444a-bfd1-c349bbca385d" testListId="8c84fa94-04c1-424b-9868-57a2d4851a1d" />
    <TestEntry testId="824e5e41-c053-1da1-4b96-4d4f01dca91e" executionId="4c787fc5-c818-4394-93f4-1f8d553f434b" testListId="8c84fa94-04c1-424b-9868-57a2d4851a1d" />
    <TestEntry testId="fce89d34-df26-a45d-7d95-ac060018a5ba" executionId="b36d6ced-18bc-4f49-a202-38c5ca31c2af" testListId="8c84fa94-04c1-424b-9868-57a2d4851a1d" />
    <TestEntry testId="788e6d6b-e6ab-66cd-f33e-99e77d27f96c" executionId="4522c149-c628-44d4-9da7-64a6330c9364" testListId="8c84fa94-04c1-424b-9868-57a2d4851a1d" />
    <TestEntry testId="13fa4ef9-9f72-2cfa-829c-4b3953a5712d" executionId="5465e0e6-b43c-4ad5-85e4-0e7b0a73d98e" testListId="8c84fa94-04c1-424b-9868-57a2d4851a1d" />
    <TestEntry testId="113f7348-1f99-f3af-5ae5-2b47fcfeabb6" executionId="dde3e62e-77e8-4b10-b885-88869f43f865" testListId="8c84fa94-04c1-424b-9868-57a2d4851a1d" />
    <TestEntry testId="012b4478-39b3-ade7-7c74-e2b0e7d2442e" executionId="88fdd95d-1b1c-4f0b-a0ed-c295089d8655" testListId="8c84fa94-04c1-424b-9868-57a2d4851a1d" />
    <TestEntry testId="37e8be23-ac0e-3b93-d012-15085cad5135" executionId="026f5498-6def-4fd0-b193-36dec0f92d3c" testListId="8c84fa94-04c1-424b-9868-57a2d4851a1d" />
    <TestEntry testId="9b546aeb-4f70-6fbd-f238-892a7751c263" executionId="72e90d4f-5013-4270-bd9b-f976c99dd70b" testListId="8c84fa94-04c1-424b-9868-57a2d4851a1d" />
    <TestEntry testId="de474172-f53b-37d4-a0d9-58e31ba08c58" executionId="ed063408-fa97-45e8-8858-d059a33fbfba" testListId="8c84fa94-04c1-424b-9868-57a2d4851a1d" />
    <TestEntry testId="b616e551-8d77-1cd3-7d6a-d578e82d0744" executionId="641d23ce-82c3-458e-a363-1eec9a394620" testListId="8c84fa94-04c1-424b-9868-57a2d4851a1d" />
    <TestEntry testId="01d9c56c-18d7-fdfe-f45f-91d5cc27387b" executionId="0f92a624-0739-453a-8b81-980ce1392918" testListId="8c84fa94-04c1-424b-9868-57a2d4851a1d" />
    <TestEntry testId="6808b8dc-b448-e0b2-d22c-0c66085fdfdf" executionId="a18b1999-167d-4db7-89f7-02f2c14de696" testListId="8c84fa94-04c1-424b-9868-57a2d4851a1d" />
    <TestEntry testId="785814fe-dcbc-30c4-7d8c-7ed2f30ead9b" executionId="3493ed0c-2428-475f-a4fa-c6d572b5b218" testListId="8c84fa94-04c1-424b-9868-57a2d4851a1d" />
    <TestEntry testId="8c1ceda2-a3b3-d3d7-2a13-66643477dea3" executionId="93564016-00f2-43af-8d24-9b81100e5e2f" testListId="8c84fa94-04c1-424b-9868-57a2d4851a1d" />
    <TestEntry testId="3fc4b763-9eae-1855-70e7-3bae1764f8be" executionId="aacf46f1-a075-4e9e-9b8c-1f2a1ba473ef" testListId="8c84fa94-04c1-424b-9868-57a2d4851a1d" />
    <TestEntry testId="4bd1fbf2-7e29-35b7-fa5f-173a43e3f08f" executionId="e522b667-8277-4f73-939c-82418cd22ad7" testListId="8c84fa94-04c1-424b-9868-57a2d4851a1d" />
    <TestEntry testId="96ed2a8c-630c-0612-03fb-0814a1a0e6e9" executionId="e927527e-91f8-4bfa-8847-54303759dc3b" testListId="8c84fa94-04c1-424b-9868-57a2d4851a1d" />
    <TestEntry testId="24f2e201-f85f-9eb7-f5d2-36095b3f4e2f" executionId="b5c5d8d5-5eb2-4b75-92be-8ac93d896e8e" testListId="8c84fa94-04c1-424b-9868-57a2d4851a1d" />
    <TestEntry testId="189c1d6c-4269-4e9b-b46e-e156ef5f2dc2" executionId="e5ce5d31-6f06-434a-ac80-f181ee150f0e" testListId="8c84fa94-04c1-424b-9868-57a2d4851a1d" />
    <TestEntry testId="04010612-46ee-f759-cdaf-6223770a153c" executionId="a78a33f6-7301-4fb3-8a34-dce330517a1f" testListId="8c84fa94-04c1-424b-9868-57a2d4851a1d" />
    <TestEntry testId="e7439c92-81ae-b32d-400b-a027ab4c6efe" executionId="a3b888ea-59a7-48e2-93e6-a42b6e831da3" testListId="8c84fa94-04c1-424b-9868-57a2d4851a1d" />
    <TestEntry testId="33f0c61d-3d45-8a2b-4853-f23039402d4e" executionId="0ec8ac08-f6bc-4469-84c1-4eb2163b16f7" testListId="8c84fa94-04c1-424b-9868-57a2d4851a1d" />
    <TestEntry testId="3218e2d1-fd33-a329-dc48-180ea7d0cd0e" executionId="dcdb8b36-e30d-4914-903b-d5113e5aceec" testListId="8c84fa94-04c1-424b-9868-57a2d4851a1d" />
    <TestEntry testId="60c054ec-394d-af66-9fc6-4b079662a259" executionId="86726727-7319-4546-acc7-802646321cf5" testListId="8c84fa94-04c1-424b-9868-57a2d4851a1d" />
    <TestEntry testId="8f660288-0753-7e10-75a7-dc3552b13a03" executionId="1e473177-f2d0-4761-a5c2-1a7d14841b06" testListId="8c84fa94-04c1-424b-9868-57a2d4851a1d" />
    <TestEntry testId="a1ff12d7-a827-39d6-04e6-2bfdba90bc71" executionId="24467463-0103-4ed1-99a8-11df25e9742d" testListId="8c84fa94-04c1-424b-9868-57a2d4851a1d" />
    <TestEntry testId="d78b518d-d2f6-8423-c397-e55b87f3ea1e" executionId="63e387bd-290a-49de-8ac3-494f1844e6d3" testListId="8c84fa94-04c1-424b-9868-57a2d4851a1d" />
    <TestEntry testId="e4191209-378a-997a-f02e-aea14b87f30b" executionId="c5bb6983-818f-4a22-ba46-f739df9c01da" testListId="8c84fa94-04c1-424b-9868-57a2d4851a1d" />
    <TestEntry testId="8f14774a-cd75-6f8c-84d0-7bdcc9968328" executionId="33fe7343-53c0-4de3-98bd-b9ef03f8291f" testListId="8c84fa94-04c1-424b-9868-57a2d4851a1d" />
    <TestEntry testId="366b5e3b-b844-6c31-0173-287d410b7439" executionId="5c928e61-a23f-47ed-a297-92d61afe1645" testListId="8c84fa94-04c1-424b-9868-57a2d4851a1d" />
    <TestEntry testId="cb350a8e-4533-be92-fa42-b5e366dad1f0" executionId="7915c551-f927-4aed-926c-0f73cf43f4c4" testListId="8c84fa94-04c1-424b-9868-57a2d4851a1d" />
    <TestEntry testId="2c558657-5185-db7a-ef86-89fb7d7353ae" executionId="519baa44-040c-4590-894f-8f05ffb720ad" testListId="8c84fa94-04c1-424b-9868-57a2d4851a1d" />
    <TestEntry testId="d1bc1e95-83d0-d8b9-cbfd-56bf29d413cb" executionId="4702bd65-b94b-4437-8d46-bc8afb361697" testListId="8c84fa94-04c1-424b-9868-57a2d4851a1d" />
    <TestEntry testId="55b7a186-6ad6-9eb4-c4dc-5206eb7b0fe3" executionId="d6c34637-4e1e-4ff5-bd8c-575660524bb5" testListId="8c84fa94-04c1-424b-9868-57a2d4851a1d" />
    <TestEntry testId="4b54ff79-2b2a-ae61-fefa-927693f42c9e" executionId="69252f0d-2a11-4a72-9e01-d5325eaaa3f5" testListId="8c84fa94-04c1-424b-9868-57a2d4851a1d" />
    <TestEntry testId="0885c1dc-f384-fc32-a7bb-77246dd68117" executionId="1c4656f9-5c32-4978-8cb8-f8b7c6aa6715" testListId="8c84fa94-04c1-424b-9868-57a2d4851a1d" />
    <TestEntry testId="8a165e3a-2840-cef6-75a4-28aa88375f44" executionId="4cb27e97-a7d2-41b8-87dd-400d56c4a025" testListId="8c84fa94-04c1-424b-9868-57a2d4851a1d" />
    <TestEntry testId="81625e1c-5ad9-9fcf-ff27-6002b171e039" executionId="dba990cc-9227-4358-9efa-ee780bed04b2" testListId="8c84fa94-04c1-424b-9868-57a2d4851a1d" />
    <TestEntry testId="0e38c7ca-f665-38ef-667e-c0bba7830d0a" executionId="de8c151d-9e26-4569-aa5b-9f10b170c22f" testListId="8c84fa94-04c1-424b-9868-57a2d4851a1d" />
    <TestEntry testId="da66ce0c-ee92-38d1-3250-0e465c55c251" executionId="0ee9a173-abf7-46b4-ad10-411b88a5d369" testListId="8c84fa94-04c1-424b-9868-57a2d4851a1d" />
    <TestEntry testId="de5e07f6-1dde-b49c-e0bc-431e4d1b4244" executionId="6f0cec0e-1d0d-422d-ba24-cbfb9869dac4" testListId="8c84fa94-04c1-424b-9868-57a2d4851a1d" />
    <TestEntry testId="654ff909-4e27-8a9e-bc29-4be280a61f94" executionId="93c22e06-036a-45fa-89c9-b5bedcbbcb24" testListId="8c84fa94-04c1-424b-9868-57a2d4851a1d" />
    <TestEntry testId="12d0a302-d042-3ba4-3a7d-7f53121c6757" executionId="3fd2a386-9e4f-4c5d-8ae7-8958aebeb0a1" testListId="8c84fa94-04c1-424b-9868-57a2d4851a1d" />
    <TestEntry testId="24c63ba4-752f-fc12-fcd8-0ffd81cc4305" executionId="feab3699-d607-4e30-8107-02bf7d3a7333" testListId="8c84fa94-04c1-424b-9868-57a2d4851a1d" />
    <TestEntry testId="db053bd8-bcc3-4b4a-35e4-8046a2b1b9f3" executionId="7cf14ade-39ff-4cb1-8b75-2c5a7fe7fe03" testListId="8c84fa94-04c1-424b-9868-57a2d4851a1d" />
    <TestEntry testId="ccb08aa0-237e-292d-2297-8e3747d4cff5" executionId="76ec4d77-d23d-4777-b755-7ed27c6f8c93" testListId="8c84fa94-04c1-424b-9868-57a2d4851a1d" />
    <TestEntry testId="207fbdd4-eb64-f420-a5a8-2c9f3920b772" executionId="5fb17285-a404-433b-978a-217a917dc690" testListId="8c84fa94-04c1-424b-9868-57a2d4851a1d" />
    <TestEntry testId="3eedc53e-4c04-cdaa-3c90-7824bfce322c" executionId="b020a454-b08a-4317-84f3-2001ba4eea61" testListId="8c84fa94-04c1-424b-9868-57a2d4851a1d" />
    <TestEntry testId="fea87784-1f99-5827-a113-124955d284fa" executionId="59fa43fc-f705-4fd1-9183-0c96ea5306dd" testListId="8c84fa94-04c1-424b-9868-57a2d4851a1d" />
    <TestEntry testId="5a144eb6-ced2-c75e-c77f-5faf9dbab6d3" executionId="7d410016-3bac-4c99-95a0-c87a3cb176cc" testListId="8c84fa94-04c1-424b-9868-57a2d4851a1d" />
    <TestEntry testId="b9887160-2dad-c1b1-dd8f-54011f1dd3d4" executionId="844712a1-34d7-47b5-9a16-393f48b1e5ff" testListId="8c84fa94-04c1-424b-9868-57a2d4851a1d" />
    <TestEntry testId="21cde39f-b612-6ef0-0d36-40c508419484" executionId="3412385a-83ae-41f3-a844-2af233987b32" testListId="8c84fa94-04c1-424b-9868-57a2d4851a1d" />
    <TestEntry testId="b64cf354-e98d-fe23-aa89-f2a43d219dd8" executionId="682257b7-7b8f-4834-ada7-3387b0038eaf" testListId="8c84fa94-04c1-424b-9868-57a2d4851a1d" />
    <TestEntry testId="5d83f69f-f52c-6b14-11b6-f47e87a05aa7" executionId="1f7a6a83-b968-4a60-909b-88ee93990896" testListId="8c84fa94-04c1-424b-9868-57a2d4851a1d" />
    <TestEntry testId="05d60b91-1e62-a9d6-329a-049913345597" executionId="2d6ed105-25c2-45d3-be74-74b27d7478b8" testListId="8c84fa94-04c1-424b-9868-57a2d4851a1d" />
    <TestEntry testId="7f1ec652-7354-8da4-7555-762e11c8f4b3" executionId="f07eea76-62ea-4971-b9bb-0b42a91b0b55" testListId="8c84fa94-04c1-424b-9868-57a2d4851a1d" />
    <TestEntry testId="81396a56-a99c-48cd-498d-9d93e711d17f" executionId="9bed2338-07b8-477b-98a6-c71b01c70a38" testListId="8c84fa94-04c1-424b-9868-57a2d4851a1d" />
    <TestEntry testId="fa93fffd-8efb-880f-fee3-4653ea6df719" executionId="92c4a2de-96e9-45d0-99e5-ebf5a7465bfd" testListId="8c84fa94-04c1-424b-9868-57a2d4851a1d" />
    <TestEntry testId="e3f3d1a3-00e0-986a-903b-e4b218f256b9" executionId="d8730d80-c2a7-4913-a221-1c3fe39f0733" testListId="8c84fa94-04c1-424b-9868-57a2d4851a1d" />
    <TestEntry testId="ebb47fc2-9cd0-b7d6-bdae-68701fcea13f" executionId="6d775055-45b3-411c-9ea7-9231532a83c0" testListId="8c84fa94-04c1-424b-9868-57a2d4851a1d" />
    <TestEntry testId="30d51d7b-593c-8954-727d-42d42ac93e2d" executionId="0eebe0a2-007c-4657-bdde-3000d7cb3342" testListId="8c84fa94-04c1-424b-9868-57a2d4851a1d" />
    <TestEntry testId="d1c05ff9-9666-e927-2372-4cd4c25f8e52" executionId="2684a194-8f63-46bd-8682-f98d7592f03e" testListId="8c84fa94-04c1-424b-9868-57a2d4851a1d" />
    <TestEntry testId="6af1a919-9426-36d8-9470-e0412397491c" executionId="a22ad3c8-d0c4-4035-80e1-88c03c7f18c5" testListId="8c84fa94-04c1-424b-9868-57a2d4851a1d" />
    <TestEntry testId="ca3d36e5-bfe9-de3b-fda4-c8ece247c5a2" executionId="0813269e-c355-46be-aa51-79dfb8ee2bd8" testListId="8c84fa94-04c1-424b-9868-57a2d4851a1d" />
    <TestEntry testId="fc640a26-8f16-183f-4e88-2199c00abff9" executionId="68ee6d64-aaf2-46b6-9539-3fb056ca86cb" testListId="8c84fa94-04c1-424b-9868-57a2d4851a1d" />
    <TestEntry testId="9d0da409-94ac-6a8a-e640-cd59d7bb110a" executionId="4d7bf613-f660-4231-b6ce-6d673235dc01" testListId="8c84fa94-04c1-424b-9868-57a2d4851a1d" />
    <TestEntry testId="c936982d-018f-b326-642f-539f6e345e91" executionId="3ccad38a-0d97-440e-8ab9-87781165baf8" testListId="8c84fa94-04c1-424b-9868-57a2d4851a1d" />
    <TestEntry testId="aac13105-6bba-4068-36af-e95ad7b826ba" executionId="81eae522-a36b-497b-a481-363ba7a43c1d" testListId="8c84fa94-04c1-424b-9868-57a2d4851a1d" />
    <TestEntry testId="d11800b1-7076-5599-655a-9c8af7056c0d" executionId="c9fb238d-29e6-4f04-b55f-9bc71eba77b0" testListId="8c84fa94-04c1-424b-9868-57a2d4851a1d" />
    <TestEntry testId="6231a3f1-7b08-83ec-5532-335dc2b26f1d" executionId="e2004df2-7a39-4e01-b64b-fbaa5bdf6cdd" testListId="8c84fa94-04c1-424b-9868-57a2d4851a1d" />
    <TestEntry testId="b9239865-81ea-25a3-e27a-8564f519f23d" executionId="e5203e83-9527-4547-9749-6ec7bd3c63b6" testListId="8c84fa94-04c1-424b-9868-57a2d4851a1d" />
    <TestEntry testId="22ae8358-e7fc-5ba2-5f0f-7069a8a56572" executionId="fd57220f-4d2b-4772-b82f-255080063333" testListId="8c84fa94-04c1-424b-9868-57a2d4851a1d" />
    <TestEntry testId="018ebbcd-6355-0126-db30-75204f88f30c" executionId="9e55fa83-9aee-4a82-ab9e-e96efe65e3e1" testListId="8c84fa94-04c1-424b-9868-57a2d4851a1d" />
    <TestEntry testId="c6546776-bd84-4ce0-098d-51bfe2316ad8" executionId="5760b761-ac41-4553-9c3d-4fa8157e6065" testListId="8c84fa94-04c1-424b-9868-57a2d4851a1d" />
    <TestEntry testId="a12f6951-769b-7989-1daa-0c854ad89e29" executionId="57989958-6ad5-4367-9872-4e0bcfa89db2" testListId="8c84fa94-04c1-424b-9868-57a2d4851a1d" />
    <TestEntry testId="43d03285-e528-5b85-750b-dea3aba320ce" executionId="38cc3635-fa84-49ca-8454-a7d827c65c1c" testListId="8c84fa94-04c1-424b-9868-57a2d4851a1d" />
    <TestEntry testId="00239f6f-5b50-bd99-c2ab-76919c45753b" executionId="36e831a6-c5fa-4f31-96c4-1be119468f47" testListId="8c84fa94-04c1-424b-9868-57a2d4851a1d" />
    <TestEntry testId="9aca1734-6ac3-5996-24dc-7a80ebd8184f" executionId="ec963f13-ee0d-48a7-a00f-5c71e1ba6ffe" testListId="8c84fa94-04c1-424b-9868-57a2d4851a1d" />
    <TestEntry testId="f0627e7e-06c4-29fc-7e58-648962318c89" executionId="441c71c3-a6c7-43d8-a031-e70562a74a62" testListId="8c84fa94-04c1-424b-9868-57a2d4851a1d" />
    <TestEntry testId="2526fdb1-d921-770e-521f-d9dd9ebeef1a" executionId="7f5cf70f-54f1-4e7f-b685-103d06a39e65" testListId="8c84fa94-04c1-424b-9868-57a2d4851a1d" />
    <TestEntry testId="4f113a90-76f3-7fec-f48b-f6094d069ee1" executionId="ccfacba2-42f0-4331-b9a0-bff364f073fb" testListId="8c84fa94-04c1-424b-9868-57a2d4851a1d" />
    <TestEntry testId="bb7f2f6d-893a-5f2f-17af-a240af79b640" executionId="9cdffd6a-845f-45de-a05e-57414f6f9de9" testListId="8c84fa94-04c1-424b-9868-57a2d4851a1d" />
    <TestEntry testId="b77d6b3b-d007-061b-469a-caff9e8bb15d" executionId="2a172d4f-2214-4a02-8898-81688875a5af" testListId="8c84fa94-04c1-424b-9868-57a2d4851a1d" />
    <TestEntry testId="06b7d2a6-b8e2-4436-fb5b-bac2ab8a5cf0" executionId="28fb03be-315f-411c-b0a3-72fe0e88f69e" testListId="8c84fa94-04c1-424b-9868-57a2d4851a1d" />
    <TestEntry testId="3584615f-3ae7-d54d-b4c2-849830fc0196" executionId="46d7eaba-7364-4d45-a1fd-61a4ee2fb60d" testListId="8c84fa94-04c1-424b-9868-57a2d4851a1d" />
    <TestEntry testId="e9dc951d-22d1-e2e6-2375-68c40bf14368" executionId="e7b67f66-ffa0-479c-b0ae-e06305808a53" testListId="8c84fa94-04c1-424b-9868-57a2d4851a1d" />
    <TestEntry testId="ac09df77-c344-062f-53a9-7c78d1199a22" executionId="9f545e79-01d8-45b8-be98-6fbe374e4efe" testListId="8c84fa94-04c1-424b-9868-57a2d4851a1d" />
    <TestEntry testId="4cfc9d4d-2caa-d5be-2f93-cbcca2518011" executionId="45e77950-1849-4ddc-b3a5-69cde417e3b1" testListId="8c84fa94-04c1-424b-9868-57a2d4851a1d" />
    <TestEntry testId="2c56d30c-a374-c58e-e93b-b09a90625bd9" executionId="a0cf7319-7361-42bf-99a2-bb8bed56839a" testListId="8c84fa94-04c1-424b-9868-57a2d4851a1d" />
    <TestEntry testId="6c81ab54-0bec-8762-90d9-f28435852df7" executionId="023d794d-ae28-4a7c-b8f0-5075b66bd4d0" testListId="8c84fa94-04c1-424b-9868-57a2d4851a1d" />
    <TestEntry testId="d9d28982-e7e6-1198-6c71-c1d67ee88205" executionId="7b58f87f-d5d1-4551-88d9-eb5a3386f137" testListId="8c84fa94-04c1-424b-9868-57a2d4851a1d" />
    <TestEntry testId="96261fef-b9d6-8199-56f9-e440b6eb0eab" executionId="4a2a9763-285d-4330-8474-67a94c1231f5" testListId="8c84fa94-04c1-424b-9868-57a2d4851a1d" />
    <TestEntry testId="6e0417db-69d3-bf89-9fbc-8140fb464450" executionId="9117b552-8d31-4775-895c-ee78be808f71" testListId="8c84fa94-04c1-424b-9868-57a2d4851a1d" />
    <TestEntry testId="ba2caedd-b39b-61b3-baa9-c85ee514f5ee" executionId="5ed21200-5ea1-4870-a236-3dda62bc6fd5" testListId="8c84fa94-04c1-424b-9868-57a2d4851a1d" />
    <TestEntry testId="a36b2370-23ba-a55f-5486-a5e007b89c3d" executionId="4206047f-9b77-4777-8db2-ad57025db8d4" testListId="8c84fa94-04c1-424b-9868-57a2d4851a1d" />
    <TestEntry testId="33547af0-d15f-7425-cd54-54e1bcc21ab6" executionId="084b1cc0-76f3-4ab2-9138-8d709cf4a567" testListId="8c84fa94-04c1-424b-9868-57a2d4851a1d" />
    <TestEntry testId="a3dd116a-32ea-3da7-9f78-87baa5939597" executionId="d073a432-547c-4b70-95ea-95b375fc1f27" testListId="8c84fa94-04c1-424b-9868-57a2d4851a1d" />
    <TestEntry testId="0ee4eb4b-6b53-160e-fd6e-13587febf415" executionId="73d82c29-6672-434c-8f04-69fe6077e259" testListId="8c84fa94-04c1-424b-9868-57a2d4851a1d" />
    <TestEntry testId="14486798-a952-d07f-4588-3340efe4b5a4" executionId="f3922dcb-352b-4d9d-80e7-d7bcf31d9eec" testListId="8c84fa94-04c1-424b-9868-57a2d4851a1d" />
    <TestEntry testId="981b9e47-2d0d-bc71-3eaf-e869bbb85e93" executionId="7630e313-1b7c-4cc8-a4d1-a2616b71af5e" testListId="8c84fa94-04c1-424b-9868-57a2d4851a1d" />
    <TestEntry testId="187f8fa2-06fd-dcc6-51c8-7347ccebd7e5" executionId="1d4c990e-b85b-45d3-afd2-fd23b1f96696" testListId="8c84fa94-04c1-424b-9868-57a2d4851a1d" />
    <TestEntry testId="73651905-b1d3-1bb3-c32a-23411992705b" executionId="93e18713-bd1b-489d-a583-5eb5a70cced2" testListId="8c84fa94-04c1-424b-9868-57a2d4851a1d" />
    <TestEntry testId="6d350cc0-3b63-9f42-1109-cf1df9afcb45" executionId="54d5d525-0dd2-4e4a-bc95-f1550f6870c7" testListId="8c84fa94-04c1-424b-9868-57a2d4851a1d" />
    <TestEntry testId="e3ace1cf-4bae-65a1-fc8d-b0e1853d6737" executionId="ad925bb7-fdb2-4c2a-ac47-01e2a03df3ba" testListId="8c84fa94-04c1-424b-9868-57a2d4851a1d" />
    <TestEntry testId="beb0b5b5-24dc-a8c2-882a-b3d0c6d92a7f" executionId="7d641075-6c8b-432c-889c-711cac7d4a18" testListId="8c84fa94-04c1-424b-9868-57a2d4851a1d" />
    <TestEntry testId="4beb2aec-8c4b-e06f-a1f7-915f7a881505" executionId="b8b319fb-726e-4aa6-a1df-64adbaf0e41a" testListId="8c84fa94-04c1-424b-9868-57a2d4851a1d" />
    <TestEntry testId="374660f0-1cc7-f8b1-68ab-dc07bae98193" executionId="a85cdcdf-3c18-4aec-bb1b-e0ff8d23ab52" testListId="8c84fa94-04c1-424b-9868-57a2d4851a1d" />
    <TestEntry testId="bf3ca3fc-82d9-be68-f3f5-048ccf351095" executionId="f1d06740-490b-488a-929c-b55ad6be31c5" testListId="8c84fa94-04c1-424b-9868-57a2d4851a1d" />
    <TestEntry testId="d2be8f3a-31d2-ef68-8bab-7c07e4c72232" executionId="47a94ca5-43f8-4a02-8ab4-917574cdbda6" testListId="8c84fa94-04c1-424b-9868-57a2d4851a1d" />
    <TestEntry testId="bf98c7cb-9b7f-3ebb-41db-4438a45e9b06" executionId="038aa752-86d4-4a26-878c-559463274d39" testListId="8c84fa94-04c1-424b-9868-57a2d4851a1d" />
    <TestEntry testId="476a0108-afaf-fc13-c735-31cfe8dafc12" executionId="e03e9f71-5aec-44af-a138-1956fbf760ef" testListId="8c84fa94-04c1-424b-9868-57a2d4851a1d" />
    <TestEntry testId="d79b73c7-91e7-2a10-e650-22891b64b201" executionId="e4554598-2f7c-48e4-ba30-3c84d95f6fb9" testListId="8c84fa94-04c1-424b-9868-57a2d4851a1d" />
    <TestEntry testId="8c229d53-8022-24e1-a75b-9eebad5fcce6" executionId="c08cf9d9-1ec5-41b5-8ce0-c0c46d739f9c" testListId="8c84fa94-04c1-424b-9868-57a2d4851a1d" />
    <TestEntry testId="3ed00cc3-78ca-6608-eef7-d88390abe48c" executionId="42f1e133-a440-4632-aa01-8a4c3dfe1d70" testListId="8c84fa94-04c1-424b-9868-57a2d4851a1d" />
    <TestEntry testId="b16c89a1-6a98-f79b-2a7e-f5eca5df70a8" executionId="8b5af02b-1863-4837-b9a9-8dd011994af7" testListId="8c84fa94-04c1-424b-9868-57a2d4851a1d" />
    <TestEntry testId="3ae00c58-bce0-aae6-6277-df331731bcb4" executionId="dba0cde8-9928-411f-8b85-28ef5e1e8bdd" testListId="8c84fa94-04c1-424b-9868-57a2d4851a1d" />
    <TestEntry testId="4698e87b-2824-9d96-7b61-3c159e79c28b" executionId="50d574da-4d60-4823-86fb-8eaf6467713a" testListId="8c84fa94-04c1-424b-9868-57a2d4851a1d" />
    <TestEntry testId="0602473d-5866-8e4d-4f94-570f7e7c2237" executionId="a19d1a99-c429-42be-90a0-f894d57fc887" testListId="8c84fa94-04c1-424b-9868-57a2d4851a1d" />
    <TestEntry testId="2646abdc-bf49-4e89-6a96-0bea5964eaad" executionId="772e1266-f4e6-47e3-b225-578f35a129a7" testListId="8c84fa94-04c1-424b-9868-57a2d4851a1d" />
    <TestEntry testId="d7c80310-c213-638c-40f2-d550d8e04b93" executionId="8cb482a3-e035-40d5-a725-45a166a2eb92" testListId="8c84fa94-04c1-424b-9868-57a2d4851a1d" />
    <TestEntry testId="7281b73a-557a-a394-84fe-16d1ffda6257" executionId="da9be683-1fa1-43c3-b038-3a9f19e7b49a" testListId="8c84fa94-04c1-424b-9868-57a2d4851a1d" />
    <TestEntry testId="eed83322-98cb-a81b-359f-d05a5291974b" executionId="6b6e0ccd-133a-4f55-a306-5e3e12bdacd8" testListId="8c84fa94-04c1-424b-9868-57a2d4851a1d" />
    <TestEntry testId="d3e136b8-5a0a-a773-d9e9-8101eb1d6114" executionId="cb31bc3d-e7a1-408b-ae35-7ef91e1647cc" testListId="8c84fa94-04c1-424b-9868-57a2d4851a1d" />
    <TestEntry testId="822d575c-063c-8256-e5c3-5aaf7cd9adad" executionId="6350e1c4-0fc1-422d-978b-438554150219" testListId="8c84fa94-04c1-424b-9868-57a2d4851a1d" />
    <TestEntry testId="ea2ecd82-8e48-b7ef-0d3e-d585ac8573df" executionId="ae98df4e-4a2a-4c0a-832e-117f31208580" testListId="8c84fa94-04c1-424b-9868-57a2d4851a1d" />
    <TestEntry testId="4c8ef48e-75cc-341a-e3dc-793efb6435c2" executionId="8346d6cd-9893-4712-90a1-7af3ff9013c9" testListId="8c84fa94-04c1-424b-9868-57a2d4851a1d" />
    <TestEntry testId="6f53bf7e-541f-a5ff-9b16-0830ed486e02" executionId="975c9868-79d2-4582-926b-473cde16b053" testListId="8c84fa94-04c1-424b-9868-57a2d4851a1d" />
    <TestEntry testId="88145d39-7c2b-475a-e6fd-804e9d2c5414" executionId="b9f341b1-ecea-48f0-bb76-022265ec8032" testListId="8c84fa94-04c1-424b-9868-57a2d4851a1d" />
    <TestEntry testId="1db6a257-3d49-dc8a-db0e-7d6b298bc39e" executionId="9bc848d5-0640-4cca-85ac-5467e4c5177b" testListId="8c84fa94-04c1-424b-9868-57a2d4851a1d" />
    <TestEntry testId="630e9802-3830-6ab7-b2a2-da3bc6b08053" executionId="04f77ca6-20d8-4932-ad7f-9cb4d4bdbd54" testListId="8c84fa94-04c1-424b-9868-57a2d4851a1d" />
    <TestEntry testId="2266f8d1-c07a-4157-2a09-e13f5a3ebdf9" executionId="c447b22f-ee02-49d8-b195-8bc02dccfefa" testListId="8c84fa94-04c1-424b-9868-57a2d4851a1d" />
    <TestEntry testId="3dba743f-1dfa-642a-f863-d8cd5566b6a0" executionId="02cd6a2f-91c9-4fba-a7b2-cddbf92fccbe" testListId="8c84fa94-04c1-424b-9868-57a2d4851a1d" />
    <TestEntry testId="9796d5e0-1095-4ab6-88f8-3d8e2a604d5b" executionId="dcfdc866-3730-476d-a61e-55bdfd8113d1" testListId="8c84fa94-04c1-424b-9868-57a2d4851a1d" />
    <TestEntry testId="b206608e-3d29-9a6f-bc01-53c268ea4241" executionId="9cc63d5d-5caa-40ab-94e3-6a3a54ccdfe1" testListId="8c84fa94-04c1-424b-9868-57a2d4851a1d" />
    <TestEntry testId="34072cc7-629b-2658-b50c-132bbec0e5ed" executionId="8762fe68-8576-46b0-950d-132dd9ab6d28" testListId="8c84fa94-04c1-424b-9868-57a2d4851a1d" />
    <TestEntry testId="be4b1344-9069-5b47-a319-2e4cc8a32ac3" executionId="18b01ea5-01a5-444b-b8f4-d8d95f76e696" testListId="8c84fa94-04c1-424b-9868-57a2d4851a1d" />
    <TestEntry testId="7a16c79c-6845-354d-9577-016988f18c85" executionId="e7052d26-9c1c-4675-bbba-abc4d38e65e5" testListId="8c84fa94-04c1-424b-9868-57a2d4851a1d" />
    <TestEntry testId="dfd3a63c-e227-5332-c621-a8751babd1a4" executionId="1298c5d3-2786-4a94-b72d-1ddce3284aad" testListId="8c84fa94-04c1-424b-9868-57a2d4851a1d" />
    <TestEntry testId="2bd0d672-c2c5-aca9-dbd3-9ce7376f1b88" executionId="7f47669c-528a-49a1-a1a0-f14cf1b5a7e8" testListId="8c84fa94-04c1-424b-9868-57a2d4851a1d" />
    <TestEntry testId="ce06ba38-12e2-bfe6-fb43-78086f861f86" executionId="40fee806-366e-4a8d-adce-d5e035d21fec" testListId="8c84fa94-04c1-424b-9868-57a2d4851a1d" />
    <TestEntry testId="d975f63f-5e92-66d2-a4f7-4775138e65da" executionId="2fc88e1a-96dc-4cf9-909e-67e9076c036a" testListId="8c84fa94-04c1-424b-9868-57a2d4851a1d" />
    <TestEntry testId="c6b65c98-ccbc-7df3-e37f-f4694a6d7677" executionId="3c29685d-0d24-46a9-90c1-97fe06b05519" testListId="8c84fa94-04c1-424b-9868-57a2d4851a1d" />
    <TestEntry testId="e74ca356-302c-d244-498c-021a1f823191" executionId="bc1b7461-4df6-4dac-8986-ce5b0a6826b6" testListId="8c84fa94-04c1-424b-9868-57a2d4851a1d" />
    <TestEntry testId="77273a27-6c99-f378-1b00-974f26b97bd0" executionId="3f7acc7f-21d0-47d3-8dfe-b6038151850a" testListId="8c84fa94-04c1-424b-9868-57a2d4851a1d" />
    <TestEntry testId="a7c88a6a-fde8-12e9-433b-e91055519590" executionId="51eae0f1-2e5f-402e-be45-bf3ae0efd7f9" testListId="8c84fa94-04c1-424b-9868-57a2d4851a1d" />
    <TestEntry testId="75df59d1-a393-9e0d-ba4a-bb2ffc775a87" executionId="c81e5da1-0268-41c5-a673-6db9510596f5" testListId="8c84fa94-04c1-424b-9868-57a2d4851a1d" />
    <TestEntry testId="5d5fb8b4-c2e5-6615-593f-fb4afc53ab6d" executionId="f72e7008-8ee9-48df-b90a-1181adc90c5c" testListId="8c84fa94-04c1-424b-9868-57a2d4851a1d" />
    <TestEntry testId="e9863060-8236-3957-3f02-267d82bbb4bb" executionId="1fb373ee-a08f-44ae-8519-4aba4bfc5ce7" testListId="8c84fa94-04c1-424b-9868-57a2d4851a1d" />
    <TestEntry testId="2fafc078-2867-30f8-00bf-d16df72c938d" executionId="12538fb6-e9ab-4968-9c45-e79972bdb125" testListId="8c84fa94-04c1-424b-9868-57a2d4851a1d" />
    <TestEntry testId="1b3e9202-1469-5cbe-6f19-15b3f0a96209" executionId="c53ce53f-c004-495b-9bb2-31609dc1b7c1" testListId="8c84fa94-04c1-424b-9868-57a2d4851a1d" />
    <TestEntry testId="ffe22006-d59e-d5b9-594d-2f2c99f21f4e" executionId="e9295f4c-94d9-439d-8159-7097df1bd9cf" testListId="8c84fa94-04c1-424b-9868-57a2d4851a1d" />
    <TestEntry testId="af638e53-7ced-ec35-5924-1326b1119cb1" executionId="b982ce73-4639-468c-932f-df238e1093e3" testListId="8c84fa94-04c1-424b-9868-57a2d4851a1d" />
    <TestEntry testId="d983592f-04d6-4124-4e25-d6b7d8e18942" executionId="1f93308c-7ede-4947-b9b9-56a50299bd02" testListId="8c84fa94-04c1-424b-9868-57a2d4851a1d" />
    <TestEntry testId="aa89e23a-3f8c-56b4-8c8d-47eb0b717bfa" executionId="72c47fe3-a1df-4480-af7e-efac125ffa74" testListId="8c84fa94-04c1-424b-9868-57a2d4851a1d" />
    <TestEntry testId="8725f3d7-c329-cfac-aa7c-a6e1820e7979" executionId="83cb6120-9d67-4191-94c3-4c0173ba10ff" testListId="8c84fa94-04c1-424b-9868-57a2d4851a1d" />
    <TestEntry testId="e80aa2f2-25f1-6aee-f6a5-d9e6140d1aa0" executionId="2a075923-8971-4d12-8432-f8d00902e652" testListId="8c84fa94-04c1-424b-9868-57a2d4851a1d" />
    <TestEntry testId="a90f6a83-4ab2-5198-0e57-89e320db99a6" executionId="ae889f43-7dac-4683-8dac-8f3084a53efc" testListId="8c84fa94-04c1-424b-9868-57a2d4851a1d" />
    <TestEntry testId="adead643-4667-edbb-19dd-4ef520bce0a6" executionId="04efe87f-6258-4417-af2b-8515847df931" testListId="8c84fa94-04c1-424b-9868-57a2d4851a1d" />
    <TestEntry testId="c47498ed-68a9-571c-51c2-a0fdf3a01d98" executionId="f8bfa28b-2711-4708-b812-35a00af00bbb" testListId="8c84fa94-04c1-424b-9868-57a2d4851a1d" />
    <TestEntry testId="cd73938c-ec85-d716-8919-2daacbf8d510" executionId="cdfca20e-6af6-43b8-ac1c-911d8d9efd5b" testListId="8c84fa94-04c1-424b-9868-57a2d4851a1d" />
    <TestEntry testId="22a3245c-8cb4-74c9-db31-ee1f39e8557d" executionId="dc68ff2f-e6d1-4146-b77e-e58825300c2c" testListId="8c84fa94-04c1-424b-9868-57a2d4851a1d" />
    <TestEntry testId="94fe149f-c924-a2f8-62a2-d566a776459a" executionId="85701cab-708d-41ac-b113-bdde0655daf8" testListId="8c84fa94-04c1-424b-9868-57a2d4851a1d" />
    <TestEntry testId="9db8600d-9030-4fcc-0b7c-2880aaf6b24a" executionId="332d07db-02ac-4123-ab6a-20ed89646deb" testListId="8c84fa94-04c1-424b-9868-57a2d4851a1d" />
    <TestEntry testId="c96e5d81-b256-f00e-b610-afd5c552d8ad" executionId="fbe3cba5-05bd-4e16-bfaa-cb1b71e5cec0" testListId="8c84fa94-04c1-424b-9868-57a2d4851a1d" />
    <TestEntry testId="700958b8-cf2b-f6fa-44ad-db1d832d032c" executionId="cc8b009d-0f65-404a-9302-adf35e4e4473" testListId="8c84fa94-04c1-424b-9868-57a2d4851a1d" />
    <TestEntry testId="1844aff1-5129-cdc0-e8f8-17d8c715d865" executionId="34f85652-ded6-4c93-b2d5-76197ffa59c3" testListId="8c84fa94-04c1-424b-9868-57a2d4851a1d" />
    <TestEntry testId="3b6c7f8b-3025-2477-d3a9-0e98794ab613" executionId="d4b0ce8b-5b0b-4c5c-b0c1-b2f02ed31eb5" testListId="8c84fa94-04c1-424b-9868-57a2d4851a1d" />
    <TestEntry testId="840ca367-019a-4b49-bbb9-877852e06204" executionId="1b881e84-5194-46ea-9a2e-f4e500d5ed73" testListId="8c84fa94-04c1-424b-9868-57a2d4851a1d" />
    <TestEntry testId="8abee6a6-94c6-2eab-4f04-f3aa86f43b78" executionId="06729663-5109-4f36-b911-c229d04d806a" testListId="8c84fa94-04c1-424b-9868-57a2d4851a1d" />
    <TestEntry testId="9c0b05bf-f5e7-7c8d-2fb8-c8f6375a2eb1" executionId="91854ebb-b7ec-4165-8cda-008e041bfe41" testListId="8c84fa94-04c1-424b-9868-57a2d4851a1d" />
    <TestEntry testId="246ad3e6-71bc-61fc-c8ba-ee2627d04cda" executionId="2ed082b1-7b1d-4a2a-8e43-594d37f415cb" testListId="8c84fa94-04c1-424b-9868-57a2d4851a1d" />
    <TestEntry testId="6a0457b2-a3b5-f21c-34c9-5bd6c9262a88" executionId="432c3588-6b64-4906-a6e9-3e42143bb5f4" testListId="8c84fa94-04c1-424b-9868-57a2d4851a1d" />
    <TestEntry testId="b2f947a9-5ebd-89e8-5f9c-55078a1bde5c" executionId="3a2bec64-a11d-452d-94f8-861b9f334a68" testListId="8c84fa94-04c1-424b-9868-57a2d4851a1d" />
    <TestEntry testId="e1dc1fb8-c131-bfac-35bb-827b770d4634" executionId="8afb270e-8bbd-4b93-8acc-bf1620cea581" testListId="8c84fa94-04c1-424b-9868-57a2d4851a1d" />
    <TestEntry testId="25211c2a-1548-93dd-2ce0-1c8ef9938476" executionId="a92166a4-b18f-49b4-94be-4e6e6419799e" testListId="8c84fa94-04c1-424b-9868-57a2d4851a1d" />
    <TestEntry testId="3b4bfb98-16ac-c2c8-b470-037ed1897690" executionId="f280eb8d-930e-4363-b3c0-724269470572" testListId="8c84fa94-04c1-424b-9868-57a2d4851a1d" />
    <TestEntry testId="f9ea410a-5571-7183-c6c1-34a19ba9c237" executionId="2c56a497-986d-4a45-90ce-da866e7a415f" testListId="8c84fa94-04c1-424b-9868-57a2d4851a1d" />
    <TestEntry testId="4dfda5f5-3fea-e107-6811-cad8623ee176" executionId="2f8ec32f-57ff-4bbb-b028-a841356b29be" testListId="8c84fa94-04c1-424b-9868-57a2d4851a1d" />
    <TestEntry testId="03e8a148-5228-142b-a5ab-9830c360b760" executionId="ac6c8113-fe8c-4be0-80fd-00502169e6ed" testListId="8c84fa94-04c1-424b-9868-57a2d4851a1d" />
    <TestEntry testId="a5c84b4a-9f54-559b-a7bf-5f80afbe74e5" executionId="fe698340-42c8-4980-a3fc-e8efddcb4205" testListId="8c84fa94-04c1-424b-9868-57a2d4851a1d" />
    <TestEntry testId="03d55e09-c812-968a-3bad-cc1204204990" executionId="85b8a3c4-a618-4033-8f87-90edec08e677" testListId="8c84fa94-04c1-424b-9868-57a2d4851a1d" />
    <TestEntry testId="114fc7b6-e37e-0cd8-a271-1b0f6918971f" executionId="408b0279-042d-48d7-aa51-84d5efbdae5c" testListId="8c84fa94-04c1-424b-9868-57a2d4851a1d" />
    <TestEntry testId="06fb3c90-84f0-cb36-dcc1-910263b49158" executionId="716e4b8a-d5b2-4c23-be8a-633d78ae50be" testListId="8c84fa94-04c1-424b-9868-57a2d4851a1d" />
    <TestEntry testId="e5ec02cd-e55d-3c73-d8b6-50965793b334" executionId="3e35a925-2bd4-453f-b665-6ccd843b0ce1" testListId="8c84fa94-04c1-424b-9868-57a2d4851a1d" />
    <TestEntry testId="67928f42-e0e7-792e-610f-c8c54ef6ea08" executionId="919d79d6-9c99-4b47-9013-046c6f31e066" testListId="8c84fa94-04c1-424b-9868-57a2d4851a1d" />
    <TestEntry testId="045daf24-03ff-197b-1cef-a9193cb7610e" executionId="73f88c57-03fa-407f-a292-c713033294b9" testListId="8c84fa94-04c1-424b-9868-57a2d4851a1d" />
    <TestEntry testId="4cef428c-d6ca-2c9f-778f-20b38d83cc86" executionId="d8149e74-3888-47b0-85a3-f6f05896cfba" testListId="8c84fa94-04c1-424b-9868-57a2d4851a1d" />
    <TestEntry testId="9e707cf2-925b-add6-f601-cd1abdd8662b" executionId="3d58b3ef-566b-4c75-bd4c-65c3a2d80105" testListId="8c84fa94-04c1-424b-9868-57a2d4851a1d" />
    <TestEntry testId="4558bb5d-5889-8718-6567-8aa2e363bd16" executionId="5231cfac-6276-447b-84a0-9d40c183ce0d" testListId="8c84fa94-04c1-424b-9868-57a2d4851a1d" />
    <TestEntry testId="029ccf19-f030-341f-6553-1dc734c38a1d" executionId="38e28610-8c5d-4657-84e6-efc737e0b065" testListId="8c84fa94-04c1-424b-9868-57a2d4851a1d" />
    <TestEntry testId="cfa9bb7c-3da8-7ed4-7083-9603c6f639fd" executionId="bdaed77b-d33f-48bf-b520-87759bf9410e" testListId="8c84fa94-04c1-424b-9868-57a2d4851a1d" />
    <TestEntry testId="49fa3b89-5d71-5009-3052-3331121d19d5" executionId="81718e36-77ea-49af-85f8-9ed8f5f1723a" testListId="8c84fa94-04c1-424b-9868-57a2d4851a1d" />
    <TestEntry testId="3c48b6a3-dfe8-5c7d-18e5-fc87939e890a" executionId="55cb56da-0f6b-4e6c-a382-0b440ded1b24" testListId="8c84fa94-04c1-424b-9868-57a2d4851a1d" />
    <TestEntry testId="ca885716-fd01-6799-df3f-dfe8148df324" executionId="edc6638d-d281-483e-af05-f84244af9b02" testListId="8c84fa94-04c1-424b-9868-57a2d4851a1d" />
    <TestEntry testId="ac5955ae-3076-629b-8575-02aacdfe5d01" executionId="908f1fad-f927-4c39-a5b3-6cf026b2a2a7" testListId="8c84fa94-04c1-424b-9868-57a2d4851a1d" />
    <TestEntry testId="87f395f8-a8ed-890d-e556-dfd2cec00790" executionId="f9a1d352-786d-4fbb-b0e7-6f78673beb52" testListId="8c84fa94-04c1-424b-9868-57a2d4851a1d" />
    <TestEntry testId="5546c84b-ef2a-f0ad-6bbe-24837ab08b8f" executionId="06c99e9b-9fb7-4936-84db-fe6d4c41d923" testListId="8c84fa94-04c1-424b-9868-57a2d4851a1d" />
    <TestEntry testId="00326768-0d79-bb1c-d72a-a3b937cd3e7c" executionId="5d5c4950-8ae1-42c1-82de-9c99f0b819ad" testListId="8c84fa94-04c1-424b-9868-57a2d4851a1d" />
    <TestEntry testId="64192cf5-0f47-c89f-33f9-510f4a3eb54e" executionId="63ce9670-8e40-49f0-b89a-d4ac1d1edef9" testListId="8c84fa94-04c1-424b-9868-57a2d4851a1d" />
    <TestEntry testId="15a72174-ebeb-2f2c-0cdd-551d10bb4ddc" executionId="d0025256-10da-4262-9245-2db09fa7dd23" testListId="8c84fa94-04c1-424b-9868-57a2d4851a1d" />
    <TestEntry testId="951faa32-bfb9-0f48-7dcf-8c4b81b70939" executionId="927cb6c7-8983-49a4-a280-24a836a26fe9" testListId="8c84fa94-04c1-424b-9868-57a2d4851a1d" />
    <TestEntry testId="8a1a5481-1047-5d08-155b-1c1e6d4f09bd" executionId="adbaec09-b206-4ea1-8fb4-13467d7d50a6" testListId="8c84fa94-04c1-424b-9868-57a2d4851a1d" />
    <TestEntry testId="a9c8ab5f-5efc-e65e-5983-6be186726c95" executionId="82a6ef6e-b49d-4310-8d9a-41bcd32666d3" testListId="8c84fa94-04c1-424b-9868-57a2d4851a1d" />
    <TestEntry testId="c6bc7d85-8cf8-1fb5-051c-aa2eedea7cd6" executionId="501a6685-b482-4fc5-9f76-d212bb42a9f5" testListId="8c84fa94-04c1-424b-9868-57a2d4851a1d" />
    <TestEntry testId="7a4bcd52-be30-bb94-f492-e2a0890765ce" executionId="dfaf2b7d-2cc9-46ab-997b-3723ac17bb03" testListId="8c84fa94-04c1-424b-9868-57a2d4851a1d" />
    <TestEntry testId="2b9abf8c-8593-6b56-f35d-aaff69acde28" executionId="efea740d-2b52-46d4-b931-1293879e8a8e" testListId="8c84fa94-04c1-424b-9868-57a2d4851a1d" />
    <TestEntry testId="8855cec8-8124-5938-d3b7-ec5dc2d4e474" executionId="fdd40a3b-344f-4815-b0ad-a03c535c31cd" testListId="8c84fa94-04c1-424b-9868-57a2d4851a1d" />
    <TestEntry testId="be157e01-985e-688d-571b-0a70e8a4957c" executionId="04b5eb77-e1b8-4560-b02c-187859ecb67c" testListId="8c84fa94-04c1-424b-9868-57a2d4851a1d" />
    <TestEntry testId="1b2024d7-53f3-0b2b-9619-eed3364080df" executionId="1c71619d-fcb7-4cf0-a290-52a7d56a1cc5" testListId="8c84fa94-04c1-424b-9868-57a2d4851a1d" />
    <TestEntry testId="11edbe62-8f83-8c3f-4458-b3f3e6ff0e75" executionId="3249037e-18ad-4c14-ae1e-6973a724df22" testListId="8c84fa94-04c1-424b-9868-57a2d4851a1d" />
    <TestEntry testId="d6f88ad8-1148-c7e7-16b3-68ee06b4873c" executionId="d876551b-bf6c-46a6-af0c-da777c981c12" testListId="8c84fa94-04c1-424b-9868-57a2d4851a1d" />
    <TestEntry testId="e3253137-4084-c2cf-1249-549ade2ad9ab" executionId="2b203ed6-8956-42f3-beb2-4a1df4b4c71c" testListId="8c84fa94-04c1-424b-9868-57a2d4851a1d" />
    <TestEntry testId="20bdfa7d-50f5-36be-b72b-d381bae27e03" executionId="5d982e71-8095-4adf-adb4-ebdf5e95df55" testListId="8c84fa94-04c1-424b-9868-57a2d4851a1d" />
    <TestEntry testId="7aa020b6-8e39-ea1c-b19f-6fec734b97ee" executionId="a4d719f6-bb9a-4b40-b44d-955661a22f72" testListId="8c84fa94-04c1-424b-9868-57a2d4851a1d" />
    <TestEntry testId="885f05b1-664d-79bd-cdac-3eb7ec14111e" executionId="b2d65d64-13dc-4645-81b7-af54e7e9283a" testListId="8c84fa94-04c1-424b-9868-57a2d4851a1d" />
    <TestEntry testId="c92a5998-3d01-3c96-05bc-87d2f0b7510a" executionId="f6483458-f558-4149-bad5-5bc9d585ed82" testListId="8c84fa94-04c1-424b-9868-57a2d4851a1d" />
    <TestEntry testId="bb3e078b-d385-fc3c-7d6f-238b06f1ba0d" executionId="e298d33b-7a05-47fd-a42c-51c51637e9c2" testListId="8c84fa94-04c1-424b-9868-57a2d4851a1d" />
    <TestEntry testId="811e2baf-06cc-71a8-e2f3-29e41d76086b" executionId="0730654d-110f-4056-b7ea-0cf84d23d64d" testListId="8c84fa94-04c1-424b-9868-57a2d4851a1d" />
    <TestEntry testId="e6a08d27-4df8-86a9-296f-623999e304b6" executionId="fd2f8e01-6f72-4069-abdc-9b8aaef807b3" testListId="8c84fa94-04c1-424b-9868-57a2d4851a1d" />
    <TestEntry testId="7a557c51-e172-4f95-7efc-e28efa3b2655" executionId="d16b1801-0004-44dd-a3b7-90792652bf88" testListId="8c84fa94-04c1-424b-9868-57a2d4851a1d" />
    <TestEntry testId="1bf85714-7b66-ea07-32c9-473124bc5727" executionId="e8198319-9688-4b53-93da-fe0b91452264" testListId="8c84fa94-04c1-424b-9868-57a2d4851a1d" />
    <TestEntry testId="a7b3ab64-fc62-c210-2e83-ae9496a94697" executionId="e21ff6f5-4531-4863-b02a-2c39c2309fe5" testListId="8c84fa94-04c1-424b-9868-57a2d4851a1d" />
    <TestEntry testId="e8617ad0-b59a-8564-2a05-563cfae538d0" executionId="2ce6c758-d062-491e-9196-b8f8a319417d" testListId="8c84fa94-04c1-424b-9868-57a2d4851a1d" />
    <TestEntry testId="3cf5453c-cef2-2c2f-414d-9506eb8df816" executionId="832e4011-3bec-456d-ad14-097647c4beed" testListId="8c84fa94-04c1-424b-9868-57a2d4851a1d" />
    <TestEntry testId="0398d120-5e42-4038-b5d7-aa1eb92be718" executionId="3a55c53a-4219-4c7b-8abb-c6e24d24c0fc" testListId="8c84fa94-04c1-424b-9868-57a2d4851a1d" />
    <TestEntry testId="5b966598-59eb-430e-ea26-6cec0c85e92f" executionId="b267dbee-26d2-4cb9-8749-b352bbf9cab5" testListId="8c84fa94-04c1-424b-9868-57a2d4851a1d" />
    <TestEntry testId="76cd34e0-20c2-7029-f983-14de2f2c6109" executionId="877c7861-98b9-475f-b347-bc06196ad40e" testListId="8c84fa94-04c1-424b-9868-57a2d4851a1d" />
    <TestEntry testId="2d5f260f-2cc7-f8f7-b646-f9be3eb43dfb" executionId="6b63820c-d250-40b0-8d89-7f75e8c2a21f" testListId="8c84fa94-04c1-424b-9868-57a2d4851a1d" />
    <TestEntry testId="a67e9eb8-8d1f-a396-1bbd-d09fa3036a2b" executionId="0f885e26-daa3-42b8-8ef5-f8088c4a1494" testListId="8c84fa94-04c1-424b-9868-57a2d4851a1d" />
    <TestEntry testId="bcde930a-acc3-7805-3291-ff3b14caf3b7" executionId="fd4b3fab-d348-4cfd-afea-3eaf83202937" testListId="8c84fa94-04c1-424b-9868-57a2d4851a1d" />
    <TestEntry testId="59541ab7-bf50-7fea-dd15-1ed6bc93de02" executionId="8d6a563f-c78d-4c02-8c62-e98f7d2c9568" testListId="8c84fa94-04c1-424b-9868-57a2d4851a1d" />
    <TestEntry testId="854a2a43-867f-e330-2e14-18f5294bbf84" executionId="1ef0612f-7dec-4017-9491-07b9e0c341cc" testListId="8c84fa94-04c1-424b-9868-57a2d4851a1d" />
    <TestEntry testId="b8851efb-c901-3988-35d6-2f8cc864d993" executionId="34931bd1-aab7-4103-bbf6-2713f68a815d" testListId="8c84fa94-04c1-424b-9868-57a2d4851a1d" />
    <TestEntry testId="8c8ea10f-836e-2969-cff2-cf17dcfad09d" executionId="85cc81df-ab53-4fdb-97ed-079ea694c1da" testListId="8c84fa94-04c1-424b-9868-57a2d4851a1d" />
    <TestEntry testId="4f9bef5c-5e1f-a003-c7be-166117ae3856" executionId="a0e656d4-ae32-4d62-93d8-898d8c2d7c7c" testListId="8c84fa94-04c1-424b-9868-57a2d4851a1d" />
    <TestEntry testId="a16c6aa5-5fdf-d0c4-70f0-fc684d4ae0cf" executionId="338259e5-d91c-4a26-b98c-e4fbabbceb89" testListId="8c84fa94-04c1-424b-9868-57a2d4851a1d" />
    <TestEntry testId="44613f3c-91e8-83f2-ac36-f838ffe8d4ce" executionId="62dce613-13d4-435b-8553-b114316a7608" testListId="8c84fa94-04c1-424b-9868-57a2d4851a1d" />
    <TestEntry testId="b36935b2-7bdf-5e05-caab-bd3254a1a7b6" executionId="23731acf-1169-4b7c-a29b-98d7b6dbf348" testListId="8c84fa94-04c1-424b-9868-57a2d4851a1d" />
    <TestEntry testId="02b3d77d-9453-7d32-929c-884e115651dd" executionId="7a5f41de-9761-43ce-9cb7-35c8a165ac8a" testListId="8c84fa94-04c1-424b-9868-57a2d4851a1d" />
    <TestEntry testId="0ac8f794-11d5-db31-dc90-4316cb0722db" executionId="4cb70329-26b0-4640-86e7-b679f9af017f" testListId="8c84fa94-04c1-424b-9868-57a2d4851a1d" />
    <TestEntry testId="5fbe1123-9625-80a1-71e2-6e9b8d578175" executionId="f579395b-2128-437f-9ca4-51c132bf9195" testListId="8c84fa94-04c1-424b-9868-57a2d4851a1d" />
    <TestEntry testId="fe096d1a-d158-3796-d8f2-3285f8b36f36" executionId="4d8d4dd3-7354-4a85-af42-1dce862083fb" testListId="8c84fa94-04c1-424b-9868-57a2d4851a1d" />
    <TestEntry testId="e0d0ff42-40d3-7672-bbd4-a3e2b36dfb62" executionId="33a794c0-94b9-40b9-9ebe-16e259b77ff3" testListId="8c84fa94-04c1-424b-9868-57a2d4851a1d" />
    <TestEntry testId="cc961071-1eb6-9234-3380-05f09e03415a" executionId="da3b060b-b62e-4947-8b4b-94fcd2f66ed2" testListId="8c84fa94-04c1-424b-9868-57a2d4851a1d" />
    <TestEntry testId="1cd8cb23-e96d-1f20-0ebf-8ebe7bc08ac8" executionId="ee87c099-5d1c-485f-8f51-f19ca7bf6fb6" testListId="8c84fa94-04c1-424b-9868-57a2d4851a1d" />
    <TestEntry testId="12902737-c6bb-b696-0484-0e60b86be4a0" executionId="baf73580-1fbd-4a0d-8840-8d7350c5d6b2" testListId="8c84fa94-04c1-424b-9868-57a2d4851a1d" />
    <TestEntry testId="f77e4a02-22e6-d2a2-29f9-d970ab8ee90f" executionId="beee11e1-7f7c-4ffd-888c-c23a1823df7c" testListId="8c84fa94-04c1-424b-9868-57a2d4851a1d" />
    <TestEntry testId="7a8f82da-0cf3-069d-48de-8d0f29914d1e" executionId="8f38a4b5-2006-4898-ba11-03acf1f7b160" testListId="8c84fa94-04c1-424b-9868-57a2d4851a1d" />
    <TestEntry testId="e23bbd1b-5696-b4bf-9f37-829a6d88daf7" executionId="38efb04e-dc37-4dd7-8b6a-7f6441a9981d" testListId="8c84fa94-04c1-424b-9868-57a2d4851a1d" />
    <TestEntry testId="37406336-def6-fc7c-189e-c2030604658e" executionId="74dbd4dd-e07e-48d9-abb6-406d6230d26f" testListId="8c84fa94-04c1-424b-9868-57a2d4851a1d" />
    <TestEntry testId="e830c9a2-0b7d-76d9-0434-a7ec37a581fc" executionId="19637d4c-1b21-4c9a-a8b6-93f637cb845f" testListId="8c84fa94-04c1-424b-9868-57a2d4851a1d" />
    <TestEntry testId="ec485ea5-9daa-a0d9-a9c8-f4b69700c81c" executionId="d5f45fbf-4787-4ae0-997e-35a68da47078" testListId="8c84fa94-04c1-424b-9868-57a2d4851a1d" />
    <TestEntry testId="2cb5cff5-ecda-91bd-22a2-50646abf0bf1" executionId="d6367830-767b-41e0-958c-3f2c30fbf387" testListId="8c84fa94-04c1-424b-9868-57a2d4851a1d" />
    <TestEntry testId="0ab2e78f-df9e-ee65-c2fa-b6228220d9cd" executionId="1392266b-4261-4153-92f5-003917d0f3e9" testListId="8c84fa94-04c1-424b-9868-57a2d4851a1d" />
    <TestEntry testId="49321e41-8407-7aa4-45b1-515098c73901" executionId="0a8be264-044b-4836-af3c-43d75f78d9ba" testListId="8c84fa94-04c1-424b-9868-57a2d4851a1d" />
    <TestEntry testId="824d46d8-3bb8-ccc9-bd77-9559d8eb8b6f" executionId="51f76eae-17e9-45be-9361-455070cab1b7" testListId="8c84fa94-04c1-424b-9868-57a2d4851a1d" />
    <TestEntry testId="d95f425d-a404-06ff-55cc-918955ed0dd3" executionId="3ce08e25-b360-440b-b939-dc2bd1912229" testListId="8c84fa94-04c1-424b-9868-57a2d4851a1d" />
    <TestEntry testId="c851a611-4c0a-ba81-12d8-417f8176c3ed" executionId="74dc6e31-92ad-474a-bbbf-e197209e1f4d" testListId="8c84fa94-04c1-424b-9868-57a2d4851a1d" />
    <TestEntry testId="332249a2-2736-2c50-b836-0d2a658a6444" executionId="8bf28f4a-8693-4f06-9310-6412eadb405a" testListId="8c84fa94-04c1-424b-9868-57a2d4851a1d" />
    <TestEntry testId="6993e581-86eb-182c-de5d-ea5f0a5def23" executionId="055540a9-b057-461d-9602-190c750f73e8" testListId="8c84fa94-04c1-424b-9868-57a2d4851a1d" />
    <TestEntry testId="affcaea5-fc17-1749-de40-678d162823fe" executionId="81784683-335b-440a-a240-be0ce3cb1e78" testListId="8c84fa94-04c1-424b-9868-57a2d4851a1d" />
    <TestEntry testId="1b48cf27-1a1e-eda4-ff5f-7d22fcff0181" executionId="58d4c19d-5433-48b9-b91a-38714b039543" testListId="8c84fa94-04c1-424b-9868-57a2d4851a1d" />
    <TestEntry testId="7eb5daed-f99c-4a37-6ed1-9ab1a9917404" executionId="6ad031fd-4fbf-4684-bac1-e3c6c5079ea6" testListId="8c84fa94-04c1-424b-9868-57a2d4851a1d" />
    <TestEntry testId="19387473-8f06-9e3f-eab9-436277ecd4fd" executionId="62cb982b-c16f-4b71-84df-0d8f151ff50b" testListId="8c84fa94-04c1-424b-9868-57a2d4851a1d" />
  </TestEntries>
  <TestLists>
    <TestList name="Results Not in a List" id="8c84fa94-04c1-424b-9868-57a2d4851a1d" />
    <TestList name="All Loaded Results" id="19431567-8539-422a-85d7-44ee4e166bda" />
  </TestLists>
  <ResultSummary outcome="Failed">
    <Counters total="371" executed="371" passed="367" failed="4" error="0" timeout="0" aborted="0" inconclusive="0" passedButRunAborted="0" notRunnable="0" notExecuted="0" disconnected="0" warning="0" completed="0" inProgress="0" pending="0" />
    <Output>
      <StdOut>NUnit Adapter 4.6.0.0: Test execution started&#xD;
Running all tests in C:\source\COA CodeSearch MCP\COA.CodeSearch.McpServer.Tests\bin\Debug\net9.0\COA.CodeSearch.McpServer.Tests.dll&#xD;
   NUnit3TestExecutor discovered 371 of 371 NUnit test cases using Current Discovery mode, Non-Explicit run&#xD;
BuildValidation_CriticalFiles_ExistAndAccessible: All 2 critical files are present and accessible.&#xD;
BuildValidation_ProjectCompiles_WithoutWarnings: Build successful with 0 warnings. Output contained 7 lines.&#xD;
BuildValidation_SpecificWarningTypes_NotPresent: No problematic warning types detected in build output.&#xD;
BuildValidation_TestProject_CompilesCleanly: Test project builds cleanly without warnings.&#xD;
RegressionTest_WarningFixesIntact_NoRegressionDetected: No regression detected - warning fixes are intact.&#xD;
=== GENERATED DIFF REPORT ===&#xD;
=== DIFF VALIDATION REPORT ===&#xD;
Original: original.txt&#xD;
Modified: modified.txt&#xD;
Status: ❌ INVALID&#xD;
&#xD;
=== METRICS ===&#xD;
Original lines: 3&#xD;
Modified lines: 4&#xD;
Lines added: +2&#xD;
Lines removed: -1&#xD;
Lines changed: ~0&#xD;
Net change: +1&#xD;
&#xD;
=== VIOLATIONS ===&#xD;
\ud83d\udd24 EncodingMismatch: Encoding changed from Unicode (UTF-8) to Unicode&#xD;
   Context: Original: utf-8, Modified: utf-16&#xD;
\ud83d\udd04 UnexpectedChange: Unexpected Deletion at line 2&#xD;
   Context: Deleted: Line 2&#xD;
\ud83d\udd04 UnexpectedChange: Unexpected Addition at line 2&#xD;
   Context: Added: Modified Line 2&#xD;
\ud83d\udd04 UnexpectedChange: Unexpected Addition at line 4&#xD;
   Context: Added: Extra Line&#xD;
&#xD;
=== CHANGE SUMMARY ===&#xD;
- Line 2: Deleted: Line 2&#xD;
+ Line 2: Added: Modified Line 2&#xD;
+ Line 4: Added: Extra Line&#xD;
&#xD;
&#xD;
=== COMPLEX EDIT VALIDATION ===&#xD;
=== DIFF VALIDATION REPORT ===&#xD;
Original: TestClass_original.cs&#xD;
Modified: TestClass_modified.cs&#xD;
Status: ✅ VALID&#xD;
&#xD;
=== METRICS ===&#xD;
Original lines: 12&#xD;
Modified lines: 13&#xD;
Lines added: +3&#xD;
Lines removed: -2&#xD;
Lines changed: ~0&#xD;
Net change: +1&#xD;
&#xD;
=== CHANGE SUMMARY ===&#xD;
- Line 5: Deleted:         Console.WriteLine("Original");&#xD;
+ Line 5: Added:         Console.WriteLine("Modified");&#xD;
+ Line 6: Added:         Console.WriteLine("Additional line");&#xD;
- Line 11: Deleted:         // TODO: Implement&#xD;
+ Line 11: Added:         Console.WriteLine("Implemented!");&#xD;
&#xD;
&#xD;
Encoding violation: Encoding changed from Unicode (UTF-8) to Unicode&#xD;
&#xD;
Line ending violation: Line endings changed from CRLF (Windows) to LF (Unix)&#xD;
&#xD;
Unexpected changes detected: 4&#xD;
&#xD;
=== Edge Case Files Created ===&#xD;
Test directory: C:\Users\CHS300372\AppData\Local\Temp\codesearch_test_2d3b38843b3d4499b1e3d0a83aacbeb2&#xD;
✅ no_trailing_newline.cs (42 bytes)&#xD;
✅ unicode_test.cs (53 bytes)&#xD;
✅ mixed_endings.txt (30 bytes)&#xD;
✅ long_line.cs (2022 bytes)&#xD;
\ud83e\uddf9 Cleaned up test directory&#xD;
&#xD;
=== Test File Collection Validation ===&#xD;
Total files checked: 10&#xD;
Valid files: 10&#xD;
Missing files: 0&#xD;
Error files: 0&#xD;
&#xD;
=== Valid Files Found ===&#xD;
✅ ./COA.CodeSearch.McpServer/Models/SearchMode.cs (42 lines, 1207 bytes)&#xD;
✅ ./COA.CodeSearch.McpServer/Models/FileChangeEvent.cs (35 lines, 917 bytes)&#xD;
✅ ./COA.CodeSearch.McpServer/Models/SearchAndReplaceMode.cs (34 lines, 1160 bytes)&#xD;
✅ ./COA.CodeSearch.McpServer/appsettings.json (159 lines, 5268 bytes)&#xD;
✅ ./COA.CodeSearch.McpServer/Models/LineSearchModels.cs (213 lines, 5852 bytes)&#xD;
✅ ./COA.CodeSearch.McpServer/Models/Api/ApiModels.cs (215 lines, 5544 bytes)&#xD;
✅ ./COA.CodeSearch.McpServer/Services/AdvancedPatternMatcher.cs (255 lines, 9640 bytes)&#xD;
✅ ./COA.CodeSearch.McpServer/Models/SearchAndReplaceModels.cs (293 lines, 8551 bytes)&#xD;
✅ ./CLAUDE.md (255 lines, 8490 bytes)&#xD;
✅ ./README.md (589 lines, 20613 bytes)&#xD;
&#xD;
✅ Found 10 valid files for testing&#xD;
&#xD;
=== DIFF VALIDATION REPORT ===&#xD;
Original: utf16_original.cs&#xD;
Modified: utf8_modified.cs&#xD;
Status: ❌ INVALID&#xD;
&#xD;
=== METRICS ===&#xD;
Original lines: 3&#xD;
Modified lines: 3&#xD;
Lines added: +0&#xD;
Lines removed: -0&#xD;
Lines changed: ~0&#xD;
Net change: 0&#xD;
&#xD;
=== VIOLATIONS ===&#xD;
\ud83d\udd24 EncodingMismatch: Encoding changed from Unicode to Unicode (UTF-8)&#xD;
   Context: Original: utf-16, Modified: utf-8&#xD;
&#xD;
&#xD;
&#xD;
=== DIFF VALIDATION REPORT ===&#xD;
Original: lf_original.js&#xD;
Modified: crlf_modified.js&#xD;
Status: ❌ INVALID&#xD;
&#xD;
=== METRICS ===&#xD;
Original lines: 3&#xD;
Modified lines: 3&#xD;
Lines added: +0&#xD;
Lines removed: -0&#xD;
Lines changed: ~0&#xD;
Net change: 0&#xD;
&#xD;
=== VIOLATIONS ===&#xD;
⏎ LineEndingMismatch: Line endings changed from LF (Unix) to CRLF (Windows)&#xD;
   Context: This can cause issues with version control and cross-platform compatibility&#xD;
&#xD;
&#xD;
&#xD;
\ud83d\udd0d REAL-WORLD FILE EDITING TOOLS - COMPREHENSIVE ACCURACY REPORT&#xD;
==================================================================&#xD;
\ud83d\udcc5 Generated: 2025-09-08 07:17:55&#xD;
\ud83c\udfd7️  Test Framework: COA.CodeSearch.McpServer v1.0.0.0&#xD;
&#xD;
\ud83d\udcca ACCURACY METRICS SUMMARY&#xD;
=============================&#xD;
\ud83d\udcca Total Tests Executed: 8&#xD;
✅ Successful Operations: 8&#xD;
❌ Failed Operations: 0&#xD;
\ud83c\udfaf Overall Accuracy: 100.0%&#xD;
&#xD;
\ud83d\udcc8 TEST CATEGORY BREAKDOWN:&#xD;
  Basic Operations: 3/3 (100.0%)&#xD;
  Encoding Preservation: 1/1 (100.0%)&#xD;
  Performance: 1/1 (100.0%)&#xD;
  Edge Cases: 2/2 (100.0%)&#xD;
  Data Integrity: 1/1 (100.0%)&#xD;
&#xD;
⏱️ PERFORMANCE METRICS:&#xD;
  ✅ LargeFileInsert: 2.58ms&#xD;
&#xD;
&#xD;
&#xD;
\ud83c\udfaf RECOMMENDATIONS&#xD;
==================&#xD;
• ✅ All metrics within acceptable ranges - tools are production-ready&#xD;
&#xD;
✅ COMPREHENSIVE ACCURACY ANALYSIS COMPLETED&#xD;
&#xD;
ZIP file processing result: Success=True&#xD;
Tool processed ZIP file as text - potential data corruption risk&#xD;
RECOMMENDATION: Implement binary file detection to prevent data corruption&#xD;
&#xD;
Executable file processing result: Success=True&#xD;
Tool processed executable file as text - potential enhancement opportunity&#xD;
NOTE: Consider implementing binary file detection for enhanced safety&#xD;
&#xD;
Current binary file handling - Insert: True, Replace: True, Delete: True&#xD;
IMPORTANT: Tools currently process binary files as text - consider adding binary detection&#xD;
Tools processed binary file - this could indicate need for binary detection&#xD;
&#xD;
Normal replace: Succeeded (as expected)&#xD;
Invalid replace: Failed (as expected)&#xD;
Successfully verified atomic operation behavior&#xD;
&#xD;
Insert operation failed gracefully: Success = False&#xD;
Replace operation failed gracefully: Success = False&#xD;
Delete operation failed gracefully: Success = False&#xD;
Successfully handled locked file scenario&#xD;
Insert error: &#xD;
Replace error: &#xD;
Delete error: &#xD;
&#xD;
Concurrent operations: 3/3 succeeded&#xD;
Final file has 102 lines&#xD;
&#xD;
Rapid operations: 10/10 succeeded&#xD;
Final file has 14 lines&#xD;
Found 10 rapid insert markers&#xD;
&#xD;
Successfully handled various empty line patterns&#xD;
&#xD;
Successfully handled file without trailing newline&#xD;
Original lines: 3&#xD;
Final lines: 6&#xD;
&#xD;
Successfully handled file containing only empty lines&#xD;
&#xD;
Validation1 failed with 1 issues: Line endings changed from [] to [CRLF]&#xD;
Current content1: 'INSERTED: Before single char&#xD;
X&#xD;
'&#xD;
Validation2 failed with 1 issues: Line endings changed from [] to [CRLF]&#xD;
Current content2: 'X&#xD;
INSERTED: After single char&#xD;
'&#xD;
Successfully handled single character file&#xD;
&#xD;
Successfully handled very long lines in 3.94ms&#xD;
Max original line length: 10037 characters&#xD;
&#xD;
Medium File Performance Results:&#xD;
  Insert: 4.77ms&#xD;
  Replace: 4.64ms&#xD;
  Delete: 3.64ms&#xD;
&#xD;
Small File Performance Results:&#xD;
  Insert: 1.63ms&#xD;
  Replace: 1.50ms&#xD;
  Delete: 1.41ms&#xD;
&#xD;
Very Large File Performance Results:&#xD;
  Beginning edit: 13.74ms&#xD;
  Middle edit: 43.00ms&#xD;
  End edit: 12.19ms&#xD;
&#xD;
Tool handled null bytes in text file successfully&#xD;
Null bytes handling result: Success=True&#xD;
&#xD;
Original bytes: 27&#xD;
Modified bytes: 29&#xD;
Original: const café1 = 'NFC form';&#xD;
&#xD;
Modified: const café22 = 'NFD form';&#xD;
&#xD;
&#xD;
Method Name: GetName&#xD;
Return Type: 'string'&#xD;
Signature: public string GetName() { return "test"; }&#xD;
Modifiers: public&#xD;
&#xD;
Method Name: AsyncVoidMethod&#xD;
Return Type: 'Task'&#xD;
Signature: public Task AsyncVoidMethod() { return Task.CompletedTask; }&#xD;
Modifiers: public&#xD;
&#xD;
Pattern: *&#xD;
Regex: ^.*$&#xD;
  src: True&#xD;
  components: True&#xD;
  tests: True&#xD;
  unit: True&#xD;
&#xD;
Original: /workspace/src/components/App.tsx&#xD;
Normalized: workspace/src/components/App.tsx&#xD;
Segments: workspace, src, components, App.tsx&#xD;
Segment count: 4&#xD;
  i=0: segment=workspace, currentPath=workspace, fullPath=/workspace&#xD;
  i=1: segment=src, currentPath=workspace/src, fullPath=/workspace/src&#xD;
  i=2: segment=components, currentPath=workspace/src/components, fullPath=/workspace/src/components&#xD;
Directories found: workspace@/workspace, src@/workspace/src, components@/workspace/src/components&#xD;
&#xD;
Results type: COA.CodeSearch.McpServer.Tools.FileSearchResult, Count in Results: -1, Data.Count: 2&#xD;
&#xD;
DEBUG: Type extraction success: True&#xD;
&#xD;
DEBUG: Type extraction success: True&#xD;
&#xD;
DEBUG: Type extraction success: True&#xD;
&#xD;
DEBUG: Type extraction success: True&#xD;
&#xD;
DEBUG: Type extraction success: True&#xD;
&#xD;
DEBUG: Type extraction success: True&#xD;
&#xD;
DEBUG: Type extraction success: False&#xD;
DEBUG: Returning error response for type extraction failure&#xD;
&#xD;
DEBUG: Type extraction success: True&#xD;
&#xD;
DEBUG: Type extraction success: True&#xD;
&#xD;
DEBUG: Type extraction success: True&#xD;
&#xD;
&#xD;
=== ACTUAL MODIFIED CONTENT ===&#xD;
namespace Test;&#xD;
&#xD;
public static class ToolNames&#xD;
{&#xD;
    // Core operations  &#xD;
    public const string TextSearch = "text_search";&#xD;
    public const string FileSearch = "file_search";&#xD;
    &#xD;
    // Navigation tools&#xD;
    public const string SymbolSearch = "symbol_search";&#xD;
    public const string GoToDefinition = "goto_definition";&#xD;
    &#xD;
    // Editing tools&#xD;
    public const string InsertAtLine = "insert_at_line";&#xD;
    public const string ReplaceLines = "replace_lines";&#xD;
    public const string DeleteLines = "delete_lines";&#xD;
    &#xD;
    // Advanced semantic tools&#xD;
    public const string GetSymbolsOverview = "get_symbols_overview";&#xD;
}&#xD;
&#xD;
=== END CONTENT ===&#xD;
&#xD;
Original file lines: 17&#xD;
Modified file lines: 21&#xD;
DeleteLines count: 1&#xD;
Constant lines: 8&#xD;
Expected indentation: '    '&#xD;
&#xD;
&#xD;
=== MODIFIED CONTENT ===&#xD;
namespace Test;&#xD;
&#xD;
public static class ToolNames&#xD;
{&#xD;
    // Core operations  &#xD;
    public const string TextSearch = "text_search";&#xD;
    public const string FileSearch = "file_search";&#xD;
    // Navigation tools (added by test)&#xD;
	// This line has TAB indentation (inconsistent)&#xD;
    public const string SymbolSearch = "symbol_search";&#xD;
    public const string GoToDefinition = "goto_definition";&#xD;
}&#xD;
&#xD;
=== END ===&#xD;
&#xD;
NUnit Adapter 4.6.0.0: Test execution complete&#xD;
</StdOut>
    </Output>
  </ResultSummary>
</TestRun>